<?xml version="1.0" encoding="UTF-8"?>
<coverage generated="1742232694475" clover="3.2.0">
  <project timestamp="1742232694475" name="All files">
    <metrics statements="538" coveredstatements="405" conditionals="242" coveredconditionals="154" methods="131" coveredmethods="99" elements="911" coveredelements="658" complexity="0" loc="538" ncloc="538" packages="7" files="21" classes="21"/>
    <package name="app">
      <metrics statements="21" coveredstatements="16" conditionals="7" coveredconditionals="4" methods="6" coveredmethods="2"/>
      <file name="index.tsx" path="/home/conner/SchoolStuff/term-project-2025-team-3/sk-vaccine-app/app/index.tsx">
        <metrics statements="11" coveredstatements="10" conditionals="0" coveredconditionals="0" methods="2" coveredmethods="1"/>
        <line num="13" count="1" type="stmt"/>
        <line num="14" count="1" type="stmt"/>
        <line num="15" count="1" type="stmt"/>
        <line num="16" count="1" type="stmt"/>
        <line num="29" count="7" type="stmt"/>
        <line num="30" count="7" type="stmt"/>
        <line num="31" count="0" type="stmt"/>
        <line num="34" count="6" type="stmt"/>
        <line num="35" count="6" type="stmt"/>
        <line num="37" count="6" type="stmt"/>
        <line num="75" count="1" type="stmt"/>
      </file>
      <file name="vaccine-info.tsx" path="/home/conner/SchoolStuff/term-project-2025-team-3/sk-vaccine-app/app/vaccine-info.tsx">
        <metrics statements="10" coveredstatements="6" conditionals="7" coveredconditionals="4" methods="4" coveredmethods="1"/>
        <line num="18" count="1" type="stmt"/>
        <line num="30" count="7" type="stmt"/>
        <line num="32" count="6" type="stmt"/>
        <line num="35" count="6" type="stmt"/>
        <line num="39" count="6" type="stmt"/>
        <line num="53" count="0" type="stmt"/>
        <line num="64" count="0" type="cond" truecount="0" falsecount="2"/>
        <line num="65" count="0" type="stmt"/>
        <line num="79" count="0" type="stmt"/>
        <line num="87" count="1" type="stmt"/>
      </file>
    </package>
    <package name="components">
      <metrics statements="49" coveredstatements="33" conditionals="37" coveredconditionals="23" methods="14" coveredmethods="5"/>
      <file name="card-link.tsx" path="/home/conner/SchoolStuff/term-project-2025-team-3/sk-vaccine-app/components/card-link.tsx">
        <metrics statements="3" coveredstatements="2" conditionals="2" coveredconditionals="0" methods="1" coveredmethods="0"/>
        <line num="6" count="1" type="stmt"/>
        <line num="36" count="0" type="stmt"/>
        <line num="61" count="1" type="stmt"/>
      </file>
      <file name="closest-clinic-btn.tsx" path="/home/conner/SchoolStuff/term-project-2025-team-3/sk-vaccine-app/components/closest-clinic-btn.tsx">
        <metrics statements="4" coveredstatements="4" conditionals="0" coveredconditionals="0" methods="1" coveredmethods="1"/>
        <line num="16" count="6" type="stmt"/>
        <line num="17" count="6" type="stmt"/>
        <line num="20" count="6" type="stmt"/>
        <line num="58" count="1" type="stmt"/>
      </file>
      <file name="home-square-btn.tsx" path="/home/conner/SchoolStuff/term-project-2025-team-3/sk-vaccine-app/components/home-square-btn.tsx">
        <metrics statements="4" coveredstatements="3" conditionals="0" coveredconditionals="0" methods="2" coveredmethods="1"/>
        <line num="39" count="12" type="stmt"/>
        <line num="40" count="0" type="stmt"/>
        <line num="43" count="12" type="stmt"/>
        <line num="57" count="1" type="stmt"/>
      </file>
      <file name="map.tsx" path="/home/conner/SchoolStuff/term-project-2025-team-3/sk-vaccine-app/components/map.tsx">
        <metrics statements="21" coveredstatements="14" conditionals="17" coveredconditionals="15" methods="5" coveredmethods="1"/>
        <line num="42" count="5" type="cond" truecount="1" falsecount="0"/>
        <line num="44" count="4" type="stmt"/>
        <line num="46" count="4" type="cond" truecount="4" falsecount="0"/>
        <line num="47" count="1" type="cond" truecount="2" falsecount="2"/>
        <line num="48" count="1" type="stmt"/>
        <line num="49" count="3" type="cond" truecount="4" falsecount="0"/>
        <line num="50" count="1" type="stmt"/>
        <line num="52" count="2" type="stmt"/>
        <line num="53" count="2" type="stmt"/>
        <line num="56" count="2" type="cond" truecount="4" falsecount="0"/>
        <line num="57" count="2" type="stmt"/>
        <line num="59" count="2" type="stmt"/>
        <line num="78" count="2" type="stmt"/>
        <line num="79" count="2" type="stmt"/>
        <line num="85" count="0" type="stmt"/>
        <line num="86" count="0" type="stmt"/>
        <line num="88" count="0" type="stmt"/>
        <line num="89" count="0" type="stmt"/>
        <line num="90" count="0" type="stmt"/>
        <line num="93" count="0" type="stmt"/>
        <line num="94" count="0" type="stmt"/>
      </file>
      <file name="search-bar.tsx" path="/home/conner/SchoolStuff/term-project-2025-team-3/sk-vaccine-app/components/search-bar.tsx">
        <metrics statements="14" coveredstatements="8" conditionals="18" coveredconditionals="8" methods="3" coveredmethods="1"/>
        <line num="5" count="2" type="stmt"/>
        <line num="12" count="2" type="stmt"/>
        <line num="44" count="14" type="stmt"/>
        <line num="46" count="14" type="cond" truecount="2" falsecount="0"/>
        <line num="48" count="14" type="stmt"/>
        <line num="49" count="0" type="cond" truecount="0" falsecount="2"/>
        <line num="50" count="0" type="cond" truecount="0" falsecount="2"/>
        <line num="52" count="0" type="cond" truecount="0" falsecount="2"/>
        <line num="53" count="0" type="cond" truecount="0" falsecount="2"/>
        <line num="57" count="14" type="stmt"/>
        <line num="58" count="0" type="cond" truecount="0" falsecount="2"/>
        <line num="59" count="0" type="stmt"/>
        <line num="63" count="14" type="stmt"/>
        <line num="85" count="2" type="stmt"/>
      </file>
      <file name="settings-btn.tsx" path="/home/conner/SchoolStuff/term-project-2025-team-3/sk-vaccine-app/components/settings-btn.tsx">
        <metrics statements="3" coveredstatements="2" conditionals="0" coveredconditionals="0" methods="2" coveredmethods="1"/>
        <line num="7" count="7" type="stmt"/>
        <line num="11" count="0" type="stmt"/>
        <line num="19" count="1" type="stmt"/>
      </file>
    </package>
    <package name="controllers">
      <metrics statements="47" coveredstatements="30" conditionals="14" coveredconditionals="7" methods="16" coveredmethods="12"/>
      <file name="vaccineDataController.ts" path="/home/conner/SchoolStuff/term-project-2025-team-3/sk-vaccine-app/controllers/vaccineDataController.ts">
        <metrics statements="47" coveredstatements="30" conditionals="14" coveredconditionals="7" methods="16" coveredmethods="12"/>
        <line num="20" count="19" type="stmt"/>
        <line num="40" count="7" type="stmt"/>
        <line num="41" count="7" type="stmt"/>
        <line num="43" count="7" type="stmt"/>
        <line num="44" count="7" type="cond" truecount="1" falsecount="1"/>
        <line num="45" count="0" type="stmt"/>
        <line num="46" count="0" type="stmt"/>
        <line num="48" count="7" type="stmt"/>
        <line num="50" count="7" type="stmt"/>
        <line num="52" count="7" type="stmt"/>
        <line num="54" count="35" type="stmt"/>
        <line num="55" count="35" type="stmt"/>
        <line num="56" count="35" type="cond" truecount="1" falsecount="1"/>
        <line num="57" count="35" type="stmt"/>
        <line num="62" count="17" type="cond" truecount="1" falsecount="1"/>
        <line num="63" count="17" type="stmt"/>
        <line num="68" count="17" type="cond" truecount="2" falsecount="2"/>
        <line num="69" count="17" type="stmt"/>
        <line num="76" count="18" type="stmt"/>
        <line num="79" count="18" type="stmt"/>
        <line num="86" count="7" type="stmt"/>
        <line num="87" count="35" type="stmt"/>
        <line num="89" count="7" type="stmt"/>
        <line num="90" count="35" type="stmt"/>
        <line num="93" count="7" type="stmt"/>
        <line num="94" count="18" type="stmt"/>
        <line num="97" count="7" type="stmt"/>
        <line num="104" count="0" type="stmt"/>
        <line num="105" count="0" type="stmt"/>
        <line num="108" count="0" type="stmt"/>
        <line num="109" count="0" type="stmt"/>
        <line num="124" count="0" type="stmt"/>
        <line num="126" count="0" type="stmt"/>
        <line num="127" count="0" type="stmt"/>
        <line num="130" count="0" type="stmt"/>
        <line num="132" count="0" type="stmt"/>
        <line num="150" count="10" type="stmt"/>
        <line num="152" count="10" type="stmt"/>
        <line num="153" count="10" type="cond" truecount="2" falsecount="0"/>
        <line num="154" count="1" type="stmt"/>
        <line num="156" count="9" type="stmt"/>
        <line num="175" count="0" type="stmt"/>
        <line num="176" count="0" type="cond" truecount="0" falsecount="2"/>
        <line num="177" count="0" type="stmt"/>
        <line num="183" count="0" type="stmt"/>
        <line num="188" count="0" type="stmt"/>
        <line num="191" count="0" type="stmt"/>
      </file>
    </package>
    <package name="hooks">
      <metrics statements="64" coveredstatements="48" conditionals="16" coveredconditionals="7" methods="11" coveredmethods="10"/>
      <file name="locationData.ts" path="/home/conner/SchoolStuff/term-project-2025-team-3/sk-vaccine-app/hooks/locationData.ts">
        <metrics statements="25" coveredstatements="22" conditionals="8" coveredconditionals="5" methods="3" coveredmethods="3"/>
        <line num="33" count="15" type="stmt"/>
        <line num="34" count="15" type="stmt"/>
        <line num="35" count="15" type="stmt"/>
        <line num="36" count="15" type="stmt"/>
        <line num="38" count="15" type="stmt"/>
        <line num="39" count="5" type="stmt"/>
        <line num="41" count="5" type="stmt"/>
        <line num="42" count="5" type="stmt"/>
        <line num="44" count="5" type="stmt"/>
        <line num="47" count="5" type="cond" truecount="4" falsecount="0"/>
        <line num="49" count="4" type="stmt"/>
        <line num="50" count="4" type="stmt"/>
        <line num="51" count="4" type="stmt"/>
        <line num="52" count="2" type="stmt"/>
        <line num="55" count="2" type="cond" truecount="1" falsecount="1"/>
        <line num="56" count="2" type="stmt"/>
        <line num="58" count="0" type="cond" truecount="0" falsecount="2"/>
        <line num="59" count="0" type="stmt"/>
        <line num="62" count="0" type="stmt"/>
        <line num="67" count="1" type="stmt"/>
        <line num="70" count="5" type="stmt"/>
        <line num="71" count="5" type="stmt"/>
        <line num="74" count="5" type="stmt"/>
        <line num="78" count="15" type="stmt"/>
        <line num="84" count="15" type="stmt"/>
      </file>
      <file name="vaccineData.ts" path="/home/conner/SchoolStuff/term-project-2025-team-3/sk-vaccine-app/hooks/vaccineData.ts">
        <metrics statements="39" coveredstatements="26" conditionals="8" coveredconditionals="2" methods="8" coveredmethods="7"/>
        <line num="43" count="14" type="stmt"/>
        <line num="45" count="14" type="stmt"/>
        <line num="46" count="14" type="stmt"/>
        <line num="47" count="14" type="stmt"/>
        <line num="49" count="14" type="stmt"/>
        <line num="50" count="5" type="stmt"/>
        <line num="51" count="5" type="stmt"/>
        <line num="55" count="0" type="stmt"/>
        <line num="56" count="0" type="stmt"/>
        <line num="58" count="5" type="stmt"/>
        <line num="62" count="14" type="stmt"/>
        <line num="63" count="4" type="stmt"/>
        <line num="66" count="14" type="stmt"/>
        <line num="67" count="14" type="stmt"/>
        <line num="68" count="14" type="stmt"/>
        <line num="69" count="14" type="stmt"/>
        <line num="71" count="14" type="stmt"/>
        <line num="78" count="14" type="stmt"/>
        <line num="97" count="4" type="stmt"/>
        <line num="98" count="4" type="stmt"/>
        <line num="109" count="4" type="stmt"/>
        <line num="110" count="4" type="stmt"/>
        <line num="112" count="4" type="stmt"/>
        <line num="113" count="4" type="stmt"/>
        <line num="114" count="0" type="stmt"/>
        <line num="116" count="0" type="cond" truecount="0" falsecount="2"/>
        <line num="117" count="0" type="stmt"/>
        <line num="118" count="0" type="stmt"/>
        <line num="119" count="0" type="stmt"/>
        <line num="122" count="0" type="stmt"/>
        <line num="123" count="0" type="stmt"/>
        <line num="124" count="0" type="cond" truecount="0" falsecount="2"/>
        <line num="126" count="0" type="stmt"/>
        <line num="127" count="0" type="cond" truecount="0" falsecount="2"/>
        <line num="128" count="0" type="stmt"/>
        <line num="132" count="4" type="stmt"/>
        <line num="134" count="4" type="stmt"/>
        <line num="135" count="4" type="stmt"/>
        <line num="139" count="4" type="stmt"/>
      </file>
    </package>
    <package name="myorm">
      <metrics statements="166" coveredstatements="150" conditionals="109" coveredconditionals="79" methods="31" coveredmethods="28"/>
      <file name="base-entity.ts" path="/home/conner/SchoolStuff/term-project-2025-team-3/sk-vaccine-app/myorm/base-entity.ts">
        <metrics statements="90" coveredstatements="89" conditionals="27" coveredconditionals="26" methods="17" coveredmethods="17"/>
        <line num="45" count="5" type="stmt"/>
        <line num="47" count="5" type="stmt"/>
        <line num="51" count="5" type="stmt"/>
        <line num="54" count="5" type="stmt"/>
        <line num="58" count="5" type="stmt"/>
        <line num="80" count="13" type="stmt"/>
        <line num="81" count="13" type="stmt"/>
        <line num="86" count="13" type="stmt"/>
        <line num="89" count="19" type="stmt"/>
        <line num="90" count="19" type="stmt"/>
        <line num="97" count="38" type="cond" truecount="2" falsecount="0"/>
        <line num="98" count="1" type="stmt"/>
        <line num="102" count="37" type="cond" truecount="2" falsecount="0"/>
        <line num="103" count="4" type="stmt"/>
        <line num="106" count="33" type="stmt"/>
        <line num="112" count="18" type="stmt"/>
        <line num="116" count="12" type="stmt"/>
        <line num="148" count="4" type="stmt"/>
        <line num="149" count="4" type="stmt"/>
        <line num="150" count="4" type="stmt"/>
        <line num="152" count="3" type="stmt"/>
        <line num="153" count="3" type="stmt"/>
        <line num="155" count="3" type="stmt"/>
        <line num="158" count="3" type="stmt"/>
        <line num="191" count="4" type="stmt"/>
        <line num="192" count="4" type="stmt"/>
        <line num="193" count="4" type="stmt"/>
        <line num="195" count="3" type="stmt"/>
        <line num="196" count="3" type="stmt"/>
        <line num="198" count="3" type="stmt"/>
        <line num="201" count="3" type="stmt"/>
        <line num="219" count="3" type="stmt"/>
        <line num="221" count="3" type="stmt"/>
        <line num="222" count="2" type="stmt"/>
        <line num="223" count="2" type="stmt"/>
        <line num="224" count="2" type="stmt"/>
        <line num="241" count="2" type="stmt"/>
        <line num="243" count="1" type="stmt"/>
        <line num="244" count="1" type="stmt"/>
        <line num="246" count="1" type="cond" truecount="1" falsecount="1"/>
        <line num="247" count="0" type="stmt"/>
        <line num="251" count="1" type="stmt"/>
        <line num="252" count="1" type="stmt"/>
        <line num="268" count="3" type="stmt"/>
        <line num="272" count="3" type="stmt"/>
        <line num="275" count="2" type="stmt"/>
        <line num="288" count="30" type="stmt"/>
        <line num="290" count="30" type="stmt"/>
        <line num="294" count="30" type="cond" truecount="2" falsecount="0"/>
        <line num="295" count="6" type="stmt"/>
        <line num="298" count="30" type="cond" truecount="2" falsecount="0"/>
        <line num="299" count="3" type="stmt"/>
        <line num="301" count="30" type="cond" truecount="2" falsecount="0"/>
        <line num="302" count="3" type="stmt"/>
        <line num="305" count="30" type="cond" truecount="2" falsecount="0"/>
        <line num="306" count="8" type="stmt"/>
        <line num="311" count="22" type="stmt"/>
        <line num="328" count="5" type="stmt"/>
        <line num="332" count="5" type="stmt"/>
        <line num="334" count="5" type="stmt"/>
        <line num="335" count="5" type="stmt"/>
        <line num="337" count="5" type="stmt"/>
        <line num="338" count="5" type="stmt"/>
        <line num="339" count="5" type="stmt"/>
        <line num="342" count="5" type="stmt"/>
        <line num="346" count="10" type="stmt"/>
        <line num="349" count="5" type="stmt"/>
        <line num="353" count="5" type="stmt"/>
        <line num="354" count="5" type="stmt"/>
        <line num="357" count="5" type="cond" truecount="5" falsecount="0"/>
        <line num="358" count="1" type="stmt"/>
        <line num="361" count="4" type="cond" truecount="2" falsecount="0"/>
        <line num="362" count="1" type="stmt"/>
        <line num="365" count="3" type="stmt"/>
        <line num="369" count="4" type="stmt"/>
        <line num="370" count="4" type="stmt"/>
        <line num="372" count="4" type="cond" truecount="2" falsecount="0"/>
        <line num="375" count="3" type="cond" truecount="4" falsecount="0"/>
        <line num="376" count="1" type="stmt"/>
        <line num="377" count="1" type="stmt"/>
        <line num="380" count="4" type="stmt"/>
        <line num="384" count="4" type="stmt"/>
        <line num="387" count="3" type="stmt"/>
        <line num="388" count="3" type="stmt"/>
        <line num="389" count="3" type="stmt"/>
        <line num="390" count="3" type="stmt"/>
        <line num="394" count="1" type="stmt"/>
        <line num="396" count="1" type="stmt"/>
        <line num="398" count="1" type="stmt"/>
        <line num="400" count="1" type="stmt"/>
      </file>
      <file name="decorators.ts" path="/home/conner/SchoolStuff/term-project-2025-team-3/sk-vaccine-app/myorm/decorators.ts">
        <metrics statements="73" coveredstatements="61" conditionals="62" coveredconditionals="53" methods="13" coveredmethods="11"/>
        <line num="8" count="4" type="stmt"/>
        <line num="77" count="28" type="stmt"/>
        <line num="78" count="28" type="stmt"/>
        <line num="80" count="28" type="cond" truecount="4" falsecount="0"/>
        <line num="81" count="1" type="stmt"/>
        <line num="86" count="27" type="cond" truecount="2" falsecount="0"/>
        <line num="87" count="9" type="stmt"/>
        <line num="97" count="27" type="cond" truecount="2" falsecount="0"/>
        <line num="98" count="4" type="stmt"/>
        <line num="105" count="27" type="stmt"/>
        <line num="129" count="3" type="stmt"/>
        <line num="130" count="3" type="cond" truecount="2" falsecount="0"/>
        <line num="141" count="1" type="stmt"/>
        <line num="155" count="28" type="cond" truecount="2" falsecount="0"/>
        <line num="156" count="5" type="stmt"/>
        <line num="158" count="23" type="cond" truecount="2" falsecount="0"/>
        <line num="159" count="9" type="stmt"/>
        <line num="161" count="14" type="cond" truecount="2" falsecount="0"/>
        <line num="162" count="12" type="stmt"/>
        <line num="164" count="2" type="cond" truecount="1" falsecount="1"/>
        <line num="165" count="2" type="stmt"/>
        <line num="167" count="0" type="cond" truecount="0" falsecount="2"/>
        <line num="168" count="0" type="stmt"/>
        <line num="170" count="0" type="stmt"/>
        <line num="190" count="8" type="cond" truecount="2" falsecount="0"/>
        <line num="191" count="8" type="stmt"/>
        <line num="196" count="8" type="cond" truecount="3" falsecount="1"/>
        <line num="197" count="8" type="stmt"/>
        <line num="199" count="8" type="stmt"/>
        <line num="206" count="8" type="stmt"/>
        <line num="213" count="8" type="cond" truecount="1" falsecount="1"/>
        <line num="214" count="0" type="stmt"/>
        <line num="215" count="0" type="stmt"/>
        <line num="218" count="8" type="stmt"/>
        <line num="222" count="8" type="stmt"/>
        <line num="227" count="8" type="stmt"/>
        <line num="229" count="8" type="cond" truecount="2" falsecount="0"/>
        <line num="233" count="8" type="cond" truecount="2" falsecount="0"/>
        <line num="234" count="2" type="stmt"/>
        <line num="235" count="2" type="stmt"/>
        <line num="238" count="0" type="stmt"/>
        <line num="247" count="0" type="stmt"/>
        <line num="249" count="0" type="stmt"/>
        <line num="258" count="0" type="cond" truecount="0" falsecount="2"/>
        <line num="259" count="0" type="stmt"/>
        <line num="266" count="6" type="stmt"/>
        <line num="271" count="4" type="stmt"/>
        <line num="273" count="4" type="stmt"/>
        <line num="289" count="6" type="stmt"/>
        <line num="291" count="6" type="cond" truecount="1" falsecount="1"/>
        <line num="292" count="0" type="stmt"/>
        <line num="295" count="6" type="cond" truecount="4" falsecount="0"/>
        <line num="296" count="1" type="stmt"/>
        <line num="299" count="5" type="stmt"/>
        <line num="301" count="5" type="stmt"/>
        <line num="304" count="5" type="stmt"/>
        <line num="305" count="5" type="cond" truecount="1" falsecount="1"/>
        <line num="306" count="0" type="stmt"/>
        <line num="308" count="5" type="stmt"/>
        <line num="311" count="5" type="stmt"/>
        <line num="314" count="5" type="stmt"/>
        <line num="316" count="26" type="cond" truecount="2" falsecount="0"/>
        <line num="317" count="6" type="stmt"/>
        <line num="318" count="6" type="cond" truecount="2" falsecount="0"/>
        <line num="319" count="1" type="stmt"/>
        <line num="321" count="5" type="stmt"/>
        <line num="323" count="20" type="cond" truecount="2" falsecount="0"/>
        <line num="324" count="5" type="stmt"/>
        <line num="326" count="15" type="cond" truecount="2" falsecount="0"/>
        <line num="327" count="2" type="stmt"/>
        <line num="330" count="13" type="stmt"/>
        <line num="335" count="4" type="stmt"/>
        <line num="336" count="4" type="stmt"/>
      </file>
      <file name="vaccine-entity.ts" path="/home/conner/SchoolStuff/term-project-2025-team-3/sk-vaccine-app/myorm/vaccine-entity.ts">
        <metrics statements="3" coveredstatements="0" conditionals="20" coveredconditionals="0" methods="1" coveredmethods="0"/>
        <line num="44" count="0" type="stmt"/>
        <line num="45" count="0" type="cond" truecount="0" falsecount="2"/>
        <line num="46" count="0" type="cond" truecount="0" falsecount="2"/>
      </file>
    </package>
    <package name="services">
      <metrics statements="161" coveredstatements="104" conditionals="51" coveredconditionals="29" methods="41" coveredmethods="33"/>
      <file name="clinicDataService.ts" path="/home/conner/SchoolStuff/term-project-2025-team-3/sk-vaccine-app/services/clinicDataService.ts">
        <metrics statements="44" coveredstatements="44" conditionals="18" coveredconditionals="18" methods="14" coveredmethods="14"/>
        <line num="7" count="1" type="stmt"/>
        <line num="40" count="20" type="stmt"/>
        <line num="41" count="20" type="stmt"/>
        <line num="58" count="1" type="stmt"/>
        <line num="61" count="1" type="stmt"/>
        <line num="62" count="1" type="stmt"/>
        <line num="64" count="1" type="stmt"/>
        <line num="65" count="2" type="stmt"/>
        <line num="66" count="2" type="stmt"/>
        <line num="80" count="2" type="cond" truecount="2" falsecount="0"/>
        <line num="81" count="1" type="stmt"/>
        <line num="83" count="1" type="stmt"/>
        <line num="86" count="1" type="stmt"/>
        <line num="102" count="4" type="cond" truecount="2" falsecount="0"/>
        <line num="103" count="1" type="stmt"/>
        <line num="107" count="3" type="cond" truecount="2" falsecount="0"/>
        <line num="108" count="2" type="cond" truecount="2" falsecount="0"/>
        <line num="109" count="1" type="stmt"/>
        <line num="110" count="1" type="stmt"/>
        <line num="113" count="1" type="stmt"/>
        <line num="118" count="1" type="stmt"/>
        <line num="121" count="1" type="stmt"/>
        <line num="123" count="1" type="stmt"/>
        <line num="124" count="2" type="cond" truecount="2" falsecount="0"/>
        <line num="125" count="1" type="stmt"/>
        <line num="128" count="1" type="stmt"/>
        <line num="134" count="2" type="stmt"/>
        <line num="139" count="2" type="stmt"/>
        <line num="153" count="3" type="stmt"/>
        <line num="154" count="3" type="cond" truecount="2" falsecount="0"/>
        <line num="155" count="1" type="stmt"/>
        <line num="158" count="2" type="stmt"/>
        <line num="167" count="2" type="stmt"/>
        <line num="168" count="2" type="stmt"/>
        <line num="176" count="1" type="stmt"/>
        <line num="177" count="1" type="stmt"/>
        <line num="178" count="5" type="stmt"/>
        <line num="179" count="5" type="cond" truecount="3" falsecount="0"/>
        <line num="180" count="3" type="stmt"/>
        <line num="188" count="3" type="stmt"/>
        <line num="189" count="3" type="stmt"/>
        <line num="191" count="3" type="cond" truecount="3" falsecount="0"/>
        <line num="200" count="1" type="stmt"/>
        <line num="201" count="1" type="stmt"/>
      </file>
      <file name="locationDataService.ts" path="/home/conner/SchoolStuff/term-project-2025-team-3/sk-vaccine-app/services/locationDataService.ts">
        <metrics statements="6" coveredstatements="6" conditionals="2" coveredconditionals="2" methods="3" coveredmethods="3"/>
        <line num="16" count="2" type="stmt"/>
        <line num="27" count="2" type="stmt"/>
        <line num="28" count="2" type="cond" truecount="2" falsecount="0"/>
        <line num="29" count="1" type="stmt"/>
        <line num="34" count="1" type="stmt"/>
        <line num="43" count="2" type="stmt"/>
      </file>
      <file name="vaccineDataService.ts" path="/home/conner/SchoolStuff/term-project-2025-team-3/sk-vaccine-app/services/vaccineDataService.ts">
        <metrics statements="111" coveredstatements="54" conditionals="31" coveredconditionals="9" methods="24" coveredmethods="16"/>
        <line num="52" count="0" type="stmt"/>
        <line num="58" count="0" type="stmt"/>
        <line num="60" count="0" type="cond" truecount="0" falsecount="2"/>
        <line num="61" count="0" type="stmt"/>
        <line num="66" count="0" type="stmt"/>
        <line num="67" count="0" type="cond" truecount="0" falsecount="2"/>
        <line num="68" count="0" type="stmt"/>
        <line num="69" count="0" type="stmt"/>
        <line num="71" count="0" type="stmt"/>
        <line num="73" count="0" type="stmt"/>
        <line num="76" count="0" type="stmt"/>
        <line num="80" count="0" type="cond" truecount="0" falsecount="2"/>
        <line num="81" count="0" type="cond" truecount="0" falsecount="2"/>
        <line num="83" count="0" type="stmt"/>
        <line num="84" count="0" type="stmt"/>
        <line num="85" count="0" type="stmt"/>
        <line num="86" count="0" type="stmt"/>
        <line num="87" count="0" type="stmt"/>
        <line num="89" count="0" type="stmt"/>
        <line num="90" count="0" type="stmt"/>
        <line num="105" count="0" type="stmt"/>
        <line num="108" count="0" type="stmt"/>
        <line num="120" count="1" type="stmt"/>
        <line num="121" count="1" type="stmt"/>
        <line num="124" count="1" type="stmt"/>
        <line num="125" count="1" type="stmt"/>
        <line num="126" count="1" type="stmt"/>
        <line num="128" count="0" type="stmt"/>
        <line num="129" count="0" type="stmt"/>
        <line num="146" count="1" type="stmt"/>
        <line num="147" count="1" type="stmt"/>
        <line num="148" count="1" type="cond" truecount="1" falsecount="1"/>
        <line num="149" count="1" type="stmt"/>
        <line num="155" count="0" type="stmt"/>
        <line num="162" count="0" type="stmt"/>
        <line num="173" count="1" type="stmt"/>
        <line num="174" count="1" type="stmt"/>
        <line num="176" count="0" type="stmt"/>
        <line num="190" count="2" type="stmt"/>
        <line num="191" count="2" type="stmt"/>
        <line num="192" count="2" type="stmt"/>
        <line num="193" count="2" type="stmt"/>
        <line num="194" count="2" type="cond" truecount="2" falsecount="0"/>
        <line num="195" count="1" type="stmt"/>
        <line num="197" count="1" type="stmt"/>
        <line num="200" count="0" type="stmt"/>
        <line num="204" count="0" type="stmt"/>
        <line num="218" count="1" type="stmt"/>
        <line num="219" count="1" type="stmt"/>
        <line num="222" count="1" type="stmt"/>
        <line num="229" count="1" type="stmt"/>
        <line num="230" count="1" type="stmt"/>
        <line num="231" count="1" type="stmt"/>
        <line num="233" count="0" type="stmt"/>
        <line num="234" count="0" type="stmt"/>
        <line num="247" count="1" type="stmt"/>
        <line num="248" count="1" type="stmt"/>
        <line num="249" count="1" type="stmt"/>
        <line num="250" count="1" type="stmt"/>
        <line num="251" count="1" type="stmt"/>
        <line num="258" count="1" type="stmt"/>
        <line num="259" count="1" type="stmt"/>
        <line num="261" count="0" type="stmt"/>
        <line num="264" count="1" type="stmt"/>
        <line num="266" count="0" type="stmt"/>
        <line num="285" count="2" type="cond" truecount="2" falsecount="0"/>
        <line num="286" count="2" type="stmt"/>
        <line num="287" count="2" type="stmt"/>
        <line num="288" count="2" type="stmt"/>
        <line num="292" count="0" type="stmt"/>
        <line num="293" count="0" type="stmt"/>
        <line num="295" count="2" type="stmt"/>
        <line num="299" count="2" type="stmt"/>
        <line num="312" count="1" type="stmt"/>
        <line num="313" count="1" type="stmt"/>
        <line num="314" count="1" type="stmt"/>
        <line num="315" count="1" type="stmt"/>
        <line num="316" count="1" type="stmt"/>
        <line num="323" count="1" type="stmt"/>
        <line num="325" count="1" type="stmt"/>
        <line num="326" count="1" type="stmt"/>
        <line num="329" count="1" type="stmt"/>
        <line num="331" count="1" type="stmt"/>
        <line num="349" count="0" type="stmt"/>
        <line num="353" count="0" type="stmt"/>
        <line num="358" count="1" type="stmt"/>
        <line num="359" count="1" type="stmt"/>
        <line num="361" count="0" type="stmt"/>
        <line num="362" count="0" type="stmt"/>
        <line num="379" count="0" type="stmt"/>
        <line num="380" count="0" type="stmt"/>
        <line num="384" count="0" type="stmt"/>
        <line num="405" count="1" type="stmt"/>
        <line num="410" count="1" type="stmt"/>
        <line num="411" count="1" type="stmt"/>
        <line num="416" count="1" type="stmt"/>
        <line num="430" count="0" type="stmt"/>
        <line num="432" count="0" type="stmt"/>
        <line num="434" count="0" type="stmt"/>
        <line num="435" count="0" type="stmt"/>
        <line num="436" count="0" type="stmt"/>
        <line num="440" count="0" type="cond" truecount="0" falsecount="2"/>
        <line num="441" count="0" type="stmt"/>
        <line num="444" count="0" type="stmt"/>
        <line num="445" count="0" type="stmt"/>
        <line num="447" count="0" type="stmt"/>
        <line num="448" count="0" type="stmt"/>
        <line num="452" count="0" type="stmt"/>
        <line num="453" count="0" type="stmt"/>
        <line num="455" count="0" type="stmt"/>
        <line num="456" count="0" type="stmt"/>
      </file>
    </package>
    <package name="utils">
      <metrics statements="30" coveredstatements="24" conditionals="8" coveredconditionals="5" methods="12" coveredmethods="9"/>
      <file name="ErrorTypes.ts" path="/home/conner/SchoolStuff/term-project-2025-team-3/sk-vaccine-app/utils/ErrorTypes.ts">
        <metrics statements="21" coveredstatements="15" conditionals="6" coveredconditionals="3" methods="11" coveredmethods="8"/>
        <line num="5" count="22" type="stmt"/>
        <line num="6" count="22" type="stmt"/>
        <line num="7" count="22" type="stmt"/>
        <line num="13" count="13" type="stmt"/>
        <line num="19" count="3" type="stmt"/>
        <line num="26" count="3" type="stmt"/>
        <line num="32" count="3" type="stmt"/>
        <line num="40" count="20" type="stmt"/>
        <line num="41" count="20" type="stmt"/>
        <line num="42" count="20" type="stmt"/>
        <line num="50" count="18" type="stmt"/>
        <line num="51" count="18" type="stmt"/>
        <line num="52" count="18" type="stmt"/>
        <line num="58" count="0" type="stmt"/>
        <line num="59" count="0" type="stmt"/>
        <line num="65" count="1" type="stmt"/>
        <line num="66" count="1" type="stmt"/>
        <line num="72" count="0" type="stmt"/>
        <line num="73" count="0" type="stmt"/>
        <line num="79" count="0" type="stmt"/>
        <line num="80" count="0" type="stmt"/>
      </file>
      <file name="config.ts" path="/home/conner/SchoolStuff/term-project-2025-team-3/sk-vaccine-app/utils/config.ts">
        <metrics statements="1" coveredstatements="1" conditionals="2" coveredconditionals="2" methods="0" coveredmethods="0"/>
        <line num="1" count="9" type="stmt"/>
      </file>
      <file name="constPaths.ts" path="/home/conner/SchoolStuff/term-project-2025-team-3/sk-vaccine-app/utils/constPaths.ts">
        <metrics statements="5" coveredstatements="5" conditionals="0" coveredconditionals="0" methods="0" coveredmethods="0"/>
        <line num="1" count="2" type="stmt"/>
        <line num="2" count="2" type="stmt"/>
        <line num="3" count="2" type="stmt"/>
        <line num="4" count="2" type="stmt"/>
        <line num="5" count="2" type="stmt"/>
      </file>
      <file name="logger.ts" path="/home/conner/SchoolStuff/term-project-2025-team-3/sk-vaccine-app/utils/logger.ts">
        <metrics statements="3" coveredstatements="3" conditionals="0" coveredconditionals="0" methods="1" coveredmethods="1"/>
        <line num="5" count="9" type="stmt"/>
        <line num="14" count="9" type="stmt"/>
        <line num="28" count="40" type="stmt"/>
      </file>
    </package>
  </project>
</coverage>
