{"/home/conner/SchoolStuff/term-project-2025-team-3/sk-vaccine-app/app/index.tsx": {"path":"/home/conner/SchoolStuff/term-project-2025-team-3/sk-vaccine-app/app/index.tsx","statementMap":{"0":{"start":{"line":13,"column":31},"end":{"line":13,"column":44}},"1":{"start":{"line":14,"column":32},"end":{"line":14,"column":41}},"2":{"start":{"line":15,"column":32},"end":{"line":15,"column":44}},"3":{"start":{"line":16,"column":32},"end":{"line":16,"column":46}},"4":{"start":{"line":29,"column":21},"end":{"line":29,"column":36}},"5":{"start":{"line":30,"column":2},"end":{"line":32,"column":19}},"6":{"start":{"line":31,"column":4},"end":{"line":31,"column":49}},"7":{"start":{"line":34,"column":4},"end":{"line":34,"column":64}},"8":{"start":{"line":35,"column":24},"end":{"line":35,"column":33}},"9":{"start":{"line":37,"column":2},"end":{"line":72,"column":4}},"10":{"start":{"line":75,"column":15},"end":{"line":121,"column":2}}},"fnMap":{"0":{"name":"Index","decl":{"start":{"line":28,"column":24},"end":{"line":28,"column":29}},"loc":{"start":{"line":28,"column":32},"end":{"line":73,"column":1}},"line":28},"1":{"name":"(anonymous_1)","decl":{"start":{"line":30,"column":12},"end":{"line":30,"column":13}},"loc":{"start":{"line":30,"column":18},"end":{"line":32,"column":3}},"line":30}},"branchMap":{},"s":{"0":1,"1":1,"2":1,"3":1,"4":7,"5":7,"6":0,"7":6,"8":6,"9":6,"10":1},"f":{"0":7,"1":0},"b":{},"_coverageSchema":"1a1c01bbd47fc00a2c39e90264f33305004495a9","hash":"38ba47508e1676184a7c4ec76aec9bc19a9a4a58"}
,"/home/conner/SchoolStuff/term-project-2025-team-3/sk-vaccine-app/app/vaccine-info.tsx": {"path":"/home/conner/SchoolStuff/term-project-2025-team-3/sk-vaccine-app/app/vaccine-info.tsx","statementMap":{"0":{"start":{"line":18,"column":15},"end":{"line":27,"column":1}},"1":{"start":{"line":30,"column":36},"end":{"line":30,"column":48}},"2":{"start":{"line":32,"column":2},"end":{"line":32,"column":39}},"3":{"start":{"line":35,"column":58},"end":{"line":37,"column":4}},"4":{"start":{"line":39,"column":2},"end":{"line":84,"column":4}},"5":{"start":{"line":53,"column":37},"end":{"line":53,"column":60}},"6":{"start":{"line":64,"column":14},"end":{"line":64,"column":66}},"7":{"start":{"line":65,"column":12},"end":{"line":77,"column":14}},"8":{"start":{"line":79,"column":41},"end":{"line":79,"column":57}},"9":{"start":{"line":87,"column":15},"end":{"line":135,"column":2}}},"fnMap":{"0":{"name":"Page","decl":{"start":{"line":29,"column":24},"end":{"line":29,"column":28}},"loc":{"start":{"line":29,"column":31},"end":{"line":85,"column":1}},"line":29},"1":{"name":"(anonymous_1)","decl":{"start":{"line":53,"column":31},"end":{"line":53,"column":32}},"loc":{"start":{"line":53,"column":37},"end":{"line":53,"column":60}},"line":53},"2":{"name":"(anonymous_2)","decl":{"start":{"line":62,"column":22},"end":{"line":62,"column":23}},"loc":{"start":{"line":62,"column":43},"end":{"line":78,"column":11}},"line":62},"3":{"name":"(anonymous_3)","decl":{"start":{"line":79,"column":24},"end":{"line":79,"column":25}},"loc":{"start":{"line":79,"column":41},"end":{"line":79,"column":57}},"line":79}},"branchMap":{"0":{"loc":{"start":{"line":48,"column":11},"end":{"line":48,"column":61}},"type":"binary-expr","locations":[{"start":{"line":48,"column":11},"end":{"line":48,"column":16}},{"start":{"line":48,"column":20},"end":{"line":48,"column":61}}],"line":48},"1":{"loc":{"start":{"line":58,"column":9},"end":{"line":58,"column":64}},"type":"binary-expr","locations":[{"start":{"line":58,"column":9},"end":{"line":58,"column":16}},{"start":{"line":58,"column":20},"end":{"line":58,"column":26}},{"start":{"line":58,"column":30},"end":{"line":58,"column":64}}],"line":58},"2":{"loc":{"start":{"line":64,"column":14},"end":{"line":64,"column":66}},"type":"cond-expr","locations":[{"start":{"line":64,"column":26},"end":{"line":64,"column":44}},{"start":{"line":64,"column":47},"end":{"line":64,"column":66}}],"line":64}},"s":{"0":1,"1":7,"2":6,"3":6,"4":6,"5":0,"6":0,"7":0,"8":0,"9":1},"f":{"0":7,"1":0,"2":0,"3":0},"b":{"0":[6,0],"1":[6,6,6],"2":[0,0]},"_coverageSchema":"1a1c01bbd47fc00a2c39e90264f33305004495a9","hash":"957ac7f23f201a8469693082881ed638dd7f937c"}
,"/home/conner/SchoolStuff/term-project-2025-team-3/sk-vaccine-app/components/card-link.tsx": {"path":"/home/conner/SchoolStuff/term-project-2025-team-3/sk-vaccine-app/components/card-link.tsx","statementMap":{"0":{"start":{"line":6,"column":15},"end":{"line":11,"column":1}},"1":{"start":{"line":36,"column":4},"end":{"line":58,"column":6}},"2":{"start":{"line":61,"column":15},"end":{"line":102,"column":2}}},"fnMap":{"0":{"name":"CardLink","decl":{"start":{"line":35,"column":24},"end":{"line":35,"column":32}},"loc":{"start":{"line":35,"column":113},"end":{"line":59,"column":1}},"line":35}},"branchMap":{"0":{"loc":{"start":{"line":53,"column":31},"end":{"line":53,"column":60}},"type":"binary-expr","locations":[{"start":{"line":53,"column":31},"end":{"line":53,"column":40}},{"start":{"line":53,"column":44},"end":{"line":53,"column":60}}],"line":53}},"s":{"0":1,"1":0,"2":1},"f":{"0":0},"b":{"0":[0,0]},"_coverageSchema":"1a1c01bbd47fc00a2c39e90264f33305004495a9","hash":"8cc56a29b9bd9a8bee42b64162ed5699ed4a428d"}
,"/home/conner/SchoolStuff/term-project-2025-team-3/sk-vaccine-app/components/closest-clinic-btn.tsx": {"path":"/home/conner/SchoolStuff/term-project-2025-team-3/sk-vaccine-app/components/closest-clinic-btn.tsx","statementMap":{"0":{"start":{"line":16,"column":16},"end":{"line":16,"column":33}},"1":{"start":{"line":17,"column":21},"end":{"line":17,"column":54}},"2":{"start":{"line":20,"column":2},"end":{"line":55,"column":4}},"3":{"start":{"line":58,"column":15},"end":{"line":143,"column":2}}},"fnMap":{"0":{"name":"ClosestClinicButton","decl":{"start":{"line":14,"column":24},"end":{"line":14,"column":43}},"loc":{"start":{"line":14,"column":77},"end":{"line":56,"column":1}},"line":14}},"branchMap":{},"s":{"0":6,"1":6,"2":6,"3":1},"f":{"0":6},"b":{},"_coverageSchema":"1a1c01bbd47fc00a2c39e90264f33305004495a9","hash":"050a6b999f9b4a454f82295fba9eedb304db89e5"}
,"/home/conner/SchoolStuff/term-project-2025-team-3/sk-vaccine-app/components/home-square-btn.tsx": {"path":"/home/conner/SchoolStuff/term-project-2025-team-3/sk-vaccine-app/components/home-square-btn.tsx","statementMap":{"0":{"start":{"line":39,"column":19},"end":{"line":41,"column":3}},"1":{"start":{"line":40,"column":4},"end":{"line":40,"column":42}},"2":{"start":{"line":43,"column":2},"end":{"line":54,"column":4}},"3":{"start":{"line":57,"column":15},"end":{"line":86,"column":2}}},"fnMap":{"0":{"name":"SquareButton","decl":{"start":{"line":32,"column":24},"end":{"line":32,"column":36}},"loc":{"start":{"line":38,"column":35},"end":{"line":55,"column":1}},"line":38},"1":{"name":"(anonymous_1)","decl":{"start":{"line":39,"column":19},"end":{"line":39,"column":20}},"loc":{"start":{"line":39,"column":25},"end":{"line":41,"column":3}},"line":39}},"branchMap":{},"s":{"0":12,"1":0,"2":12,"3":1},"f":{"0":12,"1":0},"b":{},"_coverageSchema":"1a1c01bbd47fc00a2c39e90264f33305004495a9","hash":"e811c9690b5751fd73fd0e59420de41ed8aeef26"}
,"/home/conner/SchoolStuff/term-project-2025-team-3/sk-vaccine-app/components/map.tsx": {"path":"/home/conner/SchoolStuff/term-project-2025-team-3/sk-vaccine-app/components/map.tsx","statementMap":{"0":{"start":{"line":42,"column":67},"end":{"line":42,"column":72}},"1":{"start":{"line":44,"column":25},"end":{"line":44,"column":27}},"2":{"start":{"line":46,"column":4},"end":{"line":54,"column":5}},"3":{"start":{"line":47,"column":22},"end":{"line":47,"column":89}},"4":{"start":{"line":48,"column":8},"end":{"line":48,"column":87}},"5":{"start":{"line":49,"column":11},"end":{"line":54,"column":5}},"6":{"start":{"line":50,"column":8},"end":{"line":50,"column":103}},"7":{"start":{"line":52,"column":8},"end":{"line":52,"column":58}},"8":{"start":{"line":53,"column":8},"end":{"line":53,"column":76}},"9":{"start":{"line":56,"column":4},"end":{"line":56,"column":128}},"10":{"start":{"line":57,"column":4},"end":{"line":57,"column":50}},"11":{"start":{"line":59,"column":17},"end":{"line":76,"column":5}},"12":{"start":{"line":78,"column":4},"end":{"line":78,"column":19}},"13":{"start":{"line":79,"column":4},"end":{"line":97,"column":6}},"14":{"start":{"line":85,"column":31},"end":{"line":85,"column":96}},"15":{"start":{"line":86,"column":29},"end":{"line":86,"column":95}},"16":{"start":{"line":88,"column":40},"end":{"line":88,"column":54}},"17":{"start":{"line":89,"column":16},"end":{"line":89,"column":80}},"18":{"start":{"line":90,"column":16},"end":{"line":90,"column":96}},"19":{"start":{"line":93,"column":16},"end":{"line":93,"column":95}},"20":{"start":{"line":94,"column":16},"end":{"line":94,"column":86}}},"fnMap":{"0":{"name":"MapEmbed","decl":{"start":{"line":41,"column":24},"end":{"line":41,"column":32}},"loc":{"start":{"line":41,"column":68},"end":{"line":98,"column":1}},"line":41},"1":{"name":"(anonymous_1)","decl":{"start":{"line":85,"column":25},"end":{"line":85,"column":26}},"loc":{"start":{"line":85,"column":31},"end":{"line":85,"column":96}},"line":85},"2":{"name":"(anonymous_2)","decl":{"start":{"line":86,"column":23},"end":{"line":86,"column":24}},"loc":{"start":{"line":86,"column":29},"end":{"line":86,"column":95}},"line":86},"3":{"name":"(anonymous_3)","decl":{"start":{"line":87,"column":21},"end":{"line":87,"column":22}},"loc":{"start":{"line":87,"column":47},"end":{"line":91,"column":13}},"line":87},"4":{"name":"(anonymous_4)","decl":{"start":{"line":92,"column":23},"end":{"line":92,"column":24}},"loc":{"start":{"line":92,"column":55},"end":{"line":95,"column":13}},"line":92}},"branchMap":{"0":{"loc":{"start":{"line":42,"column":48},"end":{"line":42,"column":62}},"type":"default-arg","locations":[{"start":{"line":42,"column":60},"end":{"line":42,"column":62}}],"line":42},"1":{"loc":{"start":{"line":46,"column":4},"end":{"line":54,"column":5}},"type":"if","locations":[{"start":{"line":46,"column":4},"end":{"line":54,"column":5}},{"start":{"line":49,"column":11},"end":{"line":54,"column":5}}],"line":46},"2":{"loc":{"start":{"line":46,"column":8},"end":{"line":46,"column":23}},"type":"binary-expr","locations":[{"start":{"line":46,"column":8},"end":{"line":46,"column":12}},{"start":{"line":46,"column":16},"end":{"line":46,"column":23}}],"line":46},"3":{"loc":{"start":{"line":47,"column":44},"end":{"line":47,"column":60}},"type":"cond-expr","locations":[{"start":{"line":47,"column":51},"end":{"line":47,"column":55}},{"start":{"line":47,"column":58},"end":{"line":47,"column":60}}],"line":47},"4":{"loc":{"start":{"line":47,"column":64},"end":{"line":47,"column":86}},"type":"cond-expr","locations":[{"start":{"line":47,"column":74},"end":{"line":47,"column":81}},{"start":{"line":47,"column":84},"end":{"line":47,"column":86}}],"line":47},"5":{"loc":{"start":{"line":49,"column":11},"end":{"line":54,"column":5}},"type":"if","locations":[{"start":{"line":49,"column":11},"end":{"line":54,"column":5}},{"start":{"line":51,"column":11},"end":{"line":54,"column":5}}],"line":49},"6":{"loc":{"start":{"line":49,"column":15},"end":{"line":49,"column":64}},"type":"binary-expr","locations":[{"start":{"line":49,"column":15},"end":{"line":49,"column":37}},{"start":{"line":49,"column":41},"end":{"line":49,"column":64}}],"line":49},"7":{"loc":{"start":{"line":56,"column":11},"end":{"line":56,"column":83}},"type":"binary-expr","locations":[{"start":{"line":56,"column":12},"end":{"line":56,"column":16}},{"start":{"line":56,"column":20},"end":{"line":56,"column":27}},{"start":{"line":56,"column":33},"end":{"line":56,"column":55}},{"start":{"line":56,"column":59},"end":{"line":56,"column":82}}],"line":56}},"s":{"0":5,"1":4,"2":4,"3":1,"4":1,"5":3,"6":1,"7":2,"8":2,"9":2,"10":2,"11":2,"12":2,"13":2,"14":0,"15":0,"16":0,"17":0,"18":0,"19":0,"20":0},"f":{"0":5,"1":0,"2":0,"3":0,"4":0},"b":{"0":[4],"1":[1,3],"2":[4,3],"3":[1,0],"4":[1,0],"5":[1,2],"6":[3,1],"7":[2,1,1,1]},"_coverageSchema":"1a1c01bbd47fc00a2c39e90264f33305004495a9","hash":"49c4a02e15e8457f8dc627eba9c67965920ae598"}
,"/home/conner/SchoolStuff/term-project-2025-team-3/sk-vaccine-app/components/search-bar.tsx": {"path":"/home/conner/SchoolStuff/term-project-2025-team-3/sk-vaccine-app/components/search-bar.tsx","statementMap":{"0":{"start":{"line":5,"column":15},"end":{"line":9,"column":1}},"1":{"start":{"line":12,"column":25},"end":{"line":12,"column":48}},"2":{"start":{"line":44,"column":32},"end":{"line":44,"column":44}},"3":{"start":{"line":46,"column":25},"end":{"line":46,"column":61}},"4":{"start":{"line":48,"column":29},"end":{"line":55,"column":5}},"5":{"start":{"line":49,"column":8},"end":{"line":51,"column":9}},"6":{"start":{"line":50,"column":12},"end":{"line":50,"column":37}},"7":{"start":{"line":52,"column":8},"end":{"line":54,"column":9}},"8":{"start":{"line":53,"column":12},"end":{"line":53,"column":34}},"9":{"start":{"line":57,"column":32},"end":{"line":61,"column":5}},"10":{"start":{"line":58,"column":8},"end":{"line":60,"column":9}},"11":{"start":{"line":59,"column":12},"end":{"line":59,"column":42}},"12":{"start":{"line":63,"column":4},"end":{"line":82,"column":6}},"13":{"start":{"line":85,"column":15},"end":{"line":114,"column":2}}},"fnMap":{"0":{"name":"SearchBar","decl":{"start":{"line":43,"column":24},"end":{"line":43,"column":33}},"loc":{"start":{"line":43,"column":116},"end":{"line":83,"column":1}},"line":43},"1":{"name":"(anonymous_1)","decl":{"start":{"line":48,"column":29},"end":{"line":48,"column":30}},"loc":{"start":{"line":48,"column":48},"end":{"line":55,"column":5}},"line":48},"2":{"name":"(anonymous_2)","decl":{"start":{"line":57,"column":32},"end":{"line":57,"column":33}},"loc":{"start":{"line":57,"column":38},"end":{"line":61,"column":5}},"line":57}},"branchMap":{"0":{"loc":{"start":{"line":46,"column":25},"end":{"line":46,"column":61}},"type":"cond-expr","locations":[{"start":{"line":46,"column":47},"end":{"line":46,"column":52}},{"start":{"line":46,"column":55},"end":{"line":46,"column":61}}],"line":46},"1":{"loc":{"start":{"line":49,"column":8},"end":{"line":51,"column":9}},"type":"if","locations":[{"start":{"line":49,"column":8},"end":{"line":51,"column":9}},{"start":{},"end":{}}],"line":49},"2":{"loc":{"start":{"line":50,"column":25},"end":{"line":50,"column":35}},"type":"binary-expr","locations":[{"start":{"line":50,"column":25},"end":{"line":50,"column":29}},{"start":{"line":50,"column":33},"end":{"line":50,"column":35}}],"line":50},"3":{"loc":{"start":{"line":52,"column":8},"end":{"line":54,"column":9}},"type":"if","locations":[{"start":{"line":52,"column":8},"end":{"line":54,"column":9}},{"start":{},"end":{}}],"line":52},"4":{"loc":{"start":{"line":53,"column":22},"end":{"line":53,"column":32}},"type":"binary-expr","locations":[{"start":{"line":53,"column":22},"end":{"line":53,"column":26}},{"start":{"line":53,"column":30},"end":{"line":53,"column":32}}],"line":53},"5":{"loc":{"start":{"line":58,"column":8},"end":{"line":60,"column":9}},"type":"if","locations":[{"start":{"line":58,"column":8},"end":{"line":60,"column":9}},{"start":{},"end":{}}],"line":58},"6":{"loc":{"start":{"line":66,"column":25},"end":{"line":66,"column":48}},"type":"binary-expr","locations":[{"start":{"line":66,"column":25},"end":{"line":66,"column":36}},{"start":{"line":66,"column":40},"end":{"line":66,"column":48}}],"line":66},"7":{"loc":{"start":{"line":78,"column":24},"end":{"line":78,"column":121}},"type":"cond-expr","locations":[{"start":{"line":78,"column":36},"end":{"line":78,"column":45}},{"start":{"line":78,"column":48},"end":{"line":78,"column":121}}],"line":78},"8":{"loc":{"start":{"line":79,"column":23},"end":{"line":79,"column":122}},"type":"cond-expr","locations":[{"start":{"line":79,"column":35},"end":{"line":79,"column":44}},{"start":{"line":79,"column":47},"end":{"line":79,"column":122}}],"line":79}},"s":{"0":2,"1":2,"2":14,"3":14,"4":14,"5":0,"6":0,"7":0,"8":0,"9":14,"10":0,"11":0,"12":14,"13":2},"f":{"0":14,"1":0,"2":0},"b":{"0":[8,6],"1":[0,0],"2":[0,0],"3":[0,0],"4":[0,0],"5":[0,0],"6":[14,12],"7":[8,6],"8":[8,6]},"_coverageSchema":"1a1c01bbd47fc00a2c39e90264f33305004495a9","hash":"cc1c6cccf924fcd41173d8fb4f322feb93aeee3a"}
,"/home/conner/SchoolStuff/term-project-2025-team-3/sk-vaccine-app/components/settings-btn.tsx": {"path":"/home/conner/SchoolStuff/term-project-2025-team-3/sk-vaccine-app/components/settings-btn.tsx","statementMap":{"0":{"start":{"line":7,"column":2},"end":{"line":16,"column":4}},"1":{"start":{"line":11,"column":23},"end":{"line":11,"column":54}},"2":{"start":{"line":19,"column":15},"end":{"line":28,"column":1}}},"fnMap":{"0":{"name":"SettingsButton","decl":{"start":{"line":6,"column":24},"end":{"line":6,"column":38}},"loc":{"start":{"line":6,"column":41},"end":{"line":17,"column":1}},"line":6},"1":{"name":"(anonymous_1)","decl":{"start":{"line":11,"column":17},"end":{"line":11,"column":18}},"loc":{"start":{"line":11,"column":23},"end":{"line":11,"column":54}},"line":11}},"branchMap":{},"s":{"0":7,"1":0,"2":1},"f":{"0":7,"1":0},"b":{},"_coverageSchema":"1a1c01bbd47fc00a2c39e90264f33305004495a9","hash":"f19731d54eec2c4fdee18ce70cd10be0ba47d688"}
,"/home/conner/SchoolStuff/term-project-2025-team-3/sk-vaccine-app/controllers/vaccineDataController.ts": {"path":"/home/conner/SchoolStuff/term-project-2025-team-3/sk-vaccine-app/controllers/vaccineDataController.ts","statementMap":{"0":{"start":{"line":20,"column":4},"end":{"line":20,"column":49}},"1":{"start":{"line":40,"column":4},"end":{"line":110,"column":5}},"2":{"start":{"line":41,"column":6},"end":{"line":106,"column":11}},"3":{"start":{"line":43,"column":10},"end":{"line":43,"column":67}},"4":{"start":{"line":44,"column":10},"end":{"line":47,"column":11}},"5":{"start":{"line":45,"column":12},"end":{"line":45,"column":52}},"6":{"start":{"line":46,"column":12},"end":{"line":46,"column":61}},"7":{"start":{"line":46,"column":55},"end":{"line":46,"column":59}},"8":{"start":{"line":48,"column":10},"end":{"line":48,"column":23}},"9":{"start":{"line":50,"column":20},"end":{"line":50,"column":65}},"10":{"start":{"line":52,"column":10},"end":{"line":83,"column":11}},"11":{"start":{"line":54,"column":14},"end":{"line":81,"column":18}},"12":{"start":{"line":55,"column":16},"end":{"line":80,"column":17}},"13":{"start":{"line":56,"column":18},"end":{"line":61,"column":19}},"14":{"start":{"line":57,"column":20},"end":{"line":60,"column":22}},"15":{"start":{"line":62,"column":18},"end":{"line":67,"column":19}},"16":{"start":{"line":63,"column":20},"end":{"line":66,"column":22}},"17":{"start":{"line":68,"column":18},"end":{"line":74,"column":19}},"18":{"start":{"line":69,"column":20},"end":{"line":73,"column":22}},"19":{"start":{"line":76,"column":18},"end":{"line":78,"column":20}},"20":{"start":{"line":79,"column":18},"end":{"line":79,"column":62}},"21":{"start":{"line":86,"column":25},"end":{"line":88,"column":11}},"22":{"start":{"line":87,"column":24},"end":{"line":87,"column":52}},"23":{"start":{"line":89,"column":28},"end":{"line":91,"column":11}},"24":{"start":{"line":90,"column":24},"end":{"line":90,"column":53}},"25":{"start":{"line":93,"column":10},"end":{"line":95,"column":12}},"26":{"start":{"line":94,"column":12},"end":{"line":94,"column":68}},"27":{"start":{"line":97,"column":10},"end":{"line":101,"column":12}},"28":{"start":{"line":104,"column":10},"end":{"line":104,"column":68}},"29":{"start":{"line":105,"column":10},"end":{"line":105,"column":46}},"30":{"start":{"line":108,"column":6},"end":{"line":108,"column":75}},"31":{"start":{"line":109,"column":6},"end":{"line":109,"column":42}},"32":{"start":{"line":124,"column":4},"end":{"line":133,"column":5}},"33":{"start":{"line":126,"column":8},"end":{"line":126,"column":60}},"34":{"start":{"line":127,"column":6},"end":{"line":129,"column":8}},"35":{"start":{"line":130,"column":6},"end":{"line":130,"column":80}},"36":{"start":{"line":132,"column":6},"end":{"line":132,"column":68}},"37":{"start":{"line":150,"column":6},"end":{"line":150,"column":65}},"38":{"start":{"line":152,"column":6},"end":{"line":152,"column":64}},"39":{"start":{"line":153,"column":4},"end":{"line":157,"column":5}},"40":{"start":{"line":154,"column":6},"end":{"line":154,"column":42}},"41":{"start":{"line":156,"column":6},"end":{"line":156,"column":44}},"42":{"start":{"line":175,"column":4},"end":{"line":192,"column":5}},"43":{"start":{"line":176,"column":6},"end":{"line":186,"column":7}},"44":{"start":{"line":177,"column":8},"end":{"line":181,"column":29}},"45":{"start":{"line":183,"column":8},"end":{"line":185,"column":29}},"46":{"start":{"line":188,"column":6},"end":{"line":190,"column":8}},"47":{"start":{"line":191,"column":6},"end":{"line":191,"column":18}}},"fnMap":{"0":{"name":"(anonymous_0)","decl":{"start":{"line":19,"column":2},"end":{"line":19,"column":3}},"loc":{"start":{"line":19,"column":54},"end":{"line":21,"column":3}},"line":19},"1":{"name":"(anonymous_1)","decl":{"start":{"line":35,"column":2},"end":{"line":35,"column":3}},"loc":{"start":{"line":39,"column":5},"end":{"line":111,"column":3}},"line":39},"2":{"name":"(anonymous_2)","decl":{"start":{"line":42,"column":14},"end":{"line":42,"column":15}},"loc":{"start":{"line":42,"column":28},"end":{"line":49,"column":9}},"line":42},"3":{"name":"(anonymous_3)","decl":{"start":{"line":46,"column":49},"end":{"line":46,"column":50}},"loc":{"start":{"line":46,"column":55},"end":{"line":46,"column":59}},"line":46},"4":{"name":"(anonymous_4)","decl":{"start":{"line":50,"column":14},"end":{"line":50,"column":15}},"loc":{"start":{"line":50,"column":20},"end":{"line":50,"column":65}},"line":50},"5":{"name":"(anonymous_5)","decl":{"start":{"line":51,"column":14},"end":{"line":51,"column":15}},"loc":{"start":{"line":52,"column":10},"end":{"line":83,"column":11}},"line":52},"6":{"name":"(anonymous_6)","decl":{"start":{"line":53,"column":21},"end":{"line":53,"column":22}},"loc":{"start":{"line":54,"column":14},"end":{"line":81,"column":18}},"line":54},"7":{"name":"(anonymous_7)","decl":{"start":{"line":54,"column":15},"end":{"line":54,"column":16}},"loc":{"start":{"line":54,"column":27},"end":{"line":81,"column":15}},"line":54},"8":{"name":"(anonymous_8)","decl":{"start":{"line":85,"column":14},"end":{"line":85,"column":15}},"loc":{"start":{"line":85,"column":32},"end":{"line":102,"column":9}},"line":85},"9":{"name":"(anonymous_9)","decl":{"start":{"line":87,"column":12},"end":{"line":87,"column":13}},"loc":{"start":{"line":87,"column":24},"end":{"line":87,"column":52}},"line":87},"10":{"name":"(anonymous_10)","decl":{"start":{"line":90,"column":12},"end":{"line":90,"column":13}},"loc":{"start":{"line":90,"column":24},"end":{"line":90,"column":53}},"line":90},"11":{"name":"(anonymous_11)","decl":{"start":{"line":93,"column":25},"end":{"line":93,"column":26}},"loc":{"start":{"line":94,"column":12},"end":{"line":94,"column":68}},"line":94},"12":{"name":"(anonymous_12)","decl":{"start":{"line":103,"column":15},"end":{"line":103,"column":16}},"loc":{"start":{"line":103,"column":26},"end":{"line":106,"column":9}},"line":103},"13":{"name":"(anonymous_13)","decl":{"start":{"line":123,"column":2},"end":{"line":123,"column":3}},"loc":{"start":{"line":123,"column":38},"end":{"line":134,"column":3}},"line":123},"14":{"name":"(anonymous_14)","decl":{"start":{"line":148,"column":2},"end":{"line":148,"column":3}},"loc":{"start":{"line":148,"column":58},"end":{"line":158,"column":3}},"line":148},"15":{"name":"(anonymous_15)","decl":{"start":{"line":170,"column":2},"end":{"line":170,"column":3}},"loc":{"start":{"line":173,"column":29},"end":{"line":193,"column":3}},"line":173}},"branchMap":{"0":{"loc":{"start":{"line":44,"column":10},"end":{"line":47,"column":11}},"type":"if","locations":[{"start":{"line":44,"column":10},"end":{"line":47,"column":11}},{"start":{},"end":{}}],"line":44},"1":{"loc":{"start":{"line":56,"column":18},"end":{"line":61,"column":19}},"type":"if","locations":[{"start":{"line":56,"column":18},"end":{"line":61,"column":19}},{"start":{},"end":{}}],"line":56},"2":{"loc":{"start":{"line":62,"column":18},"end":{"line":67,"column":19}},"type":"if","locations":[{"start":{"line":62,"column":18},"end":{"line":67,"column":19}},{"start":{},"end":{}}],"line":62},"3":{"loc":{"start":{"line":68,"column":18},"end":{"line":74,"column":19}},"type":"if","locations":[{"start":{"line":68,"column":18},"end":{"line":74,"column":19}},{"start":{},"end":{}}],"line":68},"4":{"loc":{"start":{"line":68,"column":22},"end":{"line":68,"column":55}},"type":"binary-expr","locations":[{"start":{"line":68,"column":22},"end":{"line":68,"column":37}},{"start":{"line":68,"column":41},"end":{"line":68,"column":55}}],"line":68},"5":{"loc":{"start":{"line":153,"column":4},"end":{"line":157,"column":5}},"type":"if","locations":[{"start":{"line":153,"column":4},"end":{"line":157,"column":5}},{"start":{"line":155,"column":11},"end":{"line":157,"column":5}}],"line":153},"6":{"loc":{"start":{"line":176,"column":6},"end":{"line":186,"column":7}},"type":"if","locations":[{"start":{"line":176,"column":6},"end":{"line":186,"column":7}},{"start":{"line":182,"column":13},"end":{"line":186,"column":7}}],"line":176}},"s":{"0":19,"1":7,"2":7,"3":7,"4":7,"5":0,"6":0,"7":0,"8":7,"9":7,"10":7,"11":35,"12":35,"13":35,"14":35,"15":17,"16":17,"17":17,"18":17,"19":18,"20":18,"21":7,"22":35,"23":7,"24":35,"25":7,"26":18,"27":7,"28":0,"29":0,"30":0,"31":0,"32":0,"33":0,"34":0,"35":0,"36":0,"37":10,"38":10,"39":10,"40":1,"41":9,"42":0,"43":0,"44":0,"45":0,"46":0,"47":0},"f":{"0":19,"1":7,"2":7,"3":0,"4":7,"5":7,"6":35,"7":35,"8":7,"9":35,"10":35,"11":18,"12":0,"13":0,"14":10,"15":0},"b":{"0":[0,7],"1":[35,0],"2":[17,0],"3":[17,0],"4":[17,0],"5":[1,9],"6":[0,0]},"_coverageSchema":"1a1c01bbd47fc00a2c39e90264f33305004495a9","hash":"43c86d05b58e136573e90a2001d3015df7326a2e"}
,"/home/conner/SchoolStuff/term-project-2025-team-3/sk-vaccine-app/hooks/locationData.ts": {"path":"/home/conner/SchoolStuff/term-project-2025-team-3/sk-vaccine-app/hooks/locationData.ts","statementMap":{"0":{"start":{"line":33,"column":36},"end":{"line":33,"column":75}},"1":{"start":{"line":34,"column":30},"end":{"line":34,"column":59}},"2":{"start":{"line":35,"column":34},"end":{"line":35,"column":58}},"3":{"start":{"line":36,"column":38},"end":{"line":36,"column":62}},"4":{"start":{"line":38,"column":4},"end":{"line":75,"column":11}},"5":{"start":{"line":39,"column":30},"end":{"line":72,"column":9}},"6":{"start":{"line":41,"column":12},"end":{"line":41,"column":29}},"7":{"start":{"line":42,"column":12},"end":{"line":42,"column":27}},"8":{"start":{"line":44,"column":26},"end":{"line":44,"column":59}},"9":{"start":{"line":47,"column":12},"end":{"line":68,"column":13}},"10":{"start":{"line":49,"column":16},"end":{"line":49,"column":31}},"11":{"start":{"line":50,"column":16},"end":{"line":64,"column":17}},"12":{"start":{"line":51,"column":32},"end":{"line":51,"column":67}},"13":{"start":{"line":52,"column":20},"end":{"line":52,"column":37}},"14":{"start":{"line":55,"column":20},"end":{"line":63,"column":21}},"15":{"start":{"line":56,"column":24},"end":{"line":56,"column":46}},"16":{"start":{"line":58,"column":25},"end":{"line":63,"column":21}},"17":{"start":{"line":59,"column":24},"end":{"line":59,"column":67}},"18":{"start":{"line":62,"column":24},"end":{"line":62,"column":61}},"19":{"start":{"line":67,"column":16},"end":{"line":67,"column":53}},"20":{"start":{"line":70,"column":12},"end":{"line":70,"column":34}},"21":{"start":{"line":71,"column":12},"end":{"line":71,"column":30}},"22":{"start":{"line":74,"column":8},"end":{"line":74,"column":24}},"23":{"start":{"line":78,"column":20},"end":{"line":83,"column":5}},"24":{"start":{"line":84,"column":4},"end":{"line":84,"column":20}}},"fnMap":{"0":{"name":"useLocation","decl":{"start":{"line":32,"column":24},"end":{"line":32,"column":35}},"loc":{"start":{"line":32,"column":86},"end":{"line":86,"column":1}},"line":32},"1":{"name":"(anonymous_1)","decl":{"start":{"line":38,"column":14},"end":{"line":38,"column":15}},"loc":{"start":{"line":38,"column":20},"end":{"line":75,"column":5}},"line":38},"2":{"name":"(anonymous_2)","decl":{"start":{"line":39,"column":30},"end":{"line":39,"column":31}},"loc":{"start":{"line":39,"column":42},"end":{"line":72,"column":9}},"line":39}},"branchMap":{"0":{"loc":{"start":{"line":47,"column":12},"end":{"line":68,"column":13}},"type":"if","locations":[{"start":{"line":47,"column":12},"end":{"line":68,"column":13}},{"start":{"line":66,"column":17},"end":{"line":68,"column":13}}],"line":47},"1":{"loc":{"start":{"line":47,"column":16},"end":{"line":47,"column":70}},"type":"binary-expr","locations":[{"start":{"line":47,"column":16},"end":{"line":47,"column":23}},{"start":{"line":47,"column":28},"end":{"line":47,"column":69}}],"line":47},"2":{"loc":{"start":{"line":55,"column":20},"end":{"line":63,"column":21}},"type":"if","locations":[{"start":{"line":55,"column":20},"end":{"line":63,"column":21}},{"start":{"line":58,"column":25},"end":{"line":63,"column":21}}],"line":55},"3":{"loc":{"start":{"line":58,"column":25},"end":{"line":63,"column":21}},"type":"if","locations":[{"start":{"line":58,"column":25},"end":{"line":63,"column":21}},{"start":{"line":61,"column":25},"end":{"line":63,"column":21}}],"line":58}},"s":{"0":15,"1":15,"2":15,"3":15,"4":15,"5":5,"6":5,"7":5,"8":5,"9":5,"10":4,"11":4,"12":4,"13":2,"14":2,"15":2,"16":0,"17":0,"18":0,"19":1,"20":5,"21":5,"22":5,"23":15,"24":15},"f":{"0":15,"1":5,"2":5},"b":{"0":[4,1],"1":[5,3],"2":[2,0],"3":[0,0]},"_coverageSchema":"1a1c01bbd47fc00a2c39e90264f33305004495a9","hash":"c30c234f368454103251c4cc7b0742cfa2e20db3"}
,"/home/conner/SchoolStuff/term-project-2025-team-3/sk-vaccine-app/hooks/vaccineData.ts": {"path":"/home/conner/SchoolStuff/term-project-2025-team-3/sk-vaccine-app/hooks/vaccineData.ts","statementMap":{"0":{"start":{"line":43,"column":59},"end":{"line":43,"column":63}},"1":{"start":{"line":45,"column":44},"end":{"line":45,"column":72}},"2":{"start":{"line":46,"column":32},"end":{"line":46,"column":46}},"3":{"start":{"line":47,"column":28},"end":{"line":47,"column":57}},"4":{"start":{"line":49,"column":23},"end":{"line":60,"column":3}},"5":{"start":{"line":50,"column":4},"end":{"line":59,"column":5}},"6":{"start":{"line":51,"column":6},"end":{"line":53,"column":8}},"7":{"start":{"line":55,"column":6},"end":{"line":55,"column":26}},"8":{"start":{"line":56,"column":6},"end":{"line":56,"column":30}},"9":{"start":{"line":58,"column":6},"end":{"line":58,"column":24}},"10":{"start":{"line":62,"column":2},"end":{"line":64,"column":20}},"11":{"start":{"line":63,"column":4},"end":{"line":63,"column":19}},"12":{"start":{"line":66,"column":2},"end":{"line":66,"column":68}},"13":{"start":{"line":67,"column":2},"end":{"line":67,"column":56}},"14":{"start":{"line":68,"column":2},"end":{"line":68,"column":52}},"15":{"start":{"line":69,"column":2},"end":{"line":69,"column":66}},"16":{"start":{"line":71,"column":19},"end":{"line":76,"column":3}},"17":{"start":{"line":78,"column":2},"end":{"line":78,"column":18}},"18":{"start":{"line":97,"column":40},"end":{"line":97,"column":80}},"19":{"start":{"line":98,"column":30},"end":{"line":107,"column":4}},"20":{"start":{"line":109,"column":2},"end":{"line":137,"column":9}},"21":{"start":{"line":110,"column":20},"end":{"line":110,"column":24}},"22":{"start":{"line":112,"column":22},"end":{"line":130,"column":5}},"23":{"start":{"line":113,"column":20},"end":{"line":113,"column":56}},"24":{"start":{"line":114,"column":6},"end":{"line":114,"column":40}},"25":{"start":{"line":116,"column":6},"end":{"line":120,"column":7}},"26":{"start":{"line":117,"column":8},"end":{"line":117,"column":40}},"27":{"start":{"line":118,"column":8},"end":{"line":118,"column":46}},"28":{"start":{"line":119,"column":8},"end":{"line":119,"column":15}},"29":{"start":{"line":122,"column":6},"end":{"line":129,"column":7}},"30":{"start":{"line":123,"column":29},"end":{"line":123,"column":69}},"31":{"start":{"line":124,"column":8},"end":{"line":124,"column":47}},"32":{"start":{"line":124,"column":23},"end":{"line":124,"column":47}},"33":{"start":{"line":126,"column":8},"end":{"line":126,"column":28}},"34":{"start":{"line":127,"column":8},"end":{"line":128,"column":70}},"35":{"start":{"line":128,"column":10},"end":{"line":128,"column":70}},"36":{"start":{"line":132,"column":4},"end":{"line":132,"column":16}},"37":{"start":{"line":134,"column":4},"end":{"line":136,"column":6}},"38":{"start":{"line":135,"column":6},"end":{"line":135,"column":24}},"39":{"start":{"line":139,"column":2},"end":{"line":139,"column":16}}},"fnMap":{"0":{"name":"useVaccineSheets","decl":{"start":{"line":38,"column":16},"end":{"line":38,"column":32}},"loc":{"start":{"line":42,"column":23},"end":{"line":79,"column":1}},"line":42},"1":{"name":"(anonymous_1)","decl":{"start":{"line":49,"column":23},"end":{"line":49,"column":24}},"loc":{"start":{"line":49,"column":35},"end":{"line":60,"column":3}},"line":49},"2":{"name":"(anonymous_2)","decl":{"start":{"line":62,"column":12},"end":{"line":62,"column":13}},"loc":{"start":{"line":62,"column":18},"end":{"line":64,"column":3}},"line":62},"3":{"name":"useUpdateVaccineSheets","decl":{"start":{"line":96,"column":16},"end":{"line":96,"column":38}},"loc":{"start":{"line":96,"column":82},"end":{"line":140,"column":1}},"line":96},"4":{"name":"(anonymous_4)","decl":{"start":{"line":109,"column":12},"end":{"line":109,"column":13}},"loc":{"start":{"line":109,"column":18},"end":{"line":137,"column":3}},"line":109},"5":{"name":"(anonymous_5)","decl":{"start":{"line":112,"column":22},"end":{"line":112,"column":23}},"loc":{"start":{"line":112,"column":34},"end":{"line":130,"column":5}},"line":112},"6":{"name":"(anonymous_6)","decl":{"start":{"line":134,"column":11},"end":{"line":134,"column":12}},"loc":{"start":{"line":134,"column":17},"end":{"line":136,"column":5}},"line":134},"7":{"name":"useVaccinePDF","decl":{"start":{"line":142,"column":16},"end":{"line":142,"column":29}},"loc":{"start":{"line":142,"column":43},"end":{"line":142,"column":45}},"line":142}},"branchMap":{"0":{"loc":{"start":{"line":74,"column":11},"end":{"line":74,"column":29}},"type":"binary-expr","locations":[{"start":{"line":74,"column":11},"end":{"line":74,"column":16}},{"start":{"line":74,"column":20},"end":{"line":74,"column":29}}],"line":74},"1":{"loc":{"start":{"line":116,"column":6},"end":{"line":120,"column":7}},"type":"if","locations":[{"start":{"line":116,"column":6},"end":{"line":120,"column":7}},{"start":{},"end":{}}],"line":116},"2":{"loc":{"start":{"line":124,"column":8},"end":{"line":124,"column":47}},"type":"if","locations":[{"start":{"line":124,"column":8},"end":{"line":124,"column":47}},{"start":{},"end":{}}],"line":124},"3":{"loc":{"start":{"line":127,"column":8},"end":{"line":128,"column":70}},"type":"if","locations":[{"start":{"line":127,"column":8},"end":{"line":128,"column":70}},{"start":{},"end":{}}],"line":127}},"s":{"0":14,"1":14,"2":14,"3":14,"4":14,"5":5,"6":5,"7":0,"8":0,"9":5,"10":14,"11":4,"12":14,"13":14,"14":14,"15":14,"16":14,"17":14,"18":4,"19":4,"20":4,"21":4,"22":4,"23":4,"24":0,"25":0,"26":0,"27":0,"28":0,"29":0,"30":0,"31":0,"32":0,"33":0,"34":0,"35":0,"36":4,"37":4,"38":4,"39":4},"f":{"0":14,"1":5,"2":4,"3":4,"4":4,"5":4,"6":4,"7":0},"b":{"0":[14,14],"1":[0,0],"2":[0,0],"3":[0,0]},"_coverageSchema":"1a1c01bbd47fc00a2c39e90264f33305004495a9","hash":"22a17c6404f211f5f3a7bdd4ae44141534378a28"}
,"/home/conner/SchoolStuff/term-project-2025-team-3/sk-vaccine-app/myorm/base-entity.ts": {"path":"/home/conner/SchoolStuff/term-project-2025-team-3/sk-vaccine-app/myorm/base-entity.ts","statementMap":{"0":{"start":{"line":45,"column":8},"end":{"line":45,"column":38}},"1":{"start":{"line":47,"column":19},"end":{"line":47,"column":32}},"2":{"start":{"line":51,"column":26},"end":{"line":51,"column":59}},"3":{"start":{"line":54,"column":23},"end":{"line":54,"column":84}},"4":{"start":{"line":58,"column":8},"end":{"line":58,"column":44}},"5":{"start":{"line":80,"column":28},"end":{"line":80,"column":30}},"6":{"start":{"line":81,"column":26},"end":{"line":81,"column":59}},"7":{"start":{"line":86,"column":8},"end":{"line":113,"column":11}},"8":{"start":{"line":89,"column":24},"end":{"line":89,"column":41}},"9":{"start":{"line":90,"column":12},"end":{"line":111,"column":15}},"10":{"start":{"line":97,"column":16},"end":{"line":99,"column":17}},"11":{"start":{"line":98,"column":20},"end":{"line":98,"column":104}},"12":{"start":{"line":102,"column":16},"end":{"line":107,"column":17}},"13":{"start":{"line":103,"column":20},"end":{"line":103,"column":70}},"14":{"start":{"line":106,"column":20},"end":{"line":106,"column":58}},"15":{"start":{"line":112,"column":12},"end":{"line":112,"column":29}},"16":{"start":{"line":116,"column":8},"end":{"line":116,"column":22}},"17":{"start":{"line":148,"column":19},"end":{"line":148,"column":26}},"18":{"start":{"line":149,"column":26},"end":{"line":149,"column":59}},"19":{"start":{"line":150,"column":8},"end":{"line":150,"column":38}},"20":{"start":{"line":152,"column":26},"end":{"line":152,"column":46}},"21":{"start":{"line":153,"column":27},"end":{"line":153,"column":64}},"22":{"start":{"line":155,"column":23},"end":{"line":155,"column":66}},"23":{"start":{"line":158,"column":8},"end":{"line":158,"column":44}},"24":{"start":{"line":191,"column":19},"end":{"line":191,"column":26}},"25":{"start":{"line":192,"column":26},"end":{"line":192,"column":59}},"26":{"start":{"line":193,"column":8},"end":{"line":193,"column":38}},"27":{"start":{"line":195,"column":26},"end":{"line":195,"column":46}},"28":{"start":{"line":196,"column":27},"end":{"line":196,"column":64}},"29":{"start":{"line":198,"column":23},"end":{"line":198,"column":66}},"30":{"start":{"line":201,"column":8},"end":{"line":201,"column":22}},"31":{"start":{"line":219,"column":26},"end":{"line":219,"column":59}},"32":{"start":{"line":221,"column":8},"end":{"line":221,"column":38}},"33":{"start":{"line":222,"column":19},"end":{"line":222,"column":26}},"34":{"start":{"line":223,"column":23},"end":{"line":223,"column":109}},"35":{"start":{"line":224,"column":8},"end":{"line":224,"column":28}},"36":{"start":{"line":241,"column":8},"end":{"line":241,"column":38}},"37":{"start":{"line":243,"column":19},"end":{"line":243,"column":26}},"38":{"start":{"line":244,"column":26},"end":{"line":244,"column":59}},"39":{"start":{"line":246,"column":8},"end":{"line":248,"column":9}},"40":{"start":{"line":247,"column":12},"end":{"line":247,"column":97}},"41":{"start":{"line":251,"column":8},"end":{"line":251,"column":66}},"42":{"start":{"line":252,"column":8},"end":{"line":252,"column":15}},"43":{"start":{"line":268,"column":26},"end":{"line":268,"column":59}},"44":{"start":{"line":272,"column":8},"end":{"line":272,"column":38}},"45":{"start":{"line":275,"column":8},"end":{"line":275,"column":47}},"46":{"start":{"line":288,"column":26},"end":{"line":288,"column":59}},"47":{"start":{"line":290,"column":41},"end":{"line":290,"column":43}},"48":{"start":{"line":294,"column":8},"end":{"line":296,"column":9}},"49":{"start":{"line":295,"column":12},"end":{"line":295,"column":46}},"50":{"start":{"line":298,"column":8},"end":{"line":300,"column":9}},"51":{"start":{"line":299,"column":12},"end":{"line":299,"column":47}},"52":{"start":{"line":301,"column":8},"end":{"line":303,"column":9}},"53":{"start":{"line":302,"column":12},"end":{"line":302,"column":44}},"54":{"start":{"line":305,"column":8},"end":{"line":307,"column":9}},"55":{"start":{"line":306,"column":12},"end":{"line":306,"column":118}},"56":{"start":{"line":311,"column":8},"end":{"line":311,"column":17}},"57":{"start":{"line":328,"column":8},"end":{"line":328,"column":74}},"58":{"start":{"line":332,"column":19},"end":{"line":332,"column":32}},"59":{"start":{"line":334,"column":28},"end":{"line":334,"column":65}},"60":{"start":{"line":335,"column":26},"end":{"line":335,"column":47}},"61":{"start":{"line":337,"column":26},"end":{"line":337,"column":46}},"62":{"start":{"line":338,"column":19},"end":{"line":338,"column":40}},"63":{"start":{"line":339,"column":24},"end":{"line":339,"column":42}},"64":{"start":{"line":342,"column":24},"end":{"line":342,"column":42}},"65":{"start":{"line":346,"column":21},"end":{"line":346,"column":59}},"66":{"start":{"line":346,"column":44},"end":{"line":346,"column":58}},"67":{"start":{"line":349,"column":25},"end":{"line":349,"column":61}},"68":{"start":{"line":349,"column":46},"end":{"line":349,"column":59}},"69":{"start":{"line":353,"column":23},"end":{"line":367,"column":22}},"70":{"start":{"line":354,"column":22},"end":{"line":354,"column":52}},"71":{"start":{"line":357,"column":12},"end":{"line":359,"column":13}},"72":{"start":{"line":358,"column":16},"end":{"line":358,"column":105}},"73":{"start":{"line":361,"column":12},"end":{"line":363,"column":13}},"74":{"start":{"line":362,"column":16},"end":{"line":362,"column":43}},"75":{"start":{"line":365,"column":12},"end":{"line":365,"column":23}},"76":{"start":{"line":369,"column":8},"end":{"line":369,"column":14}},"77":{"start":{"line":370,"column":31},"end":{"line":370,"column":144}},"78":{"start":{"line":372,"column":8},"end":{"line":403,"column":9}},"79":{"start":{"line":375,"column":12},"end":{"line":378,"column":13}},"80":{"start":{"line":376,"column":16},"end":{"line":376,"column":36}},"81":{"start":{"line":377,"column":16},"end":{"line":377,"column":37}},"82":{"start":{"line":380,"column":29},"end":{"line":380,"column":54}},"83":{"start":{"line":380,"column":45},"end":{"line":380,"column":53}},"84":{"start":{"line":384,"column":33},"end":{"line":384,"column":62}},"85":{"start":{"line":384,"column":47},"end":{"line":384,"column":50}},"86":{"start":{"line":387,"column":12},"end":{"line":387,"column":151}},"87":{"start":{"line":388,"column":24},"end":{"line":388,"column":104}},"88":{"start":{"line":389,"column":27},"end":{"line":389,"column":60}},"89":{"start":{"line":390,"column":12},"end":{"line":390,"column":56}},"90":{"start":{"line":394,"column":32},"end":{"line":394,"column":66}},"91":{"start":{"line":394,"column":48},"end":{"line":394,"column":65}},"92":{"start":{"line":396,"column":24},"end":{"line":396,"column":102}},"93":{"start":{"line":398,"column":12},"end":{"line":398,"column":32}},"94":{"start":{"line":400,"column":12},"end":{"line":400,"column":46}}},"fnMap":{"0":{"name":"(anonymous_0)","decl":{"start":{"line":40,"column":4},"end":{"line":40,"column":5}},"loc":{"start":{"line":42,"column":20},"end":{"line":59,"column":5}},"line":42},"1":{"name":"(anonymous_1)","decl":{"start":{"line":75,"column":4},"end":{"line":75,"column":5}},"loc":{"start":{"line":78,"column":11},"end":{"line":117,"column":5}},"line":78},"2":{"name":"(anonymous_2)","decl":{"start":{"line":86,"column":29},"end":{"line":86,"column":30}},"loc":{"start":{"line":86,"column":43},"end":{"line":113,"column":9}},"line":86},"3":{"name":"(anonymous_3)","decl":{"start":{"line":90,"column":40},"end":{"line":90,"column":41}},"loc":{"start":{"line":90,"column":47},"end":{"line":111,"column":13}},"line":90},"4":{"name":"(anonymous_4)","decl":{"start":{"line":143,"column":4},"end":{"line":143,"column":5}},"loc":{"start":{"line":147,"column":20},"end":{"line":159,"column":5}},"line":147},"5":{"name":"(anonymous_5)","decl":{"start":{"line":186,"column":4},"end":{"line":186,"column":5}},"loc":{"start":{"line":190,"column":19},"end":{"line":202,"column":5}},"line":190},"6":{"name":"(anonymous_6)","decl":{"start":{"line":216,"column":4},"end":{"line":216,"column":5}},"loc":{"start":{"line":218,"column":23},"end":{"line":225,"column":5}},"line":218},"7":{"name":"(anonymous_7)","decl":{"start":{"line":237,"column":4},"end":{"line":237,"column":5}},"loc":{"start":{"line":239,"column":21},"end":{"line":253,"column":5}},"line":239},"8":{"name":"(anonymous_8)","decl":{"start":{"line":265,"column":4},"end":{"line":265,"column":5}},"loc":{"start":{"line":267,"column":38},"end":{"line":276,"column":5}},"line":267},"9":{"name":"(anonymous_9)","decl":{"start":{"line":285,"column":4},"end":{"line":285,"column":5}},"loc":{"start":{"line":287,"column":14},"end":{"line":312,"column":5}},"line":287},"10":{"name":"(anonymous_10)","decl":{"start":{"line":324,"column":4},"end":{"line":324,"column":5}},"loc":{"start":{"line":324,"column":32},"end":{"line":405,"column":5}},"line":324},"11":{"name":"(anonymous_11)","decl":{"start":{"line":346,"column":37},"end":{"line":346,"column":38}},"loc":{"start":{"line":346,"column":44},"end":{"line":346,"column":58}},"line":346},"12":{"name":"(anonymous_12)","decl":{"start":{"line":349,"column":39},"end":{"line":349,"column":40}},"loc":{"start":{"line":349,"column":46},"end":{"line":349,"column":59}},"line":349},"13":{"name":"(anonymous_13)","decl":{"start":{"line":353,"column":32},"end":{"line":353,"column":33}},"loc":{"start":{"line":353,"column":39},"end":{"line":367,"column":9}},"line":353},"14":{"name":"(anonymous_14)","decl":{"start":{"line":380,"column":38},"end":{"line":380,"column":39}},"loc":{"start":{"line":380,"column":45},"end":{"line":380,"column":53}},"line":380},"15":{"name":"(anonymous_15)","decl":{"start":{"line":384,"column":42},"end":{"line":384,"column":43}},"loc":{"start":{"line":384,"column":47},"end":{"line":384,"column":50}},"line":384},"16":{"name":"(anonymous_16)","decl":{"start":{"line":394,"column":41},"end":{"line":394,"column":42}},"loc":{"start":{"line":394,"column":48},"end":{"line":394,"column":65}},"line":394}},"branchMap":{"0":{"loc":{"start":{"line":97,"column":16},"end":{"line":99,"column":17}},"type":"if","locations":[{"start":{"line":97,"column":16},"end":{"line":99,"column":17}},{"start":{},"end":{}}],"line":97},"1":{"loc":{"start":{"line":102,"column":16},"end":{"line":107,"column":17}},"type":"if","locations":[{"start":{"line":102,"column":16},"end":{"line":107,"column":17}},{"start":{"line":105,"column":21},"end":{"line":107,"column":17}}],"line":102},"2":{"loc":{"start":{"line":246,"column":8},"end":{"line":248,"column":9}},"type":"if","locations":[{"start":{"line":246,"column":8},"end":{"line":248,"column":9}},{"start":{},"end":{}}],"line":246},"3":{"loc":{"start":{"line":294,"column":8},"end":{"line":296,"column":9}},"type":"if","locations":[{"start":{"line":294,"column":8},"end":{"line":296,"column":9}},{"start":{},"end":{}}],"line":294},"4":{"loc":{"start":{"line":298,"column":8},"end":{"line":300,"column":9}},"type":"if","locations":[{"start":{"line":298,"column":8},"end":{"line":300,"column":9}},{"start":{},"end":{}}],"line":298},"5":{"loc":{"start":{"line":301,"column":8},"end":{"line":303,"column":9}},"type":"if","locations":[{"start":{"line":301,"column":8},"end":{"line":303,"column":9}},{"start":{},"end":{}}],"line":301},"6":{"loc":{"start":{"line":305,"column":8},"end":{"line":307,"column":9}},"type":"if","locations":[{"start":{"line":305,"column":8},"end":{"line":307,"column":9}},{"start":{},"end":{}}],"line":305},"7":{"loc":{"start":{"line":357,"column":12},"end":{"line":359,"column":13}},"type":"if","locations":[{"start":{"line":357,"column":12},"end":{"line":359,"column":13}},{"start":{},"end":{}}],"line":357},"8":{"loc":{"start":{"line":357,"column":16},"end":{"line":357,"column":70}},"type":"binary-expr","locations":[{"start":{"line":357,"column":17},"end":{"line":357,"column":29}},{"start":{"line":357,"column":33},"end":{"line":357,"column":50}},{"start":{"line":357,"column":55},"end":{"line":357,"column":70}}],"line":357},"9":{"loc":{"start":{"line":361,"column":12},"end":{"line":363,"column":13}},"type":"if","locations":[{"start":{"line":361,"column":12},"end":{"line":363,"column":13}},{"start":{},"end":{}}],"line":361},"10":{"loc":{"start":{"line":372,"column":8},"end":{"line":403,"column":9}},"type":"if","locations":[{"start":{"line":372,"column":8},"end":{"line":403,"column":9}},{"start":{"line":393,"column":13},"end":{"line":403,"column":9}}],"line":372},"11":{"loc":{"start":{"line":375,"column":12},"end":{"line":378,"column":13}},"type":"if","locations":[{"start":{"line":375,"column":12},"end":{"line":378,"column":13}},{"start":{},"end":{}}],"line":375},"12":{"loc":{"start":{"line":375,"column":16},"end":{"line":375,"column":57}},"type":"binary-expr","locations":[{"start":{"line":375,"column":16},"end":{"line":375,"column":37}},{"start":{"line":375,"column":41},"end":{"line":375,"column":57}}],"line":375}},"s":{"0":5,"1":5,"2":5,"3":5,"4":5,"5":13,"6":13,"7":13,"8":19,"9":19,"10":38,"11":1,"12":37,"13":4,"14":33,"15":18,"16":12,"17":4,"18":4,"19":4,"20":3,"21":3,"22":3,"23":3,"24":4,"25":4,"26":4,"27":3,"28":3,"29":3,"30":3,"31":3,"32":3,"33":2,"34":2,"35":2,"36":2,"37":1,"38":1,"39":1,"40":0,"41":1,"42":1,"43":3,"44":3,"45":2,"46":30,"47":30,"48":30,"49":6,"50":30,"51":3,"52":30,"53":3,"54":30,"55":8,"56":22,"57":5,"58":5,"59":5,"60":5,"61":5,"62":5,"63":5,"64":5,"65":5,"66":10,"67":5,"68":5,"69":5,"70":5,"71":5,"72":1,"73":4,"74":1,"75":3,"76":4,"77":4,"78":4,"79":3,"80":1,"81":1,"82":3,"83":4,"84":3,"85":4,"86":3,"87":3,"88":3,"89":3,"90":1,"91":1,"92":1,"93":1,"94":1},"f":{"0":5,"1":13,"2":19,"3":38,"4":4,"5":4,"6":3,"7":2,"8":3,"9":30,"10":5,"11":10,"12":5,"13":5,"14":4,"15":4,"16":1},"b":{"0":[1,37],"1":[4,33],"2":[0,1],"3":[6,24],"4":[3,27],"5":[3,27],"6":[8,22],"7":[1,4],"8":[5,5,1],"9":[1,3],"10":[3,1],"11":[1,2],"12":[3,1]},"_coverageSchema":"1a1c01bbd47fc00a2c39e90264f33305004495a9","hash":"2739e1566b8e3053b3cee709c240a87660c2643a"}
,"/home/conner/SchoolStuff/term-project-2025-team-3/sk-vaccine-app/myorm/decorators.ts": {"path":"/home/conner/SchoolStuff/term-project-2025-team-3/sk-vaccine-app/myorm/decorators.ts","statementMap":{"0":{"start":{"line":8,"column":16},"end":{"line":8,"column":35}},"1":{"start":{"line":77,"column":4},"end":{"line":117,"column":6}},"2":{"start":{"line":78,"column":26},"end":{"line":78,"column":73}},"3":{"start":{"line":80,"column":8},"end":{"line":82,"column":9}},"4":{"start":{"line":81,"column":12},"end":{"line":81,"column":86}},"5":{"start":{"line":86,"column":8},"end":{"line":88,"column":9}},"6":{"start":{"line":87,"column":12},"end":{"line":87,"column":56}},"7":{"start":{"line":97,"column":8},"end":{"line":99,"column":9}},"8":{"start":{"line":98,"column":12},"end":{"line":98,"column":48}},"9":{"start":{"line":105,"column":8},"end":{"line":115,"column":10}},"10":{"start":{"line":129,"column":4},"end":{"line":131,"column":6}},"11":{"start":{"line":130,"column":8},"end":{"line":130,"column":103}},"12":{"start":{"line":141,"column":4},"end":{"line":141,"column":62}},"13":{"start":{"line":155,"column":4},"end":{"line":157,"column":5}},"14":{"start":{"line":156,"column":8},"end":{"line":156,"column":22}},"15":{"start":{"line":158,"column":4},"end":{"line":160,"column":5}},"16":{"start":{"line":159,"column":8},"end":{"line":159,"column":22}},"17":{"start":{"line":161,"column":4},"end":{"line":163,"column":5}},"18":{"start":{"line":162,"column":8},"end":{"line":162,"column":22}},"19":{"start":{"line":164,"column":4},"end":{"line":166,"column":5}},"20":{"start":{"line":165,"column":8},"end":{"line":165,"column":25}},"21":{"start":{"line":167,"column":4},"end":{"line":169,"column":5}},"22":{"start":{"line":168,"column":8},"end":{"line":168,"column":22}},"23":{"start":{"line":170,"column":4},"end":{"line":170,"column":72}},"24":{"start":{"line":190,"column":4},"end":{"line":190,"column":28}},"25":{"start":{"line":191,"column":4},"end":{"line":275,"column":6}},"26":{"start":{"line":196,"column":8},"end":{"line":207,"column":9}},"27":{"start":{"line":197,"column":12},"end":{"line":197,"column":66}},"28":{"start":{"line":199,"column":27},"end":{"line":205,"column":49}},"29":{"start":{"line":206,"column":12},"end":{"line":206,"column":35}},"30":{"start":{"line":213,"column":8},"end":{"line":216,"column":9}},"31":{"start":{"line":214,"column":12},"end":{"line":214,"column":61}},"32":{"start":{"line":215,"column":12},"end":{"line":215,"column":63}},"33":{"start":{"line":218,"column":19},"end":{"line":218,"column":32}},"34":{"start":{"line":222,"column":8},"end":{"line":222,"column":111}},"35":{"start":{"line":227,"column":26},"end":{"line":227,"column":47}},"36":{"start":{"line":229,"column":8},"end":{"line":229,"column":83}},"37":{"start":{"line":233,"column":8},"end":{"line":263,"column":9}},"38":{"start":{"line":234,"column":27},"end":{"line":234,"column":89}},"39":{"start":{"line":235,"column":33},"end":{"line":245,"column":23}},"40":{"start":{"line":238,"column":24},"end":{"line":243,"column":25}},"41":{"start":{"line":247,"column":34},"end":{"line":256,"column":23}},"42":{"start":{"line":249,"column":20},"end":{"line":254,"column":21}},"43":{"start":{"line":258,"column":12},"end":{"line":260,"column":13}},"44":{"start":{"line":259,"column":16},"end":{"line":259,"column":77}},"45":{"start":{"line":266,"column":8},"end":{"line":266,"column":49}},"46":{"start":{"line":271,"column":8},"end":{"line":271,"column":25}},"47":{"start":{"line":273,"column":8},"end":{"line":273,"column":69}},"48":{"start":{"line":289,"column":22},"end":{"line":289,"column":42}},"49":{"start":{"line":291,"column":4},"end":{"line":293,"column":5}},"50":{"start":{"line":292,"column":8},"end":{"line":292,"column":84}},"51":{"start":{"line":295,"column":4},"end":{"line":297,"column":5}},"52":{"start":{"line":296,"column":8},"end":{"line":296,"column":82}},"53":{"start":{"line":299,"column":20},"end":{"line":299,"column":38}},"54":{"start":{"line":301,"column":14},"end":{"line":301,"column":59}},"55":{"start":{"line":304,"column":21},"end":{"line":304,"column":73}},"56":{"start":{"line":304,"column":59},"end":{"line":304,"column":72}},"57":{"start":{"line":305,"column":4},"end":{"line":307,"column":5}},"58":{"start":{"line":306,"column":8},"end":{"line":306,"column":86}},"59":{"start":{"line":308,"column":4},"end":{"line":308,"column":69}},"60":{"start":{"line":311,"column":23},"end":{"line":311,"column":24}},"61":{"start":{"line":314,"column":4},"end":{"line":332,"column":7}},"62":{"start":{"line":316,"column":8},"end":{"line":322,"column":9}},"63":{"start":{"line":317,"column":12},"end":{"line":317,"column":27}},"64":{"start":{"line":318,"column":12},"end":{"line":320,"column":13}},"65":{"start":{"line":319,"column":16},"end":{"line":319,"column":101}},"66":{"start":{"line":321,"column":12},"end":{"line":321,"column":19}},"67":{"start":{"line":323,"column":8},"end":{"line":331,"column":9}},"68":{"start":{"line":324,"column":12},"end":{"line":324,"column":55}},"69":{"start":{"line":326,"column":13},"end":{"line":331,"column":9}},"70":{"start":{"line":327,"column":12},"end":{"line":327,"column":58}},"71":{"start":{"line":330,"column":12},"end":{"line":330,"column":59}},"72":{"start":{"line":335,"column":4},"end":{"line":335,"column":36}},"73":{"start":{"line":336,"column":4},"end":{"line":336,"column":15}}},"fnMap":{"0":{"name":"Column","decl":{"start":{"line":68,"column":16},"end":{"line":68,"column":22}},"loc":{"start":{"line":68,"column":48},"end":{"line":118,"column":1}},"line":68},"1":{"name":"(anonymous_1)","decl":{"start":{"line":77,"column":11},"end":{"line":77,"column":12}},"loc":{"start":{"line":77,"column":55},"end":{"line":117,"column":5}},"line":77},"2":{"name":"PrimaryGeneratedColumn","decl":{"start":{"line":128,"column":16},"end":{"line":128,"column":38}},"loc":{"start":{"line":128,"column":83},"end":{"line":132,"column":1}},"line":128},"3":{"name":"(anonymous_3)","decl":{"start":{"line":129,"column":11},"end":{"line":129,"column":12}},"loc":{"start":{"line":129,"column":55},"end":{"line":131,"column":5}},"line":129},"4":{"name":"List","decl":{"start":{"line":140,"column":16},"end":{"line":140,"column":20}},"loc":{"start":{"line":140,"column":62},"end":{"line":142,"column":1}},"line":140},"5":{"name":"mapTsTypeToSql","decl":{"start":{"line":154,"column":16},"end":{"line":154,"column":30}},"loc":{"start":{"line":154,"column":70},"end":{"line":171,"column":1}},"line":154},"6":{"name":"Entity","decl":{"start":{"line":189,"column":16},"end":{"line":189,"column":22}},"loc":{"start":{"line":189,"column":76},"end":{"line":276,"column":1}},"line":189},"7":{"name":"(anonymous_7)","decl":{"start":{"line":191,"column":11},"end":{"line":191,"column":12}},"loc":{"start":{"line":191,"column":44},"end":{"line":275,"column":5}},"line":191},"8":{"name":"(anonymous_8)","decl":{"start":{"line":237,"column":20},"end":{"line":237,"column":21}},"loc":{"start":{"line":237,"column":34},"end":{"line":244,"column":21}},"line":237},"9":{"name":"(anonymous_9)","decl":{"start":{"line":248,"column":16},"end":{"line":248,"column":17}},"loc":{"start":{"line":248,"column":30},"end":{"line":255,"column":17}},"line":248},"10":{"name":"createTable","decl":{"start":{"line":288,"column":9},"end":{"line":288,"column":20}},"loc":{"start":{"line":288,"column":57},"end":{"line":337,"column":1}},"line":288},"11":{"name":"(anonymous_11)","decl":{"start":{"line":304,"column":34},"end":{"line":304,"column":35}},"loc":{"start":{"line":304,"column":59},"end":{"line":304,"column":72}},"line":304},"12":{"name":"(anonymous_12)","decl":{"start":{"line":314,"column":20},"end":{"line":314,"column":21}},"loc":{"start":{"line":314,"column":45},"end":{"line":332,"column":5}},"line":314}},"branchMap":{"0":{"loc":{"start":{"line":80,"column":8},"end":{"line":82,"column":9}},"type":"if","locations":[{"start":{"line":80,"column":8},"end":{"line":82,"column":9}},{"start":{},"end":{}}],"line":80},"1":{"loc":{"start":{"line":80,"column":12},"end":{"line":80,"column":46}},"type":"binary-expr","locations":[{"start":{"line":80,"column":12},"end":{"line":80,"column":28}},{"start":{"line":80,"column":32},"end":{"line":80,"column":46}}],"line":80},"2":{"loc":{"start":{"line":86,"column":8},"end":{"line":88,"column":9}},"type":"if","locations":[{"start":{"line":86,"column":8},"end":{"line":88,"column":9}},{"start":{},"end":{}}],"line":86},"3":{"loc":{"start":{"line":97,"column":8},"end":{"line":99,"column":9}},"type":"if","locations":[{"start":{"line":97,"column":8},"end":{"line":99,"column":9}},{"start":{},"end":{}}],"line":97},"4":{"loc":{"start":{"line":108,"column":22},"end":{"line":108,"column":50}},"type":"binary-expr","locations":[{"start":{"line":108,"column":22},"end":{"line":108,"column":35}},{"start":{"line":108,"column":39},"end":{"line":108,"column":50}}],"line":108},"5":{"loc":{"start":{"line":109,"column":22},"end":{"line":109,"column":87}},"type":"binary-expr","locations":[{"start":{"line":109,"column":22},"end":{"line":109,"column":35}},{"start":{"line":109,"column":39},"end":{"line":109,"column":87}}],"line":109},"6":{"loc":{"start":{"line":110,"column":26},"end":{"line":110,"column":52}},"type":"binary-expr","locations":[{"start":{"line":110,"column":26},"end":{"line":110,"column":43}},{"start":{"line":110,"column":47},"end":{"line":110,"column":52}}],"line":110},"7":{"loc":{"start":{"line":111,"column":24},"end":{"line":111,"column":48}},"type":"binary-expr","locations":[{"start":{"line":111,"column":24},"end":{"line":111,"column":39}},{"start":{"line":111,"column":43},"end":{"line":111,"column":48}}],"line":111},"8":{"loc":{"start":{"line":112,"column":27},"end":{"line":112,"column":54}},"type":"binary-expr","locations":[{"start":{"line":112,"column":27},"end":{"line":112,"column":45}},{"start":{"line":112,"column":49},"end":{"line":112,"column":54}}],"line":112},"9":{"loc":{"start":{"line":113,"column":28},"end":{"line":113,"column":56}},"type":"binary-expr","locations":[{"start":{"line":113,"column":28},"end":{"line":113,"column":47}},{"start":{"line":113,"column":51},"end":{"line":113,"column":56}}],"line":113},"10":{"loc":{"start":{"line":130,"column":52},"end":{"line":130,"column":78}},"type":"binary-expr","locations":[{"start":{"line":130,"column":52},"end":{"line":130,"column":65}},{"start":{"line":130,"column":69},"end":{"line":130,"column":78}}],"line":130},"11":{"loc":{"start":{"line":155,"column":4},"end":{"line":157,"column":5}},"type":"if","locations":[{"start":{"line":155,"column":4},"end":{"line":157,"column":5}},{"start":{},"end":{}}],"line":155},"12":{"loc":{"start":{"line":158,"column":4},"end":{"line":160,"column":5}},"type":"if","locations":[{"start":{"line":158,"column":4},"end":{"line":160,"column":5}},{"start":{},"end":{}}],"line":158},"13":{"loc":{"start":{"line":161,"column":4},"end":{"line":163,"column":5}},"type":"if","locations":[{"start":{"line":161,"column":4},"end":{"line":163,"column":5}},{"start":{},"end":{}}],"line":161},"14":{"loc":{"start":{"line":164,"column":4},"end":{"line":166,"column":5}},"type":"if","locations":[{"start":{"line":164,"column":4},"end":{"line":166,"column":5}},{"start":{},"end":{}}],"line":164},"15":{"loc":{"start":{"line":167,"column":4},"end":{"line":169,"column":5}},"type":"if","locations":[{"start":{"line":167,"column":4},"end":{"line":169,"column":5}},{"start":{},"end":{}}],"line":167},"16":{"loc":{"start":{"line":190,"column":14},"end":{"line":190,"column":27}},"type":"binary-expr","locations":[{"start":{"line":190,"column":14},"end":{"line":190,"column":21}},{"start":{"line":190,"column":25},"end":{"line":190,"column":27}}],"line":190},"17":{"loc":{"start":{"line":196,"column":8},"end":{"line":207,"column":9}},"type":"if","locations":[{"start":{"line":196,"column":8},"end":{"line":207,"column":9}},{"start":{},"end":{}}],"line":196},"18":{"loc":{"start":{"line":196,"column":12},"end":{"line":196,"column":87}},"type":"binary-expr","locations":[{"start":{"line":196,"column":12},"end":{"line":196,"column":43}},{"start":{"line":196,"column":47},"end":{"line":196,"column":87}}],"line":196},"19":{"loc":{"start":{"line":213,"column":8},"end":{"line":216,"column":9}},"type":"if","locations":[{"start":{"line":213,"column":8},"end":{"line":216,"column":9}},{"start":{},"end":{}}],"line":213},"20":{"loc":{"start":{"line":229,"column":31},"end":{"line":229,"column":82}},"type":"binary-expr","locations":[{"start":{"line":229,"column":31},"end":{"line":229,"column":48}},{"start":{"line":229,"column":52},"end":{"line":229,"column":82}}],"line":229},"21":{"loc":{"start":{"line":233,"column":8},"end":{"line":263,"column":9}},"type":"if","locations":[{"start":{"line":233,"column":8},"end":{"line":263,"column":9}},{"start":{},"end":{}}],"line":233},"22":{"loc":{"start":{"line":258,"column":12},"end":{"line":260,"column":13}},"type":"if","locations":[{"start":{"line":258,"column":12},"end":{"line":260,"column":13}},{"start":{},"end":{}}],"line":258},"23":{"loc":{"start":{"line":291,"column":4},"end":{"line":293,"column":5}},"type":"if","locations":[{"start":{"line":291,"column":4},"end":{"line":293,"column":5}},{"start":{},"end":{}}],"line":291},"24":{"loc":{"start":{"line":295,"column":4},"end":{"line":297,"column":5}},"type":"if","locations":[{"start":{"line":295,"column":4},"end":{"line":297,"column":5}},{"start":{},"end":{}}],"line":295},"25":{"loc":{"start":{"line":295,"column":8},"end":{"line":295,"column":73}},"type":"binary-expr","locations":[{"start":{"line":295,"column":8},"end":{"line":295,"column":39}},{"start":{"line":295,"column":43},"end":{"line":295,"column":73}}],"line":295},"26":{"loc":{"start":{"line":305,"column":4},"end":{"line":307,"column":5}},"type":"if","locations":[{"start":{"line":305,"column":4},"end":{"line":307,"column":5}},{"start":{},"end":{}}],"line":305},"27":{"loc":{"start":{"line":316,"column":8},"end":{"line":322,"column":9}},"type":"if","locations":[{"start":{"line":316,"column":8},"end":{"line":322,"column":9}},{"start":{},"end":{}}],"line":316},"28":{"loc":{"start":{"line":318,"column":12},"end":{"line":320,"column":13}},"type":"if","locations":[{"start":{"line":318,"column":12},"end":{"line":320,"column":13}},{"start":{},"end":{}}],"line":318},"29":{"loc":{"start":{"line":323,"column":8},"end":{"line":331,"column":9}},"type":"if","locations":[{"start":{"line":323,"column":8},"end":{"line":331,"column":9}},{"start":{"line":326,"column":13},"end":{"line":331,"column":9}}],"line":323},"30":{"loc":{"start":{"line":326,"column":13},"end":{"line":331,"column":9}},"type":"if","locations":[{"start":{"line":326,"column":13},"end":{"line":331,"column":9}},{"start":{"line":329,"column":13},"end":{"line":331,"column":9}}],"line":326}},"s":{"0":4,"1":28,"2":28,"3":28,"4":1,"5":27,"6":9,"7":27,"8":4,"9":27,"10":3,"11":3,"12":1,"13":28,"14":5,"15":23,"16":9,"17":14,"18":12,"19":2,"20":2,"21":0,"22":0,"23":0,"24":8,"25":8,"26":8,"27":8,"28":8,"29":8,"30":8,"31":0,"32":0,"33":8,"34":8,"35":8,"36":8,"37":8,"38":2,"39":2,"40":0,"41":0,"42":0,"43":0,"44":0,"45":6,"46":4,"47":4,"48":6,"49":6,"50":0,"51":6,"52":1,"53":5,"54":5,"55":5,"56":5,"57":5,"58":0,"59":5,"60":5,"61":5,"62":26,"63":6,"64":6,"65":1,"66":5,"67":20,"68":5,"69":15,"70":2,"71":13,"72":4,"73":4},"f":{"0":28,"1":28,"2":3,"3":3,"4":1,"5":28,"6":8,"7":8,"8":0,"9":0,"10":6,"11":5,"12":26},"b":{"0":[1,27],"1":[28,5],"2":[9,18],"3":[4,23],"4":[27,26],"5":[27,23],"6":[27,25],"7":[27,21],"8":[27,23],"9":[27,22],"10":[3,3],"11":[5,23],"12":[9,14],"13":[12,2],"14":[2,0],"15":[0,0],"16":[8,6],"17":[8,0],"18":[8,8],"19":[0,8],"20":[8,6],"21":[2,6],"22":[0,0],"23":[0,6],"24":[1,5],"25":[6,6],"26":[0,5],"27":[6,20],"28":[1,5],"29":[5,15],"30":[2,13]},"_coverageSchema":"1a1c01bbd47fc00a2c39e90264f33305004495a9","hash":"da2fad402c0a6e69e7c65a775b7534f18f888b6f"}
,"/home/conner/SchoolStuff/term-project-2025-team-3/sk-vaccine-app/myorm/vaccine-entity.ts": {"path":"/home/conner/SchoolStuff/term-project-2025-team-3/sk-vaccine-app/myorm/vaccine-entity.ts","statementMap":{"0":{"start":{"line":44,"column":4},"end":{"line":44,"column":12}},"1":{"start":{"line":45,"column":4},"end":{"line":55,"column":5}},"2":{"start":{"line":46,"column":6},"end":{"line":54,"column":73}}},"fnMap":{"0":{"name":"(anonymous_0)","decl":{"start":{"line":43,"column":2},"end":{"line":43,"column":3}},"loc":{"start":{"line":43,"column":39},"end":{"line":57,"column":3}},"line":43}},"branchMap":{"0":{"loc":{"start":{"line":45,"column":4},"end":{"line":55,"column":5}},"type":"if","locations":[{"start":{"line":45,"column":4},"end":{"line":55,"column":5}},{"start":{},"end":{}}],"line":45},"1":{"loc":{"start":{"line":46,"column":25},"end":{"line":46,"column":47}},"type":"binary-expr","locations":[{"start":{"line":46,"column":25},"end":{"line":46,"column":41}},{"start":{"line":46,"column":45},"end":{"line":46,"column":47}}],"line":46},"2":{"loc":{"start":{"line":47,"column":23},"end":{"line":47,"column":42}},"type":"binary-expr","locations":[{"start":{"line":47,"column":23},"end":{"line":47,"column":37}},{"start":{"line":47,"column":41},"end":{"line":47,"column":42}}],"line":47},"3":{"loc":{"start":{"line":48,"column":29},"end":{"line":48,"column":54}},"type":"binary-expr","locations":[{"start":{"line":48,"column":29},"end":{"line":48,"column":49}},{"start":{"line":48,"column":53},"end":{"line":48,"column":54}}],"line":48},"4":{"loc":{"start":{"line":49,"column":28},"end":{"line":49,"column":52}},"type":"binary-expr","locations":[{"start":{"line":49,"column":28},"end":{"line":49,"column":47}},{"start":{"line":49,"column":51},"end":{"line":49,"column":52}}],"line":49},"5":{"loc":{"start":{"line":50,"column":32},"end":{"line":50,"column":61}},"type":"binary-expr","locations":[{"start":{"line":50,"column":32},"end":{"line":50,"column":55}},{"start":{"line":50,"column":59},"end":{"line":50,"column":61}}],"line":50},"6":{"loc":{"start":{"line":51,"column":31},"end":{"line":51,"column":59}},"type":"binary-expr","locations":[{"start":{"line":51,"column":31},"end":{"line":51,"column":53}},{"start":{"line":51,"column":57},"end":{"line":51,"column":59}}],"line":51},"7":{"loc":{"start":{"line":52,"column":22},"end":{"line":52,"column":41}},"type":"binary-expr","locations":[{"start":{"line":52,"column":22},"end":{"line":52,"column":35}},{"start":{"line":52,"column":39},"end":{"line":52,"column":41}}],"line":52},"8":{"loc":{"start":{"line":53,"column":39},"end":{"line":53,"column":75}},"type":"binary-expr","locations":[{"start":{"line":53,"column":39},"end":{"line":53,"column":69}},{"start":{"line":53,"column":73},"end":{"line":53,"column":75}}],"line":53},"9":{"loc":{"start":{"line":54,"column":38},"end":{"line":54,"column":73}},"type":"binary-expr","locations":[{"start":{"line":54,"column":38},"end":{"line":54,"column":67}},{"start":{"line":54,"column":71},"end":{"line":54,"column":73}}],"line":54}},"s":{"0":0,"1":0,"2":0},"f":{"0":0},"b":{"0":[0,0],"1":[0,0],"2":[0,0],"3":[0,0],"4":[0,0],"5":[0,0],"6":[0,0],"7":[0,0],"8":[0,0],"9":[0,0]},"_coverageSchema":"1a1c01bbd47fc00a2c39e90264f33305004495a9","hash":"d1a4cb98f33b36d982021e294f4c01aaa1b2fb6f"}
,"/home/conner/SchoolStuff/term-project-2025-team-3/sk-vaccine-app/services/clinicDataService.ts": {"path":"/home/conner/SchoolStuff/term-project-2025-team-3/sk-vaccine-app/services/clinicDataService.ts","statementMap":{"0":{"start":{"line":7,"column":34},"end":{"line":7,"column":57}},"1":{"start":{"line":40,"column":8},"end":{"line":40,"column":31}},"2":{"start":{"line":41,"column":8},"end":{"line":41,"column":35}},"3":{"start":{"line":58,"column":8},"end":{"line":58,"column":43}},"4":{"start":{"line":61,"column":8},"end":{"line":61,"column":29}},"5":{"start":{"line":62,"column":8},"end":{"line":62,"column":90}},"6":{"start":{"line":64,"column":8},"end":{"line":67,"column":9}},"7":{"start":{"line":65,"column":33},"end":{"line":65,"column":57}},"8":{"start":{"line":66,"column":12},"end":{"line":66,"column":38}},"9":{"start":{"line":80,"column":8},"end":{"line":82,"column":9}},"10":{"start":{"line":81,"column":12},"end":{"line":81,"column":76}},"11":{"start":{"line":83,"column":24},"end":{"line":83,"column":49}},"12":{"start":{"line":86,"column":8},"end":{"line":86,"column":67}},"13":{"start":{"line":102,"column":8},"end":{"line":104,"column":9}},"14":{"start":{"line":103,"column":12},"end":{"line":103,"column":76}},"15":{"start":{"line":107,"column":8},"end":{"line":135,"column":9}},"16":{"start":{"line":108,"column":12},"end":{"line":111,"column":13}},"17":{"start":{"line":109,"column":37},"end":{"line":109,"column":64}},"18":{"start":{"line":110,"column":16},"end":{"line":110,"column":137}},"19":{"start":{"line":113,"column":12},"end":{"line":113,"column":116}},"20":{"start":{"line":118,"column":24},"end":{"line":118,"column":52}},"21":{"start":{"line":121,"column":32},"end":{"line":121,"column":59}},"22":{"start":{"line":123,"column":12},"end":{"line":130,"column":15}},"23":{"start":{"line":124,"column":16},"end":{"line":129,"column":17}},"24":{"start":{"line":125,"column":20},"end":{"line":125,"column":49}},"25":{"start":{"line":128,"column":20},"end":{"line":128,"column":52}},"26":{"start":{"line":134,"column":12},"end":{"line":134,"column":104}},"27":{"start":{"line":134,"column":88},"end":{"line":134,"column":100}},"28":{"start":{"line":139,"column":8},"end":{"line":142,"column":10}},"29":{"start":{"line":153,"column":24},"end":{"line":153,"column":72}},"30":{"start":{"line":154,"column":8},"end":{"line":156,"column":9}},"31":{"start":{"line":155,"column":12},"end":{"line":155,"column":76}},"32":{"start":{"line":158,"column":8},"end":{"line":158,"column":33}},"33":{"start":{"line":167,"column":24},"end":{"line":167,"column":51}},"34":{"start":{"line":168,"column":8},"end":{"line":168,"column":55}},"35":{"start":{"line":168,"column":35},"end":{"line":168,"column":53}},"36":{"start":{"line":176,"column":24},"end":{"line":176,"column":55}},"37":{"start":{"line":177,"column":8},"end":{"line":180,"column":35}},"38":{"start":{"line":178,"column":25},"end":{"line":178,"column":33}},"39":{"start":{"line":179,"column":12},"end":{"line":179,"column":95}},"40":{"start":{"line":180,"column":24},"end":{"line":180,"column":33}},"41":{"start":{"line":188,"column":24},"end":{"line":188,"column":72}},"42":{"start":{"line":189,"column":22},"end":{"line":189,"column":48}},"43":{"start":{"line":191,"column":8},"end":{"line":191,"column":65}},"44":{"start":{"line":200,"column":8},"end":{"line":200,"column":35}},"45":{"start":{"line":201,"column":8},"end":{"line":201,"column":60}}},"fnMap":{"0":{"name":"(anonymous_0)","decl":{"start":{"line":39,"column":4},"end":{"line":39,"column":5}},"loc":{"start":{"line":39,"column":57},"end":{"line":42,"column":5}},"line":39},"1":{"name":"(anonymous_1)","decl":{"start":{"line":57,"column":4},"end":{"line":57,"column":5}},"loc":{"start":{"line":57,"column":60},"end":{"line":71,"column":5}},"line":57},"2":{"name":"(anonymous_2)","decl":{"start":{"line":79,"column":4},"end":{"line":79,"column":5}},"loc":{"start":{"line":79,"column":45},"end":{"line":87,"column":5}},"line":79},"3":{"name":"(anonymous_3)","decl":{"start":{"line":99,"column":4},"end":{"line":99,"column":5}},"loc":{"start":{"line":99,"column":76},"end":{"line":144,"column":5}},"line":99},"4":{"name":"(anonymous_4)","decl":{"start":{"line":123,"column":32},"end":{"line":123,"column":33}},"loc":{"start":{"line":123,"column":51},"end":{"line":130,"column":13}},"line":123},"5":{"name":"(anonymous_5)","decl":{"start":{"line":134,"column":82},"end":{"line":134,"column":83}},"loc":{"start":{"line":134,"column":88},"end":{"line":134,"column":100}},"line":134},"6":{"name":"(anonymous_6)","decl":{"start":{"line":152,"column":4},"end":{"line":152,"column":5}},"loc":{"start":{"line":152,"column":40},"end":{"line":160,"column":5}},"line":152},"7":{"name":"(anonymous_7)","decl":{"start":{"line":166,"column":4},"end":{"line":166,"column":5}},"loc":{"start":{"line":166,"column":66},"end":{"line":169,"column":5}},"line":166},"8":{"name":"(anonymous_8)","decl":{"start":{"line":168,"column":28},"end":{"line":168,"column":29}},"loc":{"start":{"line":168,"column":35},"end":{"line":168,"column":53}},"line":168},"9":{"name":"(anonymous_9)","decl":{"start":{"line":175,"column":4},"end":{"line":175,"column":5}},"loc":{"start":{"line":175,"column":46},"end":{"line":181,"column":5}},"line":175},"10":{"name":"(anonymous_10)","decl":{"start":{"line":177,"column":30},"end":{"line":177,"column":31}},"loc":{"start":{"line":177,"column":37},"end":{"line":180,"column":11}},"line":177},"11":{"name":"(anonymous_11)","decl":{"start":{"line":180,"column":17},"end":{"line":180,"column":18}},"loc":{"start":{"line":180,"column":24},"end":{"line":180,"column":33}},"line":180},"12":{"name":"(anonymous_12)","decl":{"start":{"line":187,"column":4},"end":{"line":187,"column":5}},"loc":{"start":{"line":187,"column":45},"end":{"line":192,"column":5}},"line":187},"13":{"name":"(anonymous_13)","decl":{"start":{"line":199,"column":4},"end":{"line":199,"column":5}},"loc":{"start":{"line":199,"column":40},"end":{"line":202,"column":5}},"line":199}},"branchMap":{"0":{"loc":{"start":{"line":80,"column":8},"end":{"line":82,"column":9}},"type":"if","locations":[{"start":{"line":80,"column":8},"end":{"line":82,"column":9}},{"start":{},"end":{}}],"line":80},"1":{"loc":{"start":{"line":102,"column":8},"end":{"line":104,"column":9}},"type":"if","locations":[{"start":{"line":102,"column":8},"end":{"line":104,"column":9}},{"start":{},"end":{}}],"line":102},"2":{"loc":{"start":{"line":107,"column":8},"end":{"line":135,"column":9}},"type":"if","locations":[{"start":{"line":107,"column":8},"end":{"line":135,"column":9}},{"start":{"line":116,"column":13},"end":{"line":135,"column":9}}],"line":107},"3":{"loc":{"start":{"line":108,"column":12},"end":{"line":111,"column":13}},"type":"if","locations":[{"start":{"line":108,"column":12},"end":{"line":111,"column":13}},{"start":{},"end":{}}],"line":108},"4":{"loc":{"start":{"line":124,"column":16},"end":{"line":129,"column":17}},"type":"if","locations":[{"start":{"line":124,"column":16},"end":{"line":129,"column":17}},{"start":{"line":127,"column":21},"end":{"line":129,"column":17}}],"line":124},"5":{"loc":{"start":{"line":154,"column":8},"end":{"line":156,"column":9}},"type":"if","locations":[{"start":{"line":154,"column":8},"end":{"line":156,"column":9}},{"start":{},"end":{}}],"line":154},"6":{"loc":{"start":{"line":179,"column":19},"end":{"line":179,"column":94}},"type":"binary-expr","locations":[{"start":{"line":179,"column":19},"end":{"line":179,"column":34}},{"start":{"line":179,"column":38},"end":{"line":179,"column":63}},{"start":{"line":179,"column":67},"end":{"line":179,"column":94}}],"line":179},"7":{"loc":{"start":{"line":191,"column":15},"end":{"line":191,"column":64}},"type":"binary-expr","locations":[{"start":{"line":191,"column":15},"end":{"line":191,"column":31}},{"start":{"line":191,"column":35},"end":{"line":191,"column":49}},{"start":{"line":191,"column":53},"end":{"line":191,"column":64}}],"line":191}},"s":{"0":1,"1":20,"2":20,"3":1,"4":1,"5":1,"6":1,"7":2,"8":2,"9":2,"10":1,"11":1,"12":1,"13":4,"14":1,"15":3,"16":2,"17":1,"18":1,"19":1,"20":1,"21":1,"22":1,"23":2,"24":1,"25":1,"26":1,"27":2,"28":2,"29":3,"30":3,"31":1,"32":2,"33":2,"34":2,"35":2,"36":1,"37":1,"38":5,"39":5,"40":3,"41":3,"42":3,"43":3,"44":1,"45":1},"f":{"0":20,"1":1,"2":2,"3":4,"4":2,"5":2,"6":3,"7":2,"8":2,"9":1,"10":5,"11":3,"12":3,"13":1},"b":{"0":[1,1],"1":[1,3],"2":[2,1],"3":[1,1],"4":[1,1],"5":[1,2],"6":[5,4,3],"7":[3,3,2]},"_coverageSchema":"1a1c01bbd47fc00a2c39e90264f33305004495a9","hash":"9944eeb17958c82d4a5b80742d5cad3c0146968d"}
,"/home/conner/SchoolStuff/term-project-2025-team-3/sk-vaccine-app/services/locationDataService.ts": {"path":"/home/conner/SchoolStuff/term-project-2025-team-3/sk-vaccine-app/services/locationDataService.ts","statementMap":{"0":{"start":{"line":16,"column":8},"end":{"line":16,"column":56}},"1":{"start":{"line":27,"column":23},"end":{"line":27,"column":65}},"2":{"start":{"line":28,"column":8},"end":{"line":30,"column":9}},"3":{"start":{"line":29,"column":12},"end":{"line":29,"column":75}},"4":{"start":{"line":34,"column":8},"end":{"line":34,"column":69}},"5":{"start":{"line":43,"column":8},"end":{"line":43,"column":76}}},"fnMap":{"0":{"name":"(anonymous_0)","decl":{"start":{"line":15,"column":4},"end":{"line":15,"column":5}},"loc":{"start":{"line":15,"column":40},"end":{"line":17,"column":5}},"line":15},"1":{"name":"(anonymous_1)","decl":{"start":{"line":26,"column":4},"end":{"line":26,"column":5}},"loc":{"start":{"line":26,"column":52},"end":{"line":35,"column":5}},"line":26},"2":{"name":"(anonymous_2)","decl":{"start":{"line":42,"column":4},"end":{"line":42,"column":5}},"loc":{"start":{"line":42,"column":48},"end":{"line":44,"column":5}},"line":42}},"branchMap":{"0":{"loc":{"start":{"line":28,"column":8},"end":{"line":30,"column":9}},"type":"if","locations":[{"start":{"line":28,"column":8},"end":{"line":30,"column":9}},{"start":{},"end":{}}],"line":28}},"s":{"0":2,"1":2,"2":2,"3":1,"4":1,"5":2},"f":{"0":2,"1":2,"2":2},"b":{"0":[1,1]},"_coverageSchema":"1a1c01bbd47fc00a2c39e90264f33305004495a9","hash":"b6534eb7591d838a12931e9b2acd88af88271eb5"}
[...]
e":264,"column":35}},"65":{"start":{"line":266,"column":6},"end":{"line":266,"column":59}},"66":{"start":{"line":285,"column":4},"end":{"line":285,"column":50}},"67":{"start":{"line":286,"column":4},"end":{"line":300,"column":5}},"68":{"start":{"line":287,"column":22},"end":{"line":287,"column":95}},"69":{"start":{"line":288,"column":22},"end":{"line":291,"column":7}},"70":{"start":{"line":292,"column":6},"end":{"line":292,"column":49}},"71":{"start":{"line":293,"column":6},"end":{"line":293,"column":17}},"72":{"start":{"line":295,"column":6},"end":{"line":298,"column":8}},"73":{"start":{"line":299,"column":6},"end":{"line":299,"column":43}},"74":{"start":{"line":312,"column":23},"end":{"line":312,"column":49}},"75":{"start":{"line":313,"column":4},"end":{"line":363,"column":5}},"76":{"start":{"line":314,"column":30},"end":{"line":357,"column":8}},"77":{"start":{"line":315,"column":8},"end":{"line":356,"column":9}},"78":{"start":{"line":316,"column":30},"end":{"line":320,"column":18}},"79":{"start":{"line":323,"column":12},"end":{"line":323,"column":69}},"80":{"start":{"line":325,"column":12},"end":{"line":325,"column":69}},"81":{"start":{"line":326,"column":33},"end":{"line":328,"column":11}},"82":{"start":{"line":329,"column":10},"end":{"line":329,"column":80}},"83":{"start":{"line":331,"column":10},"end":{"line":347,"column":12}},"84":{"start":{"line":349,"column":10},"end":{"line":352,"column":12}},"85":{"start":{"line":353,"column":10},"end":{"line":355,"column":12}},"86":{"start":{"line":358,"column":26},"end":{"line":358,"column":60}},"87":{"start":{"line":359,"column":6},"end":{"line":359,"column":25}},"88":{"start":{"line":361,"column":6},"end":{"line":361,"column":59}},"89":{"start":{"line":362,"column":6},"end":{"line":362,"column":16}},"90":{"start":{"line":379,"column":4},"end":{"line":385,"column":7}},"91":{"start":{"line":380,"column":24},"end":{"line":383,"column":7}},"92":{"start":{"line":384,"column":6},"end":{"line":384,"column":25}},"93":{"start":{"line":405,"column":19},"end":{"line":409,"column":38}},"94":{"start":{"line":410,"column":4},"end":{"line":417,"column":7}},"95":{"start":{"line":411,"column":22},"end":{"line":415,"column":8}},"96":{"start":{"line":416,"column":6},"end":{"line":416,"column":21}},"97":{"start":{"line":430,"column":23},"end":{"line":430,"column":49}},"98":{"start":{"line":432,"column":4},"end":{"line":457,"column":5}},"99":{"start":{"line":434,"column":28},"end":{"line":450,"column":8}},"100":{"start":{"line":435,"column":8},"end":{"line":449,"column":9}},"101":{"start":{"line":436,"column":27},"end":{"line":438,"column":11}},"102":{"start":{"line":440,"column":10},"end":{"line":442,"column":11}},"103":{"start":{"line":441,"column":12},"end":{"line":441,"column":70}},"104":{"start":{"line":444,"column":23},"end":{"line":444,"column":44}},"105":{"start":{"line":445,"column":10},"end":{"line":445,"column":22}},"106":{"start":{"line":447,"column":10},"end":{"line":447,"column":77}},"107":{"start":{"line":448,"column":10},"end":{"line":448,"column":22}},"108":{"start":{"line":452,"column":25},"end":{"line":452,"column":57}},"109":{"start":{"line":453,"column":6},"end":{"line":453,"column":24}},"110":{"start":{"line":455,"column":6},"end":{"line":455,"column":59}},"111":{"start":{"line":456,"column":6},"end":{"line":456,"column":16}}},"fnMap":{"0":{"name":"(anonymous_0)","decl":{"start":{"line":43,"column":2},"end":{"line":43,"column":3}},"loc":{"start":{"line":51,"column":20},"end":{"line":92,"column":3}},"line":51},"1":{"name":"(anonymous_1)","decl":{"start":{"line":72,"column":15},"end":{"line":72,"column":16}},"loc":{"start":{"line":72,"column":24},"end":{"line":74,"column":11}},"line":72},"2":{"name":"(anonymous_2)","decl":{"start":{"line":76,"column":29},"end":{"line":76,"column":30}},"loc":{"start":{"line":76,"column":35},"end":{"line":76,"column":47}},"line":76},"3":{"name":"(anonymous_3)","decl":{"start":{"line":104,"column":2},"end":{"line":104,"column":3}},"loc":{"start":{"line":104,"column":59},"end":{"line":109,"column":3}},"line":104},"4":{"name":"(anonymous_4)","decl":{"start":{"line":119,"column":2},"end":{"line":119,"column":3}},"loc":{"start":{"line":119,"column":55},"end":{"line":132,"column":3}},"line":119},"5":{"name":"(anonymous_5)","decl":{"start":{"line":120,"column":23},"end":{"line":120,"column":24}},"loc":{"start":{"line":120,"column":44},"end":{"line":131,"column":5}},"line":120},"6":{"name":"(anonymous_6)","decl":{"start":{"line":143,"column":2},"end":{"line":143,"column":3}},"loc":{"start":{"line":145,"column":29},"end":{"line":165,"column":3}},"line":145},"7":{"name":"(anonymous_7)","decl":{"start":{"line":146,"column":23},"end":{"line":146,"column":24}},"loc":{"start":{"line":146,"column":50},"end":{"line":164,"column":5}},"line":146},"8":{"name":"(anonymous_8)","decl":{"start":{"line":172,"column":2},"end":{"line":172,"column":3}},"loc":{"start":{"line":172,"column":54},"end":{"line":178,"column":3}},"line":172},"9":{"name":"(anonymous_9)","decl":{"start":{"line":189,"column":2},"end":{"line":189,"column":3}},"loc":{"start":{"line":189,"column":54},"end":{"line":207,"column":3}},"line":189},"10":{"name":"(anonymous_10)","decl":{"start":{"line":190,"column":23},"end":{"line":190,"column":24}},"loc":{"start":{"line":190,"column":50},"end":{"line":206,"column":5}},"line":190},"11":{"name":"(anonymous_11)","decl":{"start":{"line":217,"column":2},"end":{"line":217,"column":3}},"loc":{"start":{"line":217,"column":61},"end":{"line":237,"column":3}},"line":217},"12":{"name":"(anonymous_12)","decl":{"start":{"line":218,"column":23},"end":{"line":218,"column":24}},"loc":{"start":{"line":218,"column":44},"end":{"line":236,"column":5}},"line":218},"13":{"name":"(anonymous_13)","decl":{"start":{"line":246,"column":2},"end":{"line":246,"column":3}},"loc":{"start":{"line":246,"column":77},"end":{"line":268,"column":3}},"line":246},"14":{"name":"(anonymous_14)","decl":{"start":{"line":249,"column":49},"end":{"line":249,"column":50}},"loc":{"start":{"line":249,"column":68},"end":{"line":263,"column":7}},"line":249},"15":{"name":"(anonymous_15)","decl":{"start":{"line":281,"column":2},"end":{"line":281,"column":3}},"loc":{"start":{"line":284,"column":21},"end":{"line":301,"column":3}},"line":284},"16":{"name":"(anonymous_16)","decl":{"start":{"line":311,"column":2},"end":{"line":311,"column":3}},"loc":{"start":{"line":311,"column":57},"end":{"line":364,"column":3}},"line":311},"17":{"name":"(anonymous_17)","decl":{"start":{"line":314,"column":45},"end":{"line":314,"column":46}},"loc":{"start":{"line":314,"column":64},"end":{"line":357,"column":7}},"line":314},"18":{"name":"(anonymous_18)","decl":{"start":{"line":376,"column":2},"end":{"line":376,"column":3}},"loc":{"start":{"line":378,"column":66},"end":{"line":386,"column":3}},"line":378},"19":{"name":"(anonymous_19)","decl":{"start":{"line":379,"column":23},"end":{"line":379,"column":24}},"loc":{"start":{"line":379,"column":50},"end":{"line":385,"column":5}},"line":379},"20":{"name":"(anonymous_20)","decl":{"start":{"line":400,"column":2},"end":{"line":400,"column":3}},"loc":{"start":{"line":404,"column":19},"end":{"line":418,"column":3}},"line":404},"21":{"name":"(anonymous_21)","decl":{"start":{"line":410,"column":23},"end":{"line":410,"column":24}},"loc":{"start":{"line":410,"column":50},"end":{"line":417,"column":5}},"line":410},"22":{"name":"(anonymous_22)","decl":{"start":{"line":429,"column":2},"end":{"line":429,"column":3}},"loc":{"start":{"line":429,"column":49},"end":{"line":458,"column":3}},"line":429},"23":{"name":"(anonymous_23)","decl":{"start":{"line":434,"column":43},"end":{"line":434,"column":44}},"loc":{"start":{"line":434,"column":62},"end":{"line":450,"column":7}},"line":434}},"branchMap":{"0":{"loc":{"start":{"line":45,"column":4},"end":{"line":45,"column":46}},"type":"default-arg","locations":[{"start":{"line":45,"column":37},"end":{"line":45,"column":46}}],"line":45},"1":{"loc":{"start":{"line":53,"column":6},"end":{"line":53,"column":50}},"type":"cond-expr","locations":[{"start":{"line":53,"column":30},"end":{"line":53,"column":39}},{"start":{"line":53,"column":42},"end":{"line":53,"column":50}}],"line":53},"2":{"loc":{"start":{"line":55,"column":6},"end":{"line":55,"column":50}},"type":"cond-expr","locations":[{"start":{"line":55,"column":30},"end":{"line":55,"column":39}},{"start":{"line":55,"column":42},"end":{"line":55,"column":50}}],"line":55},"3":{"loc":{"start":{"line":60,"column":4},"end":{"line":78,"column":5}},"type":"if","locations":[{"start":{"line":60,"column":4},"end":{"line":78,"column":5}},{"start":{},"end":{}}],"line":60},"4":{"loc":{"start":{"line":63,"column":28},"end":{"line":63,"column":72}},"type":"cond-expr","locations":[{"start":{"line":63,"column":52},"end":{"line":63,"column":61}},{"start":{"line":63,"column":64},"end":{"line":63,"column":72}}],"line":63},"5":{"loc":{"start":{"line":67,"column":6},"end":{"line":77,"column":7}},"type":"if","locations":[{"start":{"line":67,"column":6},"end":{"line":77,"column":7}},{"start":{"line":70,"column":13},"end":{"line":77,"column":7}}],"line":67},"6":{"loc":{"start":{"line":80,"column":4},"end":{"line":82,"column":5}},"type":"if","locations":[{"start":{"line":80,"column":4},"end":{"line":82,"column":5}},{"start":{},"end":{}}],"line":80},"7":{"loc":{"start":{"line":81,"column":44},"end":{"line":81,"column":76}},"type":"cond-expr","locations":[{"start":{"line":81,"column":62},"end":{"line":81,"column":67}},{"start":{"line":81,"column":70},"end":{"line":81,"column":76}}],"line":81},"8":{"loc":{"start":{"line":148,"column":8},"end":{"line":160,"column":9}},"type":"if","locations":[{"start":{"line":148,"column":8},"end":{"line":160,"column":9}},{"start":{"line":154,"column":15},"end":{"line":160,"column":9}}],"line":148},"9":{"loc":{"start":{"line":194,"column":8},"end":{"line":198,"column":9}},"type":"if","locations":[{"start":{"line":194,"column":8},"end":{"line":198,"column":9}},{"start":{"line":196,"column":15},"end":{"line":198,"column":9}}],"line":194},"10":{"loc":{"start":{"line":285,"column":11},"end":{"line":285,"column":48}},"type":"binary-expr","locations":[{"start":{"line":285,"column":11},"end":{"line":285,"column":28}},{"start":{"line":285,"column":32},"end":{"line":285,"column":48}}],"line":285},"11":{"loc":{"start":{"line":336,"column":16},"end":{"line":338,"column":43}},"type":"cond-expr","locations":[{"start":{"line":337,"column":20},"end":{"line":337,"column":29}},{"start":{"line":338,"column":20},"end":{"line":338,"column":43}}],"line":336},"12":{"loc":{"start":{"line":343,"column":16},"end":{"line":345,"column":42}},"type":"cond-expr","locations":[{"start":{"line":344,"column":20},"end":{"line":344,"column":29}},{"start":{"line":345,"column":20},"end":{"line":345,"column":42}}],"line":343},"13":{"loc":{"start":{"line":406,"column":18},"end":{"line":406,"column":66}},"type":"cond-expr","locations":[{"start":{"line":406,"column":36},"end":{"line":406,"column":61}},{"start":{"line":406,"column":64},"end":{"line":406,"column":66}}],"line":406},"14":{"loc":{"start":{"line":408,"column":18},"end":{"line":408,"column":63}},"type":"cond-expr","locations":[{"start":{"line":408,"column":35},"end":{"line":408,"column":58}},{"start":{"line":408,"column":61},"end":{"line":408,"column":63}}],"line":408},"15":{"loc":{"start":{"line":440,"column":10},"end":{"line":442,"column":11}},"type":"if","locations":[{"start":{"line":440,"column":10},"end":{"line":442,"column":11}},{"start":{},"end":{}}],"line":440}},"s":{"0":0,"1":0,"2":0,"3":0,"4":0,"5":0,"6":0,"7":0,"8":0,"9":0,"10":0,"11":0,"12":0,"13":0,"14":0,"15":0,"16":0,"17":0,"18":0,"19":0,"20":0,"21":0,"22":0,"23":1,"24":1,"25":1,"26":1,"27":1,"28":0,"29":0,"30":1,"31":1,"32":1,"33":1,"34":0,"35":0,"36":1,"37":1,"38":0,"39":2,"40":2,"41":2,"42":2,"43":2,"44":1,"45":1,"46":0,"47":0,"48":1,"49":1,"50":1,"51":1,"52":1,"53":1,"54":0,"55":0,"56":1,"57":1,"58":1,"59":1,"60":1,"61":1,"62":1,"63":0,"64":1,"65":0,"66":2,"67":2,"68":2,"69":2,"70":0,"71":0,"72":2,"73":2,"74":1,"75":1,"76":1,"77":1,"78":1,"79":1,"80":1,"81":1,"82":1,"83":1,"84":0,"85":0,"86":1,"87":1,"88":0,"89":0,"90":0,"91":0,"92":0,"93":1,"94":1,"95":1,"96":1,"97":0,"98":0,"99":0,"100":0,"101":0,"102":0,"103":0,"104":0,"105":0,"106":0,"107":0,"108":0,"109":0,"110":0,"111":0},"f":{"0":0,"1":0,"2":0,"3":0,"4":1,"5":1,"6":1,"7":1,"8":1,"9":2,"10":2,"11":1,"12":1,"13":1,"14":1,"15":2,"16":1,"17":1,"18":0,"19":0,"20":1,"21":1,"22":0,"23":0},"b":{"0":[0],"1":[0,0],"2":[0,0],"3":[0,0],"4":[0,0],"5":[0,0],"6":[0,0],"7":[0,0],"8":[1,0],"9":[1,1],"10":[2,2],"11":[0,1],"12":[0,1],"13":[1,0],"14":[1,0],"15":[0,0]},"_coverageSchema":"1a1c01bbd47fc00a2c39e90264f33305004495a9","hash":"e99587cc7661a092a4243de34ccdca6c149977d0"}
,"/home/conner/SchoolStuff/term-project-2025-team-3/sk-vaccine-app/utils/ErrorTypes.ts": {"path":"/home/conner/SchoolStuff/term-project-2025-team-3/sk-vaccine-app/utils/ErrorTypes.ts","statementMap":{"0":{"start":{"line":5,"column":4},"end":{"line":5,"column":19}},"1":{"start":{"line":6,"column":4},"end":{"line":6,"column":21}},"2":{"start":{"line":7,"column":4},"end":{"line":7,"column":50}},"3":{"start":{"line":13,"column":4},"end":{"line":13,"column":41}},"4":{"start":{"line":19,"column":4},"end":{"line":19,"column":43}},"5":{"start":{"line":26,"column":4},"end":{"line":26,"column":40}},"6":{"start":{"line":32,"column":4},"end":{"line":32,"column":42}},"7":{"start":{"line":40,"column":4},"end":{"line":40,"column":19}},"8":{"start":{"line":41,"column":4},"end":{"line":41,"column":35}},"9":{"start":{"line":42,"column":4},"end":{"line":42,"column":33}},"10":{"start":{"line":50,"column":4},"end":{"line":50,"column":19}},"11":{"start":{"line":51,"column":4},"end":{"line":51,"column":33}},"12":{"start":{"line":52,"column":4},"end":{"line":52,"column":33}},"13":{"start":{"line":58,"column":4},"end":{"line":58,"column":19}},"14":{"start":{"line":59,"column":4},"end":{"line":59,"column":37}},"15":{"start":{"line":65,"column":4},"end":{"line":65,"column":19}},"16":{"start":{"line":66,"column":4},"end":{"line":66,"column":42}},"17":{"start":{"line":72,"column":6},"end":{"line":72,"column":21}},"18":{"start":{"line":73,"column":6},"end":{"line":73,"column":39}},"19":{"start":{"line":79,"column":4},"end":{"line":79,"column":19}},"20":{"start":{"line":80,"column":4},"end":{"line":80,"column":34}}},"fnMap":{"0":{"name":"(anonymous_0)","decl":{"start":{"line":4,"column":2},"end":{"line":4,"column":3}},"loc":{"start":{"line":4,"column":45},"end":{"line":8,"column":3}},"line":4},"1":{"name":"(anonymous_1)","decl":{"start":{"line":12,"column":2},"end":{"line":12,"column":3}},"loc":{"start":{"line":12,"column":31},"end":{"line":14,"column":3}},"line":12},"2":{"name":"(anonymous_2)","decl":{"start":{"line":18,"column":2},"end":{"line":18,"column":3}},"loc":{"start":{"line":18,"column":31},"end":{"line":20,"column":3}},"line":18},"3":{"name":"(anonymous_3)","decl":{"start":{"line":25,"column":2},"end":{"line":25,"column":3}},"loc":{"start":{"line":25,"column":31},"end":{"line":27,"column":3}},"line":25},"4":{"name":"(anonymous_4)","decl":{"start":{"line":31,"column":2},"end":{"line":31,"column":3}},"loc":{"start":{"line":31,"column":31},"end":{"line":33,"column":3}},"line":31},"5":{"name":"(anonymous_5)","decl":{"start":{"line":39,"column":2},"end":{"line":39,"column":3}},"loc":{"start":{"line":39,"column":71},"end":{"line":43,"column":3}},"line":39},"6":{"name":"(anonymous_6)","decl":{"start":{"line":49,"column":2},"end":{"line":49,"column":3}},"loc":{"start":{"line":49,"column":69},"end":{"line":53,"column":3}},"line":49},"7":{"name":"(anonymous_7)","decl":{"start":{"line":57,"column":2},"end":{"line":57,"column":3}},"loc":{"start":{"line":57,"column":49},"end":{"line":60,"column":3}},"line":57},"8":{"name":"(anonymous_8)","decl":{"start":{"line":64,"column":2},"end":{"line":64,"column":3}},"loc":{"start":{"line":64,"column":68},"end":{"line":67,"column":3}},"line":64},"9":{"name":"(anonymous_9)","decl":{"start":{"line":71,"column":4},"end":{"line":71,"column":5}},"loc":{"start":{"line":71,"column":60},"end":{"line":74,"column":5}},"line":71},"10":{"name":"(anonymous_10)","decl":{"start":{"line":78,"column":2},"end":{"line":78,"column":3}},"loc":{"start":{"line":78,"column":75},"end":{"line":81,"column":3}},"line":78}},"branchMap":{"0":{"loc":{"start":{"line":39,"column":34},"end":{"line":39,"column":69}},"type":"default-arg","locations":[{"start":{"line":39,"column":44},"end":{"line":39,"column":69}}],"line":39},"1":{"loc":{"start":{"line":49,"column":34},"end":{"line":49,"column":67}},"type":"default-arg","locations":[{"start":{"line":49,"column":44},"end":{"line":49,"column":67}}],"line":49},"2":{"loc":{"start":{"line":57,"column":14},"end":{"line":57,"column":47}},"type":"default-arg","locations":[{"start":{"line":57,"column":24},"end":{"line":57,"column":47}}],"line":57},"3":{"loc":{"start":{"line":64,"column":14},"end":{"line":64,"column":66}},"type":"default-arg","locations":[{"start":{"line":64,"column":24},"end":{"line":64,"column":66}}],"line":64},"4":{"loc":{"start":{"line":71,"column":16},"end":{"line":71,"column":58}},"type":"default-arg","locations":[{"start":{"line":71,"column":26},"end":{"line":71,"column":58}}],"line":71},"5":{"loc":{"start":{"line":78,"column":14},"end":{"line":78,"column":73}},"type":"default-arg","locations":[{"start":{"line":78,"column":24},"end":{"line":78,"column":73}}],"line":78}},"s":{"0":22,"1":22,"2":22,"3":13,"4":3,"5":3,"6":3,"7":20,"8":20,"9":20,"10":18,"11":18,"12":18,"13":0,"14":0,"15":1,"16":1,"17":0,"18":0,"19":0,"20":0},"f":{"0":22,"1":13,"2":3,"3":3,"4":3,"5":20,"6":18,"7":0,"8":1,"9":0,"10":0},"b":{"0":[20],"1":[18],"2":[0],"3":[1],"4":[0],"5":[0]},"_coverageSchema":"1a1c01bbd47fc00a2c39e90264f33305004495a9","hash":"e7e1a1f862faa473e1f978232a32209f8ea79728"}
,"/home/conner/SchoolStuff/term-project-2025-team-3/sk-vaccine-app/utils/config.ts": {"path":"/home/conner/SchoolStuff/term-project-2025-team-3/sk-vaccine-app/utils/config.ts","statementMap":{"0":{"start":{"line":1,"column":15},"end":{"line":3,"column":1}}},"fnMap":{},"branchMap":{"0":{"loc":{"start":{"line":2,"column":12},"end":{"line":2,"column":44}},"type":"binary-expr","locations":[{"start":{"line":2,"column":12},"end":{"line":2,"column":33}},{"start":{"line":2,"column":37},"end":{"line":2,"column":44}}],"line":2}},"s":{"0":9},"f":{},"b":{"0":[9,9]},"_coverageSchema":"1a1c01bbd47fc00a2c39e90264f33305004495a9","hash":"cc5063626e1cbc5f2b10bf798502d8ae38193a20"}
,"/home/conner/SchoolStuff/term-project-2025-team-3/sk-vaccine-app/utils/constPaths.ts": {"path":"/home/conner/SchoolStuff/term-project-2025-team-3/sk-vaccine-app/utils/constPaths.ts","statementMap":{"0":{"start":{"line":1,"column":25},"end":{"line":1,"column":28}},"1":{"start":{"line":2,"column":33},"end":{"line":2,"column":48}},"2":{"start":{"line":3,"column":27},"end":{"line":3,"column":41}},"3":{"start":{"line":4,"column":30},"end":{"line":4,"column":47}},"4":{"start":{"line":5,"column":31},"end":{"line":5,"column":49}}},"fnMap":{},"branchMap":{},"s":{"0":2,"1":2,"2":2,"3":2,"4":2},"f":{},"b":{},"_coverageSchema":"1a1c01bbd47fc00a2c39e90264f33305004495a9","hash":"ff97dba73f458c71f07586b748e1a9ae0a6a26c1"}
,"/home/conner/SchoolStuff/term-project-2025-team-3/sk-vaccine-app/utils/logger.ts": {"path":"/home/conner/SchoolStuff/term-project-2025-team-3/sk-vaccine-app/utils/logger.ts","statementMap":{"0":{"start":{"line":5,"column":18},"end":{"line":11,"column":1}},"1":{"start":{"line":14,"column":15},"end":{"line":33,"column":2}},"2":{"start":{"line":28,"column":31},"end":{"line":28,"column":67}}},"fnMap":{"0":{"name":"(anonymous_0)","decl":{"start":{"line":28,"column":15},"end":{"line":28,"column":16}},"loc":{"start":{"line":28,"column":31},"end":{"line":28,"column":67}},"line":28}},"branchMap":{},"s":{"0":9,"1":9,"2":40},"f":{"0":40},"b":{},"_coverageSchema":"1a1c01bbd47fc00a2c39e90264f33305004495a9","hash":"e88d74eb756557b670481125dde3e2a42be34ff3"}
}
