TN:
SF:app/index.tsx
FN:28,Index
FN:30,(anonymous_1)
FNF:2
FNH:1
FNDA:7,Index
FNDA:0,(anonymous_1)
DA:13,1
DA:14,1
DA:15,1
DA:16,1
DA:29,7
DA:30,7
DA:31,0
DA:34,6
DA:35,6
DA:37,6
DA:75,1
LF:11
LH:10
BRF:0
BRH:0
end_of_record
TN:
SF:app/vaccine-info.tsx
FN:29,Page
FN:53,(anonymous_1)
FN:62,(anonymous_2)
FN:79,(anonymous_3)
FNF:4
FNH:1
FNDA:7,Page
FNDA:0,(anonymous_1)
FNDA:0,(anonymous_2)
FNDA:0,(anonymous_3)
DA:18,1
DA:30,7
DA:32,6
DA:35,6
DA:39,6
DA:53,0
DA:64,0
DA:65,0
DA:79,0
DA:87,1
LF:10
LH:6
BRDA:48,0,0,6
BRDA:48,0,1,0
BRDA:58,1,0,6
BRDA:58,1,1,6
BRDA:58,1,2,6
BRDA:64,2,0,0
BRDA:64,2,1,0
BRF:7
BRH:4
end_of_record
TN:
SF:components/card-link.tsx
FN:35,CardLink
FNF:1
FNH:0
FNDA:0,CardLink
DA:6,1
DA:36,0
DA:61,1
LF:3
LH:2
BRDA:53,0,0,0
BRDA:53,0,1,0
BRF:2
BRH:0
end_of_record
TN:
SF:components/closest-clinic-btn.tsx
FN:14,ClosestClinicButton
FNF:1
FNH:1
FNDA:6,ClosestClinicButton
DA:16,6
DA:17,6
DA:20,6
DA:58,1
LF:4
LH:4
BRF:0
BRH:0
end_of_record
TN:
SF:components/home-square-btn.tsx
FN:32,SquareButton
FN:39,(anonymous_1)
FNF:2
FNH:1
FNDA:12,SquareButton
FNDA:0,(anonymous_1)
DA:39,12
DA:40,0
DA:43,12
DA:57,1
LF:4
LH:3
BRF:0
BRH:0
end_of_record
TN:
SF:components/map.tsx
FN:41,MapEmbed
FN:85,(anonymous_1)
FN:86,(anonymous_2)
FN:87,(anonymous_3)
FN:92,(anonymous_4)
FNF:5
FNH:1
FNDA:5,MapEmbed
FNDA:0,(anonymous_1)
FNDA:0,(anonymous_2)
FNDA:0,(anonymous_3)
FNDA:0,(anonymous_4)
DA:42,5
DA:44,4
DA:46,4
DA:47,1
DA:48,1
DA:49,3
DA:50,1
DA:52,2
DA:53,2
DA:56,2
DA:57,2
DA:59,2
DA:78,2
DA:79,2
DA:85,0
DA:86,0
DA:88,0
DA:89,0
DA:90,0
DA:93,0
DA:94,0
LF:21
LH:14
BRDA:42,0,0,4
BRDA:46,1,0,1
BRDA:46,1,1,3
BRDA:46,2,0,4
BRDA:46,2,1,3
BRDA:47,3,0,1
BRDA:47,3,1,0
BRDA:47,4,0,1
BRDA:47,4,1,0
BRDA:49,5,0,1
BRDA:49,5,1,2
BRDA:49,6,0,3
BRDA:49,6,1,1
BRDA:56,7,0,2
BRDA:56,7,1,1
BRDA:56,7,2,1
BRDA:56,7,3,1
BRF:17
BRH:15
end_of_record
TN:
SF:components/search-bar.tsx
FN:43,SearchBar
FN:48,(anonymous_1)
FN:57,(anonymous_2)
FNF:3
FNH:1
FNDA:14,SearchBar
FNDA:0,(anonymous_1)
FNDA:0,(anonymous_2)
DA:5,2
DA:12,2
DA:44,14
DA:46,14
DA:48,14
DA:49,0
DA:50,0
DA:52,0
DA:53,0
DA:57,14
DA:58,0
DA:59,0
DA:63,14
DA:85,2
LF:14
LH:8
BRDA:46,0,0,8
BRDA:46,0,1,6
BRDA:49,1,0,0
BRDA:49,1,1,0
BRDA:50,2,0,0
BRDA:50,2,1,0
BRDA:52,3,0,0
BRDA:52,3,1,0
BRDA:53,4,0,0
BRDA:53,4,1,0
BRDA:58,5,0,0
BRDA:58,5,1,0
BRDA:66,6,0,14
BRDA:66,6,1,12
BRDA:78,7,0,8
BRDA:78,7,1,6
BRDA:79,8,0,8
BRDA:79,8,1,6
BRF:18
BRH:8
end_of_record
TN:
SF:components/settings-btn.tsx
FN:6,SettingsButton
FN:11,(anonymous_1)
FNF:2
FNH:1
FNDA:7,SettingsButton
FNDA:0,(anonymous_1)
DA:7,7
DA:11,0
DA:19,1
LF:3
LH:2
BRF:0
BRH:0
end_of_record
TN:
SF:controllers/vaccineDataController.ts
FN:19,(anonymous_0)
FN:35,(anonymous_1)
FN:42,(anonymous_2)
FN:46,(anonymous_3)
FN:50,(anonymous_4)
FN:51,(anonymous_5)
FN:53,(anonymous_6)
FN:54,(anonymous_7)
FN:85,(anonymous_8)
FN:87,(anonymous_9)
FN:90,(anonymous_10)
FN:93,(anonymous_11)
FN:103,(anonymous_12)
FN:123,(anonymous_13)
FN:148,(anonymous_14)
FN:170,(anonymous_15)
FNF:16
FNH:12
FNDA:19,(anonymous_0)
FNDA:7,(anonymous_1)
FNDA:7,(anonymous_2)
FNDA:0,(anonymous_3)
FNDA:7,(anonymous_4)
FNDA:7,(anonymous_5)
FNDA:35,(anonymous_6)
FNDA:35,(anonymous_7)
FNDA:7,(anonymous_8)
FNDA:35,(anonymous_9)
FNDA:35,(anonymous_10)
FNDA:18,(anonymous_11)
FNDA:0,(anonymous_12)
FNDA:0,(anonymous_13)
FNDA:10,(anonymous_14)
FNDA:0,(anonymous_15)
DA:20,19
DA:40,7
DA:41,7
DA:43,7
DA:44,7
DA:45,0
DA:46,0
DA:48,7
DA:50,7
DA:52,7
DA:54,35
DA:55,35
DA:56,35
DA:57,35
DA:62,17
DA:63,17
DA:68,17
DA:69,17
DA:76,18
DA:79,18
DA:86,7
DA:87,35
DA:89,7
DA:90,35
DA:93,7
DA:94,18
DA:97,7
DA:104,0
DA:105,0
DA:108,0
DA:109,0
DA:124,0
DA:126,0
DA:127,0
DA:130,0
DA:132,0
DA:150,10
DA:152,10
DA:153,10
DA:154,1
DA:156,9
DA:175,0
DA:176,0
DA:177,0
DA:183,0
DA:188,0
DA:191,0
LF:47
LH:30
BRDA:44,0,0,0
BRDA:44,0,1,7
BRDA:56,1,0,35
BRDA:56,1,1,0
BRDA:62,2,0,17
BRDA:62,2,1,0
BRDA:68,3,0,17
BRDA:68,3,1,0
BRDA:68,4,0,17
BRDA:68,4,1,0
BRDA:153,5,0,1
BRDA:153,5,1,9
BRDA:176,6,0,0
BRDA:176,6,1,0
BRF:14
BRH:7
end_of_record
TN:
SF:hooks/locationData.ts
FN:32,useLocation
FN:38,(anonymous_1)
FN:39,(anonymous_2)
FNF:3
FNH:3
FNDA:15,useLocation
FNDA:5,(anonymous_1)
FNDA:5,(anonymous_2)
DA:33,15
DA:34,15
DA:35,15
DA:36,15
DA:38,15
DA:39,5
DA:41,5
DA:42,5
DA:44,5
DA:47,5
DA:49,4
DA:50,4
DA:51,4
DA:52,2
DA:55,2
DA:56,2
DA:58,0
DA:59,0
DA:62,0
DA:67,1
DA:70,5
DA:71,5
DA:74,5
DA:78,15
DA:84,15
LF:25
LH:22
BRDA:47,0,0,4
BRDA:47,0,1,1
BRDA:47,1,0,5
BRDA:47,1,1,3
BRDA:55,2,0,2
BRDA:55,2,1,0
BRDA:58,3,0,0
BRDA:58,3,1,0
BRF:8
BRH:5
end_of_record
TN:
SF:hooks/vaccineData.ts
FN:38,useVaccineSheets
FN:49,(anonymous_1)
FN:62,(anonymous_2)
FN:96,useUpdateVaccineSheets
FN:109,(anonymous_4)
FN:112,(anonymous_5)
FN:134,(anonymous_6)
FN:142,useVaccinePDF
FNF:8
FNH:7
FNDA:14,useVaccineSheets
FNDA:5,(anonymous_1)
FNDA:4,(anonymous_2)
FNDA:4,useUpdateVaccineSheets
FNDA:4,(anonymous_4)
FNDA:4,(anonymous_5)
FNDA:4,(anonymous_6)
FNDA:0,useVaccinePDF
DA:43,14
DA:45,14
DA:46,14
DA:47,14
DA:49,14
DA:50,5
DA:51,5
DA:55,0
DA:56,0
DA:58,5
DA:62,14
DA:63,4
DA:66,14
DA:67,14
DA:68,14
DA:69,14
DA:71,14
DA:78,14
DA:97,4
DA:98,4
DA:109,4
DA:110,4
DA:112,4
DA:113,4
DA:114,0
DA:116,0
DA:117,0
DA:118,0
DA:119,0
DA:122,0
DA:123,0
DA:124,0
DA:126,0
DA:127,0
DA:128,0
DA:132,4
DA:134,4
DA:135,4
DA:139,4
LF:39
LH:26
BRDA:74,0,0,14
BRDA:74,0,1,14
BRDA:116,1,0,0
BRDA:116,1,1,0
BRDA:124,2,0,0
BRDA:124,2,1,0
BRDA:127,3,0,0
BRDA:127,3,1,0
BRF:8
BRH:2
end_of_record
TN:
SF:myorm/base-entity.ts
FN:40,(anonymous_0)
FN:75,(anonymous_1)
FN:86,(anonymous_2)
FN:90,(anonymous_3)
FN:143,(anonymous_4)
FN:186,(anonymous_5)
FN:216,(anonymous_6)
FN:237,(anonymous_7)
FN:265,(anonymous_8)
FN:285,(anonymous_9)
FN:324,(anonymous_10)
FN:346,(anonymous_11)
FN:349,(anonymous_12)
FN:353,(anonymous_13)
FN:380,(anonymous_14)
FN:384,(anonymous_15)
FN:394,(anonymous_16)
FNF:17
FNH:17
FNDA:5,(anonymous_0)
FNDA:13,(anonymous_1)
FNDA:19,(anonymous_2)
FNDA:38,(anonymous_3)
FNDA:4,(anonymous_4)
FNDA:4,(anonymous_5)
FNDA:3,(anonymous_6)
FNDA:2,(anonymous_7)
FNDA:3,(anonymous_8)
FNDA:30,(anonymous_9)
FNDA:5,(anonymous_10)
FNDA:10,(anonymous_11)
FNDA:5,(anonymous_12)
FNDA:5,(anonymous_13)
FNDA:4,(anonymous_14)
FNDA:4,(anonymous_15)
FNDA:1,(anonymous_16)
DA:45,5
DA:47,5
DA:51,5
DA:54,5
DA:58,5
DA:80,13
DA:81,13
DA:86,13
DA:89,19
DA:90,19
DA:97,38
DA:98,1
DA:102,37
DA:103,4
DA:106,33
DA:112,18
DA:116,12
DA:148,4
DA:149,4
DA:150,4
DA:152,3
DA:153,3
DA:155,3
DA:158,3
DA:191,4
DA:192,4
DA:193,4
DA:195,3
DA:196,3
DA:198,3
DA:201,3
DA:219,3
DA:221,3
DA:222,2
DA:223,2
DA:224,2
DA:241,2
DA:243,1
DA:244,1
DA:246,1
DA:247,0
DA:251,1
DA:252,1
DA:268,3
DA:272,3
DA:275,2
DA:288,30
DA:290,30
DA:294,30
DA:295,6
DA:298,30
DA:299,3
DA:301,30
DA:302,3
DA:305,30
DA:306,8
DA:311,22
DA:328,5
DA:332,5
DA:334,5
DA:335,5
DA:337,5
DA:338,5
DA:339,5
DA:342,5
DA:346,10
DA:349,5
DA:353,5
DA:354,5
DA:357,5
DA:358,1
DA:361,4
DA:362,1
DA:365,3
DA:369,4
DA:370,4
DA:372,4
DA:375,3
DA:376,1
DA:377,1
DA:380,4
DA:384,4
DA:387,3
DA:388,3
DA:389,3
DA:390,3
DA:394,1
DA:396,1
DA:398,1
DA:400,1
LF:90
LH:89
BRDA:97,0,0,1
BRDA:97,0,1,37
BRDA:102,1,0,4
BRDA:102,1,1,33
BRDA:246,2,0,0
BRDA:246,2,1,1
BRDA:294,3,0,6
BRDA:294,3,1,24
BRDA:298,4,0,3
BRDA:298,4,1,27
BRDA:301,5,0,3
BRDA:301,5,1,27
BRDA:305,6,0,8
BRDA:305,6,1,22
BRDA:357,7,0,1
BRDA:357,7,1,4
BRDA:357,8,0,5
BRDA:357,8,1,5
BRDA:357,8,2,1
BRDA:361,9,0,1
BRDA:361,9,1,3
BRDA:372,10,0,3
BRDA:372,10,1,1
BRDA:375,11,0,1
BRDA:375,11,1,2
BRDA:375,12,0,3
BRDA:375,12,1,1
BRF:27
BRH:26
end_of_record
TN:
SF:myorm/decorators.ts
FN:68,Column
FN:77,(anonymous_1)
FN:128,PrimaryGeneratedColumn
FN:129,(anonymous_3)
FN:140,List
FN:154,mapTsTypeToSql
FN:189,Entity
FN:191,(anonymous_7)
FN:237,(anonymous_8)
FN:248,(anonymous_9)
FN:288,createTable
FN:304,(anonymous_11)
FN:314,(anonymous_12)
FNF:13
FNH:11
FNDA:28,Column
FNDA:28,(anonymous_1)
FNDA:3,PrimaryGeneratedColumn
FNDA:3,(anonymous_3)
FNDA:1,List
FNDA:28,mapTsTypeToSql
FNDA:8,Entity
FNDA:8,(anonymous_7)
FNDA:0,(anonymous_8)
FNDA:0,(anonymous_9)
FNDA:6,createTable
FNDA:5,(anonymous_11)
FNDA:26,(anonymous_12)
DA:8,4
DA:77,28
DA:78,28
DA:80,28
DA:81,1
DA:86,27
DA:87,9
DA:97,27
DA:98,4
DA:105,27
DA:129,3
DA:130,3
DA:141,1
DA:155,28
DA:156,5
DA:158,23
DA:159,9
DA:161,14
DA:162,12
DA:164,2
DA:165,2
DA:167,0
DA:168,0
DA:170,0
DA:190,8
DA:191,8
DA:196,8
DA:197,8
DA:199,8
DA:206,8
DA:213,8
DA:214,0
DA:215,0
DA:218,8
DA:222,8
DA:227,8
DA:229,8
DA:233,8
DA:234,2
DA:235,2
DA:238,0
DA:247,0
DA:249,0
DA:258,0
DA:259,0
DA:266,6
DA:271,4
DA:273,4
DA:289,6
DA:291,6
DA:292,0
DA:295,6
DA:296,1
DA:299,5
DA:301,5
DA:304,5
DA:305,5
DA:306,0
DA:308,5
DA:311,5
DA:314,5
DA:316,26
DA:317,6
DA:318,6
DA:319,1
DA:321,5
DA:323,20
DA:324,5
DA:326,15
DA:327,2
DA:330,13
DA:335,4
DA:336,4
LF:73
LH:61
BRDA:80,0,0,1
BRDA:80,0,1,27
BRDA:80,1,0,28
BRDA:80,1,1,5
BRDA:86,2,0,9
BRDA:86,2,1,18
BRDA:97,3,0,4
BRDA:97,3,1,23
BRDA:108,4,0,27
BRDA:108,4,1,26
BRDA:109,5,0,27
BRDA:109,5,1,23
BRDA:110,6,0,27
BRDA:110,6,1,25
BRDA:111,7,0,27
BRDA:111,7,1,21
BRDA:112,8,0,27
BRDA:112,8,1,23
BRDA:113,9,0,27
BRDA:113,9,1,22
BRDA:130,10,0,3
BRDA:130,10,1,3
BRDA:155,11,0,5
BRDA:155,11,1,23
BRDA:158,12,0,9
BRDA:158,12,1,14
BRDA:161,13,0,12
BRDA:161,13,1,2
BRDA:164,14,0,2
BRDA:164,14,1,0
BRDA:167,15,0,0
BRDA:167,15,1,0
BRDA:190,16,0,8
BRDA:190,16,1,6
BRDA:196,17,0,8
BRDA:196,17,1,0
BRDA:196,18,0,8
BRDA:196,18,1,8
BRDA:213,19,0,0
BRDA:213,19,1,8
BRDA:229,20,0,8
BRDA:229,20,1,6
BRDA:233,21,0,2
BRDA:233,21,1,6
BRDA:258,22,0,0
BRDA:258,22,1,0
BRDA:291,23,0,0
BRDA:291,23,1,6
BRDA:295,24,0,1
BRDA:295,24,1,5
BRDA:295,25,0,6
BRDA:295,25,1,6
BRDA:305,26,0,0
BRDA:305,26,1,5
BRDA:316,27,0,6
BRDA:316,27,1,20
BRDA:318,28,0,1
BRDA:318,28,1,5
BRDA:323,29,0,5
BRDA:323,29,1,15
BRDA:326,30,0,2
BRDA:326,30,1,13
BRF:62
BRH:53
end_of_record
TN:
SF:myorm/vaccine-entity.ts
FN:43,(anonymous_0)
FNF:1
FNH:0
FNDA:0,(anonymous_0)
DA:44,0
DA:45,0
DA:46,0
LF:3
LH:0
BRDA:45,0,0,0
BRDA:45,0,1,0
BRDA:46,1,0,0
BRDA:46,1,1,0
BRDA:47,2,0,0
BRDA:47,2,1,0
BRDA:48,3,0,0
BRDA:48,3,1,0
BRDA:49,4,0,0
BRDA:49,4,1,0
BRDA:50,5,0,0
BRDA:50,5,1,0
BRDA:51,6,0,0
BRDA:51,6,1,0
BRDA:52,7,0,0
BRDA:52,7,1,0
BRDA:53,8,0,0
BRDA:53,8,1,0
BRDA:54,9,0,0
BRDA:54,9,1,0
BRF:20
BRH:0
end_of_record
TN:
SF:services/clinicDataService.ts
FN:39,(anonymous_0)
FN:57,(anonymous_1)
FN:79,(anonymous_2)
FN:99,(anonymous_3)
FN:123,(anonymous_4)
FN:134,(anonymous_5)
FN:152,(anonymous_6)
FN:166,(anonymous_7)
FN:168,(anonymous_8)
FN:175,(anonymous_9)
FN:177,(anonymous_10)
FN:180,(anonymous_11)
FN:187,(anonymous_12)
FN:199,(anonymous_13)
FNF:14
FNH:14
FNDA:20,(anonymous_0)
FNDA:1,(anonymous_1)
FNDA:2,(anonymous_2)
FNDA:4,(anonymous_3)
FNDA:2,(anonymous_4)
FNDA:2,(anonymous_5)
FNDA:3,(anonymous_6)
FNDA:2,(anonymous_7)
FNDA:2,(anonymous_8)
FNDA:1,(anonymous_9)
FNDA:5,(anonymous_10)
FNDA:3,(anonymous_11)
FNDA:3,(anonymous_12)
FNDA:1,(anonymous_13)
DA:7,1
DA:40,20
DA:41,20
DA:58,1
DA:61,1
DA:62,1
DA:64,1
DA:65,2
DA:66,2
DA:80,2
DA:81,1
DA:83,1
DA:86,1
DA:102,4
DA:103,1
DA:107,3
DA:108,2
DA:109,1
DA:110,1
DA:113,1
DA:118,1
DA:121,1
DA:123,1
DA:124,2
DA:125,1
DA:128,1
DA:134,2
DA:139,2
DA:153,3
DA:154,3
DA:155,1
DA:158,2
DA:167,2
DA:168,2
DA:176,1
DA:177,1
DA:178,5
DA:179,5
DA:180,3
DA:188,3
DA:189,3
DA:191,3
DA:200,1
DA:201,1
LF:44
LH:44
BRDA:80,0,0,1
BRDA:80,0,1,1
BRDA:102,1,0,1
BRDA:102,1,1,3
BRDA:107,2,0,2
BRDA:107,2,1,1
BRDA:108,3,0,1
BRDA:108,3,1,1
BRDA:124,4,0,1
BRDA:124,4,1,1
BRDA:154,5,0,1
BRDA:154,5,1,2
BRDA:179,6,0,5
BRDA:179,6,1,4
BRDA:179,6,2,3
BRDA:191,7,0,3
BRDA:191,7,1,3
BRDA:191,7,2,2
BRF:18
BRH:18
end_of_record
TN:
SF:services/locationDataService.ts
FN:15,(anonymous_0)
FN:26,(anonymous_1)
FN:42,(anonymous_2)
FNF:3
FNH:3
FNDA:2,(anonymous_0)
FNDA:2,(anonymous_1)
FNDA:2,(anonymous_2)
DA:16,2
DA:27,2
DA:28,2
DA:29,1
DA:34,1
DA:43,2
LF:6
LH:6
BRDA:28,0,0,1
BRDA:28,0,1,1
BRF:2
BRH:2
end_of_record
TN:
SF:services/vaccineDataService.ts
FN:43,(anonymous_0)
FN:72,(anonymous_1)
FN:76,(anonymous_2)
FN:104,(anonymous_3)
FN:119,(anonymous_4)
FN:120,(anonymous_5)
FN:143,(anonymous_6)
FN:146,(anonymous_7)
FN:172,(anonymous_8)
FN:189,(anonymous_9)
FN:190,(anonymous_10)
FN:217,(anonymous_11)
FN:218,(anonymous_12)
FN:246,(anonymous_13)
FN:249,(anonymous_14)
FN:281,(anonymous_15)
FN:311,(anonymous_16)
FN:314,(anonymous_17)
FN:376,(anonymous_18)
FN:379,(anonymous_19)
FN:400,(anonymous_20)
FN:410,(anonymous_21)
FN:429,(anonymous_22)
FN:434,(anonymous_23)
FNF:24
FNH:16
FNDA:0,(anonymous_0)
FNDA:0,(anonymous_1)
FNDA:0,(anonymous_2)
FNDA:0,(anonymous_3)
FNDA:1,(anonymous_4)
FNDA:1,(anonymous_5)
FNDA:1,(anonymous_6)
FNDA:1,(anonymous_7)
FNDA:1,(anonymous_8)
FNDA:2,(anonymous_9)
FNDA:2,(anonymous_10)
FNDA:1,(anonymous_11)
FNDA:1,(anonymous_12)
FNDA:1,(anonymous_13)
FNDA:1,(anonymous_14)
FNDA:2,(anonymous_15)
FNDA:1,(anonymous_16)
FNDA:1,(anonymous_17)
FNDA:0,(anonymous_18)
FNDA:0,(anonymous_19)
FNDA:1,(anonymous_20)
FNDA:1,(anonymous_21)
FNDA:0,(anonymous_22)
FNDA:0,(anonymous_23)
DA:52,0
DA:58,0
DA:60,0
DA:61,0
DA:66,0
DA:67,0
DA:68,0
DA:69,0
DA:71,0
DA:73,0
DA:76,0
DA:80,0
DA:81,0
DA:83,0
DA:84,0
DA:85,0
DA:86,0
DA:87,0
DA:89,0
DA:90,0
DA:105,0
DA:108,0
DA:120,1
DA:121,1
DA:124,1
DA:125,1
DA:126,1
DA:128,0
DA:129,0
DA:146,1
DA:147,1
DA:148,1
DA:149,1
DA:155,0
DA:162,0
DA:173,1
DA:174,1
DA:176,0
DA:190,2
DA:191,2
DA:192,2
DA:193,2
DA:194,2
DA:195,1
DA:197,1
DA:200,0
DA:204,0
DA:218,1
DA:219,1
DA:222,1
DA:229,1
DA:230,1
DA:231,1
DA:233,0
DA:234,0
DA:247,1
DA:248,1
DA:249,1
DA:250,1
DA:251,1
DA:258,1
DA:259,1
DA:261,0
DA:264,1
DA:266,0
DA:285,2
DA:286,2
DA:287,2
DA:288,2
DA:292,0
DA:293,0
DA:295,2
DA:299,2
DA:312,1
DA:313,1
DA:314,1
DA:315,1
DA:316,1
DA:323,1
DA:325,1
DA:326,1
DA:329,1
DA:331,1
DA:349,0
DA:353,0
DA:358,1
DA:359,1
DA:361,0
DA:362,0
DA:379,0
DA:380,0
DA:384,0
DA:405,1
DA:410,1
DA:411,1
DA:416,1
DA:430,0
DA:432,0
DA:434,0
DA:435,0
DA:436,0
DA:440,0
DA:441,0
DA:444,0
DA:445,0
DA:447,0
DA:448,0
DA:452,0
DA:453,0
DA:455,0
DA:456,0
LF:111
LH:54
BRDA:45,0,0,0
BRDA:53,1,0,0
BRDA:53,1,1,0
BRDA:55,2,0,0
BRDA:55,2,1,0
BRDA:60,3,0,0
BRDA:60,3,1,0
BRDA:63,4,0,0
BRDA:63,4,1,0
BRDA:67,5,0,0
BRDA:67,5,1,0
BRDA:80,6,0,0
BRDA:80,6,1,0
BRDA:81,7,0,0
BRDA:81,7,1,0
BRDA:148,8,0,1
BRDA:148,8,1,0
BRDA:194,9,0,1
BRDA:194,9,1,1
BRDA:285,10,0,2
BRDA:285,10,1,2
BRDA:336,11,0,0
BRDA:336,11,1,1
BRDA:343,12,0,0
BRDA:343,12,1,1
BRDA:406,13,0,1
BRDA:406,13,1,0
BRDA:408,14,0,1
BRDA:408,14,1,0
BRDA:440,15,0,0
BRDA:440,15,1,0
BRF:31
BRH:9
end_of_record
TN:
SF:utils/ErrorTypes.ts
FN:4,(anonymous_0)
FN:12,(anonymous_1)
FN:18,(anonymous_2)
FN:25,(anonymous_3)
FN:31,(anonymous_4)
FN:39,(anonymous_5)
FN:49,(anonymous_6)
FN:57,(anonymous_7)
FN:64,(anonymous_8)
FN:71,(anonymous_9)
FN:78,(anonymous_10)
FNF:11
FNH:8
FNDA:22,(anonymous_0)
FNDA:13,(anonymous_1)
FNDA:3,(anonymous_2)
FNDA:3,(anonymous_3)
FNDA:3,(anonymous_4)
FNDA:20,(anonymous_5)
FNDA:18,(anonymous_6)
FNDA:0,(anonymous_7)
FNDA:1,(anonymous_8)
FNDA:0,(anonymous_9)
FNDA:0,(anonymous_10)
DA:5,22
DA:6,22
DA:7,22
DA:13,13
DA:19,3
DA:26,3
DA:32,3
DA:40,20
DA:41,20
DA:42,20
DA:50,18
DA:51,18
DA:52,18
DA:58,0
DA:59,0
DA:65,1
DA:66,1
DA:72,0
DA:73,0
DA:79,0
DA:80,0
LF:21
LH:15
BRDA:39,0,0,20
BRDA:49,1,0,18
BRDA:57,2,0,0
BRDA:64,3,0,1
BRDA:71,4,0,0
BRDA:78,5,0,0
BRF:6
BRH:3
end_of_record
TN:
SF:utils/config.ts
FNF:0
FNH:0
DA:1,9
LF:1
LH:1
BRDA:2,0,0,9
BRDA:2,0,1,9
BRF:2
BRH:2
end_of_record
TN:
SF:utils/constPaths.ts
FNF:0
FNH:0
DA:1,2
DA:2,2
DA:3,2
DA:4,2
DA:5,2
LF:5
LH:5
BRF:0
BRH:0
end_of_record
TN:
SF:utils/logger.ts
FN:28,(anonymous_0)
FNF:1
FNH:1
FNDA:40,(anonymous_0)
DA:5,9
DA:14,9
DA:28,40
LF:3
LH:3
BRF:0
BRH:0
end_of_record
