<?xml version="1.0" encoding="UTF-8"?>
<coverage generated="1744756349493" clover="3.2.0">
  <project timestamp="1744756349493" name="All files">
    <metrics statements="771" coveredstatements="577" conditionals="379" coveredconditionals="267" methods="159" coveredmethods="122" elements="1309" coveredelements="966" complexity="0" loc="771" ncloc="771" packages="10" files="25" classes="25"/>
    <package name="app.vaccine-info">
      <metrics statements="15" coveredstatements="1" conditionals="7" coveredconditionals="0" methods="6" coveredmethods="0"/>
      <file name="index.tsx" path="/home/runner/work/term-project-2025-team-3/term-project-2025-team-3/sk-vaccine-app/app/vaccine-info/index.tsx">
        <metrics statements="15" coveredstatements="1" conditionals="7" coveredconditionals="0" methods="6" coveredmethods="0"/>
        <line num="22" count="0" type="stmt"/>
        <line num="24" count="0" type="stmt"/>
        <line num="27" count="0" type="stmt"/>
        <line num="28" count="0" type="stmt"/>
        <line num="32" count="0" type="stmt"/>
        <line num="37" count="0" type="stmt"/>
        <line num="39" count="0" type="stmt"/>
        <line num="40" count="0" type="stmt"/>
        <line num="41" count="0" type="stmt"/>
        <line num="45" count="0" type="stmt"/>
        <line num="68" count="0" type="cond" truecount="0" falsecount="2"/>
        <line num="69" count="0" type="stmt"/>
        <line num="70" count="0" type="stmt"/>
        <line num="84" count="0" type="stmt"/>
        <line num="93" count="1" type="stmt"/>
      </file>
    </package>
    <package name="components">
      <metrics statements="38" coveredstatements="24" conditionals="35" coveredconditionals="20" methods="9" coveredmethods="2"/>
      <file name="card-link.tsx" path="/home/runner/work/term-project-2025-team-3/term-project-2025-team-3/sk-vaccine-app/components/card-link.tsx">
        <metrics statements="3" coveredstatements="2" conditionals="2" coveredconditionals="0" methods="1" coveredmethods="0"/>
        <line num="8" count="1" type="stmt"/>
        <line num="46" count="0" type="stmt"/>
        <line num="78" count="1" type="stmt"/>
      </file>
      <file name="map.tsx" path="/home/runner/work/term-project-2025-team-3/term-project-2025-team-3/sk-vaccine-app/components/map.tsx">
        <metrics statements="21" coveredstatements="14" conditionals="17" coveredconditionals="15" methods="5" coveredmethods="1"/>
        <line num="42" count="5" type="cond" truecount="1" falsecount="0"/>
        <line num="44" count="4" type="stmt"/>
        <line num="46" count="4" type="cond" truecount="4" falsecount="0"/>
        <line num="47" count="1" type="cond" truecount="2" falsecount="2"/>
        <line num="48" count="1" type="stmt"/>
        <line num="49" count="3" type="cond" truecount="4" falsecount="0"/>
        <line num="50" count="1" type="stmt"/>
        <line num="52" count="2" type="stmt"/>
        <line num="53" count="2" type="stmt"/>
        <line num="56" count="2" type="cond" truecount="4" falsecount="0"/>
        <line num="57" count="2" type="stmt"/>
        <line num="59" count="2" type="stmt"/>
        <line num="78" count="2" type="stmt"/>
        <line num="79" count="2" type="stmt"/>
        <line num="85" count="0" type="stmt"/>
        <line num="86" count="0" type="stmt"/>
        <line num="88" count="0" type="stmt"/>
        <line num="89" count="0" type="stmt"/>
        <line num="90" count="0" type="stmt"/>
        <line num="93" count="0" type="stmt"/>
        <line num="94" count="0" type="stmt"/>
      </file>
      <file name="search-bar.tsx" path="/home/runner/work/term-project-2025-team-3/term-project-2025-team-3/sk-vaccine-app/components/search-bar.tsx">
        <metrics statements="14" coveredstatements="8" conditionals="16" coveredconditionals="5" methods="3" coveredmethods="1"/>
        <line num="6" count="2" type="stmt"/>
        <line num="13" count="2" type="stmt"/>
        <line num="45" count="8" type="stmt"/>
        <line num="47" count="8" type="cond" truecount="2" falsecount="0"/>
        <line num="49" count="8" type="stmt"/>
        <line num="50" count="0" type="cond" truecount="0" falsecount="2"/>
        <line num="51" count="0" type="cond" truecount="0" falsecount="2"/>
        <line num="53" count="0" type="cond" truecount="0" falsecount="2"/>
        <line num="54" count="0" type="cond" truecount="0" falsecount="2"/>
        <line num="58" count="8" type="stmt"/>
        <line num="59" count="0" type="cond" truecount="0" falsecount="2"/>
        <line num="60" count="0" type="stmt"/>
        <line num="64" count="8" type="stmt"/>
        <line num="85" count="2" type="stmt"/>
      </file>
    </package>
    <package name="controllers">
      <metrics statements="67" coveredstatements="57" conditionals="23" coveredconditionals="18" methods="20" coveredmethods="18"/>
      <file name="vaccineDataController.ts" path="/home/runner/work/term-project-2025-team-3/term-project-2025-team-3/sk-vaccine-app/controllers/vaccineDataController.ts">
        <metrics statements="50" coveredstatements="40" conditionals="15" coveredconditionals="10" methods="16" coveredmethods="14"/>
        <line num="22" count="24" type="stmt"/>
        <line num="43" count="7" type="stmt"/>
        <line num="44" count="7" type="stmt"/>
        <line num="46" count="7" type="stmt"/>
        <line num="47" count="7" type="cond" truecount="1" falsecount="1"/>
        <line num="48" count="0" type="stmt"/>
        <line num="49" count="0" type="stmt"/>
        <line num="51" count="0" type="stmt"/>
        <line num="52" count="0" type="stmt"/>
        <line num="54" count="7" type="stmt"/>
        <line num="57" count="7" type="stmt"/>
        <line num="61" count="7" type="stmt"/>
        <line num="63" count="35" type="stmt"/>
        <line num="64" count="35" type="cond" truecount="1" falsecount="1"/>
        <line num="65" count="35" type="stmt"/>
        <line num="70" count="17" type="cond" truecount="1" falsecount="1"/>
        <line num="71" count="17" type="stmt"/>
        <line num="76" count="17" type="cond" truecount="2" falsecount="2"/>
        <line num="77" count="17" type="stmt"/>
        <line num="86" count="18" type="stmt"/>
        <line num="90" count="18" type="stmt"/>
        <line num="96" count="7" type="stmt"/>
        <line num="97" count="35" type="stmt"/>
        <line num="99" count="7" type="stmt"/>
        <line num="100" count="35" type="stmt"/>
        <line num="103" count="7" type="stmt"/>
        <line num="110" count="0" type="stmt"/>
        <line num="111" count="0" type="stmt"/>
        <line num="114" count="0" type="stmt"/>
        <line num="115" count="0" type="stmt"/>
        <line num="130" count="5" type="stmt"/>
        <line num="132" count="5" type="stmt"/>
        <line num="133" count="3" type="stmt"/>
        <line num="136" count="2" type="stmt"/>
        <line num="139" count="2" type="stmt"/>
        <line num="140" count="2" type="stmt"/>
        <line num="142" count="4" type="stmt"/>
        <line num="159" count="10" type="stmt"/>
        <line num="161" count="10" type="stmt"/>
        <line num="162" count="10" type="cond" truecount="2" falsecount="0"/>
        <line num="163" count="1" type="stmt"/>
        <line num="165" count="9" type="stmt"/>
        <line num="185" count="5" type="stmt"/>
        <line num="186" count="5" type="cond" truecount="2" falsecount="0"/>
        <line num="187" count="1" type="stmt"/>
        <line num="190" count="2" type="stmt"/>
        <line num="198" count="4" type="stmt"/>
        <line num="201" count="14" type="stmt"/>
        <line num="210" count="0" type="stmt"/>
        <line num="213" count="0" type="stmt"/>
      </file>
      <file name="welcomeFactController.ts" path="/home/runner/work/term-project-2025-team-3/term-project-2025-team-3/sk-vaccine-app/controllers/welcomeFactController.ts">
        <metrics statements="17" coveredstatements="17" conditionals="8" coveredconditionals="8" methods="4" coveredmethods="4"/>
        <line num="9" count="9" type="stmt"/>
        <line num="22" count="10" type="stmt"/>
        <line num="23" count="10" type="stmt"/>
        <line num="24" count="22" type="stmt"/>
        <line num="27" count="22" type="cond" truecount="4" falsecount="0"/>
        <line num="31" count="10" type="stmt"/>
        <line num="32" count="10" type="stmt"/>
        <line num="33" count="10" type="stmt"/>
        <line num="46" count="6" type="stmt"/>
        <line num="47" count="6" type="stmt"/>
        <line num="48" count="5" type="cond" truecount="2" falsecount="0"/>
        <line num="49" count="3" type="cond" truecount="2" falsecount="0"/>
        <line num="51" count="1" type="stmt"/>
        <line num="57" count="2" type="stmt"/>
        <line num="63" count="2" type="stmt"/>
        <line num="65" count="1" type="stmt"/>
        <line num="67" count="1" type="stmt"/>
      </file>
    </package>
    <package name="controllers.__tests__">
      <metrics statements="1" coveredstatements="1" conditionals="0" coveredconditionals="0" methods="0" coveredmethods="0"/>
      <file name="welcomeFacts.data.txt" path="/home/runner/work/term-project-2025-team-3/term-project-2025-team-3/sk-vaccine-app/controllers/__tests__/welcomeFacts.data.txt">
        <metrics statements="1" coveredstatements="1" conditionals="0" coveredconditionals="0" methods="0" coveredmethods="0"/>
        <line num="1" count="1" type="stmt"/>
      </file>
    </package>
    <package name="hooks">
      <metrics statements="135" coveredstatements="113" conditionals="86" coveredconditionals="66" methods="17" coveredmethods="14"/>
      <file name="clinicData.ts" path="/home/runner/work/term-project-2025-team-3/term-project-2025-team-3/sk-vaccine-app/hooks/clinicData.ts">
        <metrics statements="72" coveredstatements="58" conditionals="70" coveredconditionals="56" methods="6" coveredmethods="4"/>
        <line num="8" count="1" type="stmt"/>
        <line num="34" count="0" type="cond" truecount="0" falsecount="2"/>
        <line num="35" count="0" type="cond" truecount="0" falsecount="2"/>
        <line num="36" count="0" type="cond" truecount="0" falsecount="2"/>
        <line num="37" count="0" type="cond" truecount="0" falsecount="2"/>
        <line num="71" count="22" type="stmt"/>
        <line num="73" count="22" type="stmt"/>
        <line num="74" count="22" type="stmt"/>
        <line num="75" count="22" type="stmt"/>
        <line num="76" count="22" type="stmt"/>
        <line num="77" count="22" type="stmt"/>
        <line num="80" count="22" type="cond" truecount="2" falsecount="0"/>
        <line num="81" count="22" type="cond" truecount="2" falsecount="0"/>
        <line num="84" count="22" type="stmt"/>
        <line num="86" count="22" type="stmt"/>
        <line num="87" count="11" type="stmt"/>
        <line num="88" count="11" type="stmt"/>
        <line num="89" count="11" type="stmt"/>
        <line num="93" count="11" type="cond" truecount="4" falsecount="1"/>
        <line num="94" count="0" type="stmt"/>
        <line num="95" count="0" type="stmt"/>
        <line num="96" count="0" type="stmt"/>
        <line num="99" count="11" type="cond" truecount="1" falsecount="1"/>
        <line num="100" count="11" type="cond" truecount="4" falsecount="0"/>
        <line num="101" count="1" type="stmt"/>
        <line num="102" count="10" type="cond" truecount="2" falsecount="0"/>
        <line num="103" count="1" type="stmt"/>
        <line num="105" count="9" type="stmt"/>
        <line num="112" count="10" type="cond" truecount="4" falsecount="0"/>
        <line num="113" count="4" type="stmt"/>
        <line num="114" count="4" type="stmt"/>
        <line num="115" count="3" type="cond" truecount="2" falsecount="0"/>
        <line num="116" count="1" type="stmt"/>
        <line num="117" count="1" type="stmt"/>
        <line num="119" count="2" type="stmt"/>
        <line num="124" count="2" type="stmt"/>
        <line num="129" count="2" type="stmt"/>
        <line num="135" count="2" type="cond" truecount="2" falsecount="0"/>
        <line num="142" count="1" type="cond" truecount="2" falsecount="2"/>
        <line num="143" count="0" type="stmt"/>
        <line num="144" count="0" type="stmt"/>
        <line num="146" count="1" type="cond" truecount="1" falsecount="1"/>
        <line num="147" count="0" type="stmt"/>
        <line num="148" count="0" type="stmt"/>
        <line num="154" count="1" type="stmt"/>
        <line num="155" count="0" type="stmt"/>
        <line num="158" count="0" type="stmt"/>
        <line num="164" count="2" type="stmt"/>
        <line num="165" count="2" type="stmt"/>
        <line num="173" count="10" type="cond" truecount="5" falsecount="0"/>
        <line num="174" count="1" type="stmt"/>
        <line num="175" count="1" type="stmt"/>
        <line num="178" count="4" type="cond" truecount="5" falsecount="1"/>
        <line num="179" count="0" type="stmt"/>
        <line num="181" count="4" type="cond" truecount="4" falsecount="0"/>
        <line num="183" count="1" type="stmt"/>
        <line num="185" count="3" type="cond" truecount="4" falsecount="0"/>
        <line num="187" count="2" type="stmt"/>
        <line num="190" count="1" type="cond" truecount="2" falsecount="0"/>
        <line num="191" count="1" type="cond" truecount="2" falsecount="0"/>
        <line num="192" count="1" type="cond" truecount="2" falsecount="0"/>
        <line num="193" count="1" type="cond" truecount="2" falsecount="0"/>
        <line num="196" count="1" type="stmt"/>
        <line num="197" count="1" type="stmt"/>
        <line num="198" count="1" type="stmt"/>
        <line num="208" count="10" type="stmt"/>
        <line num="213" count="1" type="stmt"/>
        <line num="215" count="11" type="cond" truecount="2" falsecount="0"/>
        <line num="216" count="10" type="stmt"/>
        <line num="220" count="11" type="stmt"/>
        <line num="223" count="22" type="stmt"/>
        <line num="230" count="22" type="stmt"/>
      </file>
      <file name="locationData.ts" path="/home/runner/work/term-project-2025-team-3/term-project-2025-team-3/sk-vaccine-app/hooks/locationData.ts">
        <metrics statements="25" coveredstatements="22" conditionals="8" coveredconditionals="5" methods="3" coveredmethods="3"/>
        <line num="33" count="15" type="stmt"/>
        <line num="34" count="15" type="stmt"/>
        <line num="35" count="15" type="stmt"/>
        <line num="36" count="15" type="stmt"/>
        <line num="38" count="15" type="stmt"/>
        <line num="39" count="5" type="stmt"/>
        <line num="41" count="5" type="stmt"/>
        <line num="42" count="5" type="stmt"/>
        <line num="44" count="5" type="stmt"/>
        <line num="47" count="5" type="cond" truecount="4" falsecount="0"/>
        <line num="49" count="4" type="stmt"/>
        <line num="50" count="4" type="stmt"/>
        <line num="51" count="4" type="stmt"/>
        <line num="52" count="2" type="stmt"/>
        <line num="55" count="2" type="cond" truecount="1" falsecount="1"/>
        <line num="56" count="2" type="stmt"/>
        <line num="58" count="0" type="cond" truecount="0" falsecount="2"/>
        <line num="59" count="0" type="stmt"/>
        <line num="62" count="0" type="stmt"/>
        <line num="67" count="1" type="stmt"/>
        <line num="70" count="5" type="stmt"/>
        <line num="71" count="5" type="stmt"/>
        <line num="74" count="5" type="stmt"/>
        <line num="78" count="15" type="stmt"/>
        <line num="84" count="15" type="stmt"/>
      </file>
      <file name="vaccineData.ts" path="/home/runner/work/term-project-2025-team-3/term-project-2025-team-3/sk-vaccine-app/hooks/vaccineData.ts">
        <metrics statements="38" coveredstatements="33" conditionals="8" coveredconditionals="5" methods="8" coveredmethods="7"/>
        <line num="42" count="6" type="stmt"/>
        <line num="44" count="6" type="stmt"/>
        <line num="45" count="6" type="stmt"/>
        <line num="46" count="6" type="stmt"/>
        <line num="48" count="6" type="stmt"/>
        <line num="49" count="3" type="stmt"/>
        <line num="50" count="3" type="stmt"/>
        <line num="54" count="0" type="stmt"/>
        <line num="55" count="0" type="stmt"/>
        <line num="57" count="3" type="stmt"/>
        <line num="61" count="6" type="stmt"/>
        <line num="62" count="3" type="stmt"/>
        <line num="66" count="6" type="stmt"/>
        <line num="67" count="6" type="stmt"/>
        <line num="68" count="6" type="stmt"/>
        <line num="70" count="6" type="stmt"/>
        <line num="76" count="6" type="stmt"/>
        <line num="98" count="8" type="stmt"/>
        <line num="99" count="8" type="stmt"/>
        <line num="110" count="8" type="stmt"/>
        <line num="111" count="4" type="stmt"/>
        <line num="113" count="4" type="stmt"/>
        <line num="114" count="4" type="stmt"/>
        <line num="115" count="4" type="stmt"/>
        <line num="117" count="4" type="cond" truecount="1" falsecount="1"/>
        <line num="118" count="0" type="stmt"/>
        <line num="119" count="0" type="stmt"/>
        <line num="120" count="0" type="stmt"/>
        <line num="123" count="4" type="stmt"/>
        <line num="124" count="4" type="stmt"/>
        <line num="125" count="3" type="cond" truecount="1" falsecount="1"/>
        <line num="127" count="1" type="stmt"/>
        <line num="128" count="1" type="cond" truecount="1" falsecount="1"/>
        <line num="129" count="1" type="stmt"/>
        <line num="133" count="4" type="stmt"/>
        <line num="135" count="4" type="stmt"/>
        <line num="136" count="4" type="stmt"/>
        <line num="140" count="8" type="stmt"/>
      </file>
    </package>
    <package name="myorm">
      <metrics statements="196" coveredstatements="159" conditionals="131" coveredconditionals="94" methods="35" coveredmethods="32"/>
      <file name="base-entity.ts" path="/home/runner/work/term-project-2025-team-3/term-project-2025-team-3/sk-vaccine-app/myorm/base-entity.ts">
        <metrics statements="105" coveredstatements="89" conditionals="35" coveredconditionals="26" methods="19" coveredmethods="17"/>
        <line num="44" count="5" type="stmt"/>
        <line num="46" count="5" type="stmt"/>
        <line num="48" count="5" type="stmt"/>
        <line num="50" count="5" type="stmt"/>
        <line num="54" count="5" type="stmt"/>
        <line num="73" count="0" type="stmt"/>
        <line num="75" count="0" type="cond" truecount="0" falsecount="4"/>
        <line num="76" count="0" type="stmt"/>
        <line num="79" count="0" type="stmt"/>
        <line num="80" count="0" type="stmt"/>
        <line num="82" count="0" type="stmt"/>
        <line num="83" count="0" type="stmt"/>
        <line num="84" count="0" type="stmt"/>
        <line num="87" count="0" type="cond" truecount="0" falsecount="4"/>
        <line num="89" count="0" type="stmt"/>
        <line num="91" count="0" type="stmt"/>
        <line num="92" count="0" type="stmt"/>
        <line num="93" count="0" type="stmt"/>
        <line num="95" count="0" type="stmt"/>
        <line num="96" count="0" type="stmt"/>
        <line num="117" count="13" type="stmt"/>
        <line num="118" count="13" type="stmt"/>
        <line num="120" count="13" type="stmt"/>
        <line num="122" count="19" type="stmt"/>
        <line num="123" count="19" type="stmt"/>
        <line num="125" count="38" type="cond" truecount="2" falsecount="0"/>
        <line num="126" count="1" type="stmt"/>
        <line num="132" count="37" type="cond" truecount="2" falsecount="0"/>
        <line num="133" count="4" type="stmt"/>
        <line num="135" count="33" type="stmt"/>
        <line num="138" count="18" type="stmt"/>
        <line num="141" count="12" type="stmt"/>
        <line num="172" count="4" type="stmt"/>
        <line num="173" count="4" type="stmt"/>
        <line num="174" count="4" type="stmt"/>
        <line num="176" count="3" type="stmt"/>
        <line num="177" count="3" type="stmt"/>
        <line num="179" count="3" type="stmt"/>
        <line num="182" count="3" type="stmt"/>
        <line num="216" count="31" type="stmt"/>
        <line num="217" count="31" type="stmt"/>
        <line num="218" count="31" type="stmt"/>
        <line num="220" count="30" type="stmt"/>
        <line num="221" count="30" type="stmt"/>
        <line num="223" count="30" type="stmt"/>
        <line num="226" count="30" type="stmt"/>
        <line num="241" count="11" type="stmt"/>
        <line num="243" count="11" type="stmt"/>
        <line num="244" count="10" type="stmt"/>
        <line num="245" count="10" type="stmt"/>
        <line num="248" count="10" type="stmt"/>
        <line num="264" count="13" type="stmt"/>
        <line num="266" count="12" type="stmt"/>
        <line num="267" count="12" type="stmt"/>
        <line num="269" count="12" type="cond" truecount="1" falsecount="1"/>
        <line num="270" count="0" type="stmt"/>
        <line num="275" count="12" type="stmt"/>
        <line num="276" count="12" type="stmt"/>
        <line num="291" count="3" type="stmt"/>
        <line num="294" count="3" type="stmt"/>
        <line num="296" count="2" type="stmt"/>
        <line num="308" count="183" type="stmt"/>
        <line num="310" count="183" type="stmt"/>
        <line num="313" count="183" type="cond" truecount="2" falsecount="0"/>
        <line num="314" count="6" type="stmt"/>
        <line num="317" count="183" type="cond" truecount="2" falsecount="0"/>
        <line num="318" count="3" type="stmt"/>
        <line num="320" count="183" type="cond" truecount="2" falsecount="0"/>
        <line num="321" count="3" type="stmt"/>
        <line num="324" count="183" type="cond" truecount="2" falsecount="0"/>
        <line num="325" count="8" type="stmt"/>
        <line num="332" count="175" type="stmt"/>
        <line num="347" count="112" type="stmt"/>
        <line num="349" count="112" type="stmt"/>
        <line num="351" count="112" type="stmt"/>
        <line num="352" count="112" type="stmt"/>
        <line num="354" count="112" type="stmt"/>
        <line num="355" count="112" type="stmt"/>
        <line num="356" count="112" type="stmt"/>
        <line num="358" count="112" type="stmt"/>
        <line num="361" count="485" type="stmt"/>
        <line num="363" count="112" type="stmt"/>
        <line num="366" count="112" type="stmt"/>
        <line num="367" count="373" type="stmt"/>
        <line num="370" count="373" type="cond" truecount="5" falsecount="0"/>
        <line num="371" count="1" type="stmt"/>
        <line num="376" count="372" type="cond" truecount="2" falsecount="0"/>
        <line num="377" count="45" type="stmt"/>
        <line num="380" count="327" type="stmt"/>
        <line num="383" count="111" type="stmt"/>
        <line num="384" count="111" type="stmt"/>
        <line num="389" count="111" type="cond" truecount="2" falsecount="0"/>
        <line num="391" count="110" type="cond" truecount="4" falsecount="0"/>
        <line num="392" count="1" type="stmt"/>
        <line num="393" count="1" type="stmt"/>
        <line num="396" count="372" type="stmt"/>
        <line num="398" count="372" type="stmt"/>
        <line num="400" count="110" type="stmt"/>
        <line num="407" count="110" type="stmt"/>
        <line num="410" count="110" type="stmt"/>
        <line num="411" count="110" type="stmt"/>
        <line num="415" count="1" type="stmt"/>
        <line num="417" count="1" type="stmt"/>
        <line num="421" count="1" type="stmt"/>
        <line num="423" count="1" type="stmt"/>
      </file>
      <file name="clinic-entity.ts" path="/home/runner/work/term-project-2025-team-3/term-project-2025-team-3/sk-vaccine-app/myorm/clinic-entity.ts">
        <metrics statements="16" coveredstatements="0" conditionals="14" coveredconditionals="0" methods="1" coveredmethods="0"/>
        <line num="39" count="0" type="stmt"/>
        <line num="40" count="0" type="cond" truecount="0" falsecount="2"/>
        <line num="41" count="0" type="cond" truecount="0" falsecount="2"/>
        <line num="42" count="0" type="cond" truecount="0" falsecount="2"/>
        <line num="43" count="0" type="cond" truecount="0" falsecount="2"/>
        <line num="44" count="0" type="cond" truecount="0" falsecount="2"/>
        <line num="45" count="0" type="cond" truecount="0" falsecount="2"/>
        <line num="46" count="0" type="cond" truecount="0" falsecount="2"/>
        <line num="47" count="0" type="stmt"/>
        <line num="48" count="0" type="stmt"/>
        <line num="51" count="0" type="stmt"/>
        <line num="52" count="0" type="stmt"/>
        <line num="53" count="0" type="stmt"/>
        <line num="54" count="0" type="stmt"/>
        <line num="55" count="0" type="stmt"/>
        <line num="56" count="0" type="stmt"/>
      </file>
      <file name="decorators.ts" path="/home/runner/work/term-project-2025-team-3/term-project-2025-team-3/sk-vaccine-app/myorm/decorators.ts">
        <metrics statements="69" coveredstatements="64" conditionals="58" coveredconditionals="52" methods="13" coveredmethods="13"/>
        <line num="8" count="10" type="stmt"/>
        <line num="66" count="60" type="stmt"/>
        <line num="67" count="60" type="stmt"/>
        <line num="69" count="60" type="cond" truecount="4" falsecount="0"/>
        <line num="70" count="1" type="stmt"/>
        <line num="76" count="59" type="cond" truecount="2" falsecount="0"/>
        <line num="77" count="15" type="stmt"/>
        <line num="86" count="59" type="cond" truecount="2" falsecount="0"/>
        <line num="87" count="10" type="stmt"/>
        <line num="92" count="59" type="stmt"/>
        <line num="115" count="9" type="stmt"/>
        <line num="116" count="9" type="cond" truecount="2" falsecount="0"/>
        <line num="129" count="1" type="stmt"/>
        <line num="142" count="54" type="cond" truecount="2" falsecount="0"/>
        <line num="143" count="9" type="stmt"/>
        <line num="145" count="45" type="cond" truecount="2" falsecount="0"/>
        <line num="146" count="25" type="stmt"/>
        <line num="148" count="20" type="cond" truecount="2" falsecount="0"/>
        <line num="149" count="18" type="stmt"/>
        <line num="151" count="2" type="cond" truecount="1" falsecount="1"/>
        <line num="152" count="2" type="stmt"/>
        <line num="154" count="0" type="cond" truecount="0" falsecount="2"/>
        <line num="155" count="0" type="stmt"/>
        <line num="157" count="0" type="stmt"/>
        <line num="172" count="14" type="cond" truecount="2" falsecount="0"/>
        <line num="173" count="14" type="stmt"/>
        <line num="177" count="14" type="cond" truecount="2" falsecount="0"/>
        <line num="178" count="8" type="stmt"/>
        <line num="179" count="8" type="stmt"/>
        <line num="181" count="14" type="stmt"/>
        <line num="183" count="14" type="stmt"/>
        <line num="189" count="14" type="stmt"/>
        <line num="191" count="14" type="cond" truecount="2" falsecount="0"/>
        <line num="194" count="14" type="cond" truecount="2" falsecount="0"/>
        <line num="195" count="2" type="stmt"/>
        <line num="198" count="2" type="stmt"/>
        <line num="200" count="3" type="stmt"/>
        <line num="209" count="2" type="stmt"/>
        <line num="211" count="2" type="stmt"/>
        <line num="220" count="2" type="cond" truecount="1" falsecount="1"/>
        <line num="221" count="2" type="stmt"/>
        <line num="226" count="14" type="stmt"/>
        <line num="229" count="12" type="stmt"/>
        <line num="231" count="12" type="stmt"/>
        <line num="243" count="14" type="stmt"/>
        <line num="245" count="14" type="cond" truecount="1" falsecount="1"/>
        <line num="246" count="0" type="stmt"/>
        <line num="249" count="14" type="cond" truecount="4" falsecount="0"/>
        <line num="250" count="1" type="stmt"/>
        <line num="253" count="13" type="stmt"/>
        <line num="255" count="13" type="stmt"/>
        <line num="258" count="13" type="stmt"/>
        <line num="259" count="13" type="cond" truecount="1" falsecount="1"/>
        <line num="260" count="0" type="stmt"/>
        <line num="264" count="13" type="stmt"/>
        <line num="267" count="13" type="stmt"/>
        <line num="270" count="13" type="stmt"/>
        <line num="272" count="60" type="cond" truecount="2" falsecount="0"/>
        <line num="273" count="14" type="stmt"/>
        <line num="274" count="14" type="cond" truecount="2" falsecount="0"/>
        <line num="275" count="1" type="stmt"/>
        <line num="279" count="13" type="stmt"/>
        <line num="281" count="46" type="cond" truecount="2" falsecount="0"/>
        <line num="282" count="9" type="stmt"/>
        <line num="283" count="37" type="cond" truecount="2" falsecount="0"/>
        <line num="284" count="4" type="stmt"/>
        <line num="286" count="33" type="stmt"/>
        <line num="291" count="12" type="stmt"/>
        <line num="292" count="12" type="stmt"/>
      </file>
      <file name="vaccine-entity.ts" path="/home/runner/work/term-project-2025-team-3/term-project-2025-team-3/sk-vaccine-app/myorm/vaccine-entity.ts">
        <metrics statements="3" coveredstatements="3" conditionals="20" coveredconditionals="14" methods="1" coveredmethods="1"/>
        <line num="39" count="22" type="stmt"/>
        <line num="40" count="22" type="cond" truecount="1" falsecount="1"/>
        <line num="41" count="22" type="cond" truecount="1" falsecount="1"/>
      </file>
      <file name="welcomeFact-entity.ts" path="/home/runner/work/term-project-2025-team-3/term-project-2025-team-3/sk-vaccine-app/myorm/welcomeFact-entity.ts">
        <metrics statements="3" coveredstatements="3" conditionals="4" coveredconditionals="2" methods="1" coveredmethods="1"/>
        <line num="25" count="90" type="stmt"/>
        <line num="26" count="90" type="cond" truecount="1" falsecount="1"/>
        <line num="27" count="90" type="cond" truecount="1" falsecount="1"/>
      </file>
    </package>
    <package name="myorm.__tests__">
      <metrics statements="25" coveredstatements="21" conditionals="8" coveredconditionals="5" methods="8" coveredmethods="7"/>
      <file name="mock-db.ts" path="/home/runner/work/term-project-2025-team-3/term-project-2025-team-3/sk-vaccine-app/myorm/__tests__/mock-db.ts">
        <metrics statements="25" coveredstatements="21" conditionals="8" coveredconditionals="5" methods="8" coveredmethods="7"/>
        <line num="18" count="5" type="stmt"/>
        <line num="20" count="5" type="stmt"/>
        <line num="21" count="27" type="cond" truecount="1" falsecount="1"/>
        <line num="23" count="0" type="stmt"/>
        <line num="25" count="0" type="stmt"/>
        <line num="30" count="27" type="stmt"/>
        <line num="36" count="27" type="stmt"/>
        <line num="42" count="5" type="stmt"/>
        <line num="43" count="214" type="cond" truecount="2" falsecount="0"/>
        <line num="45" count="107" type="stmt"/>
        <line num="47" count="107" type="stmt"/>
        <line num="52" count="107" type="stmt"/>
        <line num="62" count="107" type="stmt"/>
        <line num="72" count="107" type="cond" truecount="1" falsecount="1"/>
        <line num="73" count="0" type="stmt"/>
        <line num="78" count="107" type="stmt"/>
        <line num="86" count="107" type="cond" truecount="1" falsecount="1"/>
        <line num="87" count="0" type="stmt"/>
        <line num="92" count="107" type="stmt"/>
        <line num="107" count="5" type="stmt"/>
        <line num="108" count="5" type="stmt"/>
        <line num="110" count="5" type="stmt"/>
        <line num="111" count="5" type="stmt"/>
        <line num="112" count="5" type="stmt"/>
        <line num="114" count="5" type="stmt"/>
      </file>
    </package>
    <package name="services">
      <metrics statements="257" coveredstatements="172" conditionals="80" coveredconditionals="60" methods="50" coveredmethods="39"/>
      <file name="clinicDataService.ts" path="/home/runner/work/term-project-2025-team-3/term-project-2025-team-3/sk-vaccine-app/services/clinicDataService.ts">
        <metrics statements="44" coveredstatements="44" conditionals="18" coveredconditionals="18" methods="14" coveredmethods="14"/>
        <line num="7" count="3" type="stmt"/>
        <line num="40" count="27" type="stmt"/>
        <line num="41" count="27" type="stmt"/>
        <line num="58" count="2" type="stmt"/>
        <line num="61" count="2" type="stmt"/>
        <line num="62" count="2" type="stmt"/>
        <line num="64" count="2" type="stmt"/>
        <line num="65" count="4" type="stmt"/>
        <line num="66" count="4" type="stmt"/>
        <line num="80" count="3" type="cond" truecount="2" falsecount="0"/>
        <line num="81" count="2" type="stmt"/>
        <line num="83" count="1" type="stmt"/>
        <line num="86" count="1" type="stmt"/>
        <line num="102" count="4" type="cond" truecount="2" falsecount="0"/>
        <line num="103" count="1" type="stmt"/>
        <line num="107" count="3" type="cond" truecount="2" falsecount="0"/>
        <line num="108" count="2" type="cond" truecount="2" falsecount="0"/>
        <line num="109" count="1" type="stmt"/>
        <line num="110" count="1" type="stmt"/>
        <line num="113" count="1" type="stmt"/>
        <line num="118" count="1" type="stmt"/>
        <line num="121" count="1" type="stmt"/>
        <line num="123" count="1" type="stmt"/>
        <line num="124" count="2" type="cond" truecount="2" falsecount="0"/>
        <line num="125" count="1" type="stmt"/>
        <line num="128" count="1" type="stmt"/>
        <line num="134" count="2" type="stmt"/>
        <line num="139" count="2" type="stmt"/>
        <line num="153" count="3" type="stmt"/>
        <line num="154" count="3" type="cond" truecount="2" falsecount="0"/>
        <line num="155" count="1" type="stmt"/>
        <line num="158" count="2" type="stmt"/>
        <line num="167" count="2" type="stmt"/>
        <line num="168" count="2" type="stmt"/>
        <line num="176" count="1" type="stmt"/>
        <line num="177" count="1" type="stmt"/>
        <line num="178" count="5" type="stmt"/>
        <line num="179" count="5" type="cond" truecount="3" falsecount="0"/>
        <line num="180" count="3" type="stmt"/>
        <line num="188" count="4" type="stmt"/>
        <line num="189" count="4" type="stmt"/>
        <line num="191" count="4" type="cond" truecount="3" falsecount="0"/>
        <line num="200" count="1" type="stmt"/>
        <line num="201" count="1" type="stmt"/>
      </file>
      <file name="locationDataService.ts" path="/home/runner/work/term-project-2025-team-3/term-project-2025-team-3/sk-vaccine-app/services/locationDataService.ts">
        <metrics statements="19" coveredstatements="19" conditionals="10" coveredconditionals="10" methods="4" coveredmethods="4"/>
        <line num="17" count="2" type="stmt"/>
        <line num="28" count="2" type="stmt"/>
        <line num="29" count="2" type="cond" truecount="2" falsecount="0"/>
        <line num="30" count="1" type="stmt"/>
        <line num="35" count="1" type="stmt"/>
        <line num="44" count="2" type="stmt"/>
        <line num="58" count="4" type="cond" truecount="2" falsecount="0"/>
        <line num="59" count="3" type="cond" truecount="2" falsecount="0"/>
        <line num="60" count="2" type="cond" truecount="2" falsecount="0"/>
        <line num="61" count="2" type="cond" truecount="2" falsecount="0"/>
        <line num="64" count="2" type="stmt"/>
        <line num="65" count="2" type="stmt"/>
        <line num="66" count="2" type="stmt"/>
        <line num="68" count="2" type="stmt"/>
        <line num="72" count="2" type="stmt"/>
        <line num="73" count="2" type="stmt"/>
        <line num="75" count="2" type="stmt"/>
        <line num="76" count="2" type="stmt"/>
        <line num="77" count="2" type="stmt"/>
      </file>
      <file name="vaccineDataService.ts" path="/home/runner/work/term-project-2025-team-3/term-project-2025-team-3/sk-vaccine-app/services/vaccineDataService.ts">
        <metrics statements="170" coveredstatements="88" conditionals="45" coveredconditionals="26" methods="29" coveredmethods="18"/>
        <line num="55" count="21" type="stmt"/>
        <line num="61" count="21" type="stmt"/>
        <line num="63" count="21" type="cond" truecount="2" falsecount="0"/>
        <line num="64" count="14" type="stmt"/>
        <line num="69" count="14" type="stmt"/>
        <line num="70" count="14" type="cond" truecount="2" falsecount="0"/>
        <line num="71" count="5" type="stmt"/>
        <line num="72" count="5" type="stmt"/>
        <line num="74" count="9" type="stmt"/>
        <line num="76" count="27" type="stmt"/>
        <line num="79" count="27" type="stmt"/>
        <line num="83" count="21" type="cond" truecount="2" falsecount="0"/>
        <line num="84" count="5" type="cond" truecount="2" falsecount="0"/>
        <line num="86" count="21" type="stmt"/>
        <line num="87" count="21" type="stmt"/>
        <line num="88" count="21" type="stmt"/>
        <line num="89" count="21" type="stmt"/>
        <line num="93" count="21" type="stmt"/>
        <line num="94" count="21" type="stmt"/>
        <line num="95" count="21" type="stmt"/>
        <line num="97" count="0" type="stmt"/>
        <line num="98" count="0" type="stmt"/>
        <line num="112" count="0" type="stmt"/>
        <line num="115" count="0" type="stmt"/>
        <line num="127" count="1" type="stmt"/>
        <line num="128" count="1" type="stmt"/>
        <line num="131" count="1" type="stmt"/>
        <line num="136" count="1" type="stmt"/>
        <line num="137" count="1" type="stmt"/>
        <line num="139" count="0" type="stmt"/>
        <line num="140" count="0" type="stmt"/>
        <line num="157" count="1" type="stmt"/>
        <line num="158" count="1" type="stmt"/>
        <line num="159" count="1" type="cond" truecount="1" falsecount="1"/>
        <line num="160" count="1" type="stmt"/>
        <line num="166" count="0" type="stmt"/>
        <line num="173" count="0" type="stmt"/>
        <line num="184" count="1" type="stmt"/>
        <line num="185" count="1" type="stmt"/>
        <line num="187" count="0" type="stmt"/>
        <line num="201" count="2" type="stmt"/>
        <line num="202" count="2" type="stmt"/>
        <line num="203" count="2" type="stmt"/>
        <line num="204" count="2" type="stmt"/>
        <line num="205" count="2" type="cond" truecount="2" falsecount="0"/>
        <line num="206" count="1" type="stmt"/>
        <line num="208" count="1" type="stmt"/>
        <line num="211" count="0" type="stmt"/>
        <line num="215" count="0" type="stmt"/>
        <line num="229" count="2" type="stmt"/>
        <line num="231" count="2" type="stmt"/>
        <line num="232" count="2" type="stmt"/>
        <line num="233" count="2" type="stmt"/>
        <line num="235" count="1" type="cond" truecount="1" falsecount="1"/>
        <line num="236" count="0" type="stmt"/>
        <line num="238" count="1" type="stmt"/>
        <line num="240" count="1" type="stmt"/>
        <line num="242" count="1" type="stmt"/>
        <line num="244" count="1" type="stmt"/>
        <line num="245" count="1" type="stmt"/>
        <line num="258" count="1" type="stmt"/>
        <line num="259" count="1" type="stmt"/>
        <line num="260" count="1" type="stmt"/>
        <line num="261" count="1" type="stmt"/>
        <line num="262" count="1" type="stmt"/>
        <line num="269" count="1" type="stmt"/>
        <line num="270" count="1" type="stmt"/>
        <line num="272" count="0" type="stmt"/>
        <line num="275" count="1" type="stmt"/>
        <line num="277" count="0" type="stmt"/>
        <line num="294" count="0" type="stmt"/>
        <line num="295" count="0" type="stmt"/>
        <line num="298" count="0" type="stmt"/>
        <line num="299" count="0" type="stmt"/>
        <line num="302" count="0" type="stmt"/>
        <line num="303" count="0" type="stmt"/>
        <line num="305" count="0" type="stmt"/>
        <line num="319" count="0" type="stmt"/>
        <line num="320" count="0" type="stmt"/>
        <line num="321" count="0" type="stmt"/>
        <line num="323" count="0" type="stmt"/>
        <line num="328" count="0" type="stmt"/>
        <line num="330" count="0" type="stmt"/>
        <line num="331" count="0" type="stmt"/>
        <line num="333" count="0" type="stmt"/>
        <line num="335" count="0" type="stmt"/>
        <line num="337" count="0" type="stmt"/>
        <line num="338" count="0" type="cond" truecount="0" falsecount="2"/>
        <line num="339" count="0" type="stmt"/>
        <line num="340" count="0" type="stmt"/>
        <line num="344" count="0" type="stmt"/>
        <line num="347" count="0" type="stmt"/>
        <line num="349" count="0" type="stmt"/>
        <line num="350" count="0" type="stmt"/>
        <line num="355" count="0" type="stmt"/>
        <line num="356" count="0" type="stmt"/>
        <line num="358" count="0" type="stmt"/>
        <line num="363" count="0" type="stmt"/>
        <line num="366" count="0" type="stmt"/>
        <line num="385" count="0" type="cond" truecount="0" falsecount="2"/>
        <line num="386" count="0" type="stmt"/>
        <line num="388" count="0" type="stmt"/>
        <line num="389" count="0" type="stmt"/>
        <line num="392" count="0" type="stmt"/>
        <line num="393" count="0" type="cond" truecount="0" falsecount="2"/>
        <line num="394" count="0" type="stmt"/>
        <line num="396" count="0" type="stmt"/>
        <line num="398" count="0" type="stmt"/>
        <line num="403" count="0" type="stmt"/>
        <line num="404" count="0" type="stmt"/>
        <line num="406" count="0" type="stmt"/>
        <line num="410" count="0" type="stmt"/>
        <line num="423" count="1" type="stmt"/>
        <line num="424" count="1" type="stmt"/>
        <line num="425" count="1" type="stmt"/>
        <line num="426" count="1" type="stmt"/>
        <line num="427" count="1" type="stmt"/>
        <line num="428" count="1" type="stmt"/>
        <line num="437" count="1" type="stmt"/>
        <line num="439" count="1" type="stmt"/>
        <line num="441" count="1" type="stmt"/>
        <line num="443" count="1" type="stmt"/>
        <line num="444" count="1" type="stmt"/>
        <line num="447" count="1" type="stmt"/>
        <line num="450" count="1" type="stmt"/>
        <line num="454" count="1" type="stmt"/>
        <line num="472" count="0" type="stmt"/>
        <line num="476" count="0" type="stmt"/>
        <line num="481" count="1" type="stmt"/>
        <line num="482" count="1" type="stmt"/>
        <line num="484" count="0" type="stmt"/>
        <line num="485" count="0" type="stmt"/>
        <line num="500" count="1" type="stmt"/>
        <line num="501" count="1" type="stmt"/>
        <line num="503" count="1" type="cond" truecount="1" falsecount="1"/>
        <line num="504" count="0" type="stmt"/>
        <line num="506" count="1" type="stmt"/>
        <line num="509" count="1" type="stmt"/>
        <line num="511" count="0" type="stmt"/>
        <line num="534" count="1" type="stmt"/>
        <line num="536" count="1" type="stmt"/>
        <line num="538" count="1" type="cond" truecount="1" falsecount="1"/>
        <line num="539" count="0" type="stmt"/>
        <line num="541" count="1" type="stmt"/>
        <line num="546" count="1" type="cond" truecount="1" falsecount="1"/>
        <line num="547" count="1" type="stmt"/>
        <line num="549" count="1" type="cond" truecount="1" falsecount="1"/>
        <line num="550" count="1" type="stmt"/>
        <line num="552" count="1" type="cond" truecount="1" falsecount="1"/>
        <line num="553" count="0" type="stmt"/>
        <line num="555" count="1" type="cond" truecount="1" falsecount="1"/>
        <line num="556" count="0" type="stmt"/>
        <line num="560" count="1" type="stmt"/>
        <line num="562" count="0" type="stmt"/>
        <line num="563" count="0" type="stmt"/>
        <line num="577" count="0" type="stmt"/>
        <line num="579" count="0" type="stmt"/>
        <line num="581" count="0" type="stmt"/>
        <line num="582" count="0" type="stmt"/>
        <line num="583" count="0" type="stmt"/>
        <line num="587" count="0" type="cond" truecount="0" falsecount="2"/>
        <line num="588" count="0" type="stmt"/>
        <line num="591" count="0" type="stmt"/>
        <line num="592" count="0" type="stmt"/>
        <line num="594" count="0" type="stmt"/>
        <line num="595" count="0" type="stmt"/>
        <line num="599" count="0" type="stmt"/>
        <line num="600" count="0" type="stmt"/>
        <line num="602" count="0" type="stmt"/>
        <line num="603" count="0" type="stmt"/>
      </file>
      <file name="welcomeFactService.ts" path="/home/runner/work/term-project-2025-team-3/term-project-2025-team-3/sk-vaccine-app/services/welcomeFactService.ts">
        <metrics statements="24" coveredstatements="21" conditionals="7" coveredconditionals="6" methods="3" coveredmethods="3"/>
        <line num="19" count="5" type="stmt"/>
        <line num="20" count="5" type="stmt"/>
        <line num="23" count="5" type="stmt"/>
        <line num="24" count="3" type="stmt"/>
        <line num="26" count="2" type="cond" truecount="1" falsecount="1"/>
        <line num="27" count="2" type="stmt"/>
        <line num="31" count="0" type="stmt"/>
        <line num="47" count="10" type="cond" truecount="2" falsecount="0"/>
        <line num="48" count="4" type="stmt"/>
        <line num="50" count="4" type="stmt"/>
        <line num="53" count="6" type="stmt"/>
        <line num="56" count="6" type="stmt"/>
        <line num="57" count="25" type="stmt"/>
        <line num="58" count="25" type="stmt"/>
        <line num="59" count="25" type="stmt"/>
        <line num="78" count="9" type="stmt"/>
        <line num="79" count="9" type="stmt"/>
        <line num="80" count="9" type="cond" truecount="2" falsecount="0"/>
        <line num="81" count="5" type="stmt"/>
        <line num="84" count="9" type="stmt"/>
        <line num="86" count="9" type="stmt"/>
        <line num="91" count="9" type="stmt"/>
        <line num="93" count="0" type="stmt"/>
        <line num="94" count="0" type="stmt"/>
      </file>
    </package>
    <package name="services.__tests__">
      <metrics statements="2" coveredstatements="2" conditionals="0" coveredconditionals="0" methods="0" coveredmethods="0"/>
      <file name="welcomeFacts-nc.data.txt" path="/home/runner/work/term-project-2025-team-3/term-project-2025-team-3/sk-vaccine-app/services/__tests__/welcomeFacts-nc.data.txt">
        <metrics statements="1" coveredstatements="1" conditionals="0" coveredconditionals="0" methods="0" coveredmethods="0"/>
        <line num="1" count="1" type="stmt"/>
      </file>
      <file name="welcomeFacts.data.txt" path="/home/runner/work/term-project-2025-team-3/term-project-2025-team-3/sk-vaccine-app/services/__tests__/welcomeFacts.data.txt">
        <metrics statements="1" coveredstatements="1" conditionals="0" coveredconditionals="0" methods="0" coveredmethods="0"/>
        <line num="1" count="2" type="stmt"/>
      </file>
    </package>
    <package name="utils">
      <metrics statements="35" coveredstatements="27" conditionals="9" coveredconditionals="4" methods="14" coveredmethods="10"/>
      <file name="ErrorTypes.ts" path="/home/runner/work/term-project-2025-team-3/term-project-2025-team-3/sk-vaccine-app/utils/ErrorTypes.ts">
        <metrics statements="28" coveredstatements="20" conditionals="9" coveredconditionals="4" methods="14" coveredmethods="10"/>
        <line num="5" count="24" type="stmt"/>
        <line num="6" count="24" type="stmt"/>
        <line num="7" count="24" type="stmt"/>
        <line num="13" count="13" type="stmt"/>
        <line num="19" count="3" type="stmt"/>
        <line num="26" count="5" type="stmt"/>
        <line num="32" count="3" type="stmt"/>
        <line num="40" count="18" type="stmt"/>
        <line num="41" count="18" type="stmt"/>
        <line num="42" count="18" type="stmt"/>
        <line num="50" count="18" type="stmt"/>
        <line num="51" count="18" type="stmt"/>
        <line num="52" count="18" type="stmt"/>
        <line num="58" count="0" type="stmt"/>
        <line num="59" count="0" type="stmt"/>
        <line num="65" count="1" type="stmt"/>
        <line num="66" count="1" type="stmt"/>
        <line num="72" count="0" type="stmt"/>
        <line num="73" count="0" type="stmt"/>
        <line num="79" count="0" type="stmt"/>
        <line num="80" count="0" type="stmt"/>
        <line num="87" count="3" type="stmt"/>
        <line num="88" count="3" type="stmt"/>
        <line num="89" count="3" type="stmt"/>
        <line num="95" count="0" type="stmt"/>
        <line num="96" count="0" type="stmt"/>
        <line num="102" count="2" type="stmt"/>
        <line num="103" count="2" type="stmt"/>
      </file>
      <file name="colours.ts" path="/home/runner/work/term-project-2025-team-3/term-project-2025-team-3/sk-vaccine-app/utils/colours.ts">
        <metrics statements="1" coveredstatements="1" conditionals="0" coveredconditionals="0" methods="0" coveredmethods="0"/>
        <line num="1" count="1" type="stmt"/>
      </file>
      <file name="constPaths.ts" path="/home/runner/work/term-project-2025-team-3/term-project-2025-team-3/sk-vaccine-app/utils/constPaths.ts">
        <metrics statements="6" coveredstatements="6" conditionals="0" coveredconditionals="0" methods="0" coveredmethods="0"/>
        <line num="1" count="1" type="stmt"/>
        <line num="2" count="1" type="stmt"/>
        <line num="3" count="1" type="stmt"/>
        <line num="4" count="1" type="stmt"/>
        <line num="5" count="1" type="stmt"/>
        <line num="6" count="1" type="stmt"/>
      </file>
    </package>
  </project>
</coverage>
