{"/home/runner/work/term-project-2025-team-3/term-project-2025-team-3/sk-vaccine-app/app/vaccine-info.tsx": {"path":"/home/runner/work/term-project-2025-team-3/term-project-2025-team-3/sk-vaccine-app/app/vaccine-info.tsx","statementMap":{"0":{"start":{"line":18,"column":15},"end":{"line":27,"column":1}},"1":{"start":{"line":30,"column":36},"end":{"line":30,"column":48}},"2":{"start":{"line":32,"column":2},"end":{"line":32,"column":39}},"3":{"start":{"line":35,"column":58},"end":{"line":37,"column":4}},"4":{"start":{"line":39,"column":2},"end":{"line":85,"column":4}},"5":{"start":{"line":53,"column":37},"end":{"line":53,"column":60}},"6":{"start":{"line":64,"column":14},"end":{"line":64,"column":66}},"7":{"start":{"line":65,"column":12},"end":{"line":65,"column":53}},"8":{"start":{"line":66,"column":12},"end":{"line":78,"column":14}},"9":{"start":{"line":80,"column":41},"end":{"line":80,"column":57}},"10":{"start":{"line":88,"column":15},"end":{"line":135,"column":2}}},"fnMap":{"0":{"name":"Page","decl":{"start":{"line":29,"column":24},"end":{"line":29,"column":28}},"loc":{"start":{"line":29,"column":31},"end":{"line":86,"column":1}},"line":29},"1":{"name":"(anonymous_1)","decl":{"start":{"line":53,"column":31},"end":{"line":53,"column":32}},"loc":{"start":{"line":53,"column":37},"end":{"line":53,"column":60}},"line":53},"2":{"name":"(anonymous_2)","decl":{"start":{"line":62,"column":22},"end":{"line":62,"column":23}},"loc":{"start":{"line":62,"column":43},"end":{"line":79,"column":11}},"line":62},"3":{"name":"(anonymous_3)","decl":{"start":{"line":80,"column":24},"end":{"line":80,"column":25}},"loc":{"start":{"line":80,"column":41},"end":{"line":80,"column":57}},"line":80}},"branchMap":{"0":{"loc":{"start":{"line":48,"column":11},"end":{"line":48,"column":61}},"type":"binary-expr","locations":[{"start":{"line":48,"column":11},"end":{"line":48,"column":16}},{"start":{"line":48,"column":20},"end":{"line":48,"column":61}}],"line":48},"1":{"loc":{"start":{"line":58,"column":9},"end":{"line":58,"column":64}},"type":"binary-expr","locations":[{"start":{"line":58,"column":9},"end":{"line":58,"column":16}},{"start":{"line":58,"column":20},"end":{"line":58,"column":26}},{"start":{"line":58,"column":30},"end":{"line":58,"column":64}}],"line":58},"2":{"loc":{"start":{"line":64,"column":14},"end":{"line":64,"column":66}},"type":"cond-expr","locations":[{"start":{"line":64,"column":26},"end":{"line":64,"column":44}},{"start":{"line":64,"column":47},"end":{"line":64,"column":66}}],"line":64}},"s":{"0":1,"1":7,"2":6,"3":6,"4":6,"5":0,"6":0,"7":0,"8":0,"9":0,"10":1},"f":{"0":7,"1":0,"2":0,"3":0},"b":{"0":[6,0],"1":[6,6,6],"2":[0,0]},"_coverageSchema":"1a1c01bbd47fc00a2c39e90264f33305004495a9","hash":"412298f960421efaa7b63629fedc951a012800a1"}
,"/home/runner/work/term-project-2025-team-3/term-project-2025-team-3/sk-vaccine-app/components/card-link.tsx": {"path":"/home/runner/work/term-project-2025-team-3/term-project-2025-team-3/sk-vaccine-app/components/card-link.tsx","statementMap":{"0":{"start":{"line":6,"column":15},"end":{"line":11,"column":1}},"1":{"start":{"line":36,"column":4},"end":{"line":58,"column":6}},"2":{"start":{"line":61,"column":15},"end":{"line":102,"column":2}}},"fnMap":{"0":{"name":"CardLink","decl":{"start":{"line":35,"column":24},"end":{"line":35,"column":32}},"loc":{"start":{"line":35,"column":113},"end":{"line":59,"column":1}},"line":35}},"branchMap":{"0":{"loc":{"start":{"line":53,"column":31},"end":{"line":53,"column":60}},"type":"binary-expr","locations":[{"start":{"line":53,"column":31},"end":{"line":53,"column":40}},{"start":{"line":53,"column":44},"end":{"line":53,"column":60}}],"line":53}},"s":{"0":1,"1":0,"2":1},"f":{"0":0},"b":{"0":[0,0]},"_coverageSchema":"1a1c01bbd47fc00a2c39e90264f33305004495a9","hash":"0729b45db57ecc9a6d83a21e5d64bd08b0a358fa"}
,"/home/runner/work/term-project-2025-team-3/term-project-2025-team-3/sk-vaccine-app/components/map.tsx": {"path":"/home/runner/work/term-project-2025-team-3/term-project-2025-team-3/sk-vaccine-app/components/map.tsx","statementMap":{"0":{"start":{"line":42,"column":67},"end":{"line":42,"column":72}},"1":{"start":{"line":44,"column":25},"end":{"line":44,"column":27}},"2":{"start":{"line":46,"column":4},"end":{"line":54,"column":5}},"3":{"start":{"line":47,"column":22},"end":{"line":47,"column":89}},"4":{"start":{"line":48,"column":8},"end":{"line":48,"column":87}},"5":{"start":{"line":49,"column":11},"end":{"line":54,"column":5}},"6":{"start":{"line":50,"column":8},"end":{"line":50,"column":103}},"7":{"start":{"line":52,"column":8},"end":{"line":52,"column":58}},"8":{"start":{"line":53,"column":8},"end":{"line":53,"column":76}},"9":{"start":{"line":56,"column":4},"end":{"line":56,"column":128}},"10":{"start":{"line":57,"column":4},"end":{"line":57,"column":50}},"11":{"start":{"line":59,"column":17},"end":{"line":76,"column":5}},"12":{"start":{"line":78,"column":4},"end":{"line":78,"column":19}},"13":{"start":{"line":79,"column":4},"end":{"line":97,"column":6}},"14":{"start":{"line":85,"column":31},"end":{"line":85,"column":96}},"15":{"start":{"line":86,"column":29},"end":{"line":86,"column":95}},"16":{"start":{"line":88,"column":40},"end":{"line":88,"column":54}},"17":{"start":{"line":89,"column":16},"end":{"line":89,"column":80}},"18":{"start":{"line":90,"column":16},"end":{"line":90,"column":96}},"19":{"start":{"line":93,"column":16},"end":{"line":93,"column":95}},"20":{"start":{"line":94,"column":16},"end":{"line":94,"column":86}}},"fnMap":{"0":{"name":"MapEmbed","decl":{"start":{"line":41,"column":24},"end":{"line":41,"column":32}},"loc":{"start":{"line":41,"column":68},"end":{"line":98,"column":1}},"line":41},"1":{"name":"(anonymous_1)","decl":{"start":{"line":85,"column":25},"end":{"line":85,"column":26}},"loc":{"start":{"line":85,"column":31},"end":{"line":85,"column":96}},"line":85},"2":{"name":"(anonymous_2)","decl":{"start":{"line":86,"column":23},"end":{"line":86,"column":24}},"loc":{"start":{"line":86,"column":29},"end":{"line":86,"column":95}},"line":86},"3":{"name":"(anonymous_3)","decl":{"start":{"line":87,"column":21},"end":{"line":87,"column":22}},"loc":{"start":{"line":87,"column":47},"end":{"line":91,"column":13}},"line":87},"4":{"name":"(anonymous_4)","decl":{"start":{"line":92,"column":23},"end":{"line":92,"column":24}},"loc":{"start":{"line":92,"column":55},"end":{"line":95,"column":13}},"line":92}},"branchMap":{"0":{"loc":{"start":{"line":42,"column":48},"end":{"line":42,"column":62}},"type":"default-arg","locations":[{"start":{"line":42,"column":60},"end":{"line":42,"column":62}}],"line":42},"1":{"loc":{"start":{"line":46,"column":4},"end":{"line":54,"column":5}},"type":"if","locations":[{"start":{"line":46,"column":4},"end":{"line":54,"column":5}},{"start":{"line":49,"column":11},"end":{"line":54,"column":5}}],"line":46},"2":{"loc":{"start":{"line":46,"column":8},"end":{"line":46,"column":23}},"type":"binary-expr","locations":[{"start":{"line":46,"column":8},"end":{"line":46,"column":12}},{"start":{"line":46,"column":16},"end":{"line":46,"column":23}}],"line":46},"3":{"loc":{"start":{"line":47,"column":44},"end":{"line":47,"column":60}},"type":"cond-expr","locations":[{"start":{"line":47,"column":51},"end":{"line":47,"column":55}},{"start":{"line":47,"column":58},"end":{"line":47,"column":60}}],"line":47},"4":{"loc":{"start":{"line":47,"column":64},"end":{"line":47,"column":86}},"type":"cond-expr","locations":[{"start":{"line":47,"column":74},"end":{"line":47,"column":81}},{"start":{"line":47,"column":84},"end":{"line":47,"column":86}}],"line":47},"5":{"loc":{"start":{"line":49,"column":11},"end":{"line":54,"column":5}},"type":"if","locations":[{"start":{"line":49,"column":11},"end":{"line":54,"column":5}},{"start":{"line":51,"column":11},"end":{"line":54,"column":5}}],"line":49},"6":{"loc":{"start":{"line":49,"column":15},"end":{"line":49,"column":64}},"type":"binary-expr","locations":[{"start":{"line":49,"column":15},"end":{"line":49,"column":37}},{"start":{"line":49,"column":41},"end":{"line":49,"column":64}}],"line":49},"7":{"loc":{"start":{"line":56,"column":11},"end":{"line":56,"column":83}},"type":"binary-expr","locations":[{"start":{"line":56,"column":12},"end":{"line":56,"column":16}},{"start":{"line":56,"column":20},"end":{"line":56,"column":27}},{"start":{"line":56,"column":33},"end":{"line":56,"column":55}},{"start":{"line":56,"column":59},"end":{"line":56,"column":82}}],"line":56}},"s":{"0":5,"1":4,"2":4,"3":1,"4":1,"5":3,"6":1,"7":2,"8":2,"9":2,"10":2,"11":2,"12":2,"13":2,"14":0,"15":0,"16":0,"17":0,"18":0,"19":0,"20":0},"f":{"0":5,"1":0,"2":0,"3":0,"4":0},"b":{"0":[4],"1":[1,3],"2":[4,3],"3":[1,0],"4":[1,0],"5":[1,2],"6":[3,1],"7":[2,1,1,1]},"_coverageSchema":"1a1c01bbd47fc00a2c39e90264f33305004495a9","hash":"8a69b15ae9b3bedabe4c1e7935a87123a2d28df2"}
,"/home/runner/work/term-project-2025-team-3/term-project-2025-team-3/sk-vaccine-app/components/search-bar.tsx": {"path":"/home/runner/work/term-project-2025-team-3/term-project-2025-team-3/sk-vaccine-app/components/search-bar.tsx","statementMap":{"0":{"start":{"line":5,"column":15},"end":{"line":9,"column":1}},"1":{"start":{"line":12,"column":25},"end":{"line":12,"column":48}},"2":{"start":{"line":44,"column":32},"end":{"line":44,"column":44}},"3":{"start":{"line":46,"column":25},"end":{"line":46,"column":61}},"4":{"start":{"line":48,"column":29},"end":{"line":55,"column":5}},"5":{"start":{"line":49,"column":8},"end":{"line":51,"column":9}},"6":{"start":{"line":50,"column":12},"end":{"line":50,"column":37}},"7":{"start":{"line":52,"column":8},"end":{"line":54,"column":9}},"8":{"start":{"line":53,"column":12},"end":{"line":53,"column":34}},"9":{"start":{"line":57,"column":32},"end":{"line":61,"column":5}},"10":{"start":{"line":58,"column":8},"end":{"line":60,"column":9}},"11":{"start":{"line":59,"column":12},"end":{"line":59,"column":42}},"12":{"start":{"line":63,"column":4},"end":{"line":81,"column":6}},"13":{"start":{"line":84,"column":15},"end":{"line":113,"column":2}}},"fnMap":{"0":{"name":"SearchBar","decl":{"start":{"line":43,"column":24},"end":{"line":43,"column":33}},"loc":{"start":{"line":43,"column":116},"end":{"line":82,"column":1}},"line":43},"1":{"name":"(anonymous_1)","decl":{"start":{"line":48,"column":29},"end":{"line":48,"column":30}},"loc":{"start":{"line":48,"column":48},"end":{"line":55,"column":5}},"line":48},"2":{"name":"(anonymous_2)","decl":{"start":{"line":57,"column":32},"end":{"line":57,"column":33}},"loc":{"start":{"line":57,"column":38},"end":{"line":61,"column":5}},"line":57}},"branchMap":{"0":{"loc":{"start":{"line":46,"column":25},"end":{"line":46,"column":61}},"type":"cond-expr","locations":[{"start":{"line":46,"column":47},"end":{"line":46,"column":52}},{"start":{"line":46,"column":55},"end":{"line":46,"column":61}}],"line":46},"1":{"loc":{"start":{"line":49,"column":8},"end":{"line":51,"column":9}},"type":"if","locations":[{"start":{"line":49,"column":8},"end":{"line":51,"column":9}},{"start":{},"end":{}}],"line":49},"2":{"loc":{"start":{"line":50,"column":25},"end":{"line":50,"column":35}},"type":"binary-expr","locations":[{"start":{"line":50,"column":25},"end":{"line":50,"column":29}},{"start":{"line":50,"column":33},"end":{"line":50,"column":35}}],"line":50},"3":{"loc":{"start":{"line":52,"column":8},"end":{"line":54,"column":9}},"type":"if","locations":[{"start":{"line":52,"column":8},"end":{"line":54,"column":9}},{"start":{},"end":{}}],"line":52},"4":{"loc":{"start":{"line":53,"column":22},"end":{"line":53,"column":32}},"type":"binary-expr","locations":[{"start":{"line":53,"column":22},"end":{"line":53,"column":26}},{"start":{"line":53,"column":30},"end":{"line":53,"column":32}}],"line":53},"5":{"loc":{"start":{"line":58,"column":8},"end":{"line":60,"column":9}},"type":"if","locations":[{"start":{"line":58,"column":8},"end":{"line":60,"column":9}},{"start":{},"end":{}}],"line":58},"6":{"loc":{"start":{"line":66,"column":25},"end":{"line":66,"column":48}},"type":"binary-expr","locations":[{"start":{"line":66,"column":25},"end":{"line":66,"column":36}},{"start":{"line":66,"column":40},"end":{"line":66,"column":48}}],"line":66},"7":{"loc":{"start":{"line":78,"column":24},"end":{"line":78,"column":153}},"type":"cond-expr","locations":[{"start":{"line":78,"column":36},"end":{"line":78,"column":45}},{"start":{"line":78,"column":48},"end":{"line":78,"column":153}}],"line":78}},"s":{"0":2,"1":2,"2":14,"3":14,"4":14,"5":0,"6":0,"7":0,"8":0,"9":14,"10":0,"11":0,"12":14,"13":2},"f":{"0":14,"1":0,"2":0},"b":{"0":[8,6],"1":[0,0],"2":[0,0],"3":[0,0],"4":[0,0],"5":[0,0],"6":[14,12],"7":[8,6]},"_coverageSchema":"1a1c01bbd47fc00a2c39e90264f33305004495a9","hash":"62b20674f46e4651e9267c45e25e763d3a1ed8e3"}
,"/home/runner/work/term-project-2025-team-3/term-project-2025-team-3/sk-vaccine-app/controllers/vaccineDataController.ts": {"path":"/home/runner/work/term-project-2025-team-3/term-project-2025-team-3/sk-vaccine-app/controllers/vaccineDataController.ts","statementMap":{"0":{"start":{"line":22,"column":4},"end":{"line":22,"column":49}},"1":{"start":{"line":42,"column":4},"end":{"line":120,"column":5}},"2":{"start":{"line":43,"column":6},"end":{"line":116,"column":11}},"3":{"start":{"line":45,"column":10},"end":{"line":45,"column":67}},"4":{"start":{"line":46,"column":10},"end":{"line":50,"column":11}},"5":{"start":{"line":47,"column":12},"end":{"line":47,"column":52}},"6":{"start":{"line":48,"column":12},"end":{"line":48,"column":43}},"7":{"start":{"line":49,"column":12},"end":{"line":49,"column":58}},"8":{"start":{"line":53,"column":29},"end":{"line":53,"column":74}},"9":{"start":{"line":54,"column":10},"end":{"line":54,"column":73}},"10":{"start":{"line":56,"column":10},"end":{"line":56,"column":28}},"11":{"start":{"line":59,"column":10},"end":{"line":61,"column":11}},"12":{"start":{"line":60,"column":12},"end":{"line":60,"column":66}},"13":{"start":{"line":62,"column":10},"end":{"line":62,"column":63}},"14":{"start":{"line":66,"column":10},"end":{"line":97,"column":12}},"15":{"start":{"line":68,"column":14},"end":{"line":95,"column":15}},"16":{"start":{"line":69,"column":16},"end":{"line":74,"column":17}},"17":{"start":{"line":70,"column":18},"end":{"line":73,"column":20}},"18":{"start":{"line":75,"column":16},"end":{"line":80,"column":17}},"19":{"start":{"line":76,"column":18},"end":{"line":79,"column":20}},"20":{"start":{"line":81,"column":16},"end":{"line":89,"column":17}},"21":{"start":{"line":82,"column":18},"end":{"line":88,"column":20}},"22":{"start":{"line":91,"column":16},"end":{"line":93,"column":18}},"23":{"start":{"line":94,"column":16},"end":{"line":94,"column":60}},"24":{"start":{"line":100,"column":25},"end":{"line":102,"column":11}},"25":{"start":{"line":101,"column":24},"end":{"line":101,"column":52}},"26":{"start":{"line":103,"column":28},"end":{"line":105,"column":11}},"27":{"start":{"line":104,"column":24},"end":{"line":104,"column":53}},"28":{"start":{"line":107,"column":10},"end":{"line":111,"column":12}},"29":{"start":{"line":114,"column":10},"end":{"line":114,"column":68}},"30":{"start":{"line":115,"column":10},"end":{"line":115,"column":46}},"31":{"start":{"line":118,"column":6},"end":{"line":118,"column":75}},"32":{"start":{"line":119,"column":6},"end":{"line":119,"column":42}},"33":{"start":{"line":134,"column":4},"end":{"line":145,"column":5}},"34":{"start":{"line":136,"column":8},"end":{"line":136,"column":60}},"35":{"start":{"line":137,"column":6},"end":{"line":139,"column":8}},"36":{"start":{"line":140,"column":6},"end":{"line":142,"column":8}},"37":{"start":{"line":144,"column":6},"end":{"line":144,"column":68}},"38":{"start":{"line":162,"column":6},"end":{"line":162,"column":65}},"39":{"start":{"line":164,"column":6},"end":{"line":164,"column":64}},"40":{"start":{"line":165,"column":4},"end":{"line":169,"column":5}},"41":{"start":{"line":166,"column":6},"end":{"line":166,"column":42}},"42":{"start":{"line":168,"column":6},"end":{"line":168,"column":44}},"43":{"start":{"line":187,"column":4},"end":{"line":216,"column":5}},"44":{"start":{"line":188,"column":6},"end":{"line":210,"column":7}},"45":{"start":{"line":189,"column":8},"end":{"line":198,"column":29}},"46":{"start":{"line":192,"column":10},"end":{"line":197,"column":12}},"47":{"start":{"line":200,"column":8},"end":{"line":209,"column":29}},"48":{"start":{"line":203,"column":10},"end":{"line":208,"column":12}},"49":{"start":{"line":212,"column":6},"end":{"line":214,"column":8}},"50":{"start":{"line":215,"column":6},"end":{"line":215,"column":18}}},"fnMap":{"0":{"name":"(anonymous_0)","decl":{"start":{"line":21,"column":2},"end":{"line":21,"column":3}},"loc":{"start":{"line":21,"column":54},"end":{"line":23,"column":3}},"line":21},"1":{"name":"(anonymous_1)","decl":{"start":{"line":37,"column":2},"end":{"line":37,"column":3}},"loc":{"start":{"line":41,"column":5},"end":{"line":121,"column":3}},"line":41},"2":{"name":"(anonymous_2)","decl":{"start":{"line":44,"column":14},"end":{"line":44,"column":15}},"loc":{"start":{"line":44,"column":34},"end":{"line":57,"column":9}},"line":44},"3":{"name":"(anonymous_3)","decl":{"start":{"line":58,"column":14},"end":{"line":58,"column":15}},"loc":{"start":{"line":58,"column":36},"end":{"line":63,"column":9}},"line":58},"4":{"name":"(anonymous_4)","decl":{"start":{"line":64,"column":14},"end":{"line":64,"column":15}},"loc":{"start":{"line":64,"column":24},"end":{"line":98,"column":9}},"line":64},"5":{"name":"(anonymous_5)","decl":{"start":{"line":67,"column":21},"end":{"line":67,"column":22}},"loc":{"start":{"line":67,"column":56},"end":{"line":96,"column":13}},"line":67},"6":{"name":"(anonymous_6)","decl":{"start":{"line":99,"column":14},"end":{"line":99,"column":15}},"loc":{"start":{"line":99,"column":32},"end":{"line":112,"column":9}},"line":99},"7":{"name":"(anonymous_7)","decl":{"start":{"line":101,"column":12},"end":{"line":101,"column":13}},"loc":{"start":{"line":101,"column":24},"end":{"line":101,"column":52}},"line":101},"8":{"name":"(anonymous_8)","decl":{"start":{"line":104,"column":12},"end":{"line":104,"column":13}},"loc":{"start":{"line":104,"column":24},"end":{"line":104,"column":53}},"line":104},"9":{"name":"(anonymous_9)","decl":{"start":{"line":113,"column":15},"end":{"line":113,"column":16}},"loc":{"start":{"line":113,"column":26},"end":{"line":116,"column":9}},"line":113},"10":{"name":"(anonymous_10)","decl":{"start":{"line":133,"column":2},"end":{"line":133,"column":3}},"loc":{"start":{"line":133,"column":38},"end":{"line":146,"column":3}},"line":133},"11":{"name":"(anonymous_11)","decl":{"start":{"line":160,"column":2},"end":{"line":160,"column":3}},"loc":{"start":{"line":160,"column":58},"end":{"line":170,"column":3}},"line":160},"12":{"name":"(anonymous_12)","decl":{"start":{"line":182,"column":2},"end":{"line":182,"column":3}},"loc":{"start":{"line":185,"column":29},"end":{"line":217,"column":3}},"line":185},"13":{"name":"(anonymous_13)","decl":{"start":{"line":191,"column":14},"end":{"line":191,"column":15}},"loc":{"start":{"line":191,"column":47},"end":{"line":198,"column":9}},"line":191},"14":{"name":"(anonymous_14)","decl":{"start":{"line":202,"column":14},"end":{"line":202,"column":15}},"loc":{"start":{"line":202,"column":47},"end":{"line":209,"column":9}},"line":202}},"branchMap":{"0":{"loc":{"start":{"line":46,"column":10},"end":{"line":50,"column":11}},"type":"if","locations":[{"start":{"line":46,"column":10},"end":{"line":50,"column":11}},{"start":{},"end":{}}],"line":46},"1":{"loc":{"start":{"line":59,"column":10},"end":{"line":61,"column":11}},"type":"if","locations":[{"start":{"line":59,"column":10},"end":{"line":61,"column":11}},{"start":{},"end":{}}],"line":59},"2":{"loc":{"start":{"line":69,"column":16},"end":{"line":74,"column":17}},"type":"if","locations":[{"start":{"line":69,"column":16},"end":{"line":74,"column":17}},{"start":{},"end":{}}],"line":69},"3":{"loc":{"start":{"line":75,"column":16},"end":{"line":80,"column":17}},"type":"if","locations":[{"start":{"line":75,"column":16},"end":{"line":80,"column":17}},{"start":{},"end":{}}],"line":75},"4":{"loc":{"start":{"line":81,"column":16},"end":{"line":89,"column":17}},"type":"if","locations":[{"start":{"line":81,"column":16},"end":{"line":89,"column":17}},{"start":{},"end":{}}],"line":81},"5":{"loc":{"start":{"line":81,"column":20},"end":{"line":81,"column":53}},"type":"binary-expr","locations":[{"start":{"line":81,"column":20},"end":{"line":81,"column":35}},{"start":{"line":81,"column":39},"end":{"line":81,"column":53}}],"line":81},"6":{"loc":{"start":{"line":165,"column":4},"end":{"line":169,"column":5}},"type":"if","locations":[{"start":{"line":165,"column":4},"end":{"line":169,"column":5}},{"start":{"line":167,"column":11},"end":{"line":169,"column":5}}],"line":165},"7":{"loc":{"start":{"line":188,"column":6},"end":{"line":210,"column":7}},"type":"if","locations":[{"start":{"line":188,"column":6},"end":{"line":210,"column":7}},{"start":{"line":199,"column":13},"end":{"line":210,"column":7}}],"line":188}},"s":{"0":19,"1":7,"2":7,"3":7,"4":7,"5":0,"6":0,"7":0,"8":7,"9":7,"10":0,"11":0,"12":0,"13":0,"14":0,"15":0,"16":0,"17":0,"18":0,"19":0,"20":0,"21":0,"22":0,"23":0,"24":0,"25":0,"26":0,"27":0,"28":0,"29":7,"30":7,"31":0,"32":0,"33":0,"34":0,"35":0,"36":0,"37":0,"38":10,"39":10,"40":10,"41":1,"42":9,"43":0,"44":0,"45":0,"46":0,"47":0,"48":0,"49":0,"50":0},"f":{"0":19,"1":7,"2":7,"3":0,"4":0,"5":0,"6":0,"7":0,"8":0,"9":7,"10":0,"11":10,"12":0,"13":0,"14":0},"b":{"0":[0,7],"1":[0,0],"2":[0,0],"3":[0,0],"4":[0,0],"5":[0,0],"6":[1,9],"7":[0,0]},"_coverageSchema":"1a1c01bbd47fc00a2c39e90264f33305004495a9","hash":"f557eb097e5ad4341155fbf680dba631d465f7bf"}
,"/home/runner/work/term-project-2025-team-3/term-project-2025-team-3/sk-vaccine-app/hooks/clinicData.ts": {"path":"/home/runner/work/term-project-2025-team-3/term-project-2025-team-3/sk-vaccine-app/hooks/clinicData.ts","statementMap":{"0":{"start":{"line":6,"column":34},"end":{"line":6,"column":48}},"1":{"start":{"line":32,"column":8},"end":{"line":32,"column":52}},"2":{"start":{"line":33,"column":8},"end":{"line":33,"column":45}},"3":{"start":{"line":34,"column":8},"end":{"line":34,"column":67}},"4":{"start":{"line":35,"column":8},"end":{"line":35,"column":40}},"5":{"start":{"line":64,"column":62},"end":{"line":64,"column":66}},"6":{"start":{"line":66,"column":34},"end":{"line":66,"column":68}},"7":{"start":{"line":67,"column":34},"end":{"line":67,"column":48}},"8":{"start":{"line":68,"column":44},"end":{"line":68,"column":59}},"9":{"start":{"line":69,"column":30},"end":{"line":69,"column":59}},"10":{"start":{"line":72,"column":4},"end":{"line":72,"column":106}},"11":{"start":{"line":75,"column":29},"end":{"line":75,"column":50}},"12":{"start":{"line":77,"column":4},"end":{"line":175,"column":41}},"13":{"start":{"line":78,"column":29},"end":{"line":172,"column":9}},"14":{"start":{"line":79,"column":50},"end":{"line":79,"column":54}},"15":{"start":{"line":80,"column":12},"end":{"line":171,"column":13}},"16":{"start":{"line":84,"column":16},"end":{"line":88,"column":17}},"17":{"start":{"line":85,"column":20},"end":{"line":85,"column":65}},"18":{"start":{"line":86,"column":20},"end":{"line":86,"column":38}},"19":{"start":{"line":87,"column":20},"end":{"line":87,"column":27}},"20":{"start":{"line":90,"column":16},"end":{"line":98,"column":17}},"21":{"start":{"line":91,"column":20},"end":{"line":97,"column":21}},"22":{"start":{"line":92,"column":24},"end":{"line":92,"column":110}},"23":{"start":{"line":93,"column":27},"end":{"line":97,"column":21}},"24":{"start":{"line":94,"column":24},"end":{"line":94,"column":96}},"25":{"start":{"line":96,"column":24},"end":{"line":96,"column":82}},"26":{"start":{"line":103,"column":16},"end":{"line":158,"column":17}},"27":{"start":{"line":104,"column":20},"end":{"line":157,"column":21}},"28":{"start":{"line":105,"column":41},"end":{"line":105,"column":57}},"29":{"start":{"line":106,"column":24},"end":{"line":151,"column":25}},"30":{"start":{"line":107,"column":28},"end":{"line":107,"column":50}},"31":{"start":{"line":108,"column":28},"end":{"line":108,"column":58}},"32":{"start":{"line":110,"column":49},"end":{"line":110,"column":70}},"33":{"start":{"line":115,"column":50},"end":{"line":118,"column":29}},"34":{"start":{"line":120,"column":28},"end":{"line":123,"column":30}},"35":{"start":{"line":126,"column":28},"end":{"line":150,"column":29}},"36":{"start":{"line":133,"column":32},"end":{"line":149,"column":33}},"37":{"start":{"line":134,"column":36},"end":{"line":134,"column":95}},"38":{"start":{"line":135,"column":36},"end":{"line":135,"column":122}},"39":{"start":{"line":137,"column":39},"end":{"line":149,"column":33}},"40":{"start":{"line":138,"column":36},"end":{"line":138,"column":95}},"41":{"start":{"line":139,"column":36},"end":{"line":139,"column":108}},"42":{"start":{"line":145,"column":36},"end":{"line":145,"column":89}},"43":{"start":{"line":147,"column":36},"end":{"line":147,"column":64}},"44":{"start":{"line":153,"column":24},"end":{"line":153,"column":46}},"45":{"start":{"line":154,"column":24},"end":{"line":154,"column":53}},"46":{"start":{"line":162,"column":16},"end":{"line":162,"column":40}},"47":{"start":{"line":167,"column":16},"end":{"line":167,"column":40}},"48":{"start":{"line":169,"column":16},"end":{"line":169,"column":101}},"49":{"start":{"line":170,"column":16},"end":{"line":170,"column":34}},"50":{"start":{"line":174,"column":8},"end":{"line":174,"column":23}},"51":{"start":{"line":177,"column":21},"end":{"line":182,"column":22}},"52":{"start":{"line":184,"column":4},"end":{"line":184,"column":20}}},"fnMap":{"0":{"name":"(anonymous_0)","decl":{"start":{"line":31,"column":4},"end":{"line":31,"column":5}},"loc":{"start":{"line":31,"column":46},"end":{"line":36,"column":5}},"line":31},"1":{"name":"useClinicData","decl":{"start":{"line":61,"column":24},"end":{"line":61,"column":37}},"loc":{"start":{"line":63,"column":17},"end":{"line":185,"column":1}},"line":63},"2":{"name":"(anonymous_2)","decl":{"start":{"line":77,"column":14},"end":{"line":77,"column":15}},"loc":{"start":{"line":77,"column":20},"end":{"line":175,"column":5}},"line":77},"3":{"name":"(anonymous_3)","decl":{"start":{"line":78,"column":29},"end":{"line":78,"column":30}},"loc":{"start":{"line":78,"column":41},"end":{"line":172,"column":9}},"line":78}},"branchMap":{"0":{"loc":{"start":{"line":32,"column":27},"end":{"line":32,"column":51}},"type":"binary-expr","locations":[{"start":{"line":32,"column":27},"end":{"line":32,"column":43}},{"start":{"line":32,"column":47},"end":{"line":32,"column":51}}],"line":32},"1":{"loc":{"start":{"line":33,"column":23},"end":{"line":33,"column":44}},"type":"binary-expr","locations":[{"start":{"line":33,"column":23},"end":{"line":33,"column":35}},{"start":{"line":33,"column":39},"end":{"line":33,"column":44}}],"line":33},"2":{"loc":{"start":{"line":34,"column":34},"end":{"line":34,"column":66}},"type":"binary-expr","locations":[{"start":{"line":34,"column":34},"end":{"line":34,"column":57}},{"start":{"line":34,"column":61},"end":{"line":34,"column":66}}],"line":34},"3":{"loc":{"start":{"line":35,"column":21},"end":{"line":35,"column":39}},"type":"binary-expr","locations":[{"start":{"line":35,"column":21},"end":{"line":35,"column":31}},{"start":{"line":35,"column":35},"end":{"line":35,"column":39}}],"line":35},"4":{"loc":{"start":{"line":72,"column":13},"end":{"line":72,"column":41}},"type":"binary-expr","locations":[{"start":{"line":72,"column":13},"end":{"line":72,"column":25}},{"start":{"line":72,"column":29},"end":{"line":72,"column":41}}],"line":72},"5":{"loc":{"start":{"line":84,"column":16},"end":{"line":88,"column":17}},"type":"if","locations":[{"start":{"line":84,"column":16},"end":{"line":88,"column":17}},{"start":{},"end":{}}],"line":84},"6":{"loc":{"start":{"line":84,"column":20},"end":{"line":84,"column":86}},"type":"binary-expr","locations":[{"start":{"line":84,"column":20},"end":{"line":84,"column":24}},{"start":{"line":84,"column":28},"end":{"line":84,"column":35}},{"start":{"line":84,"column":39},"end":{"line":84,"column":86}}],"line":84},"7":{"loc":{"start":{"line":90,"column":16},"end":{"line":98,"column":17}},"type":"if","locations":[{"start":{"line":90,"column":16},"end":{"line":98,"column":17}},{"start":{},"end":{}}],"line":90},"8":{"loc":{"start":{"line":91,"column":20},"end":{"line":97,"column":21}},"type":"if","locations":[{"start":{"line":91,"column":20},"end":{"line":97,"column":21}},{"start":{"line":93,"column":27},"end":{"line":97,"column":21}}],"line":91},"9":{"loc":{"start":{"line":91,"column":24},"end":{"line":91,"column":51}},"type":"binary-expr","locations":[{"start":{"line":91,"column":24},"end":{"line":91,"column":35}},{"start":{"line":91,"column":39},"end":{"line":91,"column":51}}],"line":91},"10":{"loc":{"start":{"line":93,"column":27},"end":{"line":97,"column":21}},"type":"if","locations":[{"start":{"line":93,"column":27},"end":{"line":97,"column":21}},{"start":{"line":95,"column":27},"end":{"line":97,"column":21}}],"line":93},"11":{"loc":{"start":{"line":103,"column":16},"end":{"line":158,"column":17}},"type":"if","locations":[{"start":{"line":103,"column":16},"end":{"line":158,"column":17}},{"start":{},"end":{}}],"line":103},"12":{"loc":{"start":{"line":103,"column":20},"end":{"line":103,"column":34}},"type":"binary-expr","locations":[{"start":{"line":103,"column":20},"end":{"line":103,"column":23}},{"start":{"line":103,"column":27},"end":{"line":103,"column":34}}],"line":103},"13":{"loc":{"start":{"line":106,"column":24},"end":{"line":151,"column":25}},"type":"if","locations":[{"start":{"line":106,"column":24},"end":{"line":151,"column":25}},{"start":{"line":109,"column":31},"end":{"line":151,"column":25}}],"line":106},"14":{"loc":{"start":{"line":126,"column":28},"end":{"line":150,"column":29}},"type":"if","locations":[{"start":{"line":126,"column":28},"end":{"line":150,"column":29}},{"start":{},"end":{}}],"line":126},"15":{"loc":{"start":{"line":127,"column":32},"end":{"line":128,"column":105}},"type":"binary-expr","locations":[{"start":{"line":127,"column":33},"end":{"line":127,"column":80}},{"start":{"line":128,"column":32},"end":{"line":128,"column":105}}],"line":127},"16":{"loc":{"start":{"line":133,"column":32},"end":{"line":149,"column":33}},"type":"if","locations":[{"start":{"line":133,"column":32},"end":{"line":149,"column":33}},{"start":{"line":137,"column":39},"end":{"line":149,"column":33}}],"line":133},"17":{"loc":{"start":{"line":133,"column":36},"end":{"line":133,"column":63}},"type":"binary-expr","locations":[{"start":{"line":133,"column":36},"end":{"line":133,"column":47}},{"start":{"line":133,"column":51},"end":{"line":133,"column":63}}],"line":133},"18":{"loc":{"start":{"line":137,"column":39},"end":{"line":149,"column":33}},"type":"if","locations":[{"start":{"line":137,"column":39},"end":{"line":149,"column":33}},{"start":{"line":141,"column":39},"end":{"line":149,"column":33}}],"line":137},"19":{"loc":{"start":{"line":169,"column":23},"end":{"line":169,"column":43}},"type":"binary-expr","locations":[{"start":{"line":169,"column":23},"end":{"line":169,"column":28}},{"start":{"line":169,"column":32},"end":{"line":169,"column":43}}],"line":169}},"s":{"0":1,"1":0,"2":0,"3":0,"4":0,"5":18,"6":18,"7":18,"8":18,"9":18,"10":18,"11":18,"12":18,"13":9,"14":9,"15":9,"16":9,"17":0,"18":0,"19":0,"20":9,"21":9,"22":1,"23":8,"24":1,"25":7,"26":8,"27":4,"28":4,"29":3,"30":1,"31":1,"32":2,"33":2,"34":2,"35":2,"36":1,"37":0,"38":0,"39":1,"40":0,"41":0,"42":1,"43":1,"44":1,"45":1,"46":8,"47":1,"48":9,"49":8,"50":9,"51":18,"52":18},"f":{"0":0,"1":18,"2":9,"3":9},"b":{"0":[0,0],"1":[0,0],"2":[0,0],"3":[0,0],"4":[18,2],"5":[0,9],"6":[9,5,5],"7":[9,0],"8":[1,8],"9":[9,2],"10":[1,7],"11":[4,4],"12":[8,4],"13":[1,2],"14":[1,1],"15":[2,2],"16":[0,1],"17":[1,0],"18":[0,1],"19":[9,9]},"_coverageSchema":"1a1c01bbd47fc00a2c39e90264f33305004495a9","hash":"f3b74f912eb41cce15a58bf22db6c3b547f67c8c"}
,"/home/runner/work/term-project-2025-team-3/term-project-2025-team-3/sk-vaccine-app/hooks/locationData.ts": {"path":"/home/runner/work/term-project-2025-team-3/term-project-2025-team-3/sk-vaccine-app/hooks/locationData.ts","statementMap":{"0":{"start":{"line":33,"column":36},"end":{"line":33,"column":75}},"1":{"start":{"line":34,"column":30},"end":{"line":34,"column":59}},"2":{"start":{"line":35,"column":34},"end":{"line":35,"column":58}},"3":{"start":{"line":36,"column":38},"end":{"line":36,"column":62}},"4":{"start":{"line":38,"column":4},"end":{"line":75,"column":11}},"5":{"start":{"line":39,"column":30},"end":{"line":72,"column":9}},"6":{"start":{"line":41,"column":12},"end":{"line":41,"column":29}},"7":{"start":{"line":42,"column":12},"end":{"line":42,"column":27}},"8":{"start":{"line":44,"column":26},"end":{"line":44,"column":59}},"9":{"start":{"line":47,"column":12},"end":{"line":68,"column":13}},"10":{"start":{"line":49,"column":16},"end":{"line":49,"column":31}},"11":{"start":{"line":50,"column":16},"end":{"line":64,"column":17}},"12":{"start":{"line":51,"column":32},"end":{"line":51,"column":67}},"13":{"start":{"line":52,"column":20},"end":{"line":52,"column":37}},"14":{"start":{"line":55,"column":20},"end":{"line":63,"column":21}},"15":{"start":{"line":56,"column":24},"end":{"line":56,"column":46}},"16":{"start":{"line":58,"column":25},"end":{"line":63,"column":21}},"17":{"start":{"line":59,"column":24},"end":{"line":59,"column":67}},"18":{"start":{"line":62,"column":24},"end":{"line":62,"column":61}},"19":{"start":{"line":67,"column":16},"end":{"line":67,"column":53}},"20":{"start":{"line":70,"column":12},"end":{"line":70,"column":34}},"21":{"start":{"line":71,"column":12},"end":{"line":71,"column":30}},"22":{"start":{"line":74,"column":8},"end":{"line":74,"column":24}},"23":{"start":{"line":78,"column":20},"end":{"line":83,"column":5}},"24":{"start":{"line":84,"column":4},"end":{"line":84,"column":20}}},"fnMap":{"0":{"name":"useLocation","decl":{"start":{"line":32,"column":24},"end":{"line":32,"column":35}},"loc":{"start":{"line":32,"column":86},"end":{"line":86,"column":1}},"line":32},"1":{"name":"(anonymous_1)","decl":{"start":{"line":38,"column":14},"end":{"line":38,"column":15}},"loc":{"start":{"line":38,"column":20},"end":{"line":75,"column":5}},"line":38},"2":{"name":"(anonymous_2)","decl":{"start":{"line":39,"column":30},"end":{"line":39,"column":31}},"loc":{"start":{"line":39,"column":42},"end":{"line":72,"column":9}},"line":39}},"branchMap":{"0":{"loc":{"start":{"line":47,"column":12},"end":{"line":68,"column":13}},"type":"if","locations":[{"start":{"line":47,"column":12},"end":{"line":68,"column":13}},{"start":{"line":66,"column":17},"end":{"line":68,"column":13}}],"line":47},"1":{"loc":{"start":{"line":47,"column":16},"end":{"line":47,"column":70}},"type":"binary-expr","locations":[{"start":{"line":47,"column":16},"end":{"line":47,"column":23}},{"start":{"line":47,"column":28},"end":{"line":47,"column":69}}],"line":47},"2":{"loc":{"start":{"line":55,"column":20},"end":{"line":63,"column":21}},"type":"if","locations":[{"start":{"line":55,"column":20},"end":{"line":63,"column":21}},{"start":{"line":58,"column":25},"end":{"line":63,"column":21}}],"line":55},"3":{"loc":{"start":{"line":58,"column":25},"end":{"line":63,"column":21}},"type":"if","locations":[{"start":{"line":58,"column":25},"end":{"line":63,"column":21}},{"start":{"line":61,"column":25},"end":{"line":63,"column":21}}],"line":58}},"s":{"0":15,"1":15,"2":15,"3":15,"4":15,"5":5,"6":5,"7":5,"8":5,"9":5,"10":4,"11":4,"12":4,"13":2,"14":2,"15":2,"16":0,"17":0,"18":0,"19":1,"20":5,"21":5,"22":5,"23":15,"24":15},"f":{"0":15,"1":5,"2":5},"b":{"0":[4,1],"1":[5,3],"2":[2,0],"3":[0,0]},"_coverageSchema":"1a1c01bbd47fc00a2c39e90264f33305004495a9","hash":"207c747263bb967c4728c308e275a8e789f4a19d"}
,"/home/runner/work/term-project-2025-team-3/term-project-2025-team-3/sk-vaccine-app/hooks/vaccineData.ts": {"path":"/home/runner/work/term-project-2025-team-3/term-project-2025-team-3/sk-vaccine-app/hooks/vaccineData.ts","statementMap":{"0":{"start":{"line":43,"column":59},"end":{"line":43,"column":63}},"1":{"start":{"line":45,"column":44},"end":{"line":45,"column":72}},"2":{"start":{"line":46,"column":32},"end":{"line":46,"column":46}},"3":{"start":{"line":47,"column":28},"end":{"line":47,"column":57}},"4":{"start":{"line":49,"column":23},"end":{"line":60,"column":3}},"5":{"start":{"line":50,"column":4},"end":{"line":59,"column":5}},"6":{"start":{"line":51,"column":6},"end":{"line":53,"column":8}},"7":{"start":{"line":55,"column":6},"end":{"line":55,"column":26}},"8":{"start":{"line":56,"column":6},"end":{"line":56,"column":30}},"9":{"start":{"line":58,"column":6},"end":{"line":58,"column":24}},"10":{"start":{"line":62,"column":2},"end":{"line":64,"column":20}},"11":{"start":{"line":63,"column":4},"end":{"line":63,"column":19}},"12":{"start":{"line":67,"column":2},"end":{"line":67,"column":56}},"13":{"start":{"line":68,"column":2},"end":{"line":68,"column":52}},"14":{"start":{"line":69,"column":2},"end":{"line":69,"column":66}},"15":{"start":{"line":71,"column":19},"end":{"line":76,"column":3}},"16":{"start":{"line":78,"column":2},"end":{"line":78,"column":18}},"17":{"start":{"line":97,"column":40},"end":{"line":97,"column":80}},"18":{"start":{"line":98,"column":30},"end":{"line":107,"column":4}},"19":{"start":{"line":109,"column":2},"end":{"line":137,"column":9}},"20":{"start":{"line":110,"column":20},"end":{"line":110,"column":24}},"21":{"start":{"line":112,"column":22},"end":{"line":130,"column":5}},"22":{"start":{"line":113,"column":20},"end":{"line":113,"column":56}},"23":{"start":{"line":114,"column":6},"end":{"line":114,"column":40}},"24":{"start":{"line":116,"column":6},"end":{"line":120,"column":7}},"25":{"start":{"line":117,"column":8},"end":{"line":117,"column":40}},"26":{"start":{"line":118,"column":8},"end":{"line":118,"column":46}},"27":{"start":{"line":119,"column":8},"end":{"line":119,"column":15}},"28":{"start":{"line":122,"column":6},"end":{"line":129,"column":7}},"29":{"start":{"line":123,"column":29},"end":{"line":123,"column":69}},"30":{"start":{"line":124,"column":8},"end":{"line":124,"column":47}},"31":{"start":{"line":124,"column":23},"end":{"line":124,"column":47}},"32":{"start":{"line":126,"column":8},"end":{"line":126,"column":28}},"33":{"start":{"line":127,"column":8},"end":{"line":128,"column":70}},"34":{"start":{"line":128,"column":10},"end":{"line":128,"column":70}},"35":{"start":{"line":132,"column":4},"end":{"line":132,"column":16}},"36":{"start":{"line":134,"column":4},"end":{"line":136,"column":6}},"37":{"start":{"line":135,"column":6},"end":{"line":135,"column":24}},"38":{"start":{"line":139,"column":2},"end":{"line":139,"column":16}}},"fnMap":{"0":{"name":"useVaccineSheets","decl":{"start":{"line":38,"column":16},"end":{"line":38,"column":32}},"loc":{"start":{"line":42,"column":23},"end":{"line":79,"column":1}},"line":42},"1":{"name":"(anonymous_1)","decl":{"start":{"line":49,"column":23},"end":{"line":49,"column":24}},"loc":{"start":{"line":49,"column":35},"end":{"line":60,"column":3}},"line":49},"2":{"name":"(anonymous_2)","decl":{"start":{"line":62,"column":12},"end":{"line":62,"column":13}},"loc":{"start":{"line":62,"column":18},"end":{"line":64,"column":3}},"line":62},"3":{"name":"useUpdateVaccineSheets","decl":{"start":{"line":96,"column":16},"end":{"line":96,"column":38}},"loc":{"start":{"line":96,"column":82},"end":{"line":140,"column":1}},"line":96},"4":{"name":"(anonymous_4)","decl":{"start":{"line":109,"column":12},"end":{"line":109,"column":13}},"loc":{"start":{"line":109,"column":18},"end":{"line":137,"column":3}},"line":109},"5":{"name":"(anonymous_5)","decl":{"start":{"line":112,"column":22},"end":{"line":112,"column":23}},"loc":{"start":{"line":112,"column":34},"end":{"line":130,"column":5}},"line":112},"6":{"name":"(anonymous_6)","decl":{"start":{"line":134,"column":11},"end":{"line":134,"column":12}},"loc":{"start":{"line":134,"column":17},"end":{"line":136,"column":5}},"line":134},"7":{"name":"useVaccinePDF","decl":{"start":{"line":142,"column":16},"end":{"line":142,"column":29}},"loc":{"start":{"line":142,"column":43},"end":{"line":142,"column":45}},"line":142}},"branchMap":{"0":{"loc":{"start":{"line":74,"column":11},"end":{"line":74,"column":29}},"type":"binary-expr","locations":[{"start":{"line":74,"column":11},"end":{"line":74,"column":16}},{"start":{"line":74,"column":20},"end":{"line":74,"column":29}}],"line":74},"1":{"loc":{"start":{"line":116,"column":6},"end":{"line":120,"column":7}},"type":"if","locations":[{"start":{"line":116,"column":6},"end":{"line":120,"column":7}},{"start":{},"end":{}}],"line":116},"2":{"loc":{"start":{"line":124,"column":8},"end":{"line":124,"column":47}},"type":"if","locations":[{"start":{"line":124,"column":8},"end":{"line":124,"column":47}},{"start":{},"end":{}}],"line":124},"3":{"loc":{"start":{"line":127,"column":8},"end":{"line":128,"column":70}},"type":"if","locations":[{"start":{"line":127,"column":8},"end":{"line":128,"column":70}},{"start":{},"end":{}}],"line":127}},"s":{"0":14,"1":14,"2":14,"3":14,"4":14,"5":5,"6":5,"7":0,"8":0,"9":5,"10":14,"11":4,"12":14,"13":14,"14":14,"15":14,"16":14,"17":4,"18":4,"19":4,"20":4,"21":4,"22":4,"23":0,"24":0,"25":0,"26":0,"27":0,"28":0,"29":0,"30":0,"31":0,"32":0,"33":0,"34":0,"35":4,"36":4,"37":4,"38":4},"f":{"0":14,"1":5,"2":4,"3":4,"4":4,"5":4,"6":4,"7":0},"b":{"0":[14,14],"1":[0,0],"2":[0,0],"3":[0,0]},"_coverageSchema":"1a1c01bbd47fc00a2c39e90264f33305004495a9","hash":"21566ff4d7581f5ec993328dc2ae34dd63ea5b87"}
,"/home/runner/work/term-project-2025-team-3/term-project-2025-team-3/sk-vaccine-app/myorm/base-entity.ts": {"path":"/home/runner/work/term-project-2025-team-3/term-project-2025-team-3/sk-vaccine-app/myorm/base-entity.ts","statementMap":{"0":{"start":{"line":44,"column":4},"end":{"line":44,"column":35}},"1":{"start":{"line":46,"column":15},"end":{"line":46,"column":28}},"2":{"start":{"line":48,"column":22},"end":{"line":48,"column":55}},"3":{"start":{"line":50,"column":19},"end":{"line":52,"column":5}},"4":{"start":{"line":54,"column":4},"end":{"line":54,"column":40}},"5":{"start":{"line":73,"column":30},"end":{"line":73,"column":37}},"6":{"start":{"line":75,"column":4},"end":{"line":77,"column":5}},"7":{"start":{"line":76,"column":6},"end":{"line":76,"column":66}},"8":{"start":{"line":79,"column":15},"end":{"line":79,"column":28}},"9":{"start":{"line":80,"column":22},"end":{"line":80,"column":55}},"10":{"start":{"line":82,"column":22},"end":{"line":82,"column":40}},"11":{"start":{"line":83,"column":24},"end":{"line":83,"column":44}},"12":{"start":{"line":84,"column":24},"end":{"line":84,"column":74}},"13":{"start":{"line":84,"column":47},"end":{"line":84,"column":59}},"14":{"start":{"line":87,"column":25},"end":{"line":87,"column":78}},"15":{"start":{"line":89,"column":24},"end":{"line":89,"column":106}},"16":{"start":{"line":91,"column":4},"end":{"line":97,"column":5}},"17":{"start":{"line":92,"column":22},"end":{"line":92,"column":68}},"18":{"start":{"line":93,"column":6},"end":{"line":93,"column":46}},"19":{"start":{"line":95,"column":6},"end":{"line":95,"column":49}},"20":{"start":{"line":96,"column":6},"end":{"line":96,"column":18}},"21":{"start":{"line":117,"column":24},"end":{"line":117,"column":26}},"22":{"start":{"line":118,"column":22},"end":{"line":118,"column":55}},"23":{"start":{"line":120,"column":4},"end":{"line":139,"column":7}},"24":{"start":{"line":122,"column":18},"end":{"line":122,"column":35}},"25":{"start":{"line":123,"column":6},"end":{"line":137,"column":9}},"26":{"start":{"line":125,"column":8},"end":{"line":129,"column":9}},"27":{"start":{"line":126,"column":10},"end":{"line":128,"column":12}},"28":{"start":{"line":132,"column":8},"end":{"line":136,"column":9}},"29":{"start":{"line":133,"column":10},"end":{"line":133,"column":60}},"30":{"start":{"line":135,"column":10},"end":{"line":135,"column":48}},"31":{"start":{"line":138,"column":6},"end":{"line":138,"column":23}},"32":{"start":{"line":141,"column":4},"end":{"line":141,"column":18}},"33":{"start":{"line":172,"column":15},"end":{"line":172,"column":22}},"34":{"start":{"line":173,"column":22},"end":{"line":173,"column":55}},"35":{"start":{"line":174,"column":4},"end":{"line":174,"column":35}},"36":{"start":{"line":176,"column":22},"end":{"line":176,"column":42}},"37":{"start":{"line":177,"column":23},"end":{"line":177,"column":60}},"38":{"start":{"line":179,"column":19},"end":{"line":179,"column":62}},"39":{"start":{"line":182,"column":4},"end":{"line":182,"column":40}},"40":{"start":{"line":216,"column":15},"end":{"line":216,"column":22}},"41":{"start":{"line":217,"column":22},"end":{"line":217,"column":55}},"42":{"start":{"line":218,"column":4},"end":{"line":218,"column":35}},"43":{"start":{"line":220,"column":22},"end":{"line":220,"column":42}},"44":{"start":{"line":221,"column":23},"end":{"line":221,"column":60}},"45":{"start":{"line":223,"column":19},"end":{"line":223,"column":62}},"46":{"start":{"line":226,"column":4},"end":{"line":226,"column":18}},"47":{"start":{"line":241,"column":22},"end":{"line":241,"column":55}},"48":{"start":{"line":243,"column":4},"end":{"line":243,"column":35}},"49":{"start":{"line":244,"column":15},"end":{"line":244,"column":22}},"50":{"start":{"line":245,"column":19},"end":{"line":247,"column":13}},"51":{"start":{"line":248,"column":4},"end":{"line":248,"column":24}},"52":{"start":{"line":264,"column":4},"end":{"line":264,"column":35}},"53":{"start":{"line":266,"column":15},"end":{"line":266,"column":22}},"54":{"start":{"line":267,"column":22},"end":{"line":267,"column":55}},"55":{"start":{"line":269,"column":4},"end":{"line":273,"column":5}},"56":{"start":{"line":270,"column":6},"end":{"line":272,"column":8}},"57":{"start":{"line":275,"column":4},"end":{"line":275,"column":62}},"58":{"start":{"line":276,"column":4},"end":{"line":276,"column":11}},"59":{"start":{"line":291,"column":22},"end":{"line":291,"column":55}},"60":{"start":{"line":294,"column":4},"end":{"line":294,"column":35}},"61":{"start":{"line":296,"column":4},"end":{"line":296,"column":44}},"62":{"start":{"line":308,"column":22},"end":{"line":308,"column":55}},"63":{"start":{"line":310,"column":37},"end":{"line":310,"column":39}},"64":{"start":{"line":313,"column":4},"end":{"line":315,"column":5}},"65":{"start":{"line":314,"column":6},"end":{"line":314,"column":40}},"66":{"start":{"line":317,"column":4},"end":{"line":319,"column":5}},"67":{"start":{"line":318,"column":6},"end":{"line":318,"column":41}},"68":{"start":{"line":320,"column":4},"end":{"line":322,"column":5}},"69":{"start":{"line":321,"column":6},"end":{"line":321,"column":38}},"70":{"start":{"line":324,"column":4},"end":{"line":330,"column":5}},"71":{"start":{"line":325,"column":6},"end":{"line":329,"column":8}},"72":{"start":{"line":332,"column":4},"end":{"line":332,"column":13}},"73":{"start":{"line":347,"column":4},"end":{"line":347,"column":70}},"74":{"start":{"line":349,"column":15},"end":{"line":349,"column":28}},"75":{"start":{"line":351,"column":24},"end":{"line":351,"column":61}},"76":{"start":{"line":352,"column":22},"end":{"line":352,"column":43}},"77":{"start":{"line":354,"column":22},"end":{"line":354,"column":42}},"78":{"start":{"line":355,"column":15},"end":{"line":355,"column":36}},"79":{"start":{"line":356,"column":20},"end":{"line":356,"column":38}},"80":{"start":{"line":358,"column":20},"end":{"line":358,"column":38}},"81":{"start":{"line":361,"column":17},"end":{"line":361,"column":57}},"82":{"start":{"line":361,"column":42},"end":{"line":361,"column":56}},"83":{"start":{"line":363,"column":21},"end":{"line":363,"column":59}},"84":{"start":{"line":363,"column":44},"end":{"line":363,"column":57}},"85":{"start":{"line":366,"column":19},"end":{"line":381,"column":18}},"86":{"start":{"line":367,"column":16},"end":{"line":367,"column":46}},"87":{"start":{"line":370,"column":6},"end":{"line":374,"column":7}},"88":{"start":{"line":371,"column":8},"end":{"line":373,"column":10}},"89":{"start":{"line":376,"column":6},"end":{"line":378,"column":7}},"90":{"start":{"line":377,"column":8},"end":{"line":377,"column":35}},"91":{"start":{"line":380,"column":6},"end":{"line":380,"column":17}},"92":{"start":{"line":383,"column":4},"end":{"line":383,"column":11}},"93":{"start":{"line":384,"column":29},"end":{"line":387,"column":13}},"94":{"start":{"line":389,"column":4},"end":{"line":423,"column":5}},"95":{"start":{"line":391,"column":6},"end":{"line":394,"column":7}},"96":{"start":{"line":392,"column":8},"end":{"line":392,"column":28}},"97":{"start":{"line":393,"column":8},"end":{"line":393,"column":29}},"98":{"start":{"line":396,"column":23},"end":{"line":396,"column":50}},"99":{"start":{"line":396,"column":41},"end":{"line":396,"column":49}},"100":{"start":{"line":398,"column":27},"end":{"line":398,"column":58}},"101":{"start":{"line":398,"column":43},"end":{"line":398,"column":46}},"102":{"start":{"line":400,"column":6},"end":{"line":405,"column":8}},"103":{"start":{"line":406,"column":18},"end":{"line":408,"column":38}},"104":{"start":{"line":409,"column":21},"end":{"line":409,"column":54}},"105":{"start":{"line":410,"column":6},"end":{"line":410,"column":50}},"106":{"start":{"line":414,"column":26},"end":{"line":414,"column":62}},"107":{"start":{"line":414,"column":44},"end":{"line":414,"column":61}},"108":{"start":{"line":416,"column":18},"end":{"line":418,"column":12}},"109":{"start":{"line":420,"column":6},"end":{"line":420,"column":27}},"110":{"start":{"line":422,"column":6},"end":{"line":422,"column":40}}},"fnMap":{"0":{"name":"(anonymous_0)","decl":{"start":{"line":40,"column":2},"end":{"line":40,"column":3}},"loc":{"start":{"line":42,"column":18},"end":{"line":55,"column":3}},"line":42},"1":{"name":"(anonymous_1)","decl":{"start":{"line":69,"column":2},"end":{"line":69,"column":3}},"loc":{"start":{"line":72,"column":23},"end":{"line":98,"column":3}},"line":72},"2":{"name":"(anonymous_2)","decl":{"start":{"line":84,"column":38},"end":{"line":84,"column":39}},"loc":{"start":{"line":84,"column":47},"end":{"line":84,"column":59}},"line":84},"3":{"name":"(anonymous_3)","decl":{"start":{"line":113,"column":2},"end":{"line":113,"column":3}},"loc":{"start":{"line":116,"column":9},"end":{"line":142,"column":3}},"line":116},"4":{"name":"(anonymous_4)","decl":{"start":{"line":120,"column":25},"end":{"line":120,"column":26}},"loc":{"start":{"line":120,"column":39},"end":{"line":139,"column":5}},"line":120},"5":{"name":"(anonymous_5)","decl":{"start":{"line":123,"column":34},"end":{"line":123,"column":35}},"loc":{"start":{"line":123,"column":43},"end":{"line":137,"column":7}},"line":123},"6":{"name":"(anonymous_6)","decl":{"start":{"line":167,"column":2},"end":{"line":167,"column":3}},"loc":{"start":{"line":171,"column":18},"end":{"line":183,"column":3}},"line":171},"7":{"name":"(anonymous_7)","decl":{"start":{"line":211,"column":2},"end":{"line":211,"column":3}},"loc":{"start":{"line":215,"column":18},"end":{"line":227,"column":3}},"line":215},"8":{"name":"(anonymous_8)","decl":{"start":{"line":238,"column":2},"end":{"line":238,"column":3}},"loc":{"start":{"line":240,"column":21},"end":{"line":249,"column":3}},"line":240},"9":{"name":"(anonymous_9)","decl":{"start":{"line":260,"column":2},"end":{"line":260,"column":3}},"loc":{"start":{"line":262,"column":19},"end":{"line":277,"column":3}},"line":262},"10":{"name":"(anonymous_10)","decl":{"start":{"line":288,"column":2},"end":{"line":288,"column":3}},"loc":{"start":{"line":290,"column":36},"end":{"line":297,"column":3}},"line":290},"11":{"name":"(anonymous_11)","decl":{"start":{"line":305,"column":2},"end":{"line":305,"column":3}},"loc":{"start":{"line":307,"column":12},"end":{"line":333,"column":3}},"line":307},"12":{"name":"(anonymous_12)","decl":{"start":{"line":345,"column":2},"end":{"line":345,"column":3}},"loc":{"start":{"line":345,"column":30},"end":{"line":424,"column":3}},"line":345},"13":{"name":"(anonymous_13)","decl":{"start":{"line":361,"column":33},"end":{"line":361,"column":34}},"loc":{"start":{"line":361,"column":42},"end":{"line":361,"column":56}},"line":361},"14":{"name":"(anonymous_14)","decl":{"start":{"line":363,"column":35},"end":{"line":363,"column":36}},"loc":{"start":{"line":363,"column":44},"end":{"line":363,"column":57}},"line":363},"15":{"name":"(anonymous_15)","decl":{"start":{"line":366,"column":28},"end":{"line":366,"column":29}},"loc":{"start":{"line":366,"column":37},"end":{"line":381,"column":5}},"line":366},"16":{"name":"(anonymous_16)","decl":{"start":{"line":396,"column":32},"end":{"line":396,"column":33}},"loc":{"start":{"line":396,"column":41},"end":{"line":396,"column":49}},"line":396},"17":{"name":"(anonymous_17)","decl":{"start":{"line":398,"column":36},"end":{"line":398,"column":37}},"loc":{"start":{"line":398,"column":43},"end":{"line":398,"column":46}},"line":398},"18":{"name":"(anonymous_18)","decl":{"start":{"line":414,"column":35},"end":{"line":414,"column":36}},"loc":{"start":{"line":414,"column":44},"end":{"line":414,"column":61}},"line":414}},"branchMap":{"0":{"loc":{"start":{"line":75,"column":4},"end":{"line":77,"column":5}},"type":"if","locations":[{"start":{"line":75,"column":4},"end":{"line":77,"column":5}},{"start":{},"end":{}}],"line":75},"1":{"loc":{"start":{"line":75,"column":8},"end":{"line":75,"column":49}},"type":"binary-expr","locations":[{"start":{"line":75,"column":8},"end":{"line":75,"column":14}},{"start":{"line":75,"column":18},"end":{"line":75,"column":49}}],"line":75},"2":{"loc":{"start":{"line":87,"column":25},"end":{"line":87,"column":78}},"type":"cond-expr","locations":[{"start":{"line":87,"column":55},"end":{"line":87,"column":72}},{"start":{"line":87,"column":75},"end":{"line":87,"column":78}}],"line":87},"3":{"loc":{"start":{"line":87,"column":25},"end":{"line":87,"column":52}},"type":"binary-expr","locations":[{"start":{"line":87,"column":25},"end":{"line":87,"column":31}},{"start":{"line":87,"column":35},"end":{"line":87,"column":52}}],"line":87},"4":{"loc":{"start":{"line":125,"column":8},"end":{"line":129,"column":9}},"type":"if","locations":[{"start":{"line":125,"column":8},"end":{"line":129,"column":9}},{"start":{},"end":{}}],"line":125},"5":{"loc":{"start":{"line":132,"column":8},"end":{"line":136,"column":9}},"type":"if","locations":[{"start":{"line":132,"column":8},"end":{"line":136,"column":9}},{"start":{"line":134,"column":15},"end":{"line":136,"column":9}}],"line":132},"6":{"loc":{"start":{"line":269,"column":4},"end":{"line":273,"column":5}},"type":"if","locations":[{"start":{"line":269,"column":4},"end":{"line":273,"column":5}},{"start":{},"end":{}}],"line":269},"7":{"loc":{"start":{"line":313,"column":4},"end":{"line":315,"column":5}},"type":"if","locations":[{"start":{"line":313,"column":4},"end":{"line":315,"column":5}},{"start":{},"end":{}}],"line":313},"8":{"loc":{"start":{"line":317,"column":4},"end":{"line":319,"column":5}},"type":"if","locations":[{"start":{"line":317,"column":4},"end":{"line":319,"column":5}},{"start":{},"end":{}}],"line":317},"9":{"loc":{"start":{"line":320,"column":4},"end":{"line":322,"column":5}},"type":"if","locations":[{"start":{"line":320,"column":4},"end":{"line":322,"column":5}},{"start":{},"end":{}}],"line":320},"10":{"loc":{"start":{"line":324,"column":4},"end":{"line":330,"column":5}},"type":"if","locations":[{"start":{"line":324,"column":4},"end":{"line":330,"column":5}},{"start":{},"end":{}}],"line":324},"11":{"loc":{"start":{"line":370,"column":6},"end":{"line":374,"column":7}},"type":"if","locations":[{"start":{"line":370,"column":6},"end":{"line":374,"column":7}},{"start":{},"end":{}}],"line":370},"12":{"loc":{"start":{"line":370,"column":10},"end":{"line":370,"column":64}},"type":"binary-expr","locations":[{"start":{"line":370,"column":11},"end":{"line":370,"column":23}},{"start":{"line":370,"column":27},"end":{"line":370,"column":44}},{"start":{"line":370,"column":49},"end":{"line":370,"column":64}}],"line":370},"13":{"loc":{"start":{"line":376,"column":6},"end":{"line":378,"column":7}},"type":"if","locations":[{"start":{"line":376,"column":6},"end":{"line":378,"column":7}},{"start":{},"end":{}}],"line":376},"14":{"loc":{"start":{"line":389,"column":4},"end":{"line":423,"column":5}},"type":"if","locations":[{"start":{"line":389,"column":4},"end":{"line":423,"column":5}},{"start":{"line":413,"column":9},"end":{"line":423,"column":5}}],"line":389},"15":{"loc":{"start":{"line":391,"column":6},"end":{"line":394,"column":7}},"type":"if","locations":[{"start":{"line":391,"column":6},"end":{"line":394,"column":7}},{"start":{},"end":{}}],"line":391},"16":{"loc":{"start":{"line":391,"column":10},"end":{"line":391,"column":51}},"type":"binary-expr","locations":[{"start":{"line":391,"column":10},"end":{"line":391,"column":31}},{"start":{"line":391,"column":35},"end":{"line":391,"column":51}}],"line":391}},"s":{"0":5,"1":5,"2":5,"3":5,"4":5,"5":1,"6":1,"7":0,"8":1,"9":1,"10":1,"11":1,"12":1,"13":1,"14":1,"15":1,"16":1,"17":1,"18":0,"19":1,"20":1,"21":13,"22":13,"23":13,"24":19,"25":19,"26":38,"27":1,"28":37,"29":4,"30":33,"31":18,"32":12,"33":4,"34":4,"35":4,"36":3,"37":3,"38":3,"39":3,"40":4,"41":4,"42":4,"43":3,"44":3,"45":3,"46":3,"47":3,"48":3,"49":2,"50":2,"51":2,"52":2,"53":1,"54":1,"55":1,"56":0,"57":1,"58":1,"59":3,"60":3,"61":2,"62":30,"63":30,"64":30,"65":6,"66":30,"67":3,"68":30,"69":3,"70":30,"71":8,"72":22,"73":5,"74":5,"75":5,"76":5,"77":5,"78":5,"79":5,"80":5,"81":5,"82":10,"83":5,"84":5,"85":5,"86":5,"87":5,"88":1,"89":4,"90":1,"91":3,"92":4,"93":4,"94":4,"95":3,"96":1,"97":1,"98":3,"99":4,"100":3,"101":4,"102":3,"103":3,"104":3,"105":3,"106":1,"107":1,"108":1,"109":1,"110":1},"f":{"0":5,"1":1,"2":1,"3":13,"4":19,"5":38,"6":4,"7":4,"8":3,"9":2,"10":3,"11":30,"12":5,"13":10,"14":5,"15":5,"16":4,"17":4,"18":1},"b":{"0":[0,1],"1":[1,1],"2":[0,1],"3":[1,0],"4":[1,37],"5":[4,33],"6":[0,1],"7":[6,24],"8":[3,27],"9":[3,27],"10":[8,22],"11":[1,4],"12":[5,5,1],"13":[1,3],"14":[3,1],"15":[1,2],"16":[3,1]},"_coverageSchema":"1a1c01bbd47fc00a2c39e90264f33305004495a9","hash":"838b2a9b1c2e995dd066aca9dcb019bee1a9cf28"}
,"/home/runner/work/term-project-2025-team-3/term-project-2025-team-3/sk-vaccine-app/myorm/clinic-entity.ts": {"path":"/home/runner/work/term-project-2025-team-3/term-project-2025-team-3/sk-vaccine-app/myorm/clinic-entity.ts","statementMap":{"0":{"start":{"line":39,"column":8},"end":{"line":39,"column":16}},"1":{"start":{"line":40,"column":8},"end":{"line":57,"column":9}},"2":{"start":{"line":41,"column":12},"end":{"line":41,"column":54}},"3":{"start":{"line":42,"column":12},"end":{"line":42,"column":40}},"4":{"start":{"line":43,"column":12},"end":{"line":43,"column":46}},"5":{"start":{"line":44,"column":12},"end":{"line":44,"column":54}},"6":{"start":{"line":45,"column":12},"end":{"line":45,"column":42}},"7":{"start":{"line":46,"column":12},"end":{"line":46,"column":48}},"8":{"start":{"line":47,"column":12},"end":{"line":47,"column":42}},"9":{"start":{"line":48,"column":12},"end":{"line":48,"column":44}},"10":{"start":{"line":51,"column":12},"end":{"line":51,"column":34}},"11":{"start":{"line":52,"column":12},"end":{"line":52,"column":27}},"12":{"start":{"line":53,"column":12},"end":{"line":53,"column":30}},"13":{"start":{"line":54,"column":12},"end":{"line":54,"column":34}},"14":{"start":{"line":55,"column":12},"end":{"line":55,"column":28}},"15":{"start":{"line":56,"column":12},"end":{"line":56,"column":31}}},"fnMap":{"0":{"name":"(anonymous_0)","decl":{"start":{"line":38,"column":4},"end":{"line":38,"column":5}},"loc":{"start":{"line":38,"column":40},"end":{"line":58,"column":5}},"line":38}},"branchMap":{"0":{"loc":{"start":{"line":40,"column":8},"end":{"line":57,"column":9}},"type":"if","locations":[{"start":{"line":40,"column":8},"end":{"line":57,"column":9}},{"start":{"line":50,"column":13},"end":{"line":57,"column":9}}],"line":40},"1":{"loc":{"start":{"line":41,"column":31},"end":{"line":41,"column":53}},"type":"binary-expr","locations":[{"start":{"line":41,"column":31},"end":{"line":41,"column":47}},{"start":{"line":41,"column":51},"end":{"line":41,"column":53}}],"line":41},"2":{"loc":{"start":{"line":42,"column":24},"end":{"line":42,"column":39}},"type":"binary-expr","locations":[{"start":{"line":42,"column":24},"end":{"line":42,"column":33}},{"start":{"line":42,"column":37},"end":{"line":42,"column":39}}],"line":42},"3":{"loc":{"start":{"line":43,"column":27},"end":{"line":43,"column":45}},"type":"binary-expr","locations":[{"start":{"line":43,"column":27},"end":{"line":43,"column":39}},{"start":{"line":43,"column":43},"end":{"line":43,"column":45}}],"line":43},"4":{"loc":{"start":{"line":44,"column":31},"end":{"line":44,"column":53}},"type":"binary-expr","locations":[{"start":{"line":44,"column":31},"end":{"line":44,"column":47}},{"start":{"line":44,"column":51},"end":{"line":44,"column":53}}],"line":44},"5":{"loc":{"start":{"line":45,"column":25},"end":{"line":45,"column":41}},"type":"binary-expr","locations":[{"start":{"line":45,"column":25},"end":{"line":45,"column":35}},{"start":{"line":45,"column":39},"end":{"line":45,"column":41}}],"line":45},"6":{"loc":{"start":{"line":46,"column":28},"end":{"line":46,"column":47}},"type":"binary-expr","locations":[{"start":{"line":46,"column":28},"end":{"line":46,"column":41}},{"start":{"line":46,"column":45},"end":{"line":46,"column":47}}],"line":46}},"s":{"0":0,"1":0,"2":0,"3":0,"4":0,"5":0,"6":0,"7":0,"8":0,"9":0,"10":0,"11":0,"12":0,"13":0,"14":0,"15":0},"f":{"0":0},"b":{"0":[0,0],"1":[0,0],"2":[0,0],"3":[0,0],"4":[0,0],"5":[0,0],"6":[0,0]},"_coverageSchema":"1a1c01bbd47fc00a2c39e90264f33305004495a9","hash":"b91e6114fbfdac06fed707bdccee2068e5082cda"}
,"/home/runner/work/term-project-2025-team-3/term-project-2025-team-3/sk-vaccine-app/myorm/decorators.ts": {"path":"/home/runner/work/term-project-2025-team-3/term-project-2025-team-3/sk-vaccine-app/myorm/decorators.ts","statementMap":{"0":{"start":{"line":8,"column":16},"end":{"line":8,"column":35}},"1":{"start":{"line":77,"column":4},"end":{"line":117,"column":6}},"2":{"start":{"line":78,"column":26},"end":{"line":78,"column":73}},"3":{"start":{"line":80,"column":8},"end":{"line":82,"column":9}},"4":{"start":{"line":81,"column":12},"end":{"line":81,"column":86}},"5":{"start":{"line":86,"column":8},"end":{"line":88,"column":9}},"6":{"start":{"line":87,"column":12},"end":{"line":87,"column":56}},"7":{"start":{"line":97,"column":8},"end":{"line":99,"column":9}},"8":{"start":{"line":98,"column":12},"end":{"line":98,"column":48}},"9":{"start":{"line":105,"column":8},"end":{"line":115,"column":10}},"10":{"start":{"line":129,"column":4},"end":{"line":131,"column":6}},"11":{"start":{"line":130,"column":8},"end":{"line":130,"column":103}},"12":{"start":{"line":141,"column":4},"end":{"line":141,"column":62}},"13":{"start":{"line":155,"column":4},"end":{"line":157,"column":5}},"14":{"start":{"line":156,"column":8},"end":{"line":156,"column":22}},"15":{"start":{"line":158,"column":4},"end":{"line":160,"column":5}},"16":{"start":{"line":159,"column":8},"end":{"line":159,"column":22}},"17":{"start":{"line":161,"column":4},"end":{"line":163,"column":5}},"18":{"start":{"line":162,"column":8},"end":{"line":162,"column":22}},"19":{"start":{"line":164,"column":4},"end":{"line":166,"column":5}},"20":{"start":{"line":165,"column":8},"end":{"line":165,"column":25}},"21":{"start":{"line":167,"column":4},"end":{"line":169,"column":5}},"22":{"start":{"line":168,"column":8},"end":{"line":168,"column":22}},"23":{"start":{"line":170,"column":4},"end":{"line":170,"column":72}},"24":{"start":{"line":190,"column":4},"end":{"line":190,"column":28}},"25":{"start":{"line":191,"column":4},"end":{"line":275,"column":6}},"26":{"start":{"line":196,"column":8},"end":{"line":207,"column":9}},"27":{"start":{"line":197,"column":12},"end":{"line":197,"column":66}},"28":{"start":{"line":199,"column":27},"end":{"line":205,"column":49}},"29":{"start":{"line":206,"column":12},"end":{"line":206,"column":35}},"30":{"start":{"line":213,"column":8},"end":{"line":216,"column":9}},"31":{"start":{"line":214,"column":12},"end":{"line":214,"column":61}},"32":{"start":{"line":215,"column":12},"end":{"line":215,"column":63}},"33":{"start":{"line":218,"column":19},"end":{"line":218,"column":32}},"34":{"start":{"line":222,"column":8},"end":{"line":222,"column":111}},"35":{"start":{"line":227,"column":26},"end":{"line":227,"column":47}},"36":{"start":{"line":229,"column":8},"end":{"line":229,"column":83}},"37":{"start":{"line":233,"column":8},"end":{"line":263,"column":9}},"38":{"start":{"line":234,"column":27},"end":{"line":234,"column":89}},"39":{"start":{"line":235,"column":33},"end":{"line":245,"column":23}},"40":{"start":{"line":238,"column":24},"end":{"line":243,"column":25}},"41":{"start":{"line":247,"column":34},"end":{"line":256,"column":23}},"42":{"start":{"line":249,"column":20},"end":{"line":254,"column":21}},"43":{"start":{"line":258,"column":12},"end":{"line":260,"column":13}},"44":{"start":{"line":259,"column":16},"end":{"line":259,"column":77}},"45":{"start":{"line":266,"column":8},"end":{"line":266,"column":49}},"46":{"start":{"line":271,"column":8},"end":{"line":271,"column":25}},"47":{"start":{"line":273,"column":8},"end":{"line":273,"column":69}},"48":{"start":{"line":289,"column":22},"end":{"line":289,"column":42}},"49":{"start":{"line":291,"column":4},"end":{"line":293,"column":5}},"50":{"start":{"line":292,"column":8},"end":{"line":292,"column":84}},"51":{"start":{"line":295,"column":4},"end":{"line":297,"column":5}},"52":{"start":{"line":296,"column":8},"end":{"line":296,"column":82}},"53":{"start":{"line":299,"column":20},"end":{"line":299,"column":38}},"54":{"start":{"line":301,"column":14},"end":{"line":301,"column":59}},"55":{"start":{"line":304,"column":21},"end":{"line":304,"column":73}},"56":{"start":{"line":304,"column":59},"end":{"line":304,"column":72}},"57":{"start":{"line":305,"column":4},"end":{"line":307,"column":5}},"58":{"start":{"line":306,"column":8},"end":{"line":306,"column":86}},"59":{"start":{"line":308,"column":4},"end":{"line":308,"column":69}},"60":{"start":{"line":311,"column":23},"end":{"line":311,"column":24}},"61":{"start":{"line":314,"column":4},"end":{"line":332,"column":7}},"62":{"start":{"line":316,"column":8},"end":{"line":322,"column":9}},"63":{"start":{"line":317,"column":12},"end":{"line":317,"column":27}},"64":{"start":{"line":318,"column":12},"end":{"line":320,"column":13}},"65":{"start":{"line":319,"column":16},"end":{"line":319,"column":101}},"66":{"start":{"line":321,"column":12},"end":{"line":321,"column":19}},"67":{"start":{"line":323,"column":8},"end":{"line":331,"column":9}},"68":{"start":{"line":324,"column":12},"end":{"line":324,"column":55}},"69":{"start":{"line":326,"column":13},"end":{"line":331,"column":9}},"70":{"start":{"line":327,"column":12},"end":{"line":327,"column":58}},"71":{"start":{"line":330,"column":12},"end":{"line":330,"column":59}},"72":{"start":{"line":335,"column":4},"end":{"line":335,"column":36}},"73":{"start":{"line":336,"column":4},"end":{"line":336,"column":15}}},"fnMap":{"0":{"name":"Column","decl":{"start":{"line":68,"column":16},"end":{"line":68,"column":22}},"loc":{"start":{"line":68,"column":48},"end":{"line":118,"column":1}},"line":68},"1":{"name":"(anonymous_1)","decl":{"start":{"line":77,"column":11},"end":{"line":77,"column":12}},"loc":{"start":{"line":77,"column":55},"end":{"line":117,"column":5}},"line":77},"2":{"name":"PrimaryGeneratedColumn","decl":{"start":{"line":128,"column":16},"end":{"line":128,"column":38}},"loc":{"start":{"line":128,"column":83},"end":{"line":132,"column":1}},"line":128},"3":{"name":"(anonymous_3)","decl":{"start":{"line":129,"column":11},"end":{"line":129,"column":12}},"loc":{"start":{"line":129,"column":55},"end":{"line":131,"column":5}},"line":129},"4":{"name":"List","decl":{"start":{"line":140,"column":16},"end":{"line":140,"column":20}},"loc":{"start":{"line":140,"column":62},"end":{"line":142,"column":1}},"line":140},"5":{"name":"mapTsTypeToSql","decl":{"start":{"line":154,"column":16},"end":{"line":154,"column":30}},"loc":{"start":{"line":154,"column":70},"end":{"line":171,"column":1}},"line":154},"6":{"name":"Entity","decl":{"start":{"line":189,"column":16},"end":{"line":189,"column":22}},"loc":{"start":{"line":189,"column":76},"end":{"line":276,"column":1}},"line":189},"7":{"name":"(anonymous_7)","decl":{"start":{"line":191,"column":11},"end":{"line":191,"column":12}},"loc":{"start":{"line":191,"column":44},"end":{"line":275,"column":5}},"line":191},"8":{"name":"(anonymous_8)","decl":{"start":{"line":237,"column":20},"end":{"line":237,"column":21}},"loc":{"start":{"line":237,"column":34},"end":{"line":244,"column":21}},"line":237},"9":{"name":"(anonymous_9)","decl":{"start":{"line":248,"column":16},"end":{"line":248,"column":17}},"loc":{"start":{"line":248,"column":30},"end":{"line":255,"column":17}},"line":248},"10":{"name":"createTable","decl":{"start":{"line":288,"column":9},"end":{"line":288,"column":20}},"loc":{"start":{"line":288,"column":57},"end":{"line":337,"column":1}},"line":288},"11":{"name":"(anonymous_11)","decl":{"start":{"line":304,"column":34},"end":{"line":304,"column":35}},"loc":{"start":{"line":304,"column":59},"end":{"line":304,"column":72}},"line":304},"12":{"name":"(anonymous_12)","decl":{"start":{"line":314,"column":20},"end":{"line":314,"column":21}},"loc":{"start":{"line":314,"column":45},"end":{"line":332,"column":5}},"line":314}},"branchMap":{"0":{"loc":{"start":{"line":80,"column":8},"end":{"line":82,"column":9}},"type":"if","locations":[{"start":{"line":80,"column":8},"end":{"line":82,"column":9}},{"start":{},"end":{}}],"line":80},"1":{"loc":{"start":{"line":80,"column":12},"end":{"line":80,"column":46}},"type":"binary-expr","locations":[{"start":{"line":80,"column":12},"end":{"line":80,"column":28}},{"start":{"line":80,"column":32},"end":{"line":80,"column":46}}],"line":80},"2":{"loc":{"start":{"line":86,"column":8},"end":{"line":88,"column":9}},"type":"if","locations":[{"start":{"line":86,"column":8},"end":{"line":88,"column":9}},{"start":{},"end":{}}],"line":86},"3":{"loc":{"start":{"line":97,"column":8},"end":{"line":99,"column":9}},"type":"if","locations":[{"start":{"line":97,"column":8},"end":{"line":99,"column":9}},{"start":{},"end":{}}],"line":97},"4":{"loc":{"start":{"line":108,"column":22},"end":{"line":108,"column":50}},"type":"binary-expr","locations":[{"start":{"line":108,"column":22},"end":{"line":108,"column":35}},{"start":{"line":108,"column":39},"end":{"line":108,"column":50}}],"line":108},"5":{"loc":{"start":{"line":109,"column":22},"end":{"line":109,"column":87}},"type":"binary-expr","locations":[{"start":{"line":109,"column":22},"end":{"line":109,"column":35}},{"start":{"line":109,"column":39},"end":{"line":109,"column":87}}],"line":109},"6":{"loc":{"start":{"line":110,"column":26},"end":{"line":110,"column":52}},"type":"binary-expr","locations":[{"start":{"line":110,"column":26},"end":{"line":110,"column":43}},{"start":{"line":110,"column":47},"end":{"line":110,"column":52}}],"line":110},"7":{"loc":{"start":{"line":111,"column":24},"end":{"line":111,"column":48}},"type":"binary-expr","locations":[{"start":{"line":111,"column":24},"end":{"line":111,"column":39}},{"start":{"line":111,"column":43},"end":{"line":111,"column":48}}],"line":111},"8":{"loc":{"start":{"line":112,"column":27},"end":{"line":112,"column":54}},"type":"binary-expr","locations":[{"start":{"line":112,"column":27},"end":{"line":112,"column":45}},{"start":{"line":112,"column":49},"end":{"line":112,"column":54}}],"line":112},"9":{"loc":{"start":{"line":113,"column":28},"end":{"line":113,"column":56}},"type":"binary-expr","locations":[{"start":{"line":113,"column":28},"end":{"line":113,"column":47}},{"start":{"line":113,"column":51},"end":{"line":113,"column":56}}],"line":113},"10":{"loc":{"start":{"line":130,"column":52},"end":{"line":130,"column":78}},"type":"binary-expr","locations":[{"start":{"line":130,"column":52},"end":{"line":130,"column":65}},{"start":{"line":130,"column":69},"end":{"line":130,"column":78}}],"line":130},"11":{"loc":{"start":{"line":155,"column":4},"end":{"line":157,"column":5}},"type":"if","locations":[{"start":{"line":155,"column":4},"end":{"line":157,"column":5}},{"start":{},"end":{}}],"line":155},"12":{"loc":{"start":{"line":158,"column":4},"end":{"line":160,"column":5}},"type":"if","locations":[{"start":{"line":158,"column":4},"end":{"line":160,"column":5}},{"start":{},"end":{}}],"line":158},"13":{"loc":{"start":{"line":161,"column":4},"end":{"line":163,"column":5}},"type":"if","locations":[{"start":{"line":161,"column":4},"end":{"line":163,"column":5}},{"start":{},"end":{}}],"line":161},"14":{"loc":{"start":{"line":164,"column":4},"end":{"line":166,"column":5}},"type":"if","locations":[{"start":{"line":164,"column":4},"end":{"line":166,"column":5}},{"start":{},"end":{}}],"line":164},"15":{"loc":{"start":{"line":167,"column":4},"end":{"line":169,"column":5}},"type":"if","locations":[{"start":{"line":167,"column":4},"end":{"line":169,"column":5}},{"start":{},"end":{}}],"line":167},"16":{"loc":{"start":{"line":190,"column":14},"end":{"line":190,"column":27}},"type":"binary-expr","locations":[{"start":{"line":190,"column":14},"end":{"line":190,"column":21}},{"start":{"line":190,"column":25},"end":{"line":190,"column":27}}],"line":190},"17":{"loc":{"start":{"line":196,"column":8},"end":{"line":207,"column":9}},"type":"if","locations":[{"start":{"line":196,"column":8},"end":{"line":207,"column":9}},{"start":{},"end":{}}],"line":196},"18":{"loc":{"start":{"line":196,"column":12},"end":{"line":196,"column":87}},"type":"binary-expr","locations":[{"start":{"line":196,"column":12},"end":{"line":196,"column":43}},{"start":{"line":196,"column":47},"end":{"line":196,"column":87}}],"line":196},"19":{"loc":{"start":{"line":213,"column":8},"end":{"line":216,"column":9}},"type":"if","locations":[{"start":{"line":213,"column":8},"end":{"line":216,"column":9}},{"start":{},"end":{}}],"line":213},"20":{"loc":{"start":{"line":229,"column":31},"end":{"line":229,"column":82}},"type":"binary-expr","locations":[{"start":{"line":229,"column":31},"end":{"line":229,"column":48}},{"start":{"line":229,"column":52},"end":{"line":229,"column":82}}],"line":229},"21":{"loc":{"start":{"line":233,"column":8},"end":{"line":263,"column":9}},"type":"if","locations":[{"start":{"line":233,"column":8},"end":{"line":263,"column":9}},{"start":{},"end":{}}],"line":233},"22":{"loc":{"start":{"line":258,"column":12},"end":{"line":260,"column":13}},"type":"if","locations":[{"start":{"line":258,"column":12},"end":{"line":260,"column":13}},{"start":{},"end":{}}],"line":258},"23":{"loc":{"start":{"line":291,"column":4},"end":{"line":293,"column":5}},"type":"if","locations":[{"start":{"line":291,"column":4},"end":{"line":293,"column":5}},{"start":{},"end":{}}],"line":291},"24":{"loc":{"start":{"line":295,"column":4},"end":{"line":297,"column":5}},"type":"if","locations":[{"start":{"line":295,"column":4},"end":{"line":297,"column":5}},{"start":{},"end":{}}],"line":295},"25":{"loc":{"start":{"line":295,"column":8},"end":{"line":295,"column":73}},"type":"binary-expr","locations":[{"start":{"line":295,"column":8},"end":{"line":295,"column":39}},{"start":{"line":295,"column":43},"end":{"line":295,"column":73}}],"line":295},"26":{"loc":{"start":{"line":305,"column":4},"end":{"line":307,"column":5}},"type":"if","locations":[{"start":{"line":305,"column":4},"end":{"line":307,"column":5}},{"start":{},"end":{}}],"line":305},"27":{"loc":{"start":{"line":316,"column":8},"end":{"line":322,"column":9}},"type":"if","locations":[{"start":{"line":316,"column":8},"end":{"line":322,"column":9}},{"start":{},"end":{}}],"line":316},"28":{"loc":{"start":{"line":318,"column":12},"end":{"line":320,"column":13}},"type":"if","locations":[{"start":{"line":318,"column":12},"end":{"line":320,"column":13}},{"start":{},"end":{}}],"line":318},"29":{"loc":{"start":{"line":323,"column":8},"end":{"line":331,"column":9}},"type":"if","locations":[{"start":{"line":323,"column":8},"end":{"line":331,"column":9}},{"start":{"line":326,"column":13},"end":{"line":331,"column":9}}],"line":323},"30":{"loc":{"start":{"line":326,"column":13},"end":{"line":331,"column":9}},"type":"if","locations":[{"start":{"line":326,"column":13},"end":{"line":331,"column":9}},{"start":{"line":329,"column":13},"end":{"line":331,"column":9}}],"line":326}},"s":{"0":4,"1":28,"2":28,"3":28,"4":1,"5":27,"6":9,"7":27,"8":4,"9":27,"10":3,"11":3,"12":1,"13":28,"14":5,"15":23,"16":9,"17":14,"18":12,"19":2,"20":2,"21":0,"22":0,"23":0,"24":8,"25":8,"26":8,"27":8,"28":8,"29":8,"30":8,"31":0,"32":0,"33":8,"34":8,"35":8,"36":8,"37":8,"38":2,"39":2,"40":0,"41":0,"42":0,"43":0,"44":0,"45":6,"46":4,"47":4,"48":6,"49":6,"50":0,"51":6,"52":1,"53":5,"54":5,"55":5,"56":5,"57":5,"58":0,"59":5,"60":5,"61":5,"62":26,"63":6,"64":6,"65":1,"66":5,"67":20,"68":5,"69":15,"70":2,"71":13,"72":4,"73":4},"f":{"0":28,"1":28,"2":3,"3":3,"4":1,"5":28,"6":8,"7":8,"8":0,"9":0,"10":6,"11":5,"12":26},"b":{"0":[1,27],"1":[28,5],"2":[9,18],"3":[4,23],"4":[27,26],"5":[27,23],"6":[27,25],"7":[27,21],"8":[27,23],"9":[27,22],"10":[3,3],"11":[5,23],"12":[9,14],"13":[12,2],"14":[2,0],"15":[0,0],"16":[8,6],"17":[8,0],"18":[8,8],"19":[0,8],"20":[8,6],"21":[2,6],"22":[0,0],"23":[0,6],"24":[1,5],"25":[6,6],"26":[0,5],"27":[6,20],"28":[1,5],"29":[5,15],"30":[2,13]},"_coverageSchema":"1a1c01bbd47fc00a2c39e90264f33305004495a9","hash":"cf7d1e7851b5070859557321696cddd59f80ddd6"}
,"/home/runner/work/term-project-2025-team-3/term-project-2025-team-3/sk-vaccine-app/myorm/vaccine-entity.ts": {"path":"/home/runner/work/term-project-2025-team-3/term-project-2025-team-3/sk-vaccine-app/myorm/vaccine-entity.ts","statementMap":{"0":{"start":{"line":44,"column":4},"end":{"line":44,"column":12}},"1":{"start":{"line":45,"column":4},"end":{"line":55,"column":5}},"2":{"start":{"line":46,"column":6},"end":{"line":54,"column":73}}},"fnMap":{"0":{"name":"(anonymous_0)","decl":{"start":{"line":43,"column":2},"end":{"line":43,"column":3}},"loc":{"start":{"line":43,"column":39},"end":{"line":57,"column":3}},"line":43}},"branchMap":{"0":{"loc":{"start":{"line":45,"column":4},"end":{"line":55,"column":5}},"type":"if","locations":[{"start":{"line":45,"column":4},"end":{"line":55,"column":5}},{"start":{},"end":{}}],"line":45},"1":{"loc":{"start":{"line":46,"column":25},"end":{"line":46,"column":47}},"type":"binary-expr","locations":[{"start":{"line":46,"column":25},"end":{"line":46,"column":41}},{"start":{"line":46,"column":45},"end":{"line":46,"column":47}}],"line":46},"2":{"loc":{"start":{"line":47,"column":23},"end":{"line":47,"column":42}},"type":"binary-expr","locations":[{"start":{"line":47,"column":23},"end":{"line":47,"column":37}},{"start":{"line":47,"column":41},"end":{"line":47,"column":42}}],"line":47},"3":{"loc":{"start":{"line":48,"column":29},"end":{"line":48,"column":54}},"type":"binary-expr","locations":[{"start":{"line":48,"column":29},"end":{"line":48,"column":49}},{"start":{"line":48,"column":53},"end":{"line":48,"column":54}}],"line":48},"4":{"loc":{"start":{"line":49,"column":28},"end":{"line":49,"column":52}},"type":"binary-expr","locations":[{"start":{"line":49,"column":28},"end":{"line":49,"column":47}},{"start":{"line":49,"column":51},"end":{"line":49,"column":52}}],"line":49},"5":{"loc":{"start":{"line":50,"column":32},"end":{"line":50,"column":61}},"type":"binary-expr","locations":[{"start":{"line":50,"column":32},"end":{"line":50,"column":55}},{"start":{"line":50,"column":59},"end":{"line":50,"column":61}}],"line":50},"6":{"loc":{"start":{"line":51,"column":31},"end":{"line":51,"column":59}},"type":"binary-expr","locations":[{"start":{"line":51,"column":31},"end":{"line":51,"column":53}},{"start":{"line":51,"column":57},"end":{"line":51,"column":59}}],"line":51},"7":{"loc":{"start":{"line":52,"column":22},"end":{"line":52,"column":41}},"type":"binary-expr","locations":[{"start":{"line":52,"column":22},"end":{"line":52,"c
[...]
d":{"line":408,"column":73}},"103":{"start":{"line":410,"column":6},"end":{"line":412,"column":8}},"104":{"start":{"line":413,"column":6},"end":{"line":413,"column":21}},"105":{"start":{"line":415,"column":6},"end":{"line":415,"column":18}},"106":{"start":{"line":438,"column":4},"end":{"line":468,"column":5}},"107":{"start":{"line":440,"column":22},"end":{"line":440,"column":73}},"108":{"start":{"line":442,"column":6},"end":{"line":444,"column":7}},"109":{"start":{"line":443,"column":8},"end":{"line":443,"column":73}},"110":{"start":{"line":445,"column":6},"end":{"line":447,"column":8}},"111":{"start":{"line":450,"column":6},"end":{"line":452,"column":7}},"112":{"start":{"line":451,"column":8},"end":{"line":451,"column":53}},"113":{"start":{"line":453,"column":6},"end":{"line":455,"column":7}},"114":{"start":{"line":454,"column":8},"end":{"line":454,"column":51}},"115":{"start":{"line":456,"column":6},"end":{"line":458,"column":7}},"116":{"start":{"line":457,"column":8},"end":{"line":457,"column":50}},"117":{"start":{"line":459,"column":6},"end":{"line":461,"column":7}},"118":{"start":{"line":460,"column":8},"end":{"line":460,"column":48}},"119":{"start":{"line":464,"column":6},"end":{"line":464,"column":27}},"120":{"start":{"line":466,"column":6},"end":{"line":466,"column":26}},"121":{"start":{"line":467,"column":6},"end":{"line":467,"column":78}},"122":{"start":{"line":481,"column":23},"end":{"line":481,"column":49}},"123":{"start":{"line":483,"column":4},"end":{"line":508,"column":5}},"124":{"start":{"line":485,"column":28},"end":{"line":501,"column":8}},"125":{"start":{"line":486,"column":8},"end":{"line":500,"column":9}},"126":{"start":{"line":487,"column":27},"end":{"line":489,"column":11}},"127":{"start":{"line":491,"column":10},"end":{"line":493,"column":11}},"128":{"start":{"line":492,"column":12},"end":{"line":492,"column":70}},"129":{"start":{"line":495,"column":23},"end":{"line":495,"column":44}},"130":{"start":{"line":496,"column":10},"end":{"line":496,"column":22}},"131":{"start":{"line":498,"column":10},"end":{"line":498,"column":77}},"132":{"start":{"line":499,"column":10},"end":{"line":499,"column":22}},"133":{"start":{"line":503,"column":25},"end":{"line":503,"column":57}},"134":{"start":{"line":504,"column":6},"end":{"line":504,"column":24}},"135":{"start":{"line":506,"column":6},"end":{"line":506,"column":59}},"136":{"start":{"line":507,"column":6},"end":{"line":507,"column":16}}},"fnMap":{"0":{"name":"(anonymous_0)","decl":{"start":{"line":42,"column":2},"end":{"line":42,"column":3}},"loc":{"start":{"line":50,"column":35},"end":{"line":94,"column":3}},"line":50},"1":{"name":"(anonymous_1)","decl":{"start":{"line":71,"column":15},"end":{"line":71,"column":16}},"loc":{"start":{"line":71,"column":24},"end":{"line":73,"column":11}},"line":71},"2":{"name":"(anonymous_2)","decl":{"start":{"line":75,"column":29},"end":{"line":75,"column":30}},"loc":{"start":{"line":75,"column":35},"end":{"line":75,"column":47}},"line":75},"3":{"name":"(anonymous_3)","decl":{"start":{"line":106,"column":2},"end":{"line":106,"column":3}},"loc":{"start":{"line":106,"column":51},"end":{"line":111,"column":3}},"line":106},"4":{"name":"(anonymous_4)","decl":{"start":{"line":121,"column":2},"end":{"line":121,"column":3}},"loc":{"start":{"line":121,"column":55},"end":{"line":134,"column":3}},"line":121},"5":{"name":"(anonymous_5)","decl":{"start":{"line":122,"column":23},"end":{"line":122,"column":24}},"loc":{"start":{"line":122,"column":44},"end":{"line":133,"column":5}},"line":122},"6":{"name":"(anonymous_6)","decl":{"start":{"line":145,"column":2},"end":{"line":145,"column":3}},"loc":{"start":{"line":147,"column":29},"end":{"line":167,"column":3}},"line":147},"7":{"name":"(anonymous_7)","decl":{"start":{"line":148,"column":23},"end":{"line":148,"column":24}},"loc":{"start":{"line":148,"column":50},"end":{"line":166,"column":5}},"line":148},"8":{"name":"(anonymous_8)","decl":{"start":{"line":174,"column":2},"end":{"line":174,"column":3}},"loc":{"start":{"line":174,"column":54},"end":{"line":180,"column":3}},"line":174},"9":{"name":"(anonymous_9)","decl":{"start":{"line":191,"column":2},"end":{"line":191,"column":3}},"loc":{"start":{"line":191,"column":54},"end":{"line":209,"column":3}},"line":191},"10":{"name":"(anonymous_10)","decl":{"start":{"line":192,"column":23},"end":{"line":192,"column":24}},"loc":{"start":{"line":192,"column":50},"end":{"line":208,"column":5}},"line":192},"11":{"name":"(anonymous_11)","decl":{"start":{"line":219,"column":2},"end":{"line":219,"column":3}},"loc":{"start":{"line":219,"column":61},"end":{"line":239,"column":3}},"line":219},"12":{"name":"(anonymous_12)","decl":{"start":{"line":220,"column":23},"end":{"line":220,"column":24}},"loc":{"start":{"line":220,"column":44},"end":{"line":238,"column":5}},"line":220},"13":{"name":"(anonymous_13)","decl":{"start":{"line":248,"column":2},"end":{"line":248,"column":3}},"loc":{"start":{"line":248,"column":77},"end":{"line":270,"column":3}},"line":248},"14":{"name":"(anonymous_14)","decl":{"start":{"line":251,"column":49},"end":{"line":251,"column":50}},"loc":{"start":{"line":251,"column":68},"end":{"line":265,"column":7}},"line":251},"15":{"name":"(anonymous_15)","decl":{"start":{"line":283,"column":2},"end":{"line":283,"column":3}},"loc":{"start":{"line":286,"column":21},"end":{"line":314,"column":3}},"line":286},"16":{"name":"(anonymous_16)","decl":{"start":{"line":324,"column":2},"end":{"line":324,"column":3}},"loc":{"start":{"line":324,"column":57},"end":{"line":391,"column":3}},"line":324},"17":{"name":"(anonymous_17)","decl":{"start":{"line":328,"column":45},"end":{"line":328,"column":46}},"loc":{"start":{"line":328,"column":64},"end":{"line":384,"column":7}},"line":328},"18":{"name":"(anonymous_18)","decl":{"start":{"line":403,"column":2},"end":{"line":403,"column":3}},"loc":{"start":{"line":403,"column":72},"end":{"line":417,"column":3}},"line":403},"19":{"name":"(anonymous_19)","decl":{"start":{"line":431,"column":2},"end":{"line":431,"column":3}},"loc":{"start":{"line":437,"column":19},"end":{"line":469,"column":3}},"line":437},"20":{"name":"(anonymous_20)","decl":{"start":{"line":480,"column":2},"end":{"line":480,"column":3}},"loc":{"start":{"line":480,"column":49},"end":{"line":509,"column":3}},"line":480},"21":{"name":"(anonymous_21)","decl":{"start":{"line":485,"column":43},"end":{"line":485,"column":44}},"loc":{"start":{"line":485,"column":62},"end":{"line":501,"column":7}},"line":485}},"branchMap":{"0":{"loc":{"start":{"line":44,"column":4},"end":{"line":44,"column":46}},"type":"default-arg","locations":[{"start":{"line":44,"column":37},"end":{"line":44,"column":46}}],"line":44},"1":{"loc":{"start":{"line":52,"column":6},"end":{"line":52,"column":50}},"type":"cond-expr","locations":[{"start":{"line":52,"column":30},"end":{"line":52,"column":39}},{"start":{"line":52,"column":42},"end":{"line":52,"column":50}}],"line":52},"2":{"loc":{"start":{"line":54,"column":6},"end":{"line":54,"column":50}},"type":"cond-expr","locations":[{"start":{"line":54,"column":30},"end":{"line":54,"column":39}},{"start":{"line":54,"column":42},"end":{"line":54,"column":50}}],"line":54},"3":{"loc":{"start":{"line":59,"column":4},"end":{"line":77,"column":5}},"type":"if","locations":[{"start":{"line":59,"column":4},"end":{"line":77,"column":5}},{"start":{},"end":{}}],"line":59},"4":{"loc":{"start":{"line":62,"column":28},"end":{"line":62,"column":72}},"type":"cond-expr","locations":[{"start":{"line":62,"column":52},"end":{"line":62,"column":61}},{"start":{"line":62,"column":64},"end":{"line":62,"column":72}}],"line":62},"5":{"loc":{"start":{"line":66,"column":6},"end":{"line":76,"column":7}},"type":"if","locations":[{"start":{"line":66,"column":6},"end":{"line":76,"column":7}},{"start":{"line":69,"column":13},"end":{"line":76,"column":7}}],"line":66},"6":{"loc":{"start":{"line":79,"column":4},"end":{"line":81,"column":5}},"type":"if","locations":[{"start":{"line":79,"column":4},"end":{"line":81,"column":5}},{"start":{},"end":{}}],"line":79},"7":{"loc":{"start":{"line":80,"column":44},"end":{"line":80,"column":76}},"type":"cond-expr","locations":[{"start":{"line":80,"column":62},"end":{"line":80,"column":67}},{"start":{"line":80,"column":70},"end":{"line":80,"column":76}}],"line":80},"8":{"loc":{"start":{"line":150,"column":8},"end":{"line":162,"column":9}},"type":"if","locations":[{"start":{"line":150,"column":8},"end":{"line":162,"column":9}},{"start":{"line":156,"column":15},"end":{"line":162,"column":9}}],"line":150},"9":{"loc":{"start":{"line":196,"column":8},"end":{"line":200,"column":9}},"type":"if","locations":[{"start":{"line":196,"column":8},"end":{"line":200,"column":9}},{"start":{"line":198,"column":15},"end":{"line":200,"column":9}}],"line":196},"10":{"loc":{"start":{"line":287,"column":11},"end":{"line":287,"column":48}},"type":"binary-expr","locations":[{"start":{"line":287,"column":11},"end":{"line":287,"column":28}},{"start":{"line":287,"column":32},"end":{"line":287,"column":48}}],"line":287},"11":{"loc":{"start":{"line":295,"column":6},"end":{"line":297,"column":7}},"type":"if","locations":[{"start":{"line":295,"column":6},"end":{"line":297,"column":7}},{"start":{},"end":{}}],"line":295},"12":{"loc":{"start":{"line":363,"column":16},"end":{"line":365,"column":42}},"type":"cond-expr","locations":[{"start":{"line":364,"column":20},"end":{"line":364,"column":29}},{"start":{"line":365,"column":20},"end":{"line":365,"column":42}}],"line":363},"13":{"loc":{"start":{"line":370,"column":16},"end":{"line":372,"column":41}},"type":"cond-expr","locations":[{"start":{"line":371,"column":20},"end":{"line":371,"column":29}},{"start":{"line":372,"column":20},"end":{"line":372,"column":41}}],"line":370},"14":{"loc":{"start":{"line":407,"column":6},"end":{"line":409,"column":7}},"type":"if","locations":[{"start":{"line":407,"column":6},"end":{"line":409,"column":7}},{"start":{},"end":{}}],"line":407},"15":{"loc":{"start":{"line":442,"column":6},"end":{"line":444,"column":7}},"type":"if","locations":[{"start":{"line":442,"column":6},"end":{"line":444,"column":7}},{"start":{},"end":{}}],"line":442},"16":{"loc":{"start":{"line":450,"column":6},"end":{"line":452,"column":7}},"type":"if","locations":[{"start":{"line":450,"column":6},"end":{"line":452,"column":7}},{"start":{},"end":{}}],"line":450},"17":{"loc":{"start":{"line":453,"column":6},"end":{"line":455,"column":7}},"type":"if","locations":[{"start":{"line":453,"column":6},"end":{"line":455,"column":7}},{"start":{},"end":{}}],"line":453},"18":{"loc":{"start":{"line":456,"column":6},"end":{"line":458,"column":7}},"type":"if","locations":[{"start":{"line":456,"column":6},"end":{"line":458,"column":7}},{"start":{},"end":{}}],"line":456},"19":{"loc":{"start":{"line":459,"column":6},"end":{"line":461,"column":7}},"type":"if","locations":[{"start":{"line":459,"column":6},"end":{"line":461,"column":7}},{"start":{},"end":{}}],"line":459},"20":{"loc":{"start":{"line":491,"column":10},"end":{"line":493,"column":11}},"type":"if","locations":[{"start":{"line":491,"column":10},"end":{"line":493,"column":11}},{"start":{},"end":{}}],"line":491}},"s":{"0":0,"1":0,"2":0,"3":0,"4":0,"5":0,"6":0,"7":0,"8":0,"9":0,"10":0,"11":0,"12":0,"13":0,"14":0,"15":0,"16":0,"17":0,"18":0,"19":0,"20":0,"21":0,"22":0,"23":1,"24":1,"25":1,"26":1,"27":1,"28":0,"29":0,"30":1,"31":1,"32":1,"33":1,"34":0,"35":0,"36":1,"37":1,"38":0,"39":2,"40":2,"41":2,"42":2,"43":2,"44":1,"45":1,"46":0,"47":0,"48":1,"49":1,"50":1,"51":1,"52":1,"53":1,"54":0,"55":0,"56":1,"57":1,"58":1,"59":1,"60":1,"61":1,"62":1,"63":0,"64":1,"65":0,"66":2,"67":2,"68":2,"69":2,"70":2,"71":0,"72":0,"73":0,"74":0,"75":0,"76":0,"77":2,"78":2,"79":1,"80":1,"81":1,"82":1,"83":1,"84":1,"85":1,"86":1,"87":1,"88":1,"89":1,"90":1,"91":1,"92":1,"93":0,"94":0,"95":1,"96":1,"97":0,"98":0,"99":0,"100":0,"101":0,"102":0,"103":0,"104":0,"105":0,"106":1,"107":1,"108":1,"109":1,"110":0,"111":0,"112":0,"113":0,"114":0,"115":0,"116":0,"117":0,"118":0,"119":0,"120":1,"121":1,"122":0,"123":0,"124":0,"125":0,"126":0,"127":0,"128":0,"129":0,"130":0,"131":0,"132":0,"133":0,"134":0,"135":0,"136":0},"f":{"0":0,"1":0,"2":0,"3":0,"4":1,"5":1,"6":1,"7":1,"8":1,"9":2,"10":2,"11":1,"12":1,"13":1,"14":1,"15":2,"16":1,"17":1,"18":0,"19":1,"20":0,"21":0},"b":{"0":[0],"1":[0,0],"2":[0,0],"3":[0,0],"4":[0,0],"5":[0,0],"6":[0,0],"7":[0,0],"8":[1,0],"9":[1,1],"10":[2,2],"11":[0,0],"12":[0,1],"13":[0,1],"14":[0,0],"15":[1,0],"16":[0,0],"17":[0,0],"18":[0,0],"19":[0,0],"20":[0,0]},"_coverageSchema":"1a1c01bbd47fc00a2c39e90264f33305004495a9","hash":"36bf10dfa64e0358125de1e039bca6987545b9a5"}
,"/home/runner/work/term-project-2025-team-3/term-project-2025-team-3/sk-vaccine-app/utils/ErrorTypes.ts": {"path":"/home/runner/work/term-project-2025-team-3/term-project-2025-team-3/sk-vaccine-app/utils/ErrorTypes.ts","statementMap":{"0":{"start":{"line":5,"column":4},"end":{"line":5,"column":19}},"1":{"start":{"line":6,"column":4},"end":{"line":6,"column":21}},"2":{"start":{"line":7,"column":4},"end":{"line":7,"column":50}},"3":{"start":{"line":13,"column":4},"end":{"line":13,"column":41}},"4":{"start":{"line":19,"column":4},"end":{"line":19,"column":43}},"5":{"start":{"line":26,"column":4},"end":{"line":26,"column":40}},"6":{"start":{"line":32,"column":4},"end":{"line":32,"column":42}},"7":{"start":{"line":40,"column":4},"end":{"line":40,"column":19}},"8":{"start":{"line":41,"column":4},"end":{"line":41,"column":35}},"9":{"start":{"line":42,"column":4},"end":{"line":42,"column":33}},"10":{"start":{"line":50,"column":4},"end":{"line":50,"column":19}},"11":{"start":{"line":51,"column":4},"end":{"line":51,"column":33}},"12":{"start":{"line":52,"column":4},"end":{"line":52,"column":33}},"13":{"start":{"line":58,"column":4},"end":{"line":58,"column":19}},"14":{"start":{"line":59,"column":4},"end":{"line":59,"column":37}},"15":{"start":{"line":65,"column":4},"end":{"line":65,"column":19}},"16":{"start":{"line":66,"column":4},"end":{"line":66,"column":42}},"17":{"start":{"line":72,"column":6},"end":{"line":72,"column":21}},"18":{"start":{"line":73,"column":6},"end":{"line":73,"column":39}},"19":{"start":{"line":79,"column":4},"end":{"line":79,"column":19}},"20":{"start":{"line":80,"column":4},"end":{"line":80,"column":34}}},"fnMap":{"0":{"name":"(anonymous_0)","decl":{"start":{"line":4,"column":2},"end":{"line":4,"column":3}},"loc":{"start":{"line":4,"column":45},"end":{"line":8,"column":3}},"line":4},"1":{"name":"(anonymous_1)","decl":{"start":{"line":12,"column":2},"end":{"line":12,"column":3}},"loc":{"start":{"line":12,"column":31},"end":{"line":14,"column":3}},"line":12},"2":{"name":"(anonymous_2)","decl":{"start":{"line":18,"column":2},"end":{"line":18,"column":3}},"loc":{"start":{"line":18,"column":31},"end":{"line":20,"column":3}},"line":18},"3":{"name":"(anonymous_3)","decl":{"start":{"line":25,"column":2},"end":{"line":25,"column":3}},"loc":{"start":{"line":25,"column":31},"end":{"line":27,"column":3}},"line":25},"4":{"name":"(anonymous_4)","decl":{"start":{"line":31,"column":2},"end":{"line":31,"column":3}},"loc":{"start":{"line":31,"column":31},"end":{"line":33,"column":3}},"line":31},"5":{"name":"(anonymous_5)","decl":{"start":{"line":39,"column":2},"end":{"line":39,"column":3}},"loc":{"start":{"line":39,"column":72},"end":{"line":43,"column":3}},"line":39},"6":{"name":"(anonymous_6)","decl":{"start":{"line":49,"column":2},"end":{"line":49,"column":3}},"loc":{"start":{"line":49,"column":69},"end":{"line":53,"column":3}},"line":49},"7":{"name":"(anonymous_7)","decl":{"start":{"line":57,"column":2},"end":{"line":57,"column":3}},"loc":{"start":{"line":57,"column":49},"end":{"line":60,"column":3}},"line":57},"8":{"name":"(anonymous_8)","decl":{"start":{"line":64,"column":2},"end":{"line":64,"column":3}},"loc":{"start":{"line":64,"column":68},"end":{"line":67,"column":3}},"line":64},"9":{"name":"(anonymous_9)","decl":{"start":{"line":71,"column":4},"end":{"line":71,"column":5}},"loc":{"start":{"line":71,"column":60},"end":{"line":74,"column":5}},"line":71},"10":{"name":"(anonymous_10)","decl":{"start":{"line":78,"column":2},"end":{"line":78,"column":3}},"loc":{"start":{"line":78,"column":75},"end":{"line":81,"column":3}},"line":78}},"branchMap":{"0":{"loc":{"start":{"line":39,"column":34},"end":{"line":39,"column":70}},"type":"default-arg","locations":[{"start":{"line":39,"column":44},"end":{"line":39,"column":70}}],"line":39},"1":{"loc":{"start":{"line":49,"column":34},"end":{"line":49,"column":67}},"type":"default-arg","locations":[{"start":{"line":49,"column":44},"end":{"line":49,"column":67}}],"line":49},"2":{"loc":{"start":{"line":57,"column":14},"end":{"line":57,"column":47}},"type":"default-arg","locations":[{"start":{"line":57,"column":24},"end":{"line":57,"column":47}}],"line":57},"3":{"loc":{"start":{"line":64,"column":14},"end":{"line":64,"column":66}},"type":"default-arg","locations":[{"start":{"line":64,"column":24},"end":{"line":64,"column":66}}],"line":64},"4":{"loc":{"start":{"line":71,"column":16},"end":{"line":71,"column":58}},"type":"default-arg","locations":[{"start":{"line":71,"column":26},"end":{"line":71,"column":58}}],"line":71},"5":{"loc":{"start":{"line":78,"column":14},"end":{"line":78,"column":73}},"type":"default-arg","locations":[{"start":{"line":78,"column":24},"end":{"line":78,"column":73}}],"line":78}},"s":{"0":23,"1":23,"2":23,"3":13,"4":3,"5":4,"6":3,"7":3,"8":3,"9":3,"10":1,"11":1,"12":1,"13":7,"14":7,"15":1,"16":1,"17":0,"18":0,"19":0,"20":0},"f":{"0":23,"1":13,"2":3,"3":4,"4":3,"5":3,"6":1,"7":7,"8":1,"9":0,"10":0},"b":{"0":[3],"1":[0],"2":[0],"3":[1],"4":[0],"5":[0]},"_coverageSchema":"1a1c01bbd47fc00a2c39e90264f33305004495a9","hash":"ada3747bd7ed719025f04181006e67e043766298"}
,"/home/runner/work/term-project-2025-team-3/term-project-2025-team-3/sk-vaccine-app/utils/config.ts": {"path":"/home/runner/work/term-project-2025-team-3/term-project-2025-team-3/sk-vaccine-app/utils/config.ts","statementMap":{"0":{"start":{"line":1,"column":15},"end":{"line":3,"column":1}}},"fnMap":{},"branchMap":{"0":{"loc":{"start":{"line":2,"column":12},"end":{"line":2,"column":44}},"type":"binary-expr","locations":[{"start":{"line":2,"column":12},"end":{"line":2,"column":33}},{"start":{"line":2,"column":37},"end":{"line":2,"column":44}}],"line":2}},"s":{"0":9},"f":{},"b":{"0":[9,9]},"_coverageSchema":"1a1c01bbd47fc00a2c39e90264f33305004495a9","hash":"1aed8c9cb1797b998c3a47b9c3e64a7f0ceaf81a"}
,"/home/runner/work/term-project-2025-team-3/term-project-2025-team-3/sk-vaccine-app/utils/constPaths.ts": {"path":"/home/runner/work/term-project-2025-team-3/term-project-2025-team-3/sk-vaccine-app/utils/constPaths.ts","statementMap":{"0":{"start":{"line":1,"column":25},"end":{"line":1,"column":28}},"1":{"start":{"line":2,"column":33},"end":{"line":2,"column":48}},"2":{"start":{"line":3,"column":27},"end":{"line":3,"column":41}},"3":{"start":{"line":4,"column":30},"end":{"line":4,"column":47}},"4":{"start":{"line":5,"column":31},"end":{"line":5,"column":49}}},"fnMap":{},"branchMap":{},"s":{"0":1,"1":1,"2":1,"3":1,"4":1},"f":{},"b":{},"_coverageSchema":"1a1c01bbd47fc00a2c39e90264f33305004495a9","hash":"5bec14ca1023a56c95789fbcc14a5c08f7cab861"}
,"/home/runner/work/term-project-2025-team-3/term-project-2025-team-3/sk-vaccine-app/utils/logger.ts": {"path":"/home/runner/work/term-project-2025-team-3/term-project-2025-team-3/sk-vaccine-app/utils/logger.ts","statementMap":{"0":{"start":{"line":5,"column":18},"end":{"line":11,"column":1}},"1":{"start":{"line":14,"column":15},"end":{"line":33,"column":2}},"2":{"start":{"line":28,"column":31},"end":{"line":28,"column":67}}},"fnMap":{"0":{"name":"(anonymous_0)","decl":{"start":{"line":28,"column":15},"end":{"line":28,"column":16}},"loc":{"start":{"line":28,"column":31},"end":{"line":28,"column":67}},"line":28}},"branchMap":{},"s":{"0":9,"1":9,"2":30},"f":{"0":30},"b":{},"_coverageSchema":"1a1c01bbd47fc00a2c39e90264f33305004495a9","hash":"e20131ae27ad460e1e8a7e15be632223643744fc"}
}
