{"/home/runner/work/term-project-2025-team-3/term-project-2025-team-3/sk-vaccine-app/components/map.tsx": {"path":"/home/runner/work/term-project-2025-team-3/term-project-2025-team-3/sk-vaccine-app/components/map.tsx","statementMap":{"0":{"start":{"line":42,"column":67},"end":{"line":42,"column":72}},"1":{"start":{"line":44,"column":25},"end":{"line":44,"column":27}},"2":{"start":{"line":46,"column":4},"end":{"line":54,"column":5}},"3":{"start":{"line":47,"column":22},"end":{"line":47,"column":89}},"4":{"start":{"line":48,"column":8},"end":{"line":48,"column":87}},"5":{"start":{"line":49,"column":11},"end":{"line":54,"column":5}},"6":{"start":{"line":50,"column":8},"end":{"line":50,"column":103}},"7":{"start":{"line":52,"column":8},"end":{"line":52,"column":58}},"8":{"start":{"line":53,"column":8},"end":{"line":53,"column":76}},"9":{"start":{"line":56,"column":4},"end":{"line":56,"column":128}},"10":{"start":{"line":57,"column":4},"end":{"line":57,"column":50}},"11":{"start":{"line":59,"column":17},"end":{"line":76,"column":5}},"12":{"start":{"line":78,"column":4},"end":{"line":78,"column":19}},"13":{"start":{"line":79,"column":4},"end":{"line":97,"column":6}},"14":{"start":{"line":85,"column":31},"end":{"line":85,"column":96}},"15":{"start":{"line":86,"column":29},"end":{"line":86,"column":95}},"16":{"start":{"line":88,"column":40},"end":{"line":88,"column":54}},"17":{"start":{"line":89,"column":16},"end":{"line":89,"column":80}},"18":{"start":{"line":90,"column":16},"end":{"line":90,"column":96}},"19":{"start":{"line":93,"column":16},"end":{"line":93,"column":95}},"20":{"start":{"line":94,"column":16},"end":{"line":94,"column":86}}},"fnMap":{"0":{"name":"MapEmbed","decl":{"start":{"line":41,"column":24},"end":{"line":41,"column":32}},"loc":{"start":{"line":41,"column":68},"end":{"line":98,"column":1}},"line":41},"1":{"name":"(anonymous_1)","decl":{"start":{"line":85,"column":25},"end":{"line":85,"column":26}},"loc":{"start":{"line":85,"column":31},"end":{"line":85,"column":96}},"line":85},"2":{"name":"(anonymous_2)","decl":{"start":{"line":86,"column":23},"end":{"line":86,"column":24}},"loc":{"start":{"line":86,"column":29},"end":{"line":86,"column":95}},"line":86},"3":{"name":"(anonymous_3)","decl":{"start":{"line":87,"column":21},"end":{"line":87,"column":22}},"loc":{"start":{"line":87,"column":47},"end":{"line":91,"column":13}},"line":87},"4":{"name":"(anonymous_4)","decl":{"start":{"line":92,"column":23},"end":{"line":92,"column":24}},"loc":{"start":{"line":92,"column":55},"end":{"line":95,"column":13}},"line":92}},"branchMap":{"0":{"loc":{"start":{"line":42,"column":48},"end":{"line":42,"column":62}},"type":"default-arg","locations":[{"start":{"line":42,"column":60},"end":{"line":42,"column":62}}],"line":42},"1":{"loc":{"start":{"line":46,"column":4},"end":{"line":54,"column":5}},"type":"if","locations":[{"start":{"line":46,"column":4},"end":{"line":54,"column":5}},{"start":{"line":49,"column":11},"end":{"line":54,"column":5}}],"line":46},"2":{"loc":{"start":{"line":46,"column":8},"end":{"line":46,"column":23}},"type":"binary-expr","locations":[{"start":{"line":46,"column":8},"end":{"line":46,"column":12}},{"start":{"line":46,"column":16},"end":{"line":46,"column":23}}],"line":46},"3":{"loc":{"start":{"line":47,"column":44},"end":{"line":47,"column":60}},"type":"cond-expr","locations":[{"start":{"line":47,"column":51},"end":{"line":47,"column":55}},{"start":{"line":47,"column":58},"end":{"line":47,"column":60}}],"line":47},"4":{"loc":{"start":{"line":47,"column":64},"end":{"line":47,"column":86}},"type":"cond-expr","locations":[{"start":{"line":47,"column":74},"end":{"line":47,"column":81}},{"start":{"line":47,"column":84},"end":{"line":47,"column":86}}],"line":47},"5":{"loc":{"start":{"line":49,"column":11},"end":{"line":54,"column":5}},"type":"if","locations":[{"start":{"line":49,"column":11},"end":{"line":54,"column":5}},{"start":{"line":51,"column":11},"end":{"line":54,"column":5}}],"line":49},"6":{"loc":{"start":{"line":49,"column":15},"end":{"line":49,"column":64}},"type":"binary-expr","locations":[{"start":{"line":49,"column":15},"end":{"line":49,"column":37}},{"start":{"line":49,"column":41},"end":{"line":49,"column":64}}],"line":49},"7":{"loc":{"start":{"line":56,"column":11},"end":{"line":56,"column":83}},"type":"binary-expr","locations":[{"start":{"line":56,"column":12},"end":{"line":56,"column":16}},{"start":{"line":56,"column":20},"end":{"line":56,"column":27}},{"start":{"line":56,"column":33},"end":{"line":56,"column":55}},{"start":{"line":56,"column":59},"end":{"line":56,"column":82}}],"line":56}},"s":{"0":5,"1":4,"2":4,"3":1,"4":1,"5":3,"6":1,"7":2,"8":2,"9":2,"10":2,"11":2,"12":2,"13":2,"14":0,"15":0,"16":0,"17":0,"18":0,"19":0,"20":0},"f":{"0":5,"1":0,"2":0,"3":0,"4":0},"b":{"0":[4],"1":[1,3],"2":[4,3],"3":[1,0],"4":[1,0],"5":[1,2],"6":[3,1],"7":[2,1,1,1]},"_coverageSchema":"1a1c01bbd47fc00a2c39e90264f33305004495a9","hash":"8a69b15ae9b3bedabe4c1e7935a87123a2d28df2"}
,"/home/runner/work/term-project-2025-team-3/term-project-2025-team-3/sk-vaccine-app/components/search-bar.tsx": {"path":"/home/runner/work/term-project-2025-team-3/term-project-2025-team-3/sk-vaccine-app/components/search-bar.tsx","statementMap":{"0":{"start":{"line":5,"column":15},"end":{"line":9,"column":1}},"1":{"start":{"line":12,"column":25},"end":{"line":12,"column":48}},"2":{"start":{"line":44,"column":32},"end":{"line":44,"column":44}},"3":{"start":{"line":46,"column":25},"end":{"line":46,"column":61}},"4":{"start":{"line":48,"column":29},"end":{"line":55,"column":5}},"5":{"start":{"line":49,"column":8},"end":{"line":51,"column":9}},"6":{"start":{"line":50,"column":12},"end":{"line":50,"column":37}},"7":{"start":{"line":52,"column":8},"end":{"line":54,"column":9}},"8":{"start":{"line":53,"column":12},"end":{"line":53,"column":34}},"9":{"start":{"line":57,"column":32},"end":{"line":61,"column":5}},"10":{"start":{"line":58,"column":8},"end":{"line":60,"column":9}},"11":{"start":{"line":59,"column":12},"end":{"line":59,"column":42}},"12":{"start":{"line":63,"column":4},"end":{"line":81,"column":6}},"13":{"start":{"line":84,"column":15},"end":{"line":113,"column":2}}},"fnMap":{"0":{"name":"SearchBar","decl":{"start":{"line":43,"column":24},"end":{"line":43,"column":33}},"loc":{"start":{"line":43,"column":116},"end":{"line":82,"column":1}},"line":43},"1":{"name":"(anonymous_1)","decl":{"start":{"line":48,"column":29},"end":{"line":48,"column":30}},"loc":{"start":{"line":48,"column":48},"end":{"line":55,"column":5}},"line":48},"2":{"name":"(anonymous_2)","decl":{"start":{"line":57,"column":32},"end":{"line":57,"column":33}},"loc":{"start":{"line":57,"column":38},"end":{"line":61,"column":5}},"line":57}},"branchMap":{"0":{"loc":{"start":{"line":46,"column":25},"end":{"line":46,"column":61}},"type":"cond-expr","locations":[{"start":{"line":46,"column":47},"end":{"line":46,"column":52}},{"start":{"line":46,"column":55},"end":{"line":46,"column":61}}],"line":46},"1":{"loc":{"start":{"line":49,"column":8},"end":{"line":51,"column":9}},"type":"if","locations":[{"start":{"line":49,"column":8},"end":{"line":51,"column":9}},{"start":{},"end":{}}],"line":49},"2":{"loc":{"start":{"line":50,"column":25},"end":{"line":50,"column":35}},"type":"binary-expr","locations":[{"start":{"line":50,"column":25},"end":{"line":50,"column":29}},{"start":{"line":50,"column":33},"end":{"line":50,"column":35}}],"line":50},"3":{"loc":{"start":{"line":52,"column":8},"end":{"line":54,"column":9}},"type":"if","locations":[{"start":{"line":52,"column":8},"end":{"line":54,"column":9}},{"start":{},"end":{}}],"line":52},"4":{"loc":{"start":{"line":53,"column":22},"end":{"line":53,"column":32}},"type":"binary-expr","locations":[{"start":{"line":53,"column":22},"end":{"line":53,"column":26}},{"start":{"line":53,"column":30},"end":{"line":53,"column":32}}],"line":53},"5":{"loc":{"start":{"line":58,"column":8},"end":{"line":60,"column":9}},"type":"if","locations":[{"start":{"line":58,"column":8},"end":{"line":60,"column":9}},{"start":{},"end":{}}],"line":58},"6":{"loc":{"start":{"line":66,"column":25},"end":{"line":66,"column":48}},"type":"binary-expr","locations":[{"start":{"line":66,"column":25},"end":{"line":66,"column":36}},{"start":{"line":66,"column":40},"end":{"line":66,"column":48}}],"line":66},"7":{"loc":{"start":{"line":78,"column":24},"end":{"line":78,"column":153}},"type":"cond-expr","locations":[{"start":{"line":78,"column":36},"end":{"line":78,"column":45}},{"start":{"line":78,"column":48},"end":{"line":78,"column":153}}],"line":78}},"s":{"0":1,"1":1,"2":8,"3":8,"4":8,"5":0,"6":0,"7":0,"8":0,"9":8,"10":0,"11":0,"12":8,"13":1},"f":{"0":8,"1":0,"2":0},"b":{"0":[2,6],"1":[0,0],"2":[0,0],"3":[0,0],"4":[0,0],"5":[0,0],"6":[8,6],"7":[8,0]},"_coverageSchema":"1a1c01bbd47fc00a2c39e90264f33305004495a9","hash":"62b20674f46e4651e9267c45e25e763d3a1ed8e3"}
,"/home/runner/work/term-project-2025-team-3/term-project-2025-team-3/sk-vaccine-app/controllers/vaccineDataController.ts": {"path":"/home/runner/work/term-project-2025-team-3/term-project-2025-team-3/sk-vaccine-app/controllers/vaccineDataController.ts","statementMap":{"0":{"start":{"line":22,"column":4},"end":{"line":22,"column":49}},"1":{"start":{"line":43,"column":4},"end":{"line":112,"column":5}},"2":{"start":{"line":44,"column":6},"end":{"line":108,"column":11}},"3":{"start":{"line":46,"column":10},"end":{"line":46,"column":67}},"4":{"start":{"line":47,"column":10},"end":{"line":50,"column":11}},"5":{"start":{"line":48,"column":12},"end":{"line":48,"column":52}},"6":{"start":{"line":49,"column":12},"end":{"line":49,"column":61}},"7":{"start":{"line":49,"column":55},"end":{"line":49,"column":59}},"8":{"start":{"line":51,"column":10},"end":{"line":51,"column":23}},"9":{"start":{"line":54,"column":10},"end":{"line":54,"column":69}},"10":{"start":{"line":58,"column":10},"end":{"line":89,"column":12}},"11":{"start":{"line":60,"column":14},"end":{"line":87,"column":15}},"12":{"start":{"line":61,"column":16},"end":{"line":66,"column":17}},"13":{"start":{"line":62,"column":18},"end":{"line":65,"column":20}},"14":{"start":{"line":67,"column":16},"end":{"line":72,"column":17}},"15":{"start":{"line":68,"column":18},"end":{"line":71,"column":20}},"16":{"start":{"line":73,"column":16},"end":{"line":81,"column":17}},"17":{"start":{"line":74,"column":18},"end":{"line":80,"column":20}},"18":{"start":{"line":83,"column":16},"end":{"line":85,"column":18}},"19":{"start":{"line":86,"column":16},"end":{"line":86,"column":60}},"20":{"start":{"line":92,"column":25},"end":{"line":94,"column":11}},"21":{"start":{"line":93,"column":24},"end":{"line":93,"column":52}},"22":{"start":{"line":95,"column":28},"end":{"line":97,"column":11}},"23":{"start":{"line":96,"column":24},"end":{"line":96,"column":53}},"24":{"start":{"line":99,"column":10},"end":{"line":103,"column":12}},"25":{"start":{"line":106,"column":10},"end":{"line":106,"column":68}},"26":{"start":{"line":107,"column":10},"end":{"line":107,"column":46}},"27":{"start":{"line":110,"column":6},"end":{"line":110,"column":75}},"28":{"start":{"line":111,"column":6},"end":{"line":111,"column":42}},"29":{"start":{"line":126,"column":4},"end":{"line":137,"column":5}},"30":{"start":{"line":128,"column":8},"end":{"line":128,"column":60}},"31":{"start":{"line":129,"column":6},"end":{"line":131,"column":8}},"32":{"start":{"line":132,"column":6},"end":{"line":134,"column":8}},"33":{"start":{"line":136,"column":6},"end":{"line":136,"column":68}},"34":{"start":{"line":153,"column":6},"end":{"line":153,"column":65}},"35":{"start":{"line":155,"column":6},"end":{"line":155,"column":64}},"36":{"start":{"line":156,"column":4},"end":{"line":160,"column":5}},"37":{"start":{"line":157,"column":6},"end":{"line":157,"column":42}},"38":{"start":{"line":159,"column":6},"end":{"line":159,"column":44}},"39":{"start":{"line":179,"column":4},"end":{"line":208,"column":5}},"40":{"start":{"line":180,"column":6},"end":{"line":202,"column":7}},"41":{"start":{"line":181,"column":8},"end":{"line":190,"column":29}},"42":{"start":{"line":184,"column":10},"end":{"line":189,"column":12}},"43":{"start":{"line":192,"column":8},"end":{"line":201,"column":29}},"44":{"start":{"line":195,"column":10},"end":{"line":200,"column":12}},"45":{"start":{"line":204,"column":6},"end":{"line":206,"column":8}},"46":{"start":{"line":207,"column":6},"end":{"line":207,"column":18}}},"fnMap":{"0":{"name":"(anonymous_0)","decl":{"start":{"line":21,"column":2},"end":{"line":21,"column":3}},"loc":{"start":{"line":21,"column":54},"end":{"line":23,"column":3}},"line":21},"1":{"name":"(anonymous_1)","decl":{"start":{"line":38,"column":2},"end":{"line":38,"column":3}},"loc":{"start":{"line":42,"column":5},"end":{"line":113,"column":3}},"line":42},"2":{"name":"(anonymous_2)","decl":{"start":{"line":45,"column":14},"end":{"line":45,"column":15}},"loc":{"start":{"line":45,"column":34},"end":{"line":52,"column":9}},"line":45},"3":{"name":"(anonymous_3)","decl":{"start":{"line":49,"column":49},"end":{"line":49,"column":50}},"loc":{"start":{"line":49,"column":55},"end":{"line":49,"column":59}},"line":49},"4":{"name":"(anonymous_4)","decl":{"start":{"line":53,"column":14},"end":{"line":53,"column":15}},"loc":{"start":{"line":53,"column":26},"end":{"line":55,"column":9}},"line":53},"5":{"name":"(anonymous_5)","decl":{"start":{"line":56,"column":14},"end":{"line":56,"column":15}},"loc":{"start":{"line":56,"column":24},"end":{"line":90,"column":9}},"line":56},"6":{"name":"(anonymous_6)","decl":{"start":{"line":59,"column":21},"end":{"line":59,"column":22}},"loc":{"start":{"line":59,"column":56},"end":{"line":88,"column":13}},"line":59},"7":{"name":"(anonymous_7)","decl":{"start":{"line":91,"column":14},"end":{"line":91,"column":15}},"loc":{"start":{"line":91,"column":32},"end":{"line":104,"column":9}},"line":91},"8":{"name":"(anonymous_8)","decl":{"start":{"line":93,"column":12},"end":{"line":93,"column":13}},"loc":{"start":{"line":93,"column":24},"end":{"line":93,"column":52}},"line":93},"9":{"name":"(anonymous_9)","decl":{"start":{"line":96,"column":12},"end":{"line":96,"column":13}},"loc":{"start":{"line":96,"column":24},"end":{"line":96,"column":53}},"line":96},"10":{"name":"(anonymous_10)","decl":{"start":{"line":105,"column":15},"end":{"line":105,"column":16}},"loc":{"start":{"line":105,"column":26},"end":{"line":108,"column":9}},"line":105},"11":{"name":"(anonymous_11)","decl":{"start":{"line":125,"column":2},"end":{"line":125,"column":3}},"loc":{"start":{"line":125,"column":38},"end":{"line":138,"column":3}},"line":125},"12":{"name":"(anonymous_12)","decl":{"start":{"line":151,"column":2},"end":{"line":151,"column":3}},"loc":{"start":{"line":151,"column":58},"end":{"line":161,"column":3}},"line":151},"13":{"name":"(anonymous_13)","decl":{"start":{"line":173,"column":2},"end":{"line":173,"column":3}},"loc":{"start":{"line":177,"column":29},"end":{"line":209,"column":3}},"line":177},"14":{"name":"(anonymous_14)","decl":{"start":{"line":183,"column":14},"end":{"line":183,"column":15}},"loc":{"start":{"line":183,"column":47},"end":{"line":190,"column":9}},"line":183},"15":{"name":"(anonymous_15)","decl":{"start":{"line":194,"column":14},"end":{"line":194,"column":15}},"loc":{"start":{"line":194,"column":47},"end":{"line":201,"column":9}},"line":194}},"branchMap":{"0":{"loc":{"start":{"line":47,"column":10},"end":{"line":50,"column":11}},"type":"if","locations":[{"start":{"line":47,"column":10},"end":{"line":50,"column":11}},{"start":{},"end":{}}],"line":47},"1":{"loc":{"start":{"line":61,"column":16},"end":{"line":66,"column":17}},"type":"if","locations":[{"start":{"line":61,"column":16},"end":{"line":66,"column":17}},{"start":{},"end":{}}],"line":61},"2":{"loc":{"start":{"line":67,"column":16},"end":{"line":72,"column":17}},"type":"if","locations":[{"start":{"line":67,"column":16},"end":{"line":72,"column":17}},{"start":{},"end":{}}],"line":67},"3":{"loc":{"start":{"line":73,"column":16},"end":{"line":81,"column":17}},"type":"if","locations":[{"start":{"line":73,"column":16},"end":{"line":81,"column":17}},{"start":{},"end":{}}],"line":73},"4":{"loc":{"start":{"line":73,"column":20},"end":{"line":73,"column":53}},"type":"binary-expr","locations":[{"start":{"line":73,"column":20},"end":{"line":73,"column":35}},{"start":{"line":73,"column":39},"end":{"line":73,"column":53}}],"line":73},"5":{"loc":{"start":{"line":156,"column":4},"end":{"line":160,"column":5}},"type":"if","locations":[{"start":{"line":156,"column":4},"end":{"line":160,"column":5}},{"start":{"line":158,"column":11},"end":{"line":160,"column":5}}],"line":156},"6":{"loc":{"start":{"line":176,"column":4},"end":{"line":176,"column":46}},"type":"default-arg","locations":[{"start":{"line":176,"column":37},"end":{"line":176,"column":46}}],"line":176},"7":{"loc":{"start":{"line":180,"column":6},"end":{"line":202,"column":7}},"type":"if","locations":[{"start":{"line":180,"column":6},"end":{"line":202,"column":7}},{"start":{"line":191,"column":13},"end":{"line":202,"column":7}}],"line":180}},"s":{"0":1,"1":0,"2":0,"3":0,"4":0,"5":0,"6":0,"7":0,"8":0,"9":0,"10":0,"11":0,"12":0,"13":0,"14":0,"15":0,"16":0,"17":0,"18":0,"19":0,"20":0,"21":0,"22":0,"23":0,"24":0,"25":0,"26":0,"27":0,"28":0,"29":0,"30":0,"31":0,"32":0,"33":0,"34":0,"35":0,"36":0,"37":0,"38":0,"39":5,"40":5,"41":1,"42":2,"43":4,"44":14,"45":0,"46":0},"f":{"0":1,"1":0,"2":0,"3":0,"4":0,"5":0,"6":0,"7":0,"8":0,"9":0,"10":0,"11":0,"12":0,"13":5,"14":2,"15":14},"b":{"0":[0,0],"1":[0,0],"2":[0,0],"3":[0,0],"4":[0,0],"5":[0,0],"6":[5],"7":[1,4]},"_coverageSchema":"1a1c01bbd47fc00a2c39e90264f33305004495a9","hash":"a917d2a3bcaad56fab34710856c4b24af1c59222"}
,"/home/runner/work/term-project-2025-team-3/term-project-2025-team-3/sk-vaccine-app/hooks/clinicData.ts": {"path":"/home/runner/work/term-project-2025-team-3/term-project-2025-team-3/sk-vaccine-app/hooks/clinicData.ts","statementMap":{"0":{"start":{"line":6,"column":34},"end":{"line":6,"column":48}},"1":{"start":{"line":32,"column":8},"end":{"line":32,"column":52}},"2":{"start":{"line":33,"column":8},"end":{"line":33,"column":45}},"3":{"start":{"line":34,"column":8},"end":{"line":34,"column":67}},"4":{"start":{"line":35,"column":8},"end":{"line":35,"column":40}},"5":{"start":{"line":64,"column":62},"end":{"line":64,"column":66}},"6":{"start":{"line":66,"column":34},"end":{"line":66,"column":68}},"7":{"start":{"line":67,"column":34},"end":{"line":67,"column":48}},"8":{"start":{"line":68,"column":44},"end":{"line":68,"column":59}},"9":{"start":{"line":69,"column":30},"end":{"line":69,"column":59}},"10":{"start":{"line":70,"column":32},"end":{"line":70,"column":43}},"11":{"start":{"line":73,"column":4},"end":{"line":73,"column":106}},"12":{"start":{"line":76,"column":29},"end":{"line":76,"column":50}},"13":{"start":{"line":78,"column":4},"end":{"line":178,"column":41}},"14":{"start":{"line":79,"column":29},"end":{"line":175,"column":9}},"15":{"start":{"line":80,"column":50},"end":{"line":80,"column":54}},"16":{"start":{"line":81,"column":12},"end":{"line":174,"column":13}},"17":{"start":{"line":85,"column":16},"end":{"line":89,"column":17}},"18":{"start":{"line":86,"column":20},"end":{"line":86,"column":65}},"19":{"start":{"line":87,"column":20},"end":{"line":87,"column":38}},"20":{"start":{"line":88,"column":20},"end":{"line":88,"column":27}},"21":{"start":{"line":91,"column":16},"end":{"line":99,"column":17}},"22":{"start":{"line":92,"column":20},"end":{"line":98,"column":21}},"23":{"start":{"line":93,"column":24},"end":{"line":93,"column":110}},"24":{"start":{"line":94,"column":27},"end":{"line":98,"column":21}},"25":{"start":{"line":95,"column":24},"end":{"line":95,"column":96}},"26":{"start":{"line":97,"column":24},"end":{"line":97,"column":82}},"27":{"start":{"line":104,"column":16},"end":{"line":161,"column":17}},"28":{"start":{"line":105,"column":20},"end":{"line":160,"column":21}},"29":{"start":{"line":106,"column":41},"end":{"line":106,"column":57}},"30":{"start":{"line":107,"column":24},"end":{"line":154,"column":25}},"31":{"start":{"line":108,"column":28},"end":{"line":108,"column":50}},"32":{"start":{"line":109,"column":28},"end":{"line":109,"column":58}},"33":{"start":{"line":111,"column":49},"end":{"line":111,"column":70}},"34":{"start":{"line":116,"column":50},"end":{"line":119,"column":29}},"35":{"start":{"line":121,"column":28},"end":{"line":124,"column":30}},"36":{"start":{"line":127,"column":28},"end":{"line":153,"column":29}},"37":{"start":{"line":134,"column":32},"end":{"line":152,"column":33}},"38":{"start":{"line":135,"column":36},"end":{"line":135,"column":95}},"39":{"start":{"line":136,"column":36},"end":{"line":136,"column":122}},"40":{"start":{"line":138,"column":39},"end":{"line":152,"column":33}},"41":{"start":{"line":139,"column":36},"end":{"line":139,"column":95}},"42":{"start":{"line":140,"column":36},"end":{"line":140,"column":108}},"43":{"start":{"line":146,"column":36},"end":{"line":148,"column":39}},"44":{"start":{"line":147,"column":40},"end":{"line":147,"column":58}},"45":{"start":{"line":150,"column":36},"end":{"line":150,"column":64}},"46":{"start":{"line":156,"column":24},"end":{"line":156,"column":46}},"47":{"start":{"line":157,"column":24},"end":{"line":157,"column":53}},"48":{"start":{"line":165,"column":16},"end":{"line":165,"column":40}},"49":{"start":{"line":170,"column":16},"end":{"line":170,"column":40}},"50":{"start":{"line":172,"column":16},"end":{"line":172,"column":101}},"51":{"start":{"line":173,"column":16},"end":{"line":173,"column":34}},"52":{"start":{"line":177,"column":8},"end":{"line":177,"column":23}},"53":{"start":{"line":180,"column":21},"end":{"line":185,"column":22}},"54":{"start":{"line":187,"column":4},"end":{"line":187,"column":20}}},"fnMap":{"0":{"name":"(anonymous_0)","decl":{"start":{"line":31,"column":4},"end":{"line":31,"column":5}},"loc":{"start":{"line":31,"column":46},"end":{"line":36,"column":5}},"line":31},"1":{"name":"useClinicData","decl":{"start":{"line":61,"column":24},"end":{"line":61,"column":37}},"loc":{"start":{"line":63,"column":17},"end":{"line":188,"column":1}},"line":63},"2":{"name":"(anonymous_2)","decl":{"start":{"line":78,"column":14},"end":{"line":78,"column":15}},"loc":{"start":{"line":78,"column":20},"end":{"line":178,"column":5}},"line":78},"3":{"name":"(anonymous_3)","decl":{"start":{"line":79,"column":29},"end":{"line":79,"column":30}},"loc":{"start":{"line":79,"column":41},"end":{"line":175,"column":9}},"line":79},"4":{"name":"(anonymous_4)","decl":{"start":{"line":146,"column":95},"end":{"line":146,"column":96}},"loc":{"start":{"line":146,"column":101},"end":{"line":148,"column":37}},"line":146}},"branchMap":{"0":{"loc":{"start":{"line":32,"column":27},"end":{"line":32,"column":51}},"type":"binary-expr","locations":[{"start":{"line":32,"column":27},"end":{"line":32,"column":43}},{"start":{"line":32,"column":47},"end":{"line":32,"column":51}}],"line":32},"1":{"loc":{"start":{"line":33,"column":23},"end":{"line":33,"column":44}},"type":"binary-expr","locations":[{"start":{"line":33,"column":23},"end":{"line":33,"column":35}},{"start":{"line":33,"column":39},"end":{"line":33,"column":44}}],"line":33},"2":{"loc":{"start":{"line":34,"column":34},"end":{"line":34,"column":66}},"type":"binary-expr","locations":[{"start":{"line":34,"column":34},"end":{"line":34,"column":57}},{"start":{"line":34,"column":61},"end":{"line":34,"column":66}}],"line":34},"3":{"loc":{"start":{"line":35,"column":21},"end":{"line":35,"column":39}},"type":"binary-expr","locations":[{"start":{"line":35,"column":21},"end":{"line":35,"column":31}},{"start":{"line":35,"column":35},"end":{"line":35,"column":39}}],"line":35},"4":{"loc":{"start":{"line":73,"column":13},"end":{"line":73,"column":41}},"type":"binary-expr","locations":[{"start":{"line":73,"column":13},"end":{"line":73,"column":25}},{"start":{"line":73,"column":29},"end":{"line":73,"column":41}}],"line":73},"5":{"loc":{"start":{"line":85,"column":16},"end":{"line":89,"column":17}},"type":"if","locations":[{"start":{"line":85,"column":16},"end":{"line":89,"column":17}},{"start":{},"end":{}}],"line":85},"6":{"loc":{"start":{"line":85,"column":20},"end":{"line":85,"column":86}},"type":"binary-expr","locations":[{"start":{"line":85,"column":20},"end":{"line":85,"column":24}},{"start":{"line":85,"column":28},"end":{"line":85,"column":35}},{"start":{"line":85,"column":39},"end":{"line":85,"column":86}}],"line":85},"7":{"loc":{"start":{"line":91,"column":16},"end":{"line":99,"column":17}},"type":"if","locations":[{"start":{"line":91,"column":16},"end":{"line":99,"column":17}},{"start":{},"end":{}}],"line":91},"8":{"loc":{"start":{"line":92,"column":20},"end":{"line":98,"column":21}},"type":"if","locations":[{"start":{"line":92,"column":20},"end":{"line":98,"column":21}},{"start":{"line":94,"column":27},"end":{"line":98,"column":21}}],"line":92},"9":{"loc":{"start":{"line":92,"column":24},"end":{"line":92,"column":51}},"type":"binary-expr","locations":[{"start":{"line":92,"column":24},"end":{"line":92,"column":35}},{"start":{"line":92,"column":39},"end":{"line":92,"column":51}}],"line":92},"10":{"loc":{"start":{"line":94,"column":27},"end":{"line":98,"column":21}},"type":"if","locations":[{"start":{"line":94,"column":27},"end":{"line":98,"column":21}},{"start":{"line":96,"column":27},"end":{"line":98,"column":21}}],"line":94},"11":{"loc":{"start":{"line":104,"column":16},"end":{"line":161,"column":17}},"type":"if","locations":[{"start":{"line":104,"column":16},"end":{"line":161,"column":17}},{"start":{},"end":{}}],"line":104},"12":{"loc":{"start":{"line":104,"column":20},"end":{"line":104,"column":34}},"type":"binary-expr","locations":[{"start":{"line":104,"column":20},"end":{"line":104,"column":23}},{"start":{"line":104,"column":27},"end":{"line":104,"column":34}}],"line":104},"13":{"loc":{"start":{"line":107,"column":24},"end":{"line":154,"column":25}},"type":"if","locations":[{"start":{"line":107,"column":24},"end":{"line":154,"column":25}},{"start":{"line":110,"column":31},"end":{"line":154,"column":25}}],"line":107},"14":{"loc":{"start":{"line":127,"column":28},"end":{"line":153,"column":29}},"type":"if","locations":[{"start":{"line":127,"column":28},"end":{"line":153,"column":29}},{"start":{},"end":{}}],"line":127},"15":{"loc":{"start":{"line":128,"column":32},"end":{"line":129,"column":105}},"type":"binary-expr","locations":[{"start":{"line":128,"column":33},"end":{"line":128,"column":80}},{"start":{"line":129,"column":32},"end":{"line":129,"column":105}}],"line":128},"16":{"loc":{"start":{"line":134,"column":32},"end":{"line":152,"column":33}},"type":"if","locations":[{"start":{"line":134,"column":32},"end":{"line":152,"column":33}},{"start":{"line":138,"column":39},"end":{"line":152,"column":33}}],"line":134},"17":{"loc":{"start":{"line":134,"column":36},"end":{"line":134,"column":63}},"type":"binary-expr","locations":[{"start":{"line":134,"column":36},"end":{"line":134,"column":47}},{"start":{"line":134,"column":51},"end":{"line":134,"column":63}}],"line":134},"18":{"loc":{"start":{"line":138,"column":39},"end":{"line":152,"column":33}},"type":"if","locations":[{"start":{"line":138,"column":39},"end":{"line":152,"column":33}},{"start":{"line":142,"column":39},"end":{"line":152,"column":33}}],"line":138},"19":{"loc":{"start":{"line":172,"column":23},"end":{"line":172,"column":43}},"type":"binary-expr","locations":[{"start":{"line":172,"column":23},"end":{"line":172,"column":28}},{"start":{"line":172,"column":32},"end":{"line":172,"column":43}}],"line":172}},"s":{"0":1,"1":0,"2":0,"3":0,"4":0,"5":18,"6":18,"7":18,"8":18,"9":18,"10":18,"11":18,"12":18,"13":18,"14":9,"15":9,"16":9,"17":9,"18":0,"19":0,"20":0,"21":9,"22":9,"23":1,"24":8,"25":1,"26":7,"27":8,"28":4,"29":4,"30":3,"31":1,"32":1,"33":2,"34":2,"35":2,"36":2,"37":1,"38":0,"39":0,"40":1,"41":0,"42":0,"43":1,"44":0,"45":0,"46":2,"47":2,"48":8,"49":1,"50":9,"51":8,"52":9,"53":18,"54":18},"f":{"0":0,"1":18,"2":9,"3":9,"4":0},"b":{"0":[0,0],"1":[0,0],"2":[0,0],"3":[0,0],"4":[18,2],"5":[0,9],"6":[9,5,5],"7":[9,0],"8":[1,8],"9":[9,2],"10":[1,7],"11":[4,4],"12":[8,4],"13":[1,2],"14":[1,1],"15":[2,2],"16":[0,1],"17":[1,0],"18":[0,1],"19":[9,9]},"_coverageSchema":"1a1c01bbd47fc00a2c39e90264f33305004495a9","hash":"d26ee92c92675c8d16ddaaede618a5d3fbe6779e"}
,"/home/runner/work/term-project-2025-team-3/term-project-2025-team-3/sk-vaccine-app/hooks/locationData.ts": {"path":"/home/runner/work/term-project-2025-team-3/term-project-2025-team-3/sk-vaccine-app/hooks/locationData.ts","statementMap":{"0":{"start":{"line":33,"column":36},"end":{"line":33,"column":75}},"1":{"start":{"line":34,"column":30},"end":{"line":34,"column":59}},"2":{"start":{"line":35,"column":34},"end":{"line":35,"column":58}},"3":{"start":{"line":36,"column":38},"end":{"line":36,"column":62}},"4":{"start":{"line":38,"column":4},"end":{"line":75,"column":11}},"5":{"start":{"line":39,"column":30},"end":{"line":72,"column":9}},"6":{"start":{"line":41,"column":12},"end":{"line":41,"column":29}},"7":{"start":{"line":42,"column":12},"end":{"line":42,"column":27}},"8":{"start":{"line":44,"column":26},"end":{"line":44,"column":59}},"9":{"start":{"line":47,"column":12},"end":{"line":68,"column":13}},"10":{"start":{"line":49,"column":16},"end":{"line":49,"column":31}},"11":{"start":{"line":50,"column":16},"end":{"line":64,"column":17}},"12":{"start":{"line":51,"column":32},"end":{"line":51,"column":67}},"13":{"start":{"line":52,"column":20},"end":{"line":52,"column":37}},"14":{"start":{"line":55,"column":20},"end":{"line":63,"column":21}},"15":{"start":{"line":56,"column":24},"end":{"line":56,"column":46}},"16":{"start":{"line":58,"column":25},"end":{"line":63,"column":21}},"17":{"start":{"line":59,"column":24},"end":{"line":59,"column":67}},"18":{"start":{"line":62,"column":24},"end":{"line":62,"column":61}},"19":{"start":{"line":67,"column":16},"end":{"line":67,"column":53}},"20":{"start":{"line":70,"column":12},"end":{"line":70,"column":34}},"21":{"start":{"line":71,"column":12},"end":{"line":71,"column":30}},"22":{"start":{"line":74,"column":8},"end":{"line":74,"column":24}},"23":{"start":{"line":78,"column":20},"end":{"line":83,"column":5}},"24":{"start":{"line":84,"column":4},"end":{"line":84,"column":20}}},"fnMap":{"0":{"name":"useLocation","decl":{"start":{"line":32,"column":24},"end":{"line":32,"column":35}},"loc":{"start":{"line":32,"column":86},"end":{"line":86,"column":1}},"line":32},"1":{"name":"(anonymous_1)","decl":{"start":{"line":38,"column":14},"end":{"line":38,"column":15}},"loc":{"start":{"line":38,"column":20},"end":{"line":75,"column":5}},"line":38},"2":{"name":"(anonymous_2)","decl":{"start":{"line":39,"column":30},"end":{"line":39,"column":31}},"loc":{"start":{"line":39,"column":42},"end":{"line":72,"column":9}},"line":39}},"branchMap":{"0":{"loc":{"start":{"line":47,"column":12},"end":{"line":68,"column":13}},"type":"if","locations":[{"start":{"line":47,"column":12},"end":{"line":68,"column":13}},{"start":{"line":66,"column":17},"end":{"line":68,"column":13}}],"line":47},"1":{"loc":{"start":{"line":47,"column":16},"end":{"line":47,"column":70}},"type":"binary-expr","locations":[{"start":{"line":47,"column":16},"end":{"line":47,"column":23}},{"start":{"line":47,"column":28},"end":{"line":47,"column":69}}],"line":47},"2":{"loc":{"start":{"line":55,"column":20},"end":{"line":63,"column":21}},"type":"if","locations":[{"start":{"line":55,"column":20},"end":{"line":63,"column":21}},{"start":{"line":58,"column":25},"end":{"line":63,"column":21}}],"line":55},"3":{"loc":{"start":{"line":58,"column":25},"end":{"line":63,"column":21}},"type":"if","locations":[{"start":{"line":58,"column":25},"end":{"line":63,"column":21}},{"start":{"line":61,"column":25},"end":{"line":63,"column":21}}],"line":58}},"s":{"0":15,"1":15,"2":15,"3":15,"4":15,"5":5,"6":5,"7":5,"8":5,"9":5,"10":4,"11":4,"12":4,"13":2,"14":2,"15":2,"16":0,"17":0,"18":0,"19":1,"20":5,"21":5,"22":5,"23":15,"24":15},"f":{"0":15,"1":5,"2":5},"b":{"0":[4,1],"1":[5,3],"2":[2,0],"3":[0,0]},"_coverageSchema":"1a1c01bbd47fc00a2c39e90264f33305004495a9","hash":"207c747263bb967c4728c308e275a8e789f4a19d"}
,"/home/runner/work/term-project-2025-team-3/term-project-2025-team-3/sk-vaccine-app/hooks/vaccineData.ts": {"path":"/home/runner/work/term-project-2025-team-3/term-project-2025-team-3/sk-vaccine-app/hooks/vaccineData.ts","statementMap":{"0":{"start":{"line":43,"column":59},"end":{"line":43,"column":63}},"1":{"start":{"line":45,"column":44},"end":{"line":45,"column":72}},"2":{"start":{"line":46,"column":32},"end":{"line":46,"column":46}},"3":{"start":{"line":47,"column":28},"end":{"line":47,"column":57}},"4":{"start":{"line":49,"column":23},"end":{"line":60,"column":3}},"5":{"start":{"line":50,"column":4},"end":{"line":59,"column":5}},"6":{"start":{"line":51,"column":6},"end":{"line":53,"column":8}},"7":{"start":{"line":55,"column":6},"end":{"line":55,"column":26}},"8":{"start":{"line":56,"column":6},"end":{"line":56,"column":30}},"9":{"start":{"line":58,"column":6},"end":{"line":58,"column":24}},"10":{"start":{"line":62,"column":2},"end":{"line":64,"column":20}},"11":{"start":{"line":63,"column":4},"end":{"line":63,"column":19}},"12":{"start":{"line":67,"column":2},"end":{"line":67,"column":56}},"13":{"start":{"line":68,"column":2},"end":{"line":68,"column":52}},"14":{"start":{"line":69,"column":2},"end":{"line":69,"column":66}},"15":{"start":{"line":71,"column":19},"end":{"line":76,"column":3}},"16":{"start":{"line":78,"column":2},"end":{"line":78,"column":18}},"17":{"start":{"line":100,"column":40},"end":{"line":100,"column":80}},"18":{"start":{"line":101,"column":30},"end":{"line":110,"column":4}},"19":{"start":{"line":112,"column":2},"end":{"line":140,"column":9}},"20":{"start":{"line":113,"column":20},"end":{"line":113,"column":24}},"21":{"start":{"line":115,"column":22},"end":{"line":133,"column":5}},"22":{"start":{"line":116,"column":20},"end":{"line":116,"column":56}},"23":{"start":{"line":117,"column":6},"end":{"line":117,"column":40}},"24":{"start":{"line":119,"column":6},"end":{"line":123,"column":7}},"25":{"start":{"line":120,"column":8},"end":{"line":120,"column":40}},"26":{"start":{"line":121,"column":8},"end":{"line":121,"column":46}},"27":{"start":{"line":122,"column":8},"end":{"line":122,"column":15}},"28":{"start":{"line":125,"column":6},"end":{"line":132,"column":7}},"29":{"start":{"line":126,"column":29},"end":{"line":126,"column":69}},"30":{"start":{"line":127,"column":8},"end":{"line":127,"column":47}},"31":{"start":{"line":127,"column":23},"end":{"line":127,"column":47}},"32":{"start":{"line":129,"column":8},"end":{"line":129,"column":28}},"33":{"start":{"line":130,"column":8},"end":{"line":131,"column":70}},"34":{"start":{"line":131,"column":10},"end":{"line":131,"column":70}},"35":{"start":{"line":135,"column":4},"end":{"line":135,"column":16}},"36":{"start":{"line":137,"column":4},"end":{"line":139,"column":6}},"37":{"start":{"line":138,"column":6},"end":{"line":138,"column":24}},"38":{"start":{"line":142,"column":2},"end":{"line":142,"column":16}}},"fnMap":{"0":{"name":"useVaccineSheets","decl":{"start":{"line":38,"column":16},"end":{"line":38,"column":32}},"loc":{"start":{"line":42,"column":23},"end":{"line":79,"column":1}},"line":42},"1":{"name":"(anonymous_1)","decl":{"start":{"line":49,"column":23},"end":{"line":49,"column":24}},"loc":{"start":{"line":49,"column":35},"end":{"line":60,"column":3}},"line":49},"2":{"name":"(anonymous_2)","decl":{"start":{"line":62,"column":12},"end":{"line":62,"column":13}},"loc":{"start":{"line":62,"column":18},"end":{"line":64,"column":3}},"line":62},"3":{"name":"useUpdateVaccineSheets","decl":{"start":{"line":99,"column":16},"end":{"line":99,"column":38}},"loc":{"start":{"line":99,"column":82},"end":{"line":143,"column":1}},"line":99},"4":{"name":"(anonymous_4)","decl":{"start":{"line":112,"column":12},"end":{"line":112,"column":13}},"loc":{"start":{"line":112,"column":18},"end":{"line":140,"column":3}},"line":112},"5":{"name":"(anonymous_5)","decl":{"start":{"line":115,"column":22},"end":{"line":115,"column":23}},"loc":{"start":{"line":115,"column":34},"end":{"line":133,"column":5}},"line":115},"6":{"name":"(anonymous_6)","decl":{"start":{"line":137,"column":11},"end":{"line":137,"column":12}},"loc":{"start":{"line":137,"column":17},"end":{"line":139,"column":5}},"line":137},"7":{"name":"useVaccinePDF","decl":{"start":{"line":145,"column":16},"end":{"line":145,"column":29}},"loc":{"start":{"line":145,"column":43},"end":{"line":145,"column":45}},"line":145}},"branchMap":{"0":{"loc":{"start":{"line":74,"column":11},"end":{"line":74,"column":29}},"type":"binary-expr","locations":[{"start":{"line":74,"column":11},"end":{"line":74,"column":16}},{"start":{"line":74,"column":20},"end":{"line":74,"column":29}}],"line":74},"1":{"loc":{"start":{"line":119,"column":6},"end":{"line":123,"column":7}},"type":"if","locations":[{"start":{"line":119,"column":6},"end":{"line":123,"column":7}},{"start":{},"end":{}}],"line":119},"2":{"loc":{"start":{"line":127,"column":8},"end":{"line":127,"column":47}},"type":"if","locations":[{"start":{"line":127,"column":8},"end":{"line":127,"column":47}},{"start":{},"end":{}}],"line":127},"3":{"loc":{"start":{"line":130,"column":8},"end":{"line":131,"column":70}},"type":"if","locations":[{"start":{"line":130,"column":8},"end":{"line":131,"column":70}},{"start":{},"end":{}}],"line":130}},"s":{"0":8,"1":8,"2":8,"3":8,"4":8,"5":5,"6":5,"7":0,"8":0,"9":5,"10":8,"11":4,"12":8,"13":8,"14":8,"15":8,"16":8,"17":4,"18":4,"19":4,"20":4,"21":4,"22":4,"23":0,"24":0,"25":0,"26":0,"27":0,"28":0,"29":0,"30":0,"31":0,"32":0,"33":0,"34":0,"35":4,"36":4,"37":4,"38":4},"f":{"0":8,"1":5,"2":4,"3":4,"4":4,"5":4,"6":4,"7":0},"b":{"0":[8,8],"1":[0,0],"2":[0,0],"3":[0,0]},"_coverageSchema":"1a1c01bbd47fc00a2c39e90264f33305004495a9","hash":"8e00bc97f5898dc79a97bba7817c4821ffce90cd"}
,"/home/runner/work/term-project-2025-team-3/term-project-2025-team-3/sk-vaccine-app/myorm/base-entity.ts": {"path":"/home/runner/work/term-project-2025-team-3/term-project-2025-team-3/sk-vaccine-app/myorm/base-entity.ts","statementMap":{"0":{"start":{"line":44,"column":4},"end":{"line":44,"column":35}},"1":{"start":{"line":46,"column":15},"end":{"line":46,"column":28}},"2":{"start":{"line":48,"column":22},"end":{"line":48,"column":55}},"3":{"start":{"line":50,"column":19},"end":{"line":52,"column":5}},"4":{"start":{"line":54,"column":4},"end":{"line":54,"column":40}},"5":{"start":{"line":73,"column":30},"end":{"line":73,"column":37}},"6":{"start":{"line":75,"column":4},"end":{"line":77,"column":5}},"7":{"start":{"line":76,"column":6},"end":{"line":76,"column":66}},"8":{"start":{"line":79,"column":15},"end":{"line":79,"column":28}},"9":{"start":{"line":80,"column":22},"end":{"line":80,"column":55}},"10":{"start":{"line":82,"column":22},"end":{"line":82,"column":40}},"11":{"start":{"line":83,"column":24},"end":{"line":83,"column":44}},"12":{"start":{"line":84,"column":24},"end":{"line":84,"column":74}},"13":{"start":{"line":84,"column":47},"end":{"line":84,"column":59}},"14":{"start":{"line":87,"column":25},"end":{"line":87,"column":78}},"15":{"start":{"line":89,"column":24},"end":{"line":89,"column":106}},"16":{"start":{"line":91,"column":4},"end":{"line":97,"column":5}},"17":{"start":{"line":92,"column":22},"end":{"line":92,"column":68}},"18":{"start":{"line":93,"column":6},"end":{"line":93,"column":46}},"19":{"start":{"line":95,"column":6},"end":{"line":95,"column":49}},"20":{"start":{"line":96,"column":6},"end":{"line":96,"column":18}},"21":{"start":{"line":117,"column":24},"end":{"line":117,"column":26}},"22":{"start":{"line":118,"column":22},"end":{"line":118,"column":55}},"23":{"start":{"line":120,"column":4},"end":{"line":139,"column":7}},"24":{"start":{"line":122,"column":18},"end":{"line":122,"column":35}},"25":{"start":{"line":123,"column":6},"end":{"line":137,"column":9}},"26":{"start":{"line":125,"column":8},"end":{"line":129,"column":9}},"27":{"start":{"line":126,"column":10},"end":{"line":128,"column":12}},"28":{"start":{"line":132,"column":8},"end":{"line":136,"column":9}},"29":{"start":{"line":133,"column":10},"end":{"line":133,"column":60}},"30":{"start":{"line":135,"column":10},"end":{"line":135,"column":48}},"31":{"start":{"line":138,"column":6},"end":{"line":138,"column":23}},"32":{"start":{"line":141,"column":4},"end":{"line":141,"column":18}},"33":{"start":{"line":172,"column":15},"end":{"line":172,"column":22}},"34":{"start":{"line":173,"column":22},"end":{"line":173,"column":55}},"35":{"start":{"line":174,"column":4},"end":{"line":174,"column":35}},"36":{"start":{"line":176,"column":22},"end":{"line":176,"column":42}},"37":{"start":{"line":177,"column":23},"end":{"line":177,"column":60}},"38":{"start":{"line":179,"column":19},"end":{"line":179,"column":62}},"39":{"start":{"line":182,"column":4},"end":{"line":182,"column":40}},"40":{"start":{"line":216,"column":15},"end":{"line":216,"column":22}},"41":{"start":{"line":217,"column":22},"end":{"line":217,"column":55}},"42":{"start":{"line":218,"column":4},"end":{"line":218,"column":35}},"43":{"start":{"line":220,"column":22},"end":{"line":220,"column":42}},"44":{"start":{"line":221,"column":23},"end":{"line":221,"column":60}},"45":{"start":{"line":223,"column":19},"end":{"line":223,"column":62}},"46":{"start":{"line":226,"column":4},"end":{"line":226,"column":18}},"47":{"start":{"line":241,"column":22},"end":{"line":241,"column":55}},"48":{"start":{"line":243,"column":4},"end":{"line":243,"column":35}},"49":{"start":{"line":244,"column":15},"end":{"line":244,"column":22}},"50":{"start":{"line":245,"column":19},"end":{"line":247,"column":13}},"51":{"start":{"line":248,"column":4},"end":{"line":248,"column":24}},"52":{"start":{"line":264,"column":4},"end":{"line":264,"column":35}},"53":{"start":{"line":266,"column":15},"end":{"line":266,"column":22}},"54":{"start":{"line":267,"column":22},"end":{"line":267,"column":55}},"55":{"start":{"line":269,"column":4},"end":{"line":273,"column":5}},"56":{"start":{"line":270,"column":6},"end":{"line":272,"column":8}},"57":{"start":{"line":275,"column":4},"end":{"line":275,"column":62}},"58":{"start":{"line":276,"column":4},"end":{"line":276,"column":11}},"59":{"start":{"line":291,"column":22},"end":{"line":291,"column":55}},"60":{"start":{"line":294,"column":4},"end":{"line":294,"column":35}},"61":{"start":{"line":296,"column":4},"end":{"line":296,"column":44}},"62":{"start":{"line":308,"column":22},"end":{"line":308,"column":55}},"63":{"start":{"line":310,"column":37},"end":{"line":310,"column":39}},"64":{"start":{"line":313,"column":4},"end":{"line":315,"column":5}},"65":{"start":{"line":314,"column":6},"end":{"line":314,"column":40}},"66":{"start":{"line":317,"column":4},"end":{"line":319,"column":5}},"67":{"start":{"line":318,"column":6},"end":{"line":318,"column":41}},"68":{"start":{"line":320,"column":4},"end":{"line":322,"column":5}},"69":{"start":{"line":321,"column":6},"end":{"line":321,"column":38}},"70":{"start":{"line":324,"column":4},"end":{"line":330,"column":5}},"71":{"start":{"line":325,"column":6},"end":{"line":329,"column":8}},"72":{"start":{"line":332,"column":4},"end":{"line":332,"column":13}},"73":{"start":{"line":347,"column":4},"end":{"line":347,"column":70}},"74":{"start":{"line":349,"column":15},"end":{"line":349,"column":28}},"75":{"start":{"line":351,"column":24},"end":{"line":351,"column":61}},"76":{"start":{"line":352,"column":22},"end":{"line":352,"column":43}},"77":{"start":{"line":354,"column":22},"end":{"line":354,"column":42}},"78":{"start":{"line":355,"column":15},"end":{"line":355,"column":36}},"79":{"start":{"line":356,"column":20},"end":{"line":356,"column":38}},"80":{"start":{"line":358,"column":20},"end":{"line":358,"column":38}},"81":{"start":{"line":361,"column":17},"end":{"line":361,"column":57}},"82":{"start":{"line":361,"column":42},"end":{"line":361,"column":56}},"83":{"start":{"line":363,"column":21},"end":{"line":363,"column":59}},"84":{"start":{"line":363,"column":44},"end":{"line":363,"column":57}},"85":{"start":{"line":366,"column":19},"end":{"line":381,"column":18}},"86":{"start":{"line":367,"column":16},"end":{"line":367,"column":46}},"87":{"start":{"line":370,"column":6},"end":{"line":374,"column":7}},"88":{"start":{"line":371,"column":8},"end":{"line":373,"column":10}},"89":{"start":{"line":376,"column":6},"end":{"line":378,"column":7}},"90":{"start":{"line":377,"column":8},"end":{"line":377,"column":35}},"91":{"start":{"line":380,"column":6},"end":{"line":380,"column":17}},"92":{"start":{"line":383,"column":4},"end":{"line":383,"column":11}},"93":{"start":{"line":384,"column":29},"end":{"line":387,"column":13}},"94":{"start":{"line":389,"column":4},"end":{"line":424,"column":5}},"95":{"start":{"line":391,"column":6},"end":{"line":394,"column":7}},"96":{"start":{"line":392,"column":8},"end":{"line":392,"column":28}},"97":{"start":{"line":393,"column":8},"end":{"line":393,"column":29}},"98":{"start":{"line":396,"column":23},"end":{"line":396,"column":50}},"99":{"start":{"line":396,"column":41},"end":{"line":396,"column":49}},"100":{"start":{"line":398,"column":27},"end":{"line":398,"column":58}},"101":{"start":{"line":398,"column":43},"end":{"line":398,"column":46}},"102":{"start":{"line":400,"column":6},"end":{"line":405,"column":8}},"103":{"start":{"line":407,"column":18},"end":{"line":409,"column":38}},"104":{"start":{"line":410,"column":21},"end":{"line":410,"column":54}},"105":{"start":{"line":411,"column":6},"end":{"line":411,"column":50}},"106":{"start":{"line":415,"column":26},"end":{"line":415,"column":62}},"107":{"start":{"line":415,"column":44},"end":{"line":415,"column":61}},"108":{"start":{"line":417,"column":18},"end":{"line":419,"column":12}},"109":{"start":{"line":421,"column":6},"end":{"line":421,"column":27}},"110":{"start":{"line":423,"column":6},"end":{"line":423,"column":40}}},"fnMap":{"0":{"name":"(anonymous_0)","decl":{"start":{"line":40,"column":2},"end":{"line":40,"column":3}},"loc":{"start":{"line":42,"column":18},"end":{"line":55,"column":3}},"line":42},"1":{"name":"(anonymous_1)","decl":{"start":{"line":69,"column":2},"end":{"line":69,"column":3}},"loc":{"start":{"line":72,"column":23},"end":{"line":98,"column":3}},"line":72},"2":{"name":"(anonymous_2)","decl":{"start":{"line":84,"column":38},"end":{"line":84,"column":39}},"loc":{"start":{"line":84,"column":47},"end":{"line":84,"column":59}},"line":84},"3":{"name":"(anonymous_3)","decl":{"start":{"line":113,"column":2},"end":{"line":113,"column":3}},"loc":{"start":{"line":116,"column":9},"end":{"line":142,"column":3}},"line":116},"4":{"name":"(anonymous_4)","decl":{"start":{"line":120,"column":25},"end":{"line":120,"column":26}},"loc":{"start":{"line":120,"column":39},"end":{"line":139,"column":5}},"line":120},"5":{"name":"(anonymous_5)","decl":{"start":{"line":123,"column":34},"end":{"line":123,"column":35}},"loc":{"start":{"line":123,"column":43},"end":{"line":137,"column":7}},"line":123},"6":{"name":"(anonymous_6)","decl":{"start":{"line":167,"column":2},"end":{"line":167,"column":3}},"loc":{"start":{"line":171,"column":18},"end":{"line":183,"column":3}},"line":171},"7":{"name":"(anonymous_7)","decl":{"start":{"line":211,"column":2},"end":{"line":211,"column":3}},"loc":{"start":{"line":215,"column":18},"end":{"line":227,"column":3}},"line":215},"8":{"name":"(anonymous_8)","decl":{"start":{"line":238,"column":2},"end":{"line":238,"column":3}},"loc":{"start":{"line":240,"column":21},"end":{"line":249,"column":3}},"line":240},"9":{"name":"(anonymous_9)","decl":{"start":{"line":260,"column":2},"end":{"line":260,"column":3}},"loc":{"start":{"line":262,"column":19},"end":{"line":277,"column":3}},"line":262},"10":{"name":"(anonymous_10)","decl":{"start":{"line":288,"column":2},"end":{"line":288,"column":3}},"loc":{"start":{"line":290,"column":36},"end":{"line":297,"column":3}},"line":290},"11":{"name":"(anonymous_11)","decl":{"start":{"line":305,"column":2},"end":{"line":305,"column":3}},"loc":{"start":{"line":307,"column":12},"end":{"line":333,"column":3}},"line":307},"12":{"name":"(anonymous_12)","decl":{"start":{"line":345,"column":2},"end":{"line":345,"column":3}},"loc":{"start":{"line":345,"column":30},"end":{"line":425,"column":3}},"line":345},"13":{"name":"(anonymous_13)","decl":{"start":{"line":361,"column":33},"end":{"line":361,"column":34}},"loc":{"start":{"line":361,"column":42},"end":{"line":361,"column":56}},"line":361},"14":{"name":"(anonymous_14)","decl":{"start":{"line":363,"column":35},"end":{"line":363,"column":36}},"loc":{"start":{"line":363,"column":44},"end":{"line":363,"column":57}},"line":363},"15":{"name":"(anonymous_15)","decl":{"start":{"line":366,"column":28},"end":{"line":366,"column":29}},"loc":{"start":{"line":366,"column":37},"end":{"line":381,"column":5}},"line":366},"16":{"name":"(anonymous_16)","decl":{"start":{"line":396,"column":32},"end":{"line":396,"column":33}},"loc":{"start":{"line":396,"column":41},"end":{"line":396,"column":49}},"line":396},"17":{"name":"(anonymous_17)","decl":{"start":{"line":398,"column":36},"end":{"line":398,"column":37}},"loc":{"start":{"line":398,"column":43},"end":{"line":398,"column":46}},"line":398},"18":{"name":"(anonymous_18)","decl":{"start":{"line":415,"column":35},"end":{"line":415,"column":36}},"loc":{"start":{"line":415,"column":44},"end":{"line":415,"column":61}},"line":415}},"branchMap":{"0":{"loc":{"start":{"line":75,"column":4},"end":{"line":77,"column":5}},"type":"if","locations":[{"start":{"line":75,"column":4},"end":{"line":77,"column":5}},{"start":{},"end":{}}],"line":75},"1":{"loc":{"start":{"line":75,"column":8},"end":{"line":75,"column":49}},"type":"binary-expr","locations":[{"start":{"line":75,"column":8},"end":{"line":75,"column":14}},{"start":{"line":75,"column":18},"end":{"line":75,"column":49}}],"line":75},"2":{"loc":{"start":{"line":87,"column":25},"end":{"line":87,"column":78}},"type":"cond-expr","locations":[{"start":{"line":87,"column":55},"end":{"line":87,"column":72}},{"start":{"line":87,"column":75},"end":{"line":87,"column":78}}],"line":87},"3":{"loc":{"start":{"line":87,"column":25},"end":{"line":87,"column":52}},"type":"binary-expr","locations":[{"start":{"line":87,"column":25},"end":{"line":87,"column":31}},{"start":{"line":87,"column":35},"end":{"line":87,"column":52}}],"line":87},"4":{"loc":{"start":{"line":125,"column":8},"end":{"line":129,"column":9}},"type":"if","locations":[{"start":{"line":125,"column":8},"end":{"line":129,"column":9}},{"start":{},"end":{}}],"line":125},"5":{"loc":{"start":{"line":132,"column":8},"end":{"line":136,"column":9}},"type":"if","locations":[{"start":{"line":132,"column":8},"end":{"line":136,"column":9}},{"start":{"line":134,"column":15},"end":{"line":136,"column":9}}],"line":132},"6":{"loc":{"start":{"line":269,"column":4},"end":{"line":273,"column":5}},"type":"if","locations":[{"start":{"line":269,"column":4},"end":{"line":273,"column":5}},{"start":{},"end":{}}],"line":269},"7":{"loc":{"start":{"line":313,"column":4},"end":{"line":315,"column":5}},"type":"if","locations":[{"start":{"line":313,"column":4},"end":{"line":315,"column":5}},{"start":{},"end":{}}],"line":313},"8":{"loc":{"start":{"line":317,"column":4},"end":{"line":319,"column":5}},"type":"if","locations":[{"start":{"line":317,"column":4},"end":{"line":319,"column":5}},{"start":{},"end":{}}],"line":317},"9":{"loc":{"start":{"line":320,"column":4},"end":{"line":322,"column":5}},"type":"if","locations":[{"start":{"line":320,"column":4},"end":{"line":322,"column":5}},{"start":{},"end":{}}],"line":320},"10":{"loc":{"start":{"line":324,"column":4},"end":{"line":330,"column":5}},"type":"if","locations":[{"start":{"line":324,"column":4},"end":{"line":330,"column":5}},{"start":{},"end":{}}],"line":324},"11":{"loc":{"start":{"line":370,"column":6},"end":{"line":374,"column":7}},"type":"if","locations":[{"start":{"line":370,"column":6},"end":{"line":374,"column":7}},{"start":{},"end":{}}],"line":370},"12":{"loc":{"start":{"line":370,"column":10},"end":{"line":370,"column":64}},"type":"binary-expr","locations":[{"start":{"line":370,"column":11},"end":{"line":370,"column":23}},{"start":{"line":370,"column":27},"end":{"line":370,"column":44}},{"start":{"line":370,"column":49},"end":{"line":370,"column":64}}],"line":370},"13":{"loc":{"start":{"line":376,"column":6},"end":{"line":378,"column":7}},"type":"if","locations":[{"start":{"line":376,"column":6},"end":{"line":378,"column":7}},{"start":{},"end":{}}],"line":376},"14":{"loc":{"start":{"line":389,"column":4},"end":{"line":424,"column":5}},"type":"if","locations":[{"start":{"line":389,"column":4},"end":{"line":424,"column":5}},{"start":{"line":414,"column":9},"end":{"line":424,"column":5}}],"line":389},"15":{"loc":{"start":{"line":391,"column":6},"end":{"line":394,"column":7}},"type":"if","locations":[{"start":{"line":391,"column":6},"end":{"line":394,"column":7}},{"start":{},"end":{}}],"line":391},"16":{"loc":{"start":{"line":391,"column":10},"end":{"line":391,"column":51}},"type":"binary-expr","locations":[{"start":{"line":391,"column":10},"end":{"line":391,"column":31}},{"start":{"line":391,"column":35},"end":{"line":391,"column":51}}],"line":391}},"s":{"0":5,"1":5,"2":5,"3":5,"4":5,"5":1,"6":1,"7":0,"8":1,"9":1,"10":1,"11":1,"12":1,"13":1,"14":1,"15":1,"16":1,"17":1,"18":0,"19":1,"20":1,"21":13,"22":13,"23":13,"24":19,"25":19,"26":38,"27":1,"28":37,"29":4,"30":33,"31":18,"32":12,"33":4,"34":4,"35":4,"36":3,"37":3,"38":3,"39":3,"40":25,"41":25,"42":25,"43":24,"44":24,"45":24,"46":24,"47":3,"48":3,"49":2,"50":2,"51":2,"52":2,"53":1,"54":1,"55":1,"56":0,"57":1,"58":1,"59":3,"60":3,"61":2,"62":73,"63":73,"64":73,"65":6,"66":73,"67":3,"68":73,"69":3,"70":73,"71":8,"72":65,"73":27,"74":27,"75":27,"76":27,"77":27,"78":27,"79":27,"80":27,"81":27,"82":230,"83":27,"84":27,"85":27,"86":203,"87":203,"88":1,"89":202,"90":45,"91":157,"92":26,"93":26,"94":26,"95":25,"96":1,"97":1,"98":25,"99":202,"100":25,"101":202,"102":25,"103":25,"104":25,"105":25,"106":1,"107":1,"108":1,"109":1,"110":1},"f":{"0":5,"1":1,"2":1,"3":13,"4":19,"5":38,"6":4,"7":25,"8":3,"9":2,"10":3,"11":73,"12":27,"13":230,"14":27,"15":203,"16":202,"17":202,"18":1},"b":{"0":[0,1],"1":[1,1],"2":[0,1],"3":[1,0],"4":[1,37],"5":[4,33],"6":[0,1],"7":[6,67],"8":[3,70],"9":[3,70],"10":[8,65],"11":[1,202],"12":[203,203,1],"13":[45,157],"14":[25,1],"15":[1,24],"16":[25,1]},"_coverageSchema":"1a1c01bbd47fc00a2c39e90264f33305004495a9","hash":"64dca7c01bc332ddbc2cc8f0e65ddaf53f8f9875"}
,"/home/runner/work/term-project-2025-team-3/term-project-2025-team-3/sk-vaccine-app/myorm/clinic-entity.ts": {"path":"/home/runner/work/term-project-2025-team-3/term-project-2025-team-3/sk-vaccine-app/myorm/clinic-entity.ts","statementMap":{"0":{"start":{"line":39,"column":8},"end":{"line":39,"column":16}},"1":{"start":{"line":40,"column":8},"end":{"line":57,"column":9}},"2":{"start":{"line":41,"column":12},"end":{"line":41,"column":54}},"3":{"start":{"line":42,"column":12},"end":{"line":42,"column":40}},"4":{"start":{"line":43,"column":12},"end":{"line":43,"column":46}},"5":{"start":{"line":44,"column":12},"end":{"line":44,"column":54}},"6":{"start":{"line":45,"column":12},"end":{"line":45,"column":42}},"7":{"start":{"line":46,"column":12},"end":{"line":46,"column":48}},"8":{"start":{"line":47,"column":12},"end":{"line":47,"column":42}},"9":{"start":{"line":48,"column":12},"end":{"line":48,"column":44}},"10":{"start":{"line":51,"column":12},"end":{"line":51,"column":34}},"11":{"start":{"line":52,"column":12},"end":{"line":52,"column":27}},"12":{"start":{"line":53,"column":12},"end":{"line":53,"column":30}},"13":{"start":{"line":54,"column":12},"end":{"line":54,"column":34}},"14":{"start":{"line":55,"column":12},"end":{"line":55,"column":28}},"15":{"start":{"line":56,"column":12},"end":{"line":56,"column":31}}},"fnMap":{"0":{"name":"(anonymous_0)","decl":{"start":{"line":38,"column":4},"end":{"line":38,"column":5}},"loc":{"start":{"line":38,"column":40},"end":{"line":58,"column":5}},"line":38}},"branchMap":{"0":{"loc":{"start":{"line":40,"column":8},"end":{"line":57,"column":9}},"type":"if","locations":[{"start":{"line":40,"column":8},"end":{"line":57,"column":9}},{"start":{"line":50,"column":13},"end":{"line":57,"column":9}}],"line":40},"1":{"loc":{"start":{"line":41,"column":31},"end":{"line":41,"column":53}},"type":"binary-expr","locations":[{"start":{"line":41,"column":31},"end":{"line":41,"column":47}},{"start":{"line":41,"column":51},"end":{"line":41,"column":53}}],"line":41},"2":{"loc":{"start":{"line":42,"column":24},"end":{"line":42,"column":39}},"type":"binary-expr","locations":[{"start":{"line":42,"column":24},"end":{"line":42,"column":33}},{"start":{"line":42,"column":37},"end":{"line":42,"column":39}}],"line":42},"3":{"loc":{"start":{"line":43,"column":27},"end":{"line":43,"column":45}},"type":"binary-expr","locations":[{"start":{"line":43,"column":27},"end":{"line":43,"column":39}},{"start":{"line":43,"column":43},"end":{"line":43,"column":45}}],"line":43},"4":{"loc":{"start":{"line":44,"column":31},"end":{"line":44,"column":53}},"type":"binary-expr","locations":[{"start":{"line":44,"column":31},"end":{"line":44,"column":47}},{"start":{"line":44,"column":51},"end":{"line":44,"column":53}}],"line":44},"5":{"loc":{"start":{"line":45,"column":25},"end":{"line":45,"column":41}},"type":"binary-expr","locations":[{"start":{"line":45,"column":25},"end":{"line":45,"column":35}},{"start":{"line":45,"column":39},"end":{"line":45,"column":41}}],"line":45},"6":{"loc":{"start":{"line":46,"column":28},"end":{"line":46,"column":47}},"type":"binary-expr","locations":[{"start":{"line":46,"column":28},"end":{"line":46,"column":41}},{"start":{"line":46,"column":45},"end":{"line":46,"column":47}}],"line":46}},"s":{"0":0,"1":0,"2":0,"3":0,"4":0,"5":0,"6":0,"7":0,"8":0,"9":0,"10":0,"11":0,"12":0,"13":0,"14":0,"15":0},"f":{"0":0},"b":{"0":[0,0],"1":[0,0],"2":[0,0],"3":[0,0],"4":[0,0],"5":[0,0],"6":[0,0]},"_coverageSchema":"1a1c01bbd47fc00a2c39e90264f33305004495a9","hash":"b91e6114fbfdac06fed707bdccee2068e5082cda"}
,"/home/runner/work/term-project-2025-team-3/term-project-2025-team-3/sk-vaccine-app/myorm/decorators.ts": {"path":"/home/runner/work/term-project-2025-team-3/term-project-2025-team-3/sk-vaccine-app/myorm/decorators.ts","statementMap":{"0":{"start":{"line":8,"column":16},"end":{"line":8,"column":35}},"1":{"start":{"line":66,"column":2},"end":{"line":101,"column":4}},"2":{"start":{"line":67,"column":22},"end":{"line":67,"column":69}},"3":{"start":{"line":69,"column":4},"end":{"line":73,"column":5}},"4":{"start":{"line":70,"column":6},"end":{"line":72,"column":8}},"5":{"start":{"line":76,"column":4},"end":{"line":78,"column":5}},"6":{"start":{"line":77,"column":6},"end":{"line":77,"column":50}},"7":{"start":{"line":86,"column":4},"end":{"line":88,"column":5}},"8":{"start":{"line":87,"column":6},"end":{"line":87,"column":42}},"9":{"start":{"line":92,"column":4},"end":{"line":100,"column":25}},"10":{"start":{"line":115,"column":2},"end":{"line":120,"column":4}},"11":{"start":{"line":116,"column":4},"end":{"line":119,"column":6}},"12":{"start":{"line":129,"column":2},"end":{"line":129,"column":60}},"13":{"start":{"line":142,"column":2},"end":{"line":144,"column":3}},"14":{"start":{"line":143,"column":4},"end":{"line":143,"column":18}},"15":{"start":{"line":145,"column":2},"end":{"line":147,"column":3}},"16":{"start":{"line":146,"column":4},"end":{"line":146,"column":18}},"17":{"start":{"line":148,"column":2},"end":{"line":150,"column":3}},"18":{"start":{"line":149,"column":4},"end":{"line":149,"column":18}},"19":{"start":{"line":151,"column":2},"end":{"line":153,"column":3}},"20":{"start":{"line":152,"column":4},"end":{"line":152,"column":21}},"21":{"start":{"line":154,"column":2},"end":{"line":156,"column":3}},"22":{"start":{"line":155,"column":4},"end":{"line":155,"column":18}},"23":{"start":{"line":157,"column":2},"end":{"line":157,"column":71}},"24":{"start":{"line":172,"column":2},"end":{"line":172,"column":26}},"25":{"start":{"line":173,"column":2},"end":{"line":232,"column":4}},"26":{"start":{"line":177,"column":4},"end":{"line":180,"column":5}},"27":{"start":{"line":178,"column":6},"end":{"line":178,"column":55}},"28":{"start":{"line":179,"column":6},"end":{"line":179,"column":57}},"29":{"start":{"line":181,"column":4},"end":{"line":181,"column":23}},"30":{"start":{"line":183,"column":4},"end":{"line":185,"column":6}},"31":{"start":{"line":189,"column":22},"end":{"line":189,"column":43}},"32":{"start":{"line":191,"column":4},"end":{"line":191,"column":79}},"33":{"start":{"line":194,"column":4},"end":{"line":223,"column":5}},"34":{"start":{"line":195,"column":21},"end":{"line":197,"column":7}},"35":{"start":{"line":198,"column":27},"end":{"line":207,"column":15}},"36":{"start":{"line":200,"column":10},"end":{"line":205,"column":12}},"37":{"start":{"line":209,"column":28},"end":{"line":218,"column":15}},"38":{"start":{"line":211,"column":10},"end":{"line":216,"column":12}},"39":{"start":{"line":220,"column":6},"end":{"line":222,"column":7}},"40":{"start":{"line":221,"column":8},"end":{"line":221,"column":69}},"41":{"start":{"line":226,"column":4},"end":{"line":226,"column":45}},"42":{"start":{"line":229,"column":4},"end":{"line":229,"column":21}},"43":{"start":{"line":231,"column":4},"end":{"line":231,"column":65}},"44":{"start":{"line":243,"column":20},"end":{"line":243,"column":40}},"45":{"start":{"line":245,"column":2},"end":{"line":247,"column":3}},"46":{"start":{"line":246,"column":4},"end":{"line":246,"column":80}},"47":{"start":{"line":249,"column":2},"end":{"line":251,"column":3}},"48":{"start":{"line":250,"column":4},"end":{"line":250,"column":78}},"49":{"start":{"line":253,"column":18},"end":{"line":253,"column":36}},"50":{"start":{"line":255,"column":12},"end":{"line":255,"column":57}},"51":{"start":{"line":258,"column":19},"end":{"line":258,"column":71}},"52":{"start":{"line":258,"column":57},"end":{"line":258,"column":70}},"53":{"start":{"line":259,"column":2},"end":{"line":263,"column":3}},"54":{"start":{"line":260,"column":4},"end":{"line":262,"column":6}},"55":{"start":{"line":264,"column":2},"end":{"line":264,"column":67}},"56":{"start":{"line":267,"column":21},"end":{"line":267,"column":22}},"57":{"start":{"line":270,"column":2},"end":{"line":288,"column":5}},"58":{"start":{"line":272,"column":4},"end":{"line":280,"column":5}},"59":{"start":{"line":273,"column":6},"end":{"line":273,"column":21}},"60":{"start":{"line":274,"column":6},"end":{"line":278,"column":7}},"61":{"start":{"line":275,"column":8},"end":{"line":277,"column":10}},"62":{"start":{"line":279,"column":6},"end":{"line":279,"column":13}},"63":{"start":{"line":281,"column":4},"end":{"line":287,"column":5}},"64":{"start":{"line":282,"column":6},"end":{"line":282,"column":49}},"65":{"start":{"line":283,"column":11},"end":{"line":287,"column":5}},"66":{"start":{"line":284,"column":6},"end":{"line":284,"column":52}},"67":{"start":{"line":286,"column":6},"end":{"line":286,"column":53}},"68":{"start":{"line":291,"column":2},"end":{"line":291,"column":34}},"69":{"start":{"line":292,"column":2},"end":{"line":292,"column":13}}},"fnMap":{"0":{"name":"Column","decl":{"start":{"line":59,"column":16},"end":{"line":59,"column":22}},"loc":{"start":{"line":59,"column":48},"end":{"line":102,"column":1}},"line":59},"1":{"name":"(anonymous_1)","decl":{"start":{"line":66,"column":9},"end":{"line":66,"column":10}},"loc":{"start":{"line":66,"column":53},"end":{"line":101,"column":3}},"line":66},"2":{"name":"PrimaryGeneratedColumn","decl":{"start":{"line":112,"column":16},"end":{"line":112,"column":38}},"loc":{"start":{"line":114,"column":2},"end":{"line":121,"column":1}},"line":114},"3":{"name":"(anonymous_3)","decl":{"start":{"line":115,"column":9},"end":{"line":115,"column":10}},"loc":{"start":{"line":115,"column":53},"end":{"line":120,"column":3}},"line":115},"4":{"name":"List","decl":{"start":{"line":128,"column":16},"end":{"line":128,"column":20}},"loc":{"start":{"line":128,"column":62},"end":{"line":130,"column":1}},"line":128},"5":{"name":"mapTsTypeToSql","decl":{"start":{"line":141,"column":16},"end":{"line":141,"column":30}},"loc":{"start":{"line":141,"column":70},"end":{"line":158,"column":1}},"line":141},"6":{"name":"Entity","decl":{"start":{"line":171,"column":16},"end":{"line":171,"column":22}},"loc":{"start":{"line":171,"column":78},"end":{"line":233,"column":1}},"line":171},"7":{"name":"(anonymous_7)","decl":{"start":{"line":173,"column":9},"end":{"line":173,"column":10}},"loc":{"start":{"line":173,"column":42},"end":{"line":232,"column":3}},"line":173},"8":{"name":"(anonymous_8)","decl":{"start":{"line":199,"column":13},"end":{"line":199,"column":14}},"loc":{"start":{"line":199,"column":27},"end":{"line":206,"column":9}},"line":199},"9":{"name":"(anonymous_9)","decl":{"start":{"line":210,"column":14},"end":{"line":210,"column":15}},"loc":{"start":{"line":210,"column":28},"end":{"line":217,"column":9}},"line":210},"10":{"name":"createTable","decl":{"start":{"line":242,"column":9},"end":{"line":242,"column":20}},"loc":{"start":{"line":242,"column":57},"end":{"line":293,"column":1}},"line":242},"11":{"name":"(anonymous_11)","decl":{"start":{"line":258,"column":32},"end":{"line":258,"column":33}},"loc":{"start":{"line":258,"column":57},"end":{"line":258,"column":70}},"line":258},"12":{"name":"(anonymous_12)","decl":{"start":{"line":270,"column":18},"end":{"line":270,"column":19}},"loc":{"start":{"line":270,"column":43},"end":{"line":288,"column":3}},"line":270}},"branchMap":{"0":{"loc":{"start":{"line":69,"column":4},"end":{"line":73,"column":5}},"type":"if","locations":[{"start":{"line":69,"column":4},"end":{"line":73,"column":5}},{"start":{},"end":{}}],"line":69},"1":{"loc":{"start":{"line":69,"column":8},"end":{"line":69,"column":42}},"type":"binary-expr","locations":[{"start":{"line":69,"column":8},"end":{"line":69,"column":24}},{"start":{"line":69,"column":28},"end":{"line":69,"column":42}}],"line":69},"2":{"loc":{"start":{"line":76,"column":4},"end":{"line":78,"column":5}},"type":"if","locations":[{"start":{"line":76,"column":4},"end":{"line":78,"column":5}},{"start":{},"end":{}}],"line":76},"3":{"loc":{"start":{"line":86,"column":4},"end":{"line":88,"column":5}},"type":"if","locations":[{"start":{"line":86,"column":4},"end":{"line":88,"column":5}},{"start":{},"end":{}}],"line":86},"4":{"loc":{"start":{"line":94,"column":12},"end":{"line":94,"column":40}},"type":"binary-expr","locations":[{"start":{"line":94,"column":12},"end":{"line":94,"column":25}},{"start":{"line":94,"column":29},"end":{"line":94,"column":40}}],"line":94},"5":{"loc":{"start":{"line":95,"column":12},"end":{"line":95,"column":77}},"type":"binary-expr","locations":[{"start":{"line":95,"column":12},"end":{"line":95,"column":25}},{"start":{"line":95,"column":29},"end":{"line":95,"column":77}}],"line":95},"6":{"loc":{"start":{"line":96,"column":16},"end":{"line":96,"column":42}},"type":"binary-expr","locations":[{"start":{"line":96,"column":16},"end":{"line":96,"column":33}},{"start":{"line":96,"column":37},"end":{"line":96,"column":42}}],"line":96},"7":{"loc":{"start":{"line":97,"column":14},"end":{"line":97,"column":38}},"type":"binary-expr","locations":[{"start":{"line":97,"column":14},"end":{"line":97,"column":29}},{"start":{"line":97,"column":33},"end":{"line":97,"column":38}}],"line":97},"8":{"loc":{"start":{"line":98,"column":17},"end":{"line":98,"column":44}},"type":"binary-expr","locations":[{"start":{"line":98,"column":17},"end":{"line":98,"column":35}},{"start":{"line":98,"column":39},"end":{"line":98,"column":44}}],"line":98},"9":{"loc":{"start":{"line":99,"column":18},"end":{"line":99,"column":46}},"type":"binary-expr","locations":[{"start":{"line":99,"column":18},"end":{"line":99,"column":37}},{"start":{"line":99,"column":41},"end":{"line":99,"column":46}}],"line":99},"10":{"loc":{"start":{"line":116,"column":48},"end":{"line":116,"column":74}},"type":"binary-expr","locations":[{"start":{"line":116,"column":48},"end":{"line":116,"column":61}},{"start":{"line":116,"column":65},"end":{"line":116,"column":74}}],"line":116},"11":{"loc":{"start":{"line":142,"column":2},"end":{"line":144,"column":3}},"type":"if","locations":[{"start":{"line":142,"column":2},"end":{"line":144,"column":3}},{"start":{},"end":{}}],"line":142},"12":{"loc":{"start":{"line":145,"column":2},"end":{"line":147,"column":3}},"type":"if","locations":[{"start":{"line":145,"column":2},"end":{"line":147,"column":3}},{"start":{},"end":{}}],"line":145},"13":{"loc":{"start":{"line":148,"column":2},"end":{"line":150,"column":3}},"type":"if","locations":[{"start":{"line":148,"column":2},"end":{"line":150,"column":3}},{"start":{},"end":{}}],"line":148},"14":{"loc":{"start":{"line":151,"column":2},"end":{"line":153,"column":3}},"type":"if","locations":[{"start":{"line":151,"column":2},"end":{"line":153,"column":3}},{"start":{},"end":{}}],"line":151},"15":{"loc":{"start":{"line":154,"column":2},"end":{"line":156,"column":3}},"type":"if","locations":[{"start":{"line":154,"column":2},"end":{"line":156,"column":3}},{"start":{},"end":{}}],"line":154},"16":{"loc":{"start":{"line":172,"column":12},"end":{"line":172,"column":25}},"type":"binary-expr","locations":[{"start":{"line":172,"column":12},"end":{"line":172,"column":19}},{"start":{"line":172,"column":23},"end":{"line":172,"column":25}}],"line":172},"17":{"loc":{"start":{"line":177,"column":4},"end":{"line":180,"column":5}},"type":"if","locations":[{"start":{"line":177,"column":4},"end":{"line":180,"column":5}},{"start":{},"end":{}}],"line":177},"18":{"loc":{"start":{"line":191,"column":27},"end":{"line":191,"column":78}},"type":"binary-expr","locations":[{"start":{"line":191,"column":27},"end":{"line":191,"column":44}},{"start":{"line":191,"column":48},"end":{"line":191,"column":78}}],"line":191},"19":{"loc":{"start":{"line":194,"column":4},"end":{"line":223,"column":5}},"type":"if","locations":[{"start":{"line":194,"column":4},"end":{"line":223,"column":5}},{"start":{},"end":{}}],"line":194},"20":{"loc":{"start":{"line":220,"column":6},"end":{"line":222,"column":7}},"type":"if","locations":[{"start":{"line":220,"column":6},"end":{"line":222,"column":7}},{"start":{},"end":{}}],"line":220},"21":{"loc":{"start":{"line":245,"column":2},"end":{"line":247,"column":3}},"type":"if","locations":[{"start":{"line":245,"column":2},"end":{"line":247,"column":3}},{"start":{},"end":{}}],"line":245},"22":{"loc":{"start":{"line":249,"column":2},"end":{"line":251,"column":3}},"type":"if","locations":[{"start":{"line":249,"column":2},"end":{"line":251,"column":3}},{"start":{},"end":{}}],"line":249},"23":{"loc":{"start":{"line":249,"column":6},"end":{"line":249,"column":71}},"type":"binary-expr","locations":[{"start":{"line":249,"column":6},"end":{"line":249,"column":37}},{"start":{"line":249,"column":41},"end":{"line":249,"column":71}}],"line":249},"24":{"loc":{"start":{"line":259,"column":2},"end":{"line":263,"column":3}},"type":"if","locations":[{"start":{"line":259,"column":2},"end":{"line":263,"column":3}},{"start":{},"end":{}}],"line":259},"25":{"loc":{"start":{"line":272,"column":4},"end":{"line":280,"column":5}},"type":"if","locations":[{"start":{"line":272,"column":4},"end":{"line":280,"column":5}},{"start":{},"end":{}}],"line":272},"26":{"loc":{"start":{"line":274,"column":6},"end":{"line":278,"column":7}},"type":"if","locations":[{"start":{"line":274,"column":6},"end":{"line":278,"column":7}},{"start":{},"end":{}}],"line":274},"27":{"loc":{"start":{"line":281,"column":4},"end":{"line":287,"column":5}},"type":"if","locations":[{"start":{"line":281,"column":4},"end":{"line":287,"column":5}},{"start":{"line":283,"column":11},"end":{"line":287,"column":5}}],"line":281},"28":{"loc":{"start":{"line":283,"column":11},"end":{"line":287,"column":5}},"type":"if","locations":[{"start":{"line":283,"column":11},"end":{"line":287,"column":5}},{"start":{"line":285,"column":11},"end":{"line":287,"column":5}}],"line":283}},"s":{"0":4,"1":28,"2":28,"3":28,"4":1,"5":27,"6":9,"7":27,"8":4,"9":27,"10":3,"11":3,"12":1,"13":28,"14":5,"15":23,"16":9,"17":14,"18":12,"19":2,"20":2,"21":0,"22":0,"23":0,"24":8,"25":8,"26":8,"27":2,"28":2,"29":8,"30":8,"31":8,"32":8,"33":8,"34":2,"35":2,"36":3,"37":2,"38":2,"39":2,"40":2,"41":8,"42":6,"43":6,"44":8,"45":8,"46":0,"47":8,"48":1,"49":7,"50":7,"51":7,"52":7,"53":7,"54":0,"55":7,"56":7,"57":7,"58":28,"59":8,"60":8,"61":1,"62":7,"63":20,"64":5,"65":15,"66":2,"67":13,"68":6,"69":6},"f":{"0":28,"1":28,"2":3,"3":3,"4":1,"5":28,"6":8,"7":8,"8":3,"9":2,"10":8,"11":7,"12":28},"b":{"0":[1,27],"1":[28,5],"2":[9,18],"3":[4,23],"4":[27,26],"5":[27,23],"6":[27,25],"7":[27,21],"8":[27,23],"9":[27,22],"10":[3,3],"11":[5,23],"12":[9,14],"13":[12,2],"14":[2,0],"15":[0,0],"16":[8,6],"17":[2,6],"18":[8,6],"19":[2,6],"20":[2,0],"21":[0,8],"22":[1,7],"23":[8,8],"24":[0,7],"25":[8,20],"26":[1,7],"27":[5,15],"28":[2,13]},"_coverageSchema":"1a1c01bbd47fc00a2c39e90264f33305004495a9","hash":"2efb992c742e5926aa4245f4a7ad2cb868fcb26b"}
,"/home/runner/work/term-project-2025-team-3/term-project-2025-team-3/sk-vaccine-app/myorm/vaccine-entity.ts": {"path":"/home/runner/work/term-project-2025-team-3/term-project-2025-team-3/sk-vaccine-app/myorm/vaccine-entity.ts","statementMap":{"0":{"start":{"line":54,"column":4},"end":{"line":54,"column":12}},"1":{"start":{"line":55,"column":4},"end":{"line":65,"column":5}},"2":{"start":{"line":56,"column":6},"end":{"line":64,"column":73}}},"fnMap":{"0":{"name":"(anonymous_0)","decl":{"start":{"line":53,"column":2},"end":{"line":53,"column":3}},"loc":{"start":{"line":53,"column":39},"end":{"line":67,"column":3}},"line":53}},"branchMap":{"0":{"loc":{"start":{"line":55,"column":4},"end":{"line":65,"column":5}},"type":"if","locations":[{"start":{"line":55,"column":4},"end":{"line":65,"column":5}},{"start":{},"end":{}}],"line":55},"1":{"loc":{"start":{"line":56,"column":25},"end":{"line":56,"column":47}},"type":"binary-expr","locations":[{"start":{"line":56,"column":25},"end":{"line":56,"column":41}},{"start":{"line":56,"column":45},"end":{"line":56,"column":47}}],"line":56},"2":{"loc":{"start":{"line":57,"column":23},"end":{"line":57,"column":42}},"type":"binary-expr","locations":[{"start":{"line":57,"column":23},"end":{"line":57,"column":37}},{"start":{"line":57,"column":41},"end":{"line":57,"column":42}}],"line":57},"3":{"loc":{"start":{"line":58,"column":29},"end":{"line":58,"column":54}},"type":"binary-expr","locations":[{"start":{"line":58,"column":29},"end":{"line":58,"column":49}},{"start":{"line":58,"column":53},"end":{"line":58,"column":54}}],"line":58},"4":{"loc":{"start":{"line":59,"column":28},"end":{"line":59,"column":52}},"type":"binary-expr","locations":[{"start":{"line":59,"column":28},"end":{"line":59,"column":47}},{"start":{"line":59,"column":51},"end":{"line":59,"column":52}}],"line":59},"5":{"loc":{"start":{"line":60,"column":32},"end":{"line":60,"column":61}},"type":"binary-expr","locations":[{"start":{"line":60,"column":32},"end":{"line":60,"column":55}},{"start":{"line":60,"column":59},"end":{"line":60,"column":61}}],"line":60},"6":{"loc":{"start":{"line":61,"column":31},"end":{"line":61,"column":59}},"type":"binary-expr","locations":[{"start":{"line":61,"column":31},"end":{"line":61,"column":53}},{"start":{"line":61,"column":57},"end":{"line":61,"column":59}}],"line":61},"7":{"loc":{"start":{"line":62,"column":22},"end":{"line":62,"column":41}},"type":"binary-expr","locations":[{"start":{"line":62,"column":22},"end":{"line":62,"column":35}},{"start":{"line":62,"column":39},"end":{"line":62,"column":41}}],"line":62},"8":{"loc":{"start":{"line":63,"column":39},"end":{"line":63,"column":75}},"type":"binary-expr","locations":[{"start":{"line":63,"column":39},"end":{"line":63,"column":69}},{"start":{"line":63,"column":73},"end":{"line":63,"column":75}}],"line":63},"9":{"loc":{"start":{"line":64,"column":38},"end":{"line":64,"column":73}},"type":"binary-expr","locations":[{"start":{"line":64,"column":38},"end":{"line":64,"column":67}},{"start":{"line":64,"column":71},"end":{"line":64,"column":73}}],"line":64}},"s":{"0":22,"1":22,"2":22},"f":{"0":22},"b":{"0":[22,0],"1":[22,0],"2":[22,0],"3":[22,22],"4":[22,22],"5":[22,22],"6":[22,22],"7":[22,0],"8":[22,0],"9":[22,0]},"_coverageSchema":"1a1c01bbd47fc00a2c39e90264f33305004495a9","hash":"b6e058a33e1b4705fe3320dfa2424c38298b5e13"}
,"/home/runner/work/term-project-2025-team-3/term-project-2025-team-3/sk-vaccine-app/myorm/__tests__/mock-db.ts": {"path":"/home/runner/work/term-project-2025-team-3/term-project-2025-team-3/sk-vaccine-app/myorm/__tests__/mock-db.ts","statementMap":{"0":{"start":{"line":18,"column":17},"end":{"line":18,"column":49}},"1":{"start":{"line":20,"column":17},"end":{"line":40,"column":1}},"2":{"start":{"line":21,"column":2},"end":{"line":39,"column":3}},"3":{"start":{"line":23,"column":4},"end":{"line":27,"column":15}},"4":{"start":{"line":25,"column":8},"end":{"line":25,"column":38}},"5":{"start":{"line":30,"column":4},"end":{"line":38,"column":24}},"6":{"start":{"line":36,"column":8},"end":{"line":36,"column":46}},"7":{"start":{"line":42,"column":17},"end":{"line":106,"column":1}},"8":{"start":{"line":43,"column":2},"end":{"line":105,"column":3}},"9":{"start":{"line":45,"column":4},"end":{"line":50,"column":11}},"10":{"start":{"line":47,"column":8},"end":{"line":47,"column":27}},"11":{"start":{"line":48,"column":8},"end":{"line":48,"column":38}},"12":{"start":{"line":53,"column":4},"end":{"line":104,"column":19}},"13":{"start":{"line":63,"column":8},"end":{"line":102,"column":10}},"14":{"start":{"line":73,"column":12},"end":{"line":100,"column":13}},"15":{"start":{"line":74,"column":14},"end":{"line":76,"column":16}},"16":{"start":{"line":79,"column":14},"end":{"line":99,"column":16}},"17":{"start":{"line":87,"column":18},"end":{"line":97,"column":19}},"18":{"start":{"line":88,"column":20},"end":{"line":90,"column":22}},"19":{"start":{"line":93,"column":20},"end":{"line":96,"column":23}},"20":{"start":{"line":108,"column":17},"end":{"line":108,"column":55}},"21":{"start":{"line":109,"column":18},"end":{"line":109,"column":57}},"22":{"start":{"line":111,"column":17},"end":{"line":111,"column":45}},"23":{"start":{"line":112,"column":16},"end":{"line":112,"column":43}},"24":{"start":{"line":113,"column":16},"end":{"line":113,"column":43}},"25":{"start":{"line":115,"column":22},"end":{"line":122,"column":1}}},"fnMap":{"0":{"name":"(anonymous_0)","decl":{"start":{"line":20,"column":17},"end":{"line":20,"column":18}},"loc":{"start":{"line":20,"column":58},"end":{"line":40,"column":1}},"line":20},"1":{"name":"(anonymous_1)","decl":{"start":{"line":24,"column":6},"end":{"line":24,"column":7}},"loc":{"start":{"line":24,"column":77},"end":{"line":26,"column":7}},"line":24},"2":{"name":"(anonymous_2)","decl":{"start":{"line":31,"column":6},"end":{"line":31,"column":7}},"loc":{"start":{"line":35,"column":11},"end":{"line":37,"column":7}},"line":35},"3":{"name":"(anonymous_3)","decl":{"start":{"line":42,"column":17},"end":{"line":42,"column":18}},"loc":{"start":{"line":42,"column":52},"end":{"line":106,"column":1}},"line":42},"4":{"name":"(anonymous_4)","decl":{"start":{"line":46,"column":6},"end":{"line":46,"column":7}},"loc":{"start":{"line":46,"column":77},"end":{"line":49,"column":7}},"line":46},"5":{"name":"(anonymous_5)","decl":{"start":{"line":54,"column":6},"end":{"line":54,"column":7}},"loc":{"start":{"line":61,"column":11},"end":{"line":103,"column":7}},"line":61},"6":{"name":"(anonymous_6)","decl":{"start":{"line":66,"column":10},"end":{"line":66,"column":11}},"loc":{"start":{"line":72,"column":15},"end":{"line":101,"column":11}},"line":72},"7":{"name":"(anonymous_7)","decl":{"start":{"line":81,"column":16},"end":{"line":81,"column":17}},"loc":{"start":{"line":86,"column":21},"end":{"line":98,"column":17}},"line":86}},"branchMap":{"0":{"loc":{"start":{"line":21,"column":2},"end":{"line":39,"column":3}},"type":"if","locations":[{"start":{"line":21,
[...]
start":{"line":411,"column":6},"end":{"line":413,"column":7}},"105":{"start":{"line":412,"column":8},"end":{"line":412,"column":73}},"106":{"start":{"line":414,"column":6},"end":{"line":416,"column":8}},"107":{"start":{"line":417,"column":6},"end":{"line":417,"column":21}},"108":{"start":{"line":419,"column":6},"end":{"line":419,"column":18}},"109":{"start":{"line":442,"column":4},"end":{"line":472,"column":5}},"110":{"start":{"line":444,"column":22},"end":{"line":444,"column":75}},"111":{"start":{"line":446,"column":6},"end":{"line":448,"column":7}},"112":{"start":{"line":447,"column":8},"end":{"line":447,"column":73}},"113":{"start":{"line":449,"column":6},"end":{"line":451,"column":8}},"114":{"start":{"line":454,"column":6},"end":{"line":456,"column":7}},"115":{"start":{"line":455,"column":8},"end":{"line":455,"column":53}},"116":{"start":{"line":457,"column":6},"end":{"line":459,"column":7}},"117":{"start":{"line":458,"column":8},"end":{"line":458,"column":51}},"118":{"start":{"line":460,"column":6},"end":{"line":462,"column":7}},"119":{"start":{"line":461,"column":8},"end":{"line":461,"column":50}},"120":{"start":{"line":463,"column":6},"end":{"line":465,"column":7}},"121":{"start":{"line":464,"column":8},"end":{"line":464,"column":48}},"122":{"start":{"line":468,"column":6},"end":{"line":468,"column":27}},"123":{"start":{"line":470,"column":6},"end":{"line":470,"column":26}},"124":{"start":{"line":471,"column":6},"end":{"line":471,"column":78}},"125":{"start":{"line":485,"column":23},"end":{"line":485,"column":49}},"126":{"start":{"line":487,"column":4},"end":{"line":512,"column":5}},"127":{"start":{"line":489,"column":28},"end":{"line":505,"column":8}},"128":{"start":{"line":490,"column":8},"end":{"line":504,"column":9}},"129":{"start":{"line":491,"column":27},"end":{"line":493,"column":11}},"130":{"start":{"line":495,"column":10},"end":{"line":497,"column":11}},"131":{"start":{"line":496,"column":12},"end":{"line":496,"column":70}},"132":{"start":{"line":499,"column":23},"end":{"line":499,"column":44}},"133":{"start":{"line":500,"column":10},"end":{"line":500,"column":22}},"134":{"start":{"line":502,"column":10},"end":{"line":502,"column":77}},"135":{"start":{"line":503,"column":10},"end":{"line":503,"column":22}},"136":{"start":{"line":507,"column":25},"end":{"line":507,"column":57}},"137":{"start":{"line":508,"column":6},"end":{"line":508,"column":24}},"138":{"start":{"line":510,"column":6},"end":{"line":510,"column":59}},"139":{"start":{"line":511,"column":6},"end":{"line":511,"column":16}}},"fnMap":{"0":{"name":"(anonymous_0)","decl":{"start":{"line":46,"column":2},"end":{"line":46,"column":3}},"loc":{"start":{"line":54,"column":35},"end":{"line":100,"column":3}},"line":54},"1":{"name":"(anonymous_1)","decl":{"start":{"line":75,"column":15},"end":{"line":75,"column":16}},"loc":{"start":{"line":75,"column":24},"end":{"line":77,"column":11}},"line":75},"2":{"name":"(anonymous_2)","decl":{"start":{"line":79,"column":29},"end":{"line":79,"column":30}},"loc":{"start":{"line":79,"column":35},"end":{"line":79,"column":47}},"line":79},"3":{"name":"(anonymous_3)","decl":{"start":{"line":111,"column":2},"end":{"line":111,"column":3}},"loc":{"start":{"line":111,"column":51},"end":{"line":116,"column":3}},"line":111},"4":{"name":"(anonymous_4)","decl":{"start":{"line":126,"column":2},"end":{"line":126,"column":3}},"loc":{"start":{"line":126,"column":55},"end":{"line":139,"column":3}},"line":126},"5":{"name":"(anonymous_5)","decl":{"start":{"line":127,"column":23},"end":{"line":127,"column":24}},"loc":{"start":{"line":127,"column":44},"end":{"line":138,"column":5}},"line":127},"6":{"name":"(anonymous_6)","decl":{"start":{"line":150,"column":2},"end":{"line":150,"column":3}},"loc":{"start":{"line":152,"column":29},"end":{"line":172,"column":3}},"line":152},"7":{"name":"(anonymous_7)","decl":{"start":{"line":153,"column":23},"end":{"line":153,"column":24}},"loc":{"start":{"line":153,"column":50},"end":{"line":171,"column":5}},"line":153},"8":{"name":"(anonymous_8)","decl":{"start":{"line":179,"column":2},"end":{"line":179,"column":3}},"loc":{"start":{"line":179,"column":54},"end":{"line":185,"column":3}},"line":179},"9":{"name":"(anonymous_9)","decl":{"start":{"line":196,"column":2},"end":{"line":196,"column":3}},"loc":{"start":{"line":196,"column":54},"end":{"line":214,"column":3}},"line":196},"10":{"name":"(anonymous_10)","decl":{"start":{"line":197,"column":23},"end":{"line":197,"column":24}},"loc":{"start":{"line":197,"column":50},"end":{"line":213,"column":5}},"line":197},"11":{"name":"(anonymous_11)","decl":{"start":{"line":223,"column":2},"end":{"line":223,"column":3}},"loc":{"start":{"line":223,"column":61},"end":{"line":245,"column":3}},"line":223},"12":{"name":"(anonymous_12)","decl":{"start":{"line":226,"column":23},"end":{"line":226,"column":24}},"loc":{"start":{"line":226,"column":44},"end":{"line":244,"column":5}},"line":226},"13":{"name":"(anonymous_13)","decl":{"start":{"line":254,"column":2},"end":{"line":254,"column":3}},"loc":{"start":{"line":254,"column":77},"end":{"line":276,"column":3}},"line":254},"14":{"name":"(anonymous_14)","decl":{"start":{"line":257,"column":49},"end":{"line":257,"column":50}},"loc":{"start":{"line":257,"column":68},"end":{"line":271,"column":7}},"line":257},"15":{"name":"(anonymous_15)","decl":{"start":{"line":289,"column":2},"end":{"line":289,"column":3}},"loc":{"start":{"line":292,"column":21},"end":{"line":320,"column":3}},"line":292},"16":{"name":"(anonymous_16)","decl":{"start":{"line":330,"column":2},"end":{"line":330,"column":3}},"loc":{"start":{"line":330,"column":57},"end":{"line":395,"column":3}},"line":330},"17":{"name":"(anonymous_17)","decl":{"start":{"line":334,"column":45},"end":{"line":334,"column":46}},"loc":{"start":{"line":334,"column":64},"end":{"line":388,"column":7}},"line":334},"18":{"name":"(anonymous_18)","decl":{"start":{"line":407,"column":2},"end":{"line":407,"column":3}},"loc":{"start":{"line":407,"column":72},"end":{"line":421,"column":3}},"line":407},"19":{"name":"(anonymous_19)","decl":{"start":{"line":435,"column":2},"end":{"line":435,"column":3}},"loc":{"start":{"line":441,"column":19},"end":{"line":473,"column":3}},"line":441},"20":{"name":"(anonymous_20)","decl":{"start":{"line":484,"column":2},"end":{"line":484,"column":3}},"loc":{"start":{"line":484,"column":49},"end":{"line":513,"column":3}},"line":484},"21":{"name":"(anonymous_21)","decl":{"start":{"line":489,"column":43},"end":{"line":489,"column":44}},"loc":{"start":{"line":489,"column":62},"end":{"line":505,"column":7}},"line":489}},"branchMap":{"0":{"loc":{"start":{"line":47,"column":4},"end":{"line":47,"column":46}},"type":"default-arg","locations":[{"start":{"line":47,"column":37},"end":{"line":47,"column":46}}],"line":47},"1":{"loc":{"start":{"line":56,"column":6},"end":{"line":56,"column":50}},"type":"cond-expr","locations":[{"start":{"line":56,"column":30},"end":{"line":56,"column":39}},{"start":{"line":56,"column":42},"end":{"line":56,"column":50}}],"line":56},"2":{"loc":{"start":{"line":58,"column":6},"end":{"line":58,"column":50}},"type":"cond-expr","locations":[{"start":{"line":58,"column":30},"end":{"line":58,"column":39}},{"start":{"line":58,"column":42},"end":{"line":58,"column":50}}],"line":58},"3":{"loc":{"start":{"line":63,"column":4},"end":{"line":81,"column":5}},"type":"if","locations":[{"start":{"line":63,"column":4},"end":{"line":81,"column":5}},{"start":{},"end":{}}],"line":63},"4":{"loc":{"start":{"line":66,"column":29},"end":{"line":66,"column":73}},"type":"cond-expr","locations":[{"start":{"line":66,"column":53},"end":{"line":66,"column":62}},{"start":{"line":66,"column":65},"end":{"line":66,"column":73}}],"line":66},"5":{"loc":{"start":{"line":70,"column":6},"end":{"line":80,"column":7}},"type":"if","locations":[{"start":{"line":70,"column":6},"end":{"line":80,"column":7}},{"start":{"line":73,"column":13},"end":{"line":80,"column":7}}],"line":70},"6":{"loc":{"start":{"line":83,"column":4},"end":{"line":85,"column":5}},"type":"if","locations":[{"start":{"line":83,"column":4},"end":{"line":85,"column":5}},{"start":{},"end":{}}],"line":83},"7":{"loc":{"start":{"line":84,"column":44},"end":{"line":84,"column":76}},"type":"cond-expr","locations":[{"start":{"line":84,"column":62},"end":{"line":84,"column":67}},{"start":{"line":84,"column":70},"end":{"line":84,"column":76}}],"line":84},"8":{"loc":{"start":{"line":155,"column":8},"end":{"line":167,"column":9}},"type":"if","locations":[{"start":{"line":155,"column":8},"end":{"line":167,"column":9}},{"start":{"line":161,"column":15},"end":{"line":167,"column":9}}],"line":155},"9":{"loc":{"start":{"line":201,"column":8},"end":{"line":205,"column":9}},"type":"if","locations":[{"start":{"line":201,"column":8},"end":{"line":205,"column":9}},{"start":{"line":203,"column":15},"end":{"line":205,"column":9}}],"line":201},"10":{"loc":{"start":{"line":293,"column":11},"end":{"line":293,"column":48}},"type":"binary-expr","locations":[{"start":{"line":293,"column":11},"end":{"line":293,"column":28}},{"start":{"line":293,"column":32},"end":{"line":293,"column":48}}],"line":293},"11":{"loc":{"start":{"line":301,"column":6},"end":{"line":303,"column":7}},"type":"if","locations":[{"start":{"line":301,"column":6},"end":{"line":303,"column":7}},{"start":{},"end":{}}],"line":301},"12":{"loc":{"start":{"line":367,"column":16},"end":{"line":369,"column":42}},"type":"cond-expr","locations":[{"start":{"line":368,"column":20},"end":{"line":368,"column":29}},{"start":{"line":369,"column":20},"end":{"line":369,"column":42}}],"line":367},"13":{"loc":{"start":{"line":374,"column":16},"end":{"line":376,"column":41}},"type":"cond-expr","locations":[{"start":{"line":375,"column":20},"end":{"line":375,"column":29}},{"start":{"line":376,"column":20},"end":{"line":376,"column":41}}],"line":374},"14":{"loc":{"start":{"line":411,"column":6},"end":{"line":413,"column":7}},"type":"if","locations":[{"start":{"line":411,"column":6},"end":{"line":413,"column":7}},{"start":{},"end":{}}],"line":411},"15":{"loc":{"start":{"line":446,"column":6},"end":{"line":448,"column":7}},"type":"if","locations":[{"start":{"line":446,"column":6},"end":{"line":448,"column":7}},{"start":{},"end":{}}],"line":446},"16":{"loc":{"start":{"line":454,"column":6},"end":{"line":456,"column":7}},"type":"if","locations":[{"start":{"line":454,"column":6},"end":{"line":456,"column":7}},{"start":{},"end":{}}],"line":454},"17":{"loc":{"start":{"line":457,"column":6},"end":{"line":459,"column":7}},"type":"if","locations":[{"start":{"line":457,"column":6},"end":{"line":459,"column":7}},{"start":{},"end":{}}],"line":457},"18":{"loc":{"start":{"line":460,"column":6},"end":{"line":462,"column":7}},"type":"if","locations":[{"start":{"line":460,"column":6},"end":{"line":462,"column":7}},{"start":{},"end":{}}],"line":460},"19":{"loc":{"start":{"line":463,"column":6},"end":{"line":465,"column":7}},"type":"if","locations":[{"start":{"line":463,"column":6},"end":{"line":465,"column":7}},{"start":{},"end":{}}],"line":463},"20":{"loc":{"start":{"line":495,"column":10},"end":{"line":497,"column":11}},"type":"if","locations":[{"start":{"line":495,"column":10},"end":{"line":497,"column":11}},{"start":{},"end":{}}],"line":495}},"s":{"0":21,"1":21,"2":21,"3":14,"4":14,"5":14,"6":5,"7":5,"8":9,"9":27,"10":9,"11":27,"12":21,"13":5,"14":21,"15":21,"16":21,"17":21,"18":21,"19":21,"20":21,"21":0,"22":0,"23":0,"24":0,"25":1,"26":1,"27":1,"28":1,"29":1,"30":0,"31":0,"32":1,"33":1,"34":1,"35":1,"36":0,"37":0,"38":1,"39":1,"40":0,"41":2,"42":2,"43":2,"44":2,"45":2,"46":1,"47":1,"48":0,"49":0,"50":1,"51":1,"52":1,"53":1,"54":1,"55":1,"56":1,"57":0,"58":0,"59":1,"60":1,"61":1,"62":1,"63":1,"64":1,"65":1,"66":0,"67":1,"68":0,"69":2,"70":2,"71":2,"72":2,"73":2,"74":0,"75":0,"76":0,"77":0,"78":0,"79":0,"80":2,"81":2,"82":1,"83":1,"84":1,"85":1,"86":1,"87":1,"88":1,"89":1,"90":1,"91":1,"92":1,"93":1,"94":1,"95":1,"96":0,"97":0,"98":1,"99":1,"100":0,"101":0,"102":0,"103":0,"104":0,"105":0,"106":0,"107":0,"108":0,"109":1,"110":1,"111":1,"112":1,"113":0,"114":0,"115":0,"116":0,"117":0,"118":0,"119":0,"120":0,"121":0,"122":0,"123":1,"124":1,"125":0,"126":0,"127":0,"128":0,"129":0,"130":0,"131":0,"132":0,"133":0,"134":0,"135":0,"136":0,"137":0,"138":0,"139":0},"f":{"0":21,"1":27,"2":27,"3":0,"4":1,"5":1,"6":1,"7":1,"8":1,"9":2,"10":2,"11":1,"12":1,"13":1,"14":1,"15":2,"16":1,"17":1,"18":0,"19":1,"20":0,"21":0},"b":{"0":[0],"1":[19,2],"2":[19,2],"3":[14,7],"4":[12,2],"5":[5,9],"6":[5,16],"7":[2,3],"8":[1,0],"9":[1,1],"10":[2,2],"11":[0,0],"12":[0,1],"13":[0,1],"14":[0,0],"15":[1,0],"16":[0,0],"17":[0,0],"18":[0,0],"19":[0,0],"20":[0,0]},"_coverageSchema":"1a1c01bbd47fc00a2c39e90264f33305004495a9","hash":"88b5b0725591dac7e82bff5707fdbea155bade80"}
,"/home/runner/work/term-project-2025-team-3/term-project-2025-team-3/sk-vaccine-app/utils/ErrorTypes.ts": {"path":"/home/runner/work/term-project-2025-team-3/term-project-2025-team-3/sk-vaccine-app/utils/ErrorTypes.ts","statementMap":{"0":{"start":{"line":5,"column":4},"end":{"line":5,"column":19}},"1":{"start":{"line":6,"column":4},"end":{"line":6,"column":21}},"2":{"start":{"line":7,"column":4},"end":{"line":7,"column":50}},"3":{"start":{"line":13,"column":4},"end":{"line":13,"column":41}},"4":{"start":{"line":19,"column":4},"end":{"line":19,"column":43}},"5":{"start":{"line":26,"column":4},"end":{"line":26,"column":40}},"6":{"start":{"line":32,"column":4},"end":{"line":32,"column":42}},"7":{"start":{"line":40,"column":4},"end":{"line":40,"column":19}},"8":{"start":{"line":41,"column":4},"end":{"line":41,"column":35}},"9":{"start":{"line":42,"column":4},"end":{"line":42,"column":33}},"10":{"start":{"line":50,"column":4},"end":{"line":50,"column":19}},"11":{"start":{"line":51,"column":4},"end":{"line":51,"column":33}},"12":{"start":{"line":52,"column":4},"end":{"line":52,"column":33}},"13":{"start":{"line":58,"column":4},"end":{"line":58,"column":19}},"14":{"start":{"line":59,"column":4},"end":{"line":59,"column":37}},"15":{"start":{"line":65,"column":4},"end":{"line":65,"column":19}},"16":{"start":{"line":66,"column":4},"end":{"line":66,"column":42}},"17":{"start":{"line":72,"column":6},"end":{"line":72,"column":21}},"18":{"start":{"line":73,"column":6},"end":{"line":73,"column":39}},"19":{"start":{"line":79,"column":4},"end":{"line":79,"column":19}},"20":{"start":{"line":80,"column":4},"end":{"line":80,"column":34}},"21":{"start":{"line":87,"column":6},"end":{"line":87,"column":21}},"22":{"start":{"line":88,"column":6},"end":{"line":88,"column":31}},"23":{"start":{"line":89,"column":6},"end":{"line":89,"column":21}}},"fnMap":{"0":{"name":"(anonymous_0)","decl":{"start":{"line":4,"column":2},"end":{"line":4,"column":3}},"loc":{"start":{"line":4,"column":45},"end":{"line":8,"column":3}},"line":4},"1":{"name":"(anonymous_1)","decl":{"start":{"line":12,"column":2},"end":{"line":12,"column":3}},"loc":{"start":{"line":12,"column":31},"end":{"line":14,"column":3}},"line":12},"2":{"name":"(anonymous_2)","decl":{"start":{"line":18,"column":2},"end":{"line":18,"column":3}},"loc":{"start":{"line":18,"column":31},"end":{"line":20,"column":3}},"line":18},"3":{"name":"(anonymous_3)","decl":{"start":{"line":25,"column":2},"end":{"line":25,"column":3}},"loc":{"start":{"line":25,"column":31},"end":{"line":27,"column":3}},"line":25},"4":{"name":"(anonymous_4)","decl":{"start":{"line":31,"column":2},"end":{"line":31,"column":3}},"loc":{"start":{"line":31,"column":31},"end":{"line":33,"column":3}},"line":31},"5":{"name":"(anonymous_5)","decl":{"start":{"line":39,"column":2},"end":{"line":39,"column":3}},"loc":{"start":{"line":39,"column":72},"end":{"line":43,"column":3}},"line":39},"6":{"name":"(anonymous_6)","decl":{"start":{"line":49,"column":2},"end":{"line":49,"column":3}},"loc":{"start":{"line":49,"column":69},"end":{"line":53,"column":3}},"line":49},"7":{"name":"(anonymous_7)","decl":{"start":{"line":57,"column":2},"end":{"line":57,"column":3}},"loc":{"start":{"line":57,"column":49},"end":{"line":60,"column":3}},"line":57},"8":{"name":"(anonymous_8)","decl":{"start":{"line":64,"column":2},"end":{"line":64,"column":3}},"loc":{"start":{"line":64,"column":68},"end":{"line":67,"column":3}},"line":64},"9":{"name":"(anonymous_9)","decl":{"start":{"line":71,"column":4},"end":{"line":71,"column":5}},"loc":{"start":{"line":71,"column":60},"end":{"line":74,"column":5}},"line":71},"10":{"name":"(anonymous_10)","decl":{"start":{"line":78,"column":2},"end":{"line":78,"column":3}},"loc":{"start":{"line":78,"column":75},"end":{"line":81,"column":3}},"line":78},"11":{"name":"(anonymous_11)","decl":{"start":{"line":86,"column":4},"end":{"line":86,"column":5}},"loc":{"start":{"line":86,"column":72},"end":{"line":90,"column":5}},"line":86}},"branchMap":{"0":{"loc":{"start":{"line":39,"column":34},"end":{"line":39,"column":70}},"type":"default-arg","locations":[{"start":{"line":39,"column":44},"end":{"line":39,"column":70}}],"line":39},"1":{"loc":{"start":{"line":49,"column":34},"end":{"line":49,"column":67}},"type":"default-arg","locations":[{"start":{"line":49,"column":44},"end":{"line":49,"column":67}}],"line":49},"2":{"loc":{"start":{"line":57,"column":14},"end":{"line":57,"column":47}},"type":"default-arg","locations":[{"start":{"line":57,"column":24},"end":{"line":57,"column":47}}],"line":57},"3":{"loc":{"start":{"line":64,"column":14},"end":{"line":64,"column":66}},"type":"default-arg","locations":[{"start":{"line":64,"column":24},"end":{"line":64,"column":66}}],"line":64},"4":{"loc":{"start":{"line":71,"column":16},"end":{"line":71,"column":58}},"type":"default-arg","locations":[{"start":{"line":71,"column":26},"end":{"line":71,"column":58}}],"line":71},"5":{"loc":{"start":{"line":78,"column":14},"end":{"line":78,"column":73}},"type":"default-arg","locations":[{"start":{"line":78,"column":24},"end":{"line":78,"column":73}}],"line":78},"6":{"loc":{"start":{"line":86,"column":29},"end":{"line":86,"column":70}},"type":"default-arg","locations":[{"start":{"line":86,"column":39},"end":{"line":86,"column":70}}],"line":86}},"s":{"0":23,"1":23,"2":23,"3":13,"4":3,"5":4,"6":3,"7":2,"8":2,"9":2,"10":1,"11":1,"12":1,"13":0,"14":0,"15":0,"16":0,"17":0,"18":0,"19":0,"20":0,"21":0,"22":0,"23":0},"f":{"0":23,"1":13,"2":3,"3":4,"4":3,"5":2,"6":1,"7":0,"8":0,"9":0,"10":0,"11":0},"b":{"0":[2],"1":[0],"2":[0],"3":[0],"4":[0],"5":[0],"6":[0]},"_coverageSchema":"1a1c01bbd47fc00a2c39e90264f33305004495a9","hash":"fd12fd20689e10ef57fb5c0fa3871d78209b3e4f"}
,"/home/runner/work/term-project-2025-team-3/term-project-2025-team-3/sk-vaccine-app/utils/config.ts": {"path":"/home/runner/work/term-project-2025-team-3/term-project-2025-team-3/sk-vaccine-app/utils/config.ts","statementMap":{"0":{"start":{"line":1,"column":15},"end":{"line":3,"column":1}}},"fnMap":{},"branchMap":{"0":{"loc":{"start":{"line":2,"column":12},"end":{"line":2,"column":44}},"type":"binary-expr","locations":[{"start":{"line":2,"column":12},"end":{"line":2,"column":33}},{"start":{"line":2,"column":37},"end":{"line":2,"column":44}}],"line":2}},"s":{"0":8},"f":{},"b":{"0":[8,8]},"_coverageSchema":"1a1c01bbd47fc00a2c39e90264f33305004495a9","hash":"1aed8c9cb1797b998c3a47b9c3e64a7f0ceaf81a"}
,"/home/runner/work/term-project-2025-team-3/term-project-2025-team-3/sk-vaccine-app/utils/logger.ts": {"path":"/home/runner/work/term-project-2025-team-3/term-project-2025-team-3/sk-vaccine-app/utils/logger.ts","statementMap":{"0":{"start":{"line":5,"column":18},"end":{"line":11,"column":1}},"1":{"start":{"line":14,"column":15},"end":{"line":33,"column":2}},"2":{"start":{"line":28,"column":31},"end":{"line":28,"column":67}}},"fnMap":{"0":{"name":"(anonymous_0)","decl":{"start":{"line":28,"column":15},"end":{"line":28,"column":16}},"loc":{"start":{"line":28,"column":31},"end":{"line":28,"column":67}},"line":28}},"branchMap":{},"s":{"0":8,"1":8,"2":3},"f":{"0":3},"b":{},"_coverageSchema":"1a1c01bbd47fc00a2c39e90264f33305004495a9","hash":"e20131ae27ad460e1e8a7e15be632223643744fc"}
}
