TN:
SF:app/vaccine-info.tsx
FN:29,Page
FN:53,(anonymous_1)
FN:62,(anonymous_2)
FN:80,(anonymous_3)
FNF:4
FNH:1
FNDA:7,Page
FNDA:0,(anonymous_1)
FNDA:0,(anonymous_2)
FNDA:0,(anonymous_3)
DA:18,1
DA:30,7
DA:32,6
DA:35,6
DA:39,6
DA:53,0
DA:64,0
DA:65,0
DA:66,0
DA:80,0
DA:88,1
LF:11
LH:6
BRDA:48,0,0,6
BRDA:48,0,1,0
BRDA:58,1,0,6
BRDA:58,1,1,6
BRDA:58,1,2,6
BRDA:64,2,0,0
BRDA:64,2,1,0
BRF:7
BRH:4
end_of_record
TN:
SF:components/card-link.tsx
FN:35,CardLink
FNF:1
FNH:0
FNDA:0,CardLink
DA:6,1
DA:36,0
DA:61,1
LF:3
LH:2
BRDA:53,0,0,0
BRDA:53,0,1,0
BRF:2
BRH:0
end_of_record
TN:
SF:components/map.tsx
FN:41,MapEmbed
FN:85,(anonymous_1)
FN:86,(anonymous_2)
FN:87,(anonymous_3)
FN:92,(anonymous_4)
FNF:5
FNH:1
FNDA:5,MapEmbed
FNDA:0,(anonymous_1)
FNDA:0,(anonymous_2)
FNDA:0,(anonymous_3)
FNDA:0,(anonymous_4)
DA:42,5
DA:44,4
DA:46,4
DA:47,1
DA:48,1
DA:49,3
DA:50,1
DA:52,2
DA:53,2
DA:56,2
DA:57,2
DA:59,2
DA:78,2
DA:79,2
DA:85,0
DA:86,0
DA:88,0
DA:89,0
DA:90,0
DA:93,0
DA:94,0
LF:21
LH:14
BRDA:42,0,0,4
BRDA:46,1,0,1
BRDA:46,1,1,3
BRDA:46,2,0,4
BRDA:46,2,1,3
BRDA:47,3,0,1
BRDA:47,3,1,0
BRDA:47,4,0,1
BRDA:47,4,1,0
BRDA:49,5,0,1
BRDA:49,5,1,2
BRDA:49,6,0,3
BRDA:49,6,1,1
BRDA:56,7,0,2
BRDA:56,7,1,1
BRDA:56,7,2,1
BRDA:56,7,3,1
BRF:17
BRH:15
end_of_record
TN:
SF:components/search-bar.tsx
FN:43,SearchBar
FN:48,(anonymous_1)
FN:57,(anonymous_2)
FNF:3
FNH:1
FNDA:14,SearchBar
FNDA:0,(anonymous_1)
FNDA:0,(anonymous_2)
DA:5,2
DA:12,2
DA:44,14
DA:46,14
DA:48,14
DA:49,0
DA:50,0
DA:52,0
DA:53,0
DA:57,14
DA:58,0
DA:59,0
DA:63,14
DA:84,2
LF:14
LH:8
BRDA:46,0,0,8
BRDA:46,0,1,6
BRDA:49,1,0,0
BRDA:49,1,1,0
BRDA:50,2,0,0
BRDA:50,2,1,0
BRDA:52,3,0,0
BRDA:52,3,1,0
BRDA:53,4,0,0
BRDA:53,4,1,0
BRDA:58,5,0,0
BRDA:58,5,1,0
BRDA:66,6,0,14
BRDA:66,6,1,12
BRDA:78,7,0,8
BRDA:78,7,1,6
BRF:16
BRH:6
end_of_record
TN:
SF:controllers/vaccineDataController.ts
FN:21,(anonymous_0)
FN:37,(anonymous_1)
FN:44,(anonymous_2)
FN:58,(anonymous_3)
FN:64,(anonymous_4)
FN:67,(anonymous_5)
FN:99,(anonymous_6)
FN:101,(anonymous_7)
FN:104,(anonymous_8)
FN:113,(anonymous_9)
FN:133,(anonymous_10)
FN:160,(anonymous_11)
FN:182,(anonymous_12)
FN:191,(anonymous_13)
FN:202,(anonymous_14)
FNF:15
FNH:5
FNDA:19,(anonymous_0)
FNDA:7,(anonymous_1)
FNDA:7,(anonymous_2)
FNDA:0,(anonymous_3)
FNDA:0,(anonymous_4)
FNDA:0,(anonymous_5)
FNDA:0,(anonymous_6)
FNDA:0,(anonymous_7)
FNDA:0,(anonymous_8)
FNDA:7,(anonymous_9)
FNDA:0,(anonymous_10)
FNDA:10,(anonymous_11)
FNDA:0,(anonymous_12)
FNDA:0,(anonymous_13)
FNDA:0,(anonymous_14)
DA:22,19
DA:42,7
DA:43,7
DA:45,7
DA:46,7
DA:47,0
DA:48,0
DA:49,0
DA:53,7
DA:54,7
DA:56,0
DA:59,0
DA:60,0
DA:62,0
DA:66,0
DA:68,0
DA:69,0
DA:70,0
DA:75,0
DA:76,0
DA:81,0
DA:82,0
DA:91,0
DA:94,0
DA:100,0
DA:101,0
DA:103,0
DA:104,0
DA:107,0
DA:114,7
DA:115,7
DA:118,0
DA:119,0
DA:134,0
DA:136,0
DA:137,0
DA:140,0
DA:144,0
DA:162,10
DA:164,10
DA:165,10
DA:166,1
DA:168,9
DA:187,0
DA:188,0
DA:189,0
DA:192,0
DA:200,0
DA:203,0
DA:212,0
DA:215,0
LF:51
LH:14
BRDA:46,0,0,0
BRDA:46,0,1,7
BRDA:59,1,0,0
BRDA:59,1,1,0
BRDA:69,2,0,0
BRDA:69,2,1,0
BRDA:75,3,0,0
BRDA:75,3,1,0
BRDA:81,4,0,0
BRDA:81,4,1,0
BRDA:81,5,0,0
BRDA:81,5,1,0
BRDA:165,6,0,1
BRDA:165,6,1,9
BRDA:188,7,0,0
BRDA:188,7,1,0
BRF:16
BRH:3
end_of_record
TN:
SF:hooks/clinicData.ts
FN:31,(anonymous_0)
FN:61,useClinicData
FN:77,(anonymous_2)
FN:78,(anonymous_3)
FNF:4
FNH:3
FNDA:0,(anonymous_0)
FNDA:18,useClinicData
FNDA:9,(anonymous_2)
FNDA:9,(anonymous_3)
DA:6,1
DA:32,0
DA:33,0
DA:34,0
DA:35,0
DA:64,18
DA:66,18
DA:67,18
DA:68,18
DA:69,18
DA:72,18
DA:75,18
DA:77,18
DA:78,9
DA:79,9
DA:80,9
DA:84,9
DA:85,0
DA:86,0
DA:87,0
DA:90,9
DA:91,9
DA:92,1
DA:93,8
DA:94,1
DA:96,7
DA:103,8
DA:104,4
DA:105,4
DA:106,3
DA:107,1
DA:108,1
DA:110,2
DA:115,2
DA:120,2
DA:126,2
DA:133,1
DA:134,0
DA:135,0
DA:137,1
DA:138,0
DA:139,0
DA:145,1
DA:147,1
DA:153,1
DA:154,1
DA:162,8
DA:167,1
DA:169,9
DA:170,8
DA:174,9
DA:177,18
DA:184,18
LF:53
LH:42
BRDA:32,0,0,0
BRDA:32,0,1,0
BRDA:33,1,0,0
BRDA:33,1,1,0
BRDA:34,2,0,0
BRDA:34,2,1,0
BRDA:35,3,0,0
BRDA:35,3,1,0
BRDA:72,4,0,18
BRDA:72,4,1,2
BRDA:84,5,0,0
BRDA:84,5,1,9
BRDA:84,6,0,9
BRDA:84,6,1,5
BRDA:84,6,2,5
BRDA:90,7,0,9
BRDA:90,7,1,0
BRDA:91,8,0,1
BRDA:91,8,1,8
BRDA:91,9,0,9
BRDA:91,9,1,2
BRDA:93,10,0,1
BRDA:93,10,1,7
BRDA:103,11,0,4
BRDA:103,11,1,4
BRDA:103,12,0,8
BRDA:103,12,1,4
BRDA:106,13,0,1
BRDA:106,13,1,2
BRDA:126,14,0,1
BRDA:126,14,1,1
BRDA:127,15,0,2
BRDA:127,15,1,2
BRDA:133,16,0,0
BRDA:133,16,1,1
BRDA:133,17,0,1
BRDA:133,17,1,0
BRDA:137,18,0,0
BRDA:137,18,1,1
BRDA:169,19,0,9
BRDA:169,19,1,9
BRF:41
BRH:28
end_of_record
TN:
SF:hooks/locationData.ts
FN:32,useLocation
FN:38,(anonymous_1)
FN:39,(anonymous_2)
FNF:3
FNH:3
FNDA:15,useLocation
FNDA:5,(anonymous_1)
FNDA:5,(anonymous_2)
DA:33,15
DA:34,15
DA:35,15
DA:36,15
DA:38,15
DA:39,5
DA:41,5
DA:42,5
DA:44,5
DA:47,5
DA:49,4
DA:50,4
DA:51,4
DA:52,2
DA:55,2
DA:56,2
DA:58,0
DA:59,0
DA:62,0
DA:67,1
DA:70,5
DA:71,5
DA:74,5
DA:78,15
DA:84,15
LF:25
LH:22
BRDA:47,0,0,4
BRDA:47,0,1,1
BRDA:47,1,0,5
BRDA:47,1,1,3
BRDA:55,2,0,2
BRDA:55,2,1,0
BRDA:58,3,0,0
BRDA:58,3,1,0
BRF:8
BRH:5
end_of_record
TN:
SF:hooks/vaccineData.ts
FN:38,useVaccineSheets
FN:49,(anonymous_1)
FN:62,(anonymous_2)
FN:96,useUpdateVaccineSheets
FN:109,(anonymous_4)
FN:112,(anonymous_5)
FN:134,(anonymous_6)
FN:142,useVaccinePDF
FNF:8
FNH:7
FNDA:14,useVaccineSheets
FNDA:5,(anonymous_1)
FNDA:4,(anonymous_2)
FNDA:4,useUpdateVaccineSheets
FNDA:4,(anonymous_4)
FNDA:4,(anonymous_5)
FNDA:4,(anonymous_6)
FNDA:0,useVaccinePDF
DA:43,14
DA:45,14
DA:46,14
DA:47,14
DA:49,14
DA:50,5
DA:51,5
DA:55,0
DA:56,0
DA:58,5
DA:62,14
DA:63,4
DA:67,14
DA:68,14
DA:69,14
DA:71,14
DA:78,14
DA:97,4
DA:98,4
DA:109,4
DA:110,4
DA:112,4
DA:113,4
DA:114,0
DA:116,0
DA:117,0
DA:118,0
DA:119,0
DA:122,0
DA:123,0
DA:124,0
DA:126,0
DA:127,0
DA:128,0
DA:132,4
DA:134,4
DA:135,4
DA:139,4
LF:38
LH:25
BRDA:74,0,0,14
BRDA:74,0,1,14
BRDA:116,1,0,0
BRDA:116,1,1,0
BRDA:124,2,0,0
BRDA:124,2,1,0
BRDA:127,3,0,0
BRDA:127,3,1,0
BRF:8
BRH:2
end_of_record
TN:
SF:myorm/base-entity.ts
FN:40,(anonymous_0)
FN:69,(anonymous_1)
FN:84,(anonymous_2)
FN:113,(anonymous_3)
FN:120,(anonymous_4)
FN:123,(anonymous_5)
FN:167,(anonymous_6)
FN:211,(anonymous_7)
FN:238,(anonymous_8)
FN:260,(anonymous_9)
FN:288,(anonymous_10)
FN:305,(anonymous_11)
FN:345,(anonymous_12)
FN:361,(anonymous_13)
FN:363,(anonymous_14)
FN:366,(anonymous_15)
FN:396,(anonymous_16)
FN:398,(anonymous_17)
FN:414,(anonymous_18)
FNF:19
FNH:19
FNDA:5,(anonymous_0)
FNDA:1,(anonymous_1)
FNDA:1,(anonymous_2)
FNDA:13,(anonymous_3)
FNDA:19,(anonymous_4)
FNDA:38,(anonymous_5)
FNDA:4,(anonymous_6)
FNDA:4,(anonymous_7)
FNDA:3,(anonymous_8)
FNDA:2,(anonymous_9)
FNDA:3,(anonymous_10)
FNDA:30,(anonymous_11)
FNDA:5,(anonymous_12)
FNDA:10,(anonymous_13)
FNDA:5,(anonymous_14)
FNDA:5,(anonymous_15)
FNDA:4,(anonymous_16)
FNDA:4,(anonymous_17)
FNDA:1,(anonymous_18)
DA:44,5
DA:46,5
DA:48,5
DA:50,5
DA:54,5
DA:73,1
DA:75,1
DA:76,0
DA:79,1
DA:80,1
DA:82,1
DA:83,1
DA:84,1
DA:87,1
DA:89,1
DA:91,1
DA:92,1
DA:93,0
DA:95,1
DA:96,1
DA:117,13
DA:118,13
DA:120,13
DA:122,19
DA:123,19
DA:125,38
DA:126,1
DA:132,37
DA:133,4
DA:135,33
DA:138,18
DA:141,12
DA:172,4
DA:173,4
DA:174,4
DA:176,3
DA:177,3
DA:179,3
DA:182,3
DA:216,4
DA:217,4
DA:218,4
DA:220,3
DA:221,3
DA:223,3
DA:226,3
DA:241,3
DA:243,3
DA:244,2
DA:245,2
DA:248,2
DA:264,2
DA:266,1
DA:267,1
DA:269,1
DA:270,0
DA:275,1
DA:276,1
DA:291,3
DA:294,3
DA:296,2
DA:308,30
DA:310,30
DA:313,30
DA:314,6
DA:317,30
DA:318,3
DA:320,30
DA:321,3
DA:324,30
DA:325,8
DA:332,22
DA:347,5
DA:349,5
DA:351,5
DA:352,5
DA:354,5
DA:355,5
DA:356,5
DA:358,5
DA:361,10
DA:363,5
DA:366,5
DA:367,5
DA:370,5
DA:371,1
DA:376,4
DA:377,1
DA:380,3
DA:383,4
DA:384,4
DA:389,4
DA:391,3
DA:392,1
DA:393,1
DA:396,4
DA:398,4
DA:400,3
DA:406,3
DA:409,3
DA:410,3
DA:414,1
DA:416,1
DA:420,1
DA:422,1
LF:105
LH:102
BRDA:75,0,0,0
BRDA:75,0,1,1
BRDA:75,1,0,1
BRDA:75,1,1,1
BRDA:87,2,0,0
BRDA:87,2,1,1
BRDA:87,3,0,1
BRDA:87,3,1,0
BRDA:125,4,0,1
BRDA:125,4,1,37
BRDA:132,5,0,4
BRDA:132,5,1,33
BRDA:269,6,0,0
BRDA:269,6,1,1
BRDA:313,7,0,6
BRDA:313,7,1,24
BRDA:317,8,0,3
BRDA:317,8,1,27
BRDA:320,9,0,3
BRDA:320,9,1,27
BRDA:324,10,0,8
BRDA:324,10,1,22
BRDA:370,11,0,1
BRDA:370,11,1,4
BRDA:370,12,0,5
BRDA:370,12,1,5
BRDA:370,12,2,1
BRDA:376,13,0,1
BRDA:376,13,1,3
BRDA:389,14,0,3
BRDA:389,14,1,1
BRDA:391,15,0,1
BRDA:391,15,1,2
BRDA:391,16,0,3
BRDA:391,16,1,1
BRF:35
BRH:31
end_of_record
TN:
SF:myorm/clinic-entity.ts
FN:38,(anonymous_0)
FNF:1
FNH:0
FNDA:0,(anonymous_0)
DA:39,0
DA:40,0
DA:41,0
DA:42,0
DA:43,0
DA:44,0
DA:45,0
DA:46,0
DA:47,0
DA:48,0
DA:51,0
DA:52,0
DA:53,0
DA:54,0
DA:55,0
DA:56,0
LF:16
LH:0
BRDA:40,0,0,0
BRDA:40,0,1,0
BRDA:41,1,0,0
BRDA:41,1,1,0
BRDA:42,2,0,0
BRDA:42,2,1,0
BRDA:43,3,0,0
BRDA:43,3,1,0
BRDA:44,4,0,0
BRDA:44,4,1,0
BRDA:45,5,0,0
BRDA:45,5,1,0
BRDA:46,6,0,0
BRDA:46,6,1,0
BRF:14
BRH:0
end_of_record
TN:
SF:myorm/decorators.ts
FN:68,Column
FN:77,(anonymous_1)
FN:128,PrimaryGeneratedColumn
FN:129,(anonymous_3)
FN:140,List
FN:154,mapTsTypeToSql
FN:189,Entity
FN:191,(anonymous_7)
FN:237,(anonymous_8)
FN:248,(anonymous_9)
FN:288,createTable
FN:304,(anonymous_11)
FN:314,(anonymous_12)
FNF:13
FNH:11
FNDA:28,Column
FNDA:28,(anonymous_1)
FNDA:3,PrimaryGeneratedColumn
FNDA:3,(anonymous_3)
FNDA:1,List
FNDA:28,mapTsTypeToSql
FNDA:8,Entity
FNDA:8,(anonymous_7)
FNDA:0,(anonymous_8)
FNDA:0,(anonymous_9)
FNDA:6,createTable
FNDA:5,(anonymous_11)
FNDA:26,(anonymous_12)
DA:8,4
DA:77,28
DA:78,28
DA:80,28
DA:81,1
DA:86,27
DA:87,9
DA:97,27
DA:98,4
DA:105,27
DA:129,3
DA:130,3
DA:141,1
DA:155,28
DA:156,5
DA:158,23
DA:159,9
DA:161,14
DA:162,12
DA:164,2
DA:165,2
DA:167,0
DA:168,0
DA:170,0
DA:190,8
DA:191,8
DA:196,8
DA:197,8
DA:199,8
DA:206,8
DA:213,8
DA:214,0
DA:215,0
DA:218,8
DA:222,8
DA:227,8
DA:229,8
DA:233,8
DA:234,2
DA:235,2
DA:238,0
DA:247,0
DA:249,0
DA:258,0
DA:259,0
DA:266,6
DA:271,4
DA:273,4
DA:289,6
DA:291,6
DA:292,0
DA:295,6
DA:296,1
DA:299,5
DA:301,5
DA:304,5
DA:305,5
DA:306,0
DA:308,5
DA:311,5
DA:314,5
DA:316,26
DA:317,6
DA:318,6
DA:319,1
DA:321,5
DA:323,20
DA:324,5
DA:326,15
DA:327,2
DA:330,13
DA:335,4
DA:336,4
LF:73
LH:61
BRDA:80,0,0,1
BRDA:80,0,1,27
BRDA:80,1,0,28
BRDA:80,1,1,5
BRDA:86,2,0,9
BRDA:86,2,1,18
BRDA:97,3,0,4
BRDA:97,3,1,23
BRDA:108,4,0,27
BRDA:108,4,1,26
BRDA:109,5,0,27
BRDA:109,5,1,23
BRDA:110,6,0,27
BRDA:110,6,1,25
BRDA:111,7,0,27
BRDA:111,7,1,21
BRDA:112,8,0,27
BRDA:112,8,1,23
BRDA:113,9,0,27
BRDA:113,9,1,22
BRDA:130,10,0,3
BRDA:130,10,1,3
BRDA:155,11,0,5
BRDA:155,11,1,23
BRDA:158,12,0,9
BRDA:158,12,1,14
BRDA:161,13,0,12
BRDA:161,13,1,2
BRDA:164,14,0,2
BRDA:164,14,1,0
BRDA:167,15,0,0
BRDA:167,15,1,0
BRDA:190,16,0,8
BRDA:190,16,1,6
BRDA:196,17,0,8
BRDA:196,17,1,0
BRDA:196,18,0,8
BRDA:196,18,1,8
BRDA:213,19,0,0
BRDA:213,19,1,8
BRDA:229,20,0,8
BRDA:229,20,1,6
BRDA:233,21,0,2
BRDA:233,21,1,6
BRDA:258,22,0,0
BRDA:258,22,1,0
BRDA:291,23,0,0
BRDA:291,23,1,6
BRDA:295,24,0,1
BRDA:295,24,1,5
BRDA:295,25,0,6
BRDA:295,25,1,6
BRDA:305,26,0,0
BRDA:305,26,1,5
BRDA:316,27,0,6
BRDA:316,27,1,20
BRDA:318,28,0,1
BRDA:318,28,1,5
BRDA:323,29,0,5
BRDA:323,29,1,15
BRDA:326,30,0,2
BRDA:326,30,1,13
BRF:62
BRH:53
end_of_record
TN:
SF:myorm/vaccine-entity.ts
FN:43,(anonymous_0)
FNF:1
FNH:0
FNDA:0,(anonymous_0)
DA:44,0
DA:45,0
DA:46,0
LF:3
LH:0
BRDA:45,0,0,0
BRDA:45,0,1,0
BRDA:46,1,0,0
BRDA:46,1,1,0
BRDA:47,2,0,0
BRDA:47,2,1,0
BRDA:48,3,0,0
BRDA:48,3,1,0
BRDA:49,4,0,0
BRDA:49,4,1,0
BRDA:50,5,0,0
BRDA:50,5,1,0
BRDA:51,6,0,0
BRDA:51,6,1,0
BRDA:52,7,0,0
BRDA:52,7,1,0
BRDA:53,8,0,0
BRDA:53,8,1,0
BRDA:54,9,0,0
BRDA:54,9,1,0
BRF:20
BRH:0
end_of_record
TN:
SF:services/clinicDataService.ts
FN:39,(anonymous_0)
FN:57,(anonymous_1)
FN:79,(anonymous_2)
FN:99,(anonymous_3)
FN:123,(anonymous_4)
FN:134,(anonymous_5)
FN:152,(anonymous_6)
FN:166,(anonymous_7)
FN:168,(anonymous_8)
FN:175,(anonymous_9)
FN:177,(anonymous_10)
FN:180,(anonymous_11)
FN:187,(anonymous_12)
FN:199,(anonymous_13)
FNF:14
FNH:14
FNDA:24,(anonymous_0)
FNDA:1,(anonymous_1)
FNDA:2,(anonymous_2)
FNDA:4,(anonymous_3)
FNDA:2,(anonymous_4)
FNDA:2,(anonymous_5)
FNDA:3,(anonymous_6)
FNDA:2,(anonymous_7)
FNDA:2,(anonymous_8)
FNDA:1,(anonymous_9)
FNDA:5,(anonymous_10)
FNDA:3,(anonymous_11)
FNDA:3,(anonymous_12)
FNDA:1,(anonymous_13)
DA:7,2
DA:40,24
DA:41,24
DA:58,1
DA:61,1
DA:62,1
DA:64,1
DA:65,2
DA:66,2
DA:80,2
DA:81,1
DA:83,1
DA:86,1
DA:102,4
DA:103,1
DA:107,3
DA:108,2
DA:109,1
DA:110,1
DA:113,1
DA:118,1
DA:121,1
DA:123,1
DA:124,2
DA:125,1
DA:128,1
DA:134,2
DA:139,2
DA:153,3
DA:154,3
DA:155,1
DA:158,2
DA:167,2
DA:168,2
DA:176,1
DA:177,1
DA:178,5
DA:179,5
DA:180,3
DA:188,3
DA:189,3
DA:191,3
DA:200,1
DA:201,1
LF:44
LH:44
BRDA:80,0,0,1
BRDA:80,0,1,1
BRDA:102,1,0,1
BRDA:102,1,1,3
BRDA:107,2,0,2
BRDA:107,2,1,1
BRDA:108,3,0,1
BRDA:108,3,1,1
BRDA:124,4,0,1
BRDA:124,4,1,1
BRDA:154,5,0,1
BRDA:154,5,1,2
BRDA:179,6,0,5
BRDA:179,6,1,4
BRDA:179,6,2,3
BRDA:191,7,0,3
BRDA:191,7,1,3
BRDA:191,7,2,2
BRF:18
BRH:18
end_of_record
TN:
SF:services/locationDataService.ts
FN:15,(anonymous_0)
FN:26,(anonymous_1)
FN:42,(anonymous_2)
FNF:3
FNH:3
FNDA:2,(anonymous_0)
FNDA:2,(anonymous_1)
FNDA:2,(anonymous_2)
DA:16,2
DA:27,2
DA:28,2
DA:29,1
DA:34,1
DA:43,2
LF:6
LH:6
BRDA:28,0,0,1
BRDA:28,0,1,1
BRF:2
BRH:2
end_of_record
TN:
SF:services/vaccineDataService.ts
FN:42,(anonymous_0)
FN:71,(anonymous_1)
FN:75,(anonymous_2)
FN:106,(anonymous_3)
FN:121,(anonymous_4)
FN:122,(anonymous_5)
FN:145,(anonymous_6)
FN:148,(anonymous_7)
FN:174,(anonymous_8)
FN:191,(anonymous_9)
FN:192,(anonymous_10)
FN:219,(anonymous_11)
FN:220,(anonymous_12)
FN:248,(anonymous_13)
FN:251,(anonymous_14)
FN:283,(anonymous_15)
FN:324,(anonymous_16)
FN:328,(anonymous_17)
FN:403,(anonymous_18)
FN:431,(anonymous_19)
FN:480,(anonymous_20)
FN:485,(anonymous_21)
FNF:22
FNH:15
FNDA:0,(anonymous_0)
FNDA:0,(anonymous_1)
FNDA:0,(anonymous_2)
FNDA:0,(anonymous_3)
FNDA:1,(anonymous_4)
FNDA:1,(anonymous_5)
FNDA:1,(anonymous_6)
FNDA:1,(anonymous_7)
FNDA:1,(anonymous_8)
FNDA:2,(anonymous_9)
FNDA:2,(anonymous_10)
FNDA:1,(anonymous_11)
FNDA:1,(anonymous_12)
FNDA:1,(anonymous_13)
FNDA:1,(anonymous_14)
FNDA:2,(anonymous_15)
FNDA:1,(anonymous_16)
FNDA:1,(anonymous_17)
FNDA:0,(anonymous_18)
FNDA:1,(anonymous_19)
FNDA:0,(anonymous_20)
FNDA:0,(anonymous_21)
DA:51,0
DA:57,0
DA:59,0
DA:60,0
DA:65,0
DA:66,0
DA:67,0
DA:68,0
DA:70,0
DA:72,0
DA:75,0
DA:79,0
DA:80,0
DA:82,0
DA:83,0
DA:84,0
DA:88,0
DA:89,0
DA:91,0
DA:92,0
DA:107,0
DA:110,0
DA:122,1
DA:123,1
DA:126,1
DA:127,1
DA:128,1
DA:130,0
DA:131,0
DA:148,1
DA:149,1
DA:150,1
DA:151,1
DA:157,0
DA:164,0
DA:175,1
DA:176,1
DA:178,0
DA:192,2
DA:193,2
DA:194,2
DA:195,2
DA:196,2
DA:197,1
DA:199,1
DA:202,0
DA:206,0
DA:220,1
DA:221,1
DA:224,1
DA:231,1
DA:232,1
DA:233,1
DA:235,0
DA:236,0
DA:249,1
DA:250,1
DA:251,1
DA:252,1
DA:253,1
DA:260,1
DA:261,1
DA:263,0
DA:266,1
DA:268,0
DA:287,2
DA:288,2
DA:290,2
DA:291,2
DA:294,2
DA:295,0
DA:296,0
DA:298,0
DA:300,0
DA:305,0
DA:306,0
DA:308,2
DA:312,2
DA:325,1
DA:326,1
DA:327,1
DA:328,1
DA:329,1
DA:330,1
DA:339,1
DA:341,1
DA:343,1
DA:345,1
DA:346,1
DA:349,1
DA:352,1
DA:357,1
DA:376,0
DA:380,0
DA:385,1
DA:386,1
DA:388,0
DA:389,0
DA:404,0
DA:405,0
DA:407,0
DA:408,0
DA:410,0
DA:413,0
DA:415,0
DA:438,1
DA:440,1
DA:442,1
DA:443,1
DA:445,0
DA:450,0
DA:451,0
DA:453,0
DA:454,0
DA:456,0
DA:457,0
DA:459,0
DA:460,0
DA:464,0
DA:466,1
DA:467,1
DA:481,0
DA:483,0
DA:485,0
DA:486,0
DA:487,0
DA:491,0
DA:492,0
DA:495,0
DA:496,0
DA:498,0
DA:499,0
DA:503,0
DA:504,0
DA:506,0
DA:507,0
LF:136
LH:61
BRDA:44,0,0,0
BRDA:52,1,0,0
BRDA:52,1,1,0
BRDA:54,2,0,0
BRDA:54,2,1,0
BRDA:59,3,0,0
BRDA:59,3,1,0
BRDA:62,4,0,0
BRDA:62,4,1,0
BRDA:66,5,0,0
BRDA:66,5,1,0
BRDA:79,6,0,0
BRDA:79,6,1,0
BRDA:80,7,0,0
BRDA:80,7,1,0
BRDA:150,8,0,1
BRDA:150,8,1,0
BRDA:196,9,0,1
BRDA:196,9,1,1
BRDA:287,10,0,2
BRDA:287,10,1,2
BRDA:295,11,0,0
BRDA:295,11,1,0
BRDA:363,12,0,0
BRDA:363,12,1,1
BRDA:370,13,0,0
BRDA:370,13,1,1
BRDA:407,14,0,0
BRDA:407,14,1,0
BRDA:442,15,0,1
BRDA:442,15,1,0
BRDA:450,16,0,0
BRDA:450,16,1,0
BRDA:453,17,0,0
BRDA:453,17,1,0
BRDA:456,18,0,0
BRDA:456,18,1,0
BRDA:459,19,0,0
BRDA:459,19,1,0
BRDA:491,20,0,0
BRDA:491,20,1,0
BRF:41
BRH:8
end_of_record
TN:
SF:utils/ErrorTypes.ts
FN:4,(anonymous_0)
FN:12,(anonymous_1)
FN:18,(anonymous_2)
FN:25,(anonymous_3)
FN:31,(anonymous_4)
FN:39,(anonymous_5)
FN:49,(anonymous_6)
FN:57,(anonymous_7)
FN:64,(anonymous_8)
FN:71,(anonymous_9)
FN:78,(anonymous_10)
FNF:11
FNH:9
FNDA:23,(anonymous_0)
FNDA:13,(anonymous_1)
FNDA:3,(anonymous_2)
FNDA:4,(anonymous_3)
FNDA:3,(anonymous_4)
FNDA:3,(anonymous_5)
FNDA:1,(anonymous_6)
FNDA:7,(anonymous_7)
FNDA:1,(anonymous_8)
FNDA:0,(anonymous_9)
FNDA:0,(anonymous_10)
DA:5,23
DA:6,23
DA:7,23
DA:13,13
DA:19,3
DA:26,4
DA:32,3
DA:40,3
DA:41,3
DA:42,3
DA:50,1
DA:51,1
DA:52,1
DA:58,7
DA:59,7
DA:65,1
DA:66,1
DA:72,0
DA:73,0
DA:79,0
DA:80,0
LF:21
LH:17
BRDA:39,0,0,3
BRDA:49,1,0,0
BRDA:57,2,0,0
BRDA:64,3,0,1
BRDA:71,4,0,0
BRDA:78,5,0,0
BRF:6
BRH:2
end_of_record
TN:
SF:utils/config.ts
FNF:0
FNH:0
DA:1,9
LF:1
LH:1
BRDA:2,0,0,9
BRDA:2,0,1,9
BRF:2
BRH:2
end_of_record
TN:
SF:utils/constPaths.ts
FNF:0
FNH:0
DA:1,1
DA:2,1
DA:3,1
DA:4,1
DA:5,1
LF:5
LH:5
BRF:0
BRH:0
end_of_record
TN:
SF:utils/logger.ts
FN:28,(anonymous_0)
FNF:1
FNH:1
FNDA:30,(anonymous_0)
DA:5,9
DA:14,9
DA:28,30
LF:3
LH:3
BRF:0
BRH:0
end_of_record
