TN:
SF:components/map.tsx
FN:41,MapEmbed
FN:85,(anonymous_1)
FN:86,(anonymous_2)
FN:87,(anonymous_3)
FN:92,(anonymous_4)
FNF:5
FNH:1
FNDA:5,MapEmbed
FNDA:0,(anonymous_1)
FNDA:0,(anonymous_2)
FNDA:0,(anonymous_3)
FNDA:0,(anonymous_4)
DA:42,5
DA:44,4
DA:46,4
DA:47,1
DA:48,1
DA:49,3
DA:50,1
DA:52,2
DA:53,2
DA:56,2
DA:57,2
DA:59,2
DA:78,2
DA:79,2
DA:85,0
DA:86,0
DA:88,0
DA:89,0
DA:90,0
DA:93,0
DA:94,0
LF:21
LH:14
BRDA:42,0,0,4
BRDA:46,1,0,1
BRDA:46,1,1,3
BRDA:46,2,0,4
BRDA:46,2,1,3
BRDA:47,3,0,1
BRDA:47,3,1,0
BRDA:47,4,0,1
BRDA:47,4,1,0
BRDA:49,5,0,1
BRDA:49,5,1,2
BRDA:49,6,0,3
BRDA:49,6,1,1
BRDA:56,7,0,2
BRDA:56,7,1,1
BRDA:56,7,2,1
BRDA:56,7,3,1
BRF:17
BRH:15
end_of_record
TN:
SF:components/search-bar.tsx
FN:43,SearchBar
FN:48,(anonymous_1)
FN:57,(anonymous_2)
FNF:3
FNH:1
FNDA:8,SearchBar
FNDA:0,(anonymous_1)
FNDA:0,(anonymous_2)
DA:5,1
DA:12,1
DA:44,8
DA:46,8
DA:48,8
DA:49,0
DA:50,0
DA:52,0
DA:53,0
DA:57,8
DA:58,0
DA:59,0
DA:63,8
DA:84,1
LF:14
LH:8
BRDA:46,0,0,2
BRDA:46,0,1,6
BRDA:49,1,0,0
BRDA:49,1,1,0
BRDA:50,2,0,0
BRDA:50,2,1,0
BRDA:52,3,0,0
BRDA:52,3,1,0
BRDA:53,4,0,0
BRDA:53,4,1,0
BRDA:58,5,0,0
BRDA:58,5,1,0
BRDA:66,6,0,8
BRDA:66,6,1,6
BRDA:78,7,0,8
BRDA:78,7,1,0
BRF:16
BRH:5
end_of_record
TN:
SF:controllers/vaccineDataController.ts
FN:21,(anonymous_0)
FN:38,(anonymous_1)
FN:45,(anonymous_2)
FN:49,(anonymous_3)
FN:53,(anonymous_4)
FN:56,(anonymous_5)
FN:59,(anonymous_6)
FN:91,(anonymous_7)
FN:93,(anonymous_8)
FN:96,(anonymous_9)
FN:105,(anonymous_10)
FN:125,(anonymous_11)
FN:151,(anonymous_12)
FN:173,(anonymous_13)
FN:183,(anonymous_14)
FN:194,(anonymous_15)
FNF:16
FNH:4
FNDA:1,(anonymous_0)
FNDA:0,(anonymous_1)
FNDA:0,(anonymous_2)
FNDA:0,(anonymous_3)
FNDA:0,(anonymous_4)
FNDA:0,(anonymous_5)
FNDA:0,(anonymous_6)
FNDA:0,(anonymous_7)
FNDA:0,(anonymous_8)
FNDA:0,(anonymous_9)
FNDA:0,(anonymous_10)
FNDA:0,(anonymous_11)
FNDA:0,(anonymous_12)
FNDA:5,(anonymous_13)
FNDA:2,(anonymous_14)
FNDA:14,(anonymous_15)
DA:22,1
DA:43,0
DA:44,0
DA:46,0
DA:47,0
DA:48,0
DA:49,0
DA:51,0
DA:54,0
DA:58,0
DA:60,0
DA:61,0
DA:62,0
DA:67,0
DA:68,0
DA:73,0
DA:74,0
DA:83,0
DA:86,0
DA:92,0
DA:93,0
DA:95,0
DA:96,0
DA:99,0
DA:106,0
DA:107,0
DA:110,0
DA:111,0
DA:126,0
DA:128,0
DA:129,0
DA:132,0
DA:136,0
DA:153,0
DA:155,0
DA:156,0
DA:157,0
DA:159,0
DA:179,5
DA:180,5
DA:181,1
DA:184,2
DA:192,4
DA:195,14
DA:204,0
DA:207,0
LF:46
LH:7
BRDA:47,0,0,0
BRDA:47,0,1,0
BRDA:61,1,0,0
BRDA:61,1,1,0
BRDA:67,2,0,0
BRDA:67,2,1,0
BRDA:73,3,0,0
BRDA:73,3,1,0
BRDA:73,4,0,0
BRDA:73,4,1,0
BRDA:156,5,0,0
BRDA:156,5,1,0
BRDA:176,6,0,5
BRDA:180,7,0,1
BRDA:180,7,1,4
BRF:15
BRH:3
end_of_record
TN:
SF:hooks/clinicData.ts
FN:31,(anonymous_0)
FN:61,useClinicData
FN:78,(anonymous_2)
FN:79,(anonymous_3)
FN:146,(anonymous_4)
FNF:5
FNH:3
FNDA:0,(anonymous_0)
FNDA:18,useClinicData
FNDA:9,(anonymous_2)
FNDA:9,(anonymous_3)
FNDA:0,(anonymous_4)
DA:6,1
DA:32,0
DA:33,0
DA:34,0
DA:35,0
DA:64,18
DA:66,18
DA:67,18
DA:68,18
DA:69,18
DA:70,18
DA:73,18
DA:76,18
DA:78,18
DA:79,9
DA:80,9
DA:81,9
DA:85,9
DA:86,0
DA:87,0
DA:88,0
DA:91,9
DA:92,9
DA:93,1
DA:94,8
DA:95,1
DA:97,7
DA:104,8
DA:105,4
DA:106,4
DA:107,3
DA:108,1
DA:109,1
DA:111,2
DA:116,2
DA:121,2
DA:127,2
DA:134,1
DA:135,0
DA:136,0
DA:138,1
DA:139,0
DA:140,0
DA:146,1
DA:147,0
DA:150,0
DA:156,2
DA:157,2
DA:165,8
DA:170,1
DA:172,9
DA:173,8
DA:177,9
DA:180,18
DA:187,18
LF:55
LH:42
BRDA:32,0,0,0
BRDA:32,0,1,0
BRDA:33,1,0,0
BRDA:33,1,1,0
BRDA:34,2,0,0
BRDA:34,2,1,0
BRDA:35,3,0,0
BRDA:35,3,1,0
BRDA:73,4,0,18
BRDA:73,4,1,2
BRDA:85,5,0,0
BRDA:85,5,1,9
BRDA:85,6,0,9
BRDA:85,6,1,5
BRDA:85,6,2,5
BRDA:91,7,0,9
BRDA:91,7,1,0
BRDA:92,8,0,1
BRDA:92,8,1,8
BRDA:92,9,0,9
BRDA:92,9,1,2
BRDA:94,10,0,1
BRDA:94,10,1,7
BRDA:104,11,0,4
BRDA:104,11,1,4
BRDA:104,12,0,8
BRDA:104,12,1,4
BRDA:107,13,0,1
BRDA:107,13,1,2
BRDA:127,14,0,1
BRDA:127,14,1,1
BRDA:128,15,0,2
BRDA:128,15,1,2
BRDA:134,16,0,0
BRDA:134,16,1,1
BRDA:134,17,0,1
BRDA:134,17,1,0
BRDA:138,18,0,0
BRDA:138,18,1,1
BRDA:172,19,0,9
BRDA:172,19,1,9
BRF:41
BRH:28
end_of_record
TN:
SF:hooks/locationData.ts
FN:32,useLocation
FN:38,(anonymous_1)
FN:39,(anonymous_2)
FNF:3
FNH:3
FNDA:15,useLocation
FNDA:5,(anonymous_1)
FNDA:5,(anonymous_2)
DA:33,15
DA:34,15
DA:35,15
DA:36,15
DA:38,15
DA:39,5
DA:41,5
DA:42,5
DA:44,5
DA:47,5
DA:49,4
DA:50,4
DA:51,4
DA:52,2
DA:55,2
DA:56,2
DA:58,0
DA:59,0
DA:62,0
DA:67,1
DA:70,5
DA:71,5
DA:74,5
DA:78,15
DA:84,15
LF:25
LH:22
BRDA:47,0,0,4
BRDA:47,0,1,1
BRDA:47,1,0,5
BRDA:47,1,1,3
BRDA:55,2,0,2
BRDA:55,2,1,0
BRDA:58,3,0,0
BRDA:58,3,1,0
BRF:8
BRH:5
end_of_record
TN:
SF:hooks/vaccineData.ts
FN:38,useVaccineSheets
FN:49,(anonymous_1)
FN:62,(anonymous_2)
FN:99,useUpdateVaccineSheets
FN:112,(anonymous_4)
FN:115,(anonymous_5)
FN:137,(anonymous_6)
FN:145,useVaccinePDF
FNF:8
FNH:7
FNDA:8,useVaccineSheets
FNDA:5,(anonymous_1)
FNDA:4,(anonymous_2)
FNDA:4,useUpdateVaccineSheets
FNDA:4,(anonymous_4)
FNDA:4,(anonymous_5)
FNDA:4,(anonymous_6)
FNDA:0,useVaccinePDF
DA:43,8
DA:45,8
DA:46,8
DA:47,8
DA:49,8
DA:50,5
DA:51,5
DA:55,0
DA:56,0
DA:58,5
DA:62,8
DA:63,4
DA:67,8
DA:68,8
DA:69,8
DA:71,8
DA:78,8
DA:100,4
DA:101,4
DA:112,4
DA:113,4
DA:115,4
DA:116,4
DA:117,0
DA:119,0
DA:120,0
DA:121,0
DA:122,0
DA:125,0
DA:126,0
DA:127,0
DA:129,0
DA:130,0
DA:131,0
DA:135,4
DA:137,4
DA:138,4
DA:142,4
LF:38
LH:25
BRDA:74,0,0,8
BRDA:74,0,1,8
BRDA:119,1,0,0
BRDA:119,1,1,0
BRDA:127,2,0,0
BRDA:127,2,1,0
BRDA:130,3,0,0
BRDA:130,3,1,0
BRF:8
BRH:2
end_of_record
TN:
SF:myorm/base-entity.ts
FN:40,(anonymous_0)
FN:69,(anonymous_1)
FN:84,(anonymous_2)
FN:113,(anonymous_3)
FN:120,(anonymous_4)
FN:123,(anonymous_5)
FN:167,(anonymous_6)
FN:211,(anonymous_7)
FN:238,(anonymous_8)
FN:260,(anonymous_9)
FN:288,(anonymous_10)
FN:305,(anonymous_11)
FN:345,(anonymous_12)
FN:361,(anonymous_13)
FN:363,(anonymous_14)
FN:366,(anonymous_15)
FN:396,(anonymous_16)
FN:398,(anonymous_17)
FN:415,(anonymous_18)
FNF:19
FNH:19
FNDA:5,(anonymous_0)
FNDA:1,(anonymous_1)
FNDA:1,(anonymous_2)
FNDA:13,(anonymous_3)
FNDA:19,(anonymous_4)
FNDA:38,(anonymous_5)
FNDA:4,(anonymous_6)
FNDA:25,(anonymous_7)
FNDA:3,(anonymous_8)
FNDA:2,(anonymous_9)
FNDA:3,(anonymous_10)
FNDA:73,(anonymous_11)
FNDA:27,(anonymous_12)
FNDA:230,(anonymous_13)
FNDA:27,(anonymous_14)
FNDA:203,(anonymous_15)
FNDA:202,(anonymous_16)
FNDA:202,(anonymous_17)
FNDA:1,(anonymous_18)
DA:44,5
DA:46,5
DA:48,5
DA:50,5
DA:54,5
DA:73,1
DA:75,1
DA:76,0
DA:79,1
DA:80,1
DA:82,1
DA:83,1
DA:84,1
DA:87,1
DA:89,1
DA:91,1
DA:92,1
DA:93,0
DA:95,1
DA:96,1
DA:117,13
DA:118,13
DA:120,13
DA:122,19
DA:123,19
DA:125,38
DA:126,1
DA:132,37
DA:133,4
DA:135,33
DA:138,18
DA:141,12
DA:172,4
DA:173,4
DA:174,4
DA:176,3
DA:177,3
DA:179,3
DA:182,3
DA:216,25
DA:217,25
DA:218,25
DA:220,24
DA:221,24
DA:223,24
DA:226,24
DA:241,3
DA:243,3
DA:244,2
DA:245,2
DA:248,2
DA:264,2
DA:266,1
DA:267,1
DA:269,1
DA:270,0
DA:275,1
DA:276,1
DA:291,3
DA:294,3
DA:296,2
DA:308,73
DA:310,73
DA:313,73
DA:314,6
DA:317,73
DA:318,3
DA:320,73
DA:321,3
DA:324,73
DA:325,8
DA:332,65
DA:347,27
DA:349,27
DA:351,27
DA:352,27
DA:354,27
DA:355,27
DA:356,27
DA:358,27
DA:361,230
DA:363,27
DA:366,27
DA:367,203
DA:370,203
DA:371,1
DA:376,202
DA:377,45
DA:380,157
DA:383,26
DA:384,26
DA:389,26
DA:391,25
DA:392,1
DA:393,1
DA:396,202
DA:398,202
DA:400,25
DA:407,25
DA:410,25
DA:411,25
DA:415,1
DA:417,1
DA:421,1
DA:423,1
LF:105
LH:102
BRDA:75,0,0,0
BRDA:75,0,1,1
BRDA:75,1,0,1
BRDA:75,1,1,1
BRDA:87,2,0,0
BRDA:87,2,1,1
BRDA:87,3,0,1
BRDA:87,3,1,0
BRDA:125,4,0,1
BRDA:125,4,1,37
BRDA:132,5,0,4
BRDA:132,5,1,33
BRDA:269,6,0,0
BRDA:269,6,1,1
BRDA:313,7,0,6
BRDA:313,7,1,67
BRDA:317,8,0,3
BRDA:317,8,1,70
BRDA:320,9,0,3
BRDA:320,9,1,70
BRDA:324,10,0,8
BRDA:324,10,1,65
BRDA:370,11,0,1
BRDA:370,11,1,202
BRDA:370,12,0,203
BRDA:370,12,1,203
BRDA:370,12,2,1
BRDA:376,13,0,45
BRDA:376,13,1,157
BRDA:389,14,0,25
BRDA:389,14,1,1
BRDA:391,15,0,1
BRDA:391,15,1,24
BRDA:391,16,0,25
BRDA:391,16,1,1
BRF:35
BRH:31
end_of_record
TN:
SF:myorm/clinic-entity.ts
FN:38,(anonymous_0)
FNF:1
FNH:0
FNDA:0,(anonymous_0)
DA:39,0
DA:40,0
DA:41,0
DA:42,0
DA:43,0
DA:44,0
DA:45,0
DA:46,0
DA:47,0
DA:48,0
DA:51,0
DA:52,0
DA:53,0
DA:54,0
DA:55,0
DA:56,0
LF:16
LH:0
BRDA:40,0,0,0
BRDA:40,0,1,0
BRDA:41,1,0,0
BRDA:41,1,1,0
BRDA:42,2,0,0
BRDA:42,2,1,0
BRDA:43,3,0,0
BRDA:43,3,1,0
BRDA:44,4,0,0
BRDA:44,4,1,0
BRDA:45,5,0,0
BRDA:45,5,1,0
BRDA:46,6,0,0
BRDA:46,6,1,0
BRF:14
BRH:0
end_of_record
TN:
SF:myorm/decorators.ts
FN:59,Column
FN:66,(anonymous_1)
FN:112,PrimaryGeneratedColumn
FN:115,(anonymous_3)
FN:128,List
FN:141,mapTsTypeToSql
FN:171,Entity
FN:173,(anonymous_7)
FN:199,(anonymous_8)
FN:210,(anonymous_9)
FN:242,createTable
FN:258,(anonymous_11)
FN:270,(anonymous_12)
FNF:13
FNH:13
FNDA:28,Column
FNDA:28,(anonymous_1)
FNDA:3,PrimaryGeneratedColumn
FNDA:3,(anonymous_3)
FNDA:1,List
FNDA:28,mapTsTypeToSql
FNDA:8,Entity
FNDA:8,(anonymous_7)
FNDA:3,(anonymous_8)
FNDA:2,(anonymous_9)
FNDA:8,createTable
FNDA:7,(anonymous_11)
FNDA:28,(anonymous_12)
DA:8,4
DA:66,28
DA:67,28
DA:69,28
DA:70,1
DA:76,27
DA:77,9
DA:86,27
DA:87,4
DA:92,27
DA:115,3
DA:116,3
DA:129,1
DA:142,28
DA:143,5
DA:145,23
DA:146,9
DA:148,14
DA:149,12
DA:151,2
DA:152,2
DA:154,0
DA:155,0
DA:157,0
DA:172,8
DA:173,8
DA:177,8
DA:178,2
DA:179,2
DA:181,8
DA:183,8
DA:189,8
DA:191,8
DA:194,8
DA:195,2
DA:198,2
DA:200,3
DA:209,2
DA:211,2
DA:220,2
DA:221,2
DA:226,8
DA:229,6
DA:231,6
DA:243,8
DA:245,8
DA:246,0
DA:249,8
DA:250,1
DA:253,7
DA:255,7
DA:258,7
DA:259,7
DA:260,0
DA:264,7
DA:267,7
DA:270,7
DA:272,28
DA:273,8
DA:274,8
DA:275,1
DA:279,7
DA:281,20
DA:282,5
DA:283,15
DA:284,2
DA:286,13
DA:291,6
DA:292,6
LF:69
LH:64
BRDA:69,0,0,1
BRDA:69,0,1,27
BRDA:69,1,0,28
BRDA:69,1,1,5
BRDA:76,2,0,9
BRDA:76,2,1,18
BRDA:86,3,0,4
BRDA:86,3,1,23
BRDA:94,4,0,27
BRDA:94,4,1,26
BRDA:95,5,0,27
BRDA:95,5,1,23
BRDA:96,6,0,27
BRDA:96,6,1,25
BRDA:97,7,0,27
BRDA:97,7,1,21
BRDA:98,8,0,27
BRDA:98,8,1,23
BRDA:99,9,0,27
BRDA:99,9,1,22
BRDA:116,10,0,3
BRDA:116,10,1,3
BRDA:142,11,0,5
BRDA:142,11,1,23
BRDA:145,12,0,9
BRDA:145,12,1,14
BRDA:148,13,0,12
BRDA:148,13,1,2
BRDA:151,14,0,2
BRDA:151,14,1,0
BRDA:154,15,0,0
BRDA:154,15,1,0
BRDA:172,16,0,8
BRDA:172,16,1,6
BRDA:177,17,0,2
BRDA:177,17,1,6
BRDA:191,18,0,8
BRDA:191,18,1,6
BRDA:194,19,0,2
BRDA:194,19,1,6
BRDA:220,20,0,2
BRDA:220,20,1,0
BRDA:245,21,0,0
BRDA:245,21,1,8
BRDA:249,22,0,1
BRDA:249,22,1,7
BRDA:249,23,0,8
BRDA:249,23,1,8
BRDA:259,24,0,0
BRDA:259,24,1,7
BRDA:272,25,0,8
BRDA:272,25,1,20
BRDA:274,26,0,1
BRDA:274,26,1,7
BRDA:281,27,0,5
BRDA:281,27,1,15
BRDA:283,28,0,2
BRDA:283,28,1,13
BRF:58
BRH:52
end_of_record
TN:
SF:myorm/vaccine-entity.ts
FN:53,(anonymous_0)
FNF:1
FNH:1
FNDA:22,(anonymous_0)
DA:54,22
DA:55,22
DA:56,22
LF:3
LH:3
BRDA:55,0,0,22
BRDA:55,0,1,0
BRDA:56,1,0,22
BRDA:56,1,1,0
BRDA:57,2,0,22
BRDA:57,2,1,0
BRDA:58,3,0,22
BRDA:58,3,1,22
BRDA:59,4,0,22
BRDA:59,4,1,22
BRDA:60,5,0,22
BRDA:60,5,1,22
BRDA:61,6,0,22
BRDA:61,6,1,22
BRDA:62,7,0,22
BRDA:62,7,1,0
BRDA:63,8,0,22
BRDA:63,8,1,0
BRDA:64,9,0,22
BRDA:64,9,1,0
BRF:20
BRH:14
end_of_record
TN:
SF:myorm/__tests__/mock-db.ts
FN:20,(anonymous_0)
FN:24,(anonymous_1)
FN:31,(anonymous_2)
FN:42,(anonymous_3)
FN:46,(anonymous_4)
FN:54,(anonymous_5)
FN:66,(anonymous_6)
FN:81,(anonymous_7)
FNF:8
FNH:7
FNDA:21,(anonymous_0)
FNDA:0,(anonymous_1)
FNDA:21,(anonymous_2)
FNDA:44,(anonymous_3)
FNDA:22,(anonymous_4)
FNDA:22,(anonymous_5)
FNDA:22,(anonymous_6)
FNDA:22,(anonymous_7)
DA:18,2
DA:20,2
DA:21,21
DA:23,0
DA:25,0
DA:30,21
DA:36,21
DA:42,2
DA:43,44
DA:45,22
DA:47,22
DA:48,22
DA:53,22
DA:63,22
DA:73,22
DA:74,0
DA:79,22
DA:87,22
DA:88,0
DA:93,22
DA:108,2
DA:109,2
DA:111,2
DA:112,2
DA:113,2
DA:115,2
LF:26
LH:22
BRDA:21,0,0,0
BRDA:21,0,1,21
BRDA:43,1,0,22
BRDA:43,1,1,22
BRDA:73,2,0,0
BRDA:73,2,1,22
BRDA:87,3,0,0
BRDA:87,3,1,22
BRF:8
BRH:5
end_of_record
TN:
SF:services/clinicDataService.ts
FN:39,(anonymous_0)
FN:57,(anonymous_1)
FN:79,(anonymous_2)
FN:99,(anonymous_3)
FN:123,(anonymous_4)
FN:134,(anonymous_5)
FN:152,(anonymous_6)
FN:166,(anonymous_7)
FN:168,(anonymous_8)
FN:175,(anonymous_9)
FN:177,(anonymous_10)
FN:180,(anonymous_11)
FN:187,(anonymous_12)
FN:199,(anonymous_13)
FNF:14
FNH:14
FNDA:24,(anonymous_0)
FNDA:1,(anonymous_1)
FNDA:2,(anonymous_2)
FNDA:4,(anonymous_3)
FNDA:2,(anonymous_4)
FNDA:2,(anonymous_5)
FNDA:3,(anonymous_6)
FNDA:2,(anonymous_7)
FNDA:2,(anonymous_8)
FNDA:1,(anonymous_9)
FNDA:5,(anonymous_10)
FNDA:3,(anonymous_11)
FNDA:3,(anonymous_12)
FNDA:1,(anonymous_13)
DA:7,2
DA:40,24
DA:41,24
DA:58,1
DA:61,1
DA:62,1
DA:64,1
DA:65,2
DA:66,2
DA:80,2
DA:81,1
DA:83,1
DA:86,1
DA:102,4
DA:103,1
DA:107,3
DA:108,2
DA:109,1
DA:110,1
DA:113,1
DA:118,1
DA:121,1
DA:123,1
DA:124,2
DA:125,1
DA:128,1
DA:134,2
DA:139,2
DA:153,3
DA:154,3
DA:155,1
DA:158,2
DA:167,2
DA:168,2
DA:176,1
DA:177,1
DA:178,5
DA:179,5
DA:180,3
DA:188,3
DA:189,3
DA:191,3
DA:200,1
DA:201,1
LF:44
LH:44
BRDA:80,0,0,1
BRDA:80,0,1,1
BRDA:102,1,0,1
BRDA:102,1,1,3
BRDA:107,2,0,2
BRDA:107,2,1,1
BRDA:108,3,0,1
BRDA:108,3,1,1
BRDA:124,4,0,1
BRDA:124,4,1,1
BRDA:154,5,0,1
BRDA:154,5,1,2
BRDA:179,6,0,5
BRDA:179,6,1,4
BRDA:179,6,2,3
BRDA:191,7,0,3
BRDA:191,7,1,3
BRDA:191,7,2,2
BRF:18
BRH:18
end_of_record
TN:
SF:services/locationDataService.ts
FN:15,(anonymous_0)
FN:26,(anonymous_1)
FN:42,(anonymous_2)
FNF:3
FNH:3
FNDA:2,(anonymous_0)
FNDA:2,(anonymous_1)
FNDA:2,(anonymous_2)
DA:16,2
DA:27,2
DA:28,2
DA:29,1
DA:34,1
DA:43,2
LF:6
LH:6
BRDA:28,0,0,1
BRDA:28,0,1,1
BRF:2
BRH:2
end_of_record
TN:
SF:services/vaccineDataService.ts
FN:46,(anonymous_0)
FN:75,(anonymous_1)
FN:79,(anonymous_2)
FN:111,(anonymous_3)
FN:126,(anonymous_4)
FN:127,(anonymous_5)
FN:150,(anonymous_6)
FN:153,(anonymous_7)
FN:179,(anonymous_8)
FN:196,(anonymous_9)
FN:197,(anonymous_10)
FN:223,(anonymous_11)
FN:226,(anonymous_12)
FN:254,(anonymous_13)
FN:257,(anonymous_14)
FN:289,(anonymous_15)
FN:330,(anonymous_16)
FN:334,(anonymous_17)
FN:407,(anonymous_18)
FN:435,(anonymous_19)
FN:484,(anonymous_20)
FN:489,(anonymous_21)
FNF:22
FNH:18
FNDA:21,(anonymous_0)
FNDA:27,(anonymous_1)
FNDA:27,(anonymous_2)
FNDA:0,(anonymous_3)
FNDA:1,(anonymous_4)
FNDA:1,(anonymous_5)
FNDA:1,(anonymous_6)
FNDA:1,(anonymous_7)
FNDA:1,(anonymous_8)
FNDA:2,(anonymous_9)
FNDA:2,(anonymous_10)
FNDA:1,(anonymous_11)
FNDA:1,(anonymous_12)
FNDA:1,(anonymous_13)
FNDA:1,(anonymous_14)
FNDA:2,(anonymous_15)
FNDA:1,(anonymous_16)
FNDA:1,(anonymous_17)
FNDA:0,(anonymous_18)
FNDA:1,(anonymous_19)
FNDA:0,(anonymous_20)
FNDA:0,(anonymous_21)
DA:55,21
DA:61,21
DA:63,21
DA:64,14
DA:69,14
DA:70,14
DA:71,5
DA:72,5
DA:74,9
DA:76,27
DA:79,27
DA:83,21
DA:84,5
DA:86,21
DA:87,21
DA:88,21
DA:89,21
DA:93,21
DA:94,21
DA:95,21
DA:97,0
DA:98,0
DA:112,0
DA:115,0
DA:127,1
DA:128,1
DA:131,1
DA:132,1
DA:133,1
DA:135,0
DA:136,0
DA:153,1
DA:154,1
DA:155,1
DA:156,1
DA:162,0
DA:169,0
DA:180,1
DA:181,1
DA:183,0
DA:197,2
DA:198,2
DA:199,2
DA:200,2
DA:201,2
DA:202,1
DA:204,1
DA:207,0
DA:211,0
DA:224,1
DA:226,1
DA:227,1
DA:230,1
DA:237,1
DA:238,1
DA:239,1
DA:241,0
DA:242,0
DA:255,1
DA:256,1
DA:257,1
DA:258,1
DA:259,1
DA:266,1
DA:267,1
DA:269,0
DA:272,1
DA:274,0
DA:293,2
DA:294,2
DA:296,2
DA:297,2
DA:300,2
DA:301,0
DA:302,0
DA:304,0
DA:306,0
DA:311,0
DA:312,0
DA:314,2
DA:318,2
DA:331,1
DA:332,1
DA:333,1
DA:334,1
DA:335,1
DA:336,1
DA:345,1
DA:347,1
DA:349,1
DA:351,1
DA:352,1
DA:355,1
DA:358,1
DA:362,1
DA:380,0
DA:384,0
DA:389,1
DA:390,1
DA:392,0
DA:393,0
DA:408,0
DA:409,0
DA:411,0
DA:412,0
DA:414,0
DA:417,0
DA:419,0
DA:442,1
DA:444,1
DA:446,1
DA:447,1
DA:449,0
DA:454,0
DA:455,0
DA:457,0
DA:458,0
DA:460,0
DA:461,0
DA:463,0
DA:464,0
DA:468,0
DA:470,1
DA:471,1
DA:485,0
DA:487,0
DA:489,0
DA:490,0
DA:491,0
DA:495,0
DA:496,0
DA:499,0
DA:500,0
DA:502,0
DA:503,0
DA:507,0
DA:508,0
DA:510,0
DA:511,0
LF:139
LH:82
BRDA:47,0,0,0
BRDA:56,1,0,19
BRDA:56,1,1,2
BRDA:58,2,0,19
BRDA:58,2,1,2
BRDA:63,3,0,14
BRDA:63,3,1,7
BRDA:66,4,0,12
BRDA:66,4,1,2
BRDA:70,5,0,5
BRDA:70,5,1,9
BRDA:83,6,0,5
BRDA:83,6,1,16
BRDA:84,7,0,2
BRDA:84,7,1,3
BRDA:155,8,0,1
BRDA:155,8,1,0
BRDA:201,9,0,1
BRDA:201,9,1,1
BRDA:293,10,0,2
BRDA:293,10,1,2
BRDA:301,11,0,0
BRDA:301,11,1,0
BRDA:367,12,0,0
BRDA:367,12,1,1
BRDA:374,13,0,0
BRDA:374,13,1,1
BRDA:411,14,0,0
BRDA:411,14,1,0
BRDA:446,15,0,1
BRDA:446,15,1,0
BRDA:454,16,0,0
BRDA:454,16,1,0
BRDA:457,17,0,0
BRDA:457,17,1,0
BRDA:460,18,0,0
BRDA:460,18,1,0
BRDA:463,19,0,0
BRDA:463,19,1,0
BRDA:495,20,0,0
BRDA:495,20,1,0
BRF:41
BRH:22
end_of_record
TN:
SF:utils/ErrorTypes.ts
FN:4,(anonymous_0)
FN:12,(anonymous_1)
FN:18,(anonymous_2)
FN:25,(anonymous_3)
FN:31,(anonymous_4)
FN:39,(anonymous_5)
FN:49,(anonymous_6)
FN:57,(anonymous_7)
FN:64,(anonymous_8)
FN:71,(anonymous_9)
FN:78,(anonymous_10)
FN:86,(anonymous_11)
FNF:12
FNH:7
FNDA:23,(anonymous_0)
FNDA:13,(anonymous_1)
FNDA:3,(anonymous_2)
FNDA:4,(anonymous_3)
FNDA:3,(anonymous_4)
FNDA:2,(anonymous_5)
FNDA:1,(anonymous_6)
FNDA:0,(anonymous_7)
FNDA:0,(anonymous_8)
FNDA:0,(anonymous_9)
FNDA:0,(anonymous_10)
FNDA:0,(anonymous_11)
DA:5,23
DA:6,23
DA:7,23
DA:13,13
DA:19,3
DA:26,4
DA:32,3
DA:40,2
DA:41,2
DA:42,2
DA:50,1
DA:51,1
DA:52,1
DA:58,0
DA:59,0
DA:65,0
DA:66,0
DA:72,0
DA:73,0
DA:79,0
DA:80,0
DA:87,0
DA:88,0
DA:89,0
LF:24
LH:13
BRDA:39,0,0,2
BRDA:49,1,0,0
BRDA:57,2,0,0
BRDA:64,3,0,0
BRDA:71,4,0,0
BRDA:78,5,0,0
BRDA:86,6,0,0
BRF:7
BRH:1
end_of_record
TN:
SF:utils/config.ts
FNF:0
FNH:0
DA:1,8
LF:1
LH:1
BRDA:2,0,0,8
BRDA:2,0,1,8
BRF:2
BRH:2
end_of_record
TN:
SF:utils/logger.ts
FN:28,(anonymous_0)
FNF:1
FNH:1
FNDA:3,(anonymous_0)
DA:5,8
DA:14,8
DA:28,3
LF:3
LH:3
BRF:0
BRH:0
end_of_record
